[0.193s] DEBUG:colcon:Command line arguments: ['/usr/bin/colcon', 'build']
[0.193s] DEBUG:colcon:Parsed command line arguments: Namespace(allow_overriding=[], ament_cmake_args=None, base_paths=['.'], build_base='build', catkin_cmake_args=None, catkin_skip_building_tests=False, cmake_args=None, cmake_clean_cache=False, cmake_clean_first=False, cmake_force_configure=False, cmake_target=None, cmake_target_skip_unavailable=False, continue_on_error=False, event_handlers=None, executor='parallel', ignore_user_meta=False, install_base='install', log_base=None, log_level=None, main=<bound method BuildVerb.main of <colcon_core.verb.build.BuildVerb object at 0x7fde5d0899a0>>, merge_install=False, metas=['./colcon.meta'], packages_above=None, packages_above_and_dependencies=None, packages_above_depth=None, packages_end=None, packages_ignore=None, packages_ignore_regex=None, packages_select=None, packages_select_build_failed=False, packages_select_by_dep=None, packages_select_regex=None, packages_select_test_failures=False, packages_skip=None, packages_skip_build_finished=False, packages_skip_by_dep=None, packages_skip_regex=None, packages_skip_test_passed=False, packages_skip_up_to=None, packages_start=None, packages_up_to=None, packages_up_to_regex=None, parallel_workers=16, paths=None, symlink_install=False, test_result_base=None, verb_extension=<colcon_core.verb.build.BuildVerb object at 0x7fde5d0899a0>, verb_name='build', verb_parser=<colcon_defaults.argument_parser.defaults.DefaultArgumentsDecorator object at 0x7fde5d089f10>)
[0.208s] Level 1:colcon.colcon_core.package_discovery:discover_packages(colcon_meta) check parameters
[0.208s] Level 1:colcon.colcon_core.package_discovery:discover_packages(recursive) check parameters
[0.208s] Level 1:colcon.colcon_core.package_discovery:discover_packages(ignore) check parameters
[0.208s] Level 1:colcon.colcon_core.package_discovery:discover_packages(path) check parameters
[0.208s] Level 1:colcon.colcon_core.package_discovery:discover_packages(colcon_meta) discover
[0.208s] Level 1:colcon.colcon_core.package_discovery:discover_packages(recursive) discover
[0.208s] INFO:colcon.colcon_core.package_discovery:Crawling recursively for packages in '/home/edson_20_04/TCAS'
[0.208s] Level 1:colcon.colcon_core.package_identification:_identify(.) by extensions ['ignore', 'ignore_ament_install']
[0.209s] Level 1:colcon.colcon_core.package_identification:_identify(.) by extension 'ignore'
[0.209s] Level 1:colcon.colcon_core.package_identification:_identify(.) by extension 'ignore_ament_install'
[0.209s] Level 1:colcon.colcon_core.package_identification:_identify(.) by extensions ['colcon_pkg']
[0.209s] Level 1:colcon.colcon_core.package_identification:_identify(.) by extension 'colcon_pkg'
[0.209s] Level 1:colcon.colcon_core.package_identification:_identify(.) by extensions ['colcon_meta']
[0.209s] Level 1:colcon.colcon_core.package_identification:_identify(.) by extension 'colcon_meta'
[0.209s] Level 1:colcon.colcon_core.package_identification:_identify(.) by extensions ['ros']
[0.209s] Level 1:colcon.colcon_core.package_identification:_identify(.) by extension 'ros'
[0.221s] Level 1:colcon.colcon_core.package_identification:_identify(.) by extensions ['cmake', 'python']
[0.221s] Level 1:colcon.colcon_core.package_identification:_identify(.) by extension 'cmake'
[0.221s] Level 1:colcon.colcon_core.package_identification:_identify(.) by extension 'python'
[0.221s] Level 1:colcon.colcon_core.package_identification:_identify(.) by extensions ['python_setup_py']
[0.221s] Level 1:colcon.colcon_core.package_identification:_identify(.) by extension 'python_setup_py'
[0.222s] Level 1:colcon.colcon_core.package_identification:_identify(Docs) by extensions ['ignore', 'ignore_ament_install']
[0.222s] Level 1:colcon.colcon_core.package_identification:_identify(Docs) by extension 'ignore'
[0.222s] Level 1:colcon.colcon_core.package_identification:_identify(Docs) by extension 'ignore_ament_install'
[0.222s] Level 1:colcon.colcon_core.package_identification:_identify(Docs) by extensions ['colcon_pkg']
[0.222s] Level 1:colcon.colcon_core.package_identification:_identify(Docs) by extension 'colcon_pkg'
[0.222s] Level 1:colcon.colcon_core.package_identification:_identify(Docs) by extensions ['colcon_meta']
[0.222s] Level 1:colcon.colcon_core.package_identification:_identify(Docs) by extension 'colcon_meta'
[0.222s] Level 1:colcon.colcon_core.package_identification:_identify(Docs) by extensions ['ros']
[0.222s] Level 1:colcon.colcon_core.package_identification:_identify(Docs) by extension 'ros'
[0.222s] Level 1:colcon.colcon_core.package_identification:_identify(Docs) by extensions ['cmake', 'python']
[0.222s] Level 1:colcon.colcon_core.package_identification:_identify(Docs) by extension 'cmake'
[0.222s] Level 1:colcon.colcon_core.package_identification:_identify(Docs) by extension 'python'
[0.222s] Level 1:colcon.colcon_core.package_identification:_identify(Docs) by extensions ['python_setup_py']
[0.222s] Level 1:colcon.colcon_core.package_identification:_identify(Docs) by extension 'python_setup_py'
[0.222s] Level 1:colcon.colcon_core.package_identification:_identify(box_bot_description) by extensions ['ignore', 'ignore_ament_install']
[0.222s] Level 1:colcon.colcon_core.package_identification:_identify(box_bot_description) by extension 'ignore'
[0.222s] Level 1:colcon.colcon_core.package_identification:_identify(box_bot_description) by extension 'ignore_ament_install'
[0.222s] Level 1:colcon.colcon_core.package_identification:_identify(box_bot_description) by extensions ['colcon_pkg']
[0.222s] Level 1:colcon.colcon_core.package_identification:_identify(box_bot_description) by extension 'colcon_pkg'
[0.222s] Level 1:colcon.colcon_core.package_identification:_identify(box_bot_description) by extensions ['colcon_meta']
[0.222s] Level 1:colcon.colcon_core.package_identification:_identify(box_bot_description) by extension 'colcon_meta'
[0.222s] Level 1:colcon.colcon_core.package_identification:_identify(box_bot_description) by extensions ['ros']
[0.222s] Level 1:colcon.colcon_core.package_identification:_identify(box_bot_description) by extension 'ros'
[0.224s] DEBUG:colcon.colcon_core.package_identification:Package 'box_bot_description' with type 'ros.ament_cmake' and name 'box_bot_description'
[0.224s] Level 1:colcon.colcon_core.package_identification:_identify(box_bot_gazebo) by extensions ['ignore', 'ignore_ament_install']
[0.224s] Level 1:colcon.colcon_core.package_identification:_identify(box_bot_gazebo) by extension 'ignore'
[0.224s] Level 1:colcon.colcon_core.package_identification:_identify(box_bot_gazebo) by extension 'ignore_ament_install'
[0.224s] Level 1:colcon.colcon_core.package_identification:_identify(box_bot_gazebo) by extensions ['colcon_pkg']
[0.224s] Level 1:colcon.colcon_core.package_identification:_identify(box_bot_gazebo) by extension 'colcon_pkg'
[0.224s] Level 1:colcon.colcon_core.package_identification:_identify(box_bot_gazebo) by extensions ['colcon_meta']
[0.224s] Level 1:colcon.colcon_core.package_identification:_identify(box_bot_gazebo) by extension 'colcon_meta'
[0.224s] Level 1:colcon.colcon_core.package_identification:_identify(box_bot_gazebo) by extensions ['ros']
[0.224s] Level 1:colcon.colcon_core.package_identification:_identify(box_bot_gazebo) by extension 'ros'
[0.225s] DEBUG:colcon.colcon_core.package_identification:Package 'box_bot_gazebo' with type 'ros.ament_cmake' and name 'box_bot_gazebo'
[0.225s] Level 1:colcon.colcon_core.package_identification:_identify(build) by extensions ['ignore', 'ignore_ament_install']
[0.225s] Level 1:colcon.colcon_core.package_identification:_identify(build) by extension 'ignore'
[0.225s] Level 1:colcon.colcon_core.package_identification:_identify(build) ignored
[0.225s] Level 1:colcon.colcon_core.package_identification:_identify(install) by extensions ['ignore', 'ignore_ament_install']
[0.225s] Level 1:colcon.colcon_core.package_identification:_identify(install) by extension 'ignore'
[0.225s] Level 1:colcon.colcon_core.package_identification:_identify(install) ignored
[0.225s] Level 1:colcon.colcon_core.package_identification:_identify(log) by extensions ['ignore', 'ignore_ament_install']
[0.226s] Level 1:colcon.colcon_core.package_identification:_identify(log) by extension 'ignore'
[0.226s] Level 1:colcon.colcon_core.package_identification:_identify(log) ignored
[0.226s] Level 1:colcon.colcon_core.package_identification:_identify(planning) by extensions ['ignore', 'ignore_ament_install']
[0.226s] Level 1:colcon.colcon_core.package_identification:_identify(planning) by extension 'ignore'
[0.226s] Level 1:colcon.colcon_core.package_identification:_identify(planning) by extension 'ignore_ament_install'
[0.226s] Level 1:colcon.colcon_core.package_identification:_identify(planning) by extensions ['colcon_pkg']
[0.226s] Level 1:colcon.colcon_core.package_identification:_identify(planning) by extension 'colcon_pkg'
[0.226s] Level 1:colcon.colcon_core.package_identification:_identify(planning) by extensions ['colcon_meta']
[0.226s] Level 1:colcon.colcon_core.package_identification:_identify(planning) by extension 'colcon_meta'
[0.226s] Level 1:colcon.colcon_core.package_identification:_identify(planning) by extensions ['ros']
[0.226s] Level 1:colcon.colcon_core.package_identification:_identify(planning) by extension 'ros'
[0.226s] DEBUG:colcon.colcon_core.package_identification:Package 'planning' with type 'ros.ament_cmake' and name 'planning'
[0.226s] Level 1:colcon.colcon_core.package_discovery:discover_packages(recursive) using defaults
[0.226s] Level 1:colcon.colcon_core.package_discovery:discover_packages(ignore) discover
[0.226s] Level 1:colcon.colcon_core.package_discovery:discover_packages(ignore) using defaults
[0.226s] Level 1:colcon.colcon_core.package_discovery:discover_packages(path) discover
[0.226s] Level 1:colcon.colcon_core.package_discovery:discover_packages(path) using defaults
[0.239s] Level 1:colcon.colcon_core.package_discovery:discover_packages(prefix_path) check parameters
[0.239s] Level 1:colcon.colcon_core.package_discovery:discover_packages(prefix_path) discover
[0.241s] DEBUG:colcon.colcon_installed_package_information.package_discovery:Found 396 installed packages in /opt/ros/foxy
[0.243s] Level 1:colcon.colcon_core.package_discovery:discover_packages(prefix_path) using defaults
[0.292s] Level 5:colcon.colcon_core.verb:set package 'box_bot_description' build argument 'cmake_args' from command line to 'None'
[0.292s] Level 5:colcon.colcon_core.verb:set package 'box_bot_description' build argument 'cmake_target' from command line to 'None'
[0.292s] Level 5:colcon.colcon_core.verb:set package 'box_bot_description' build argument 'cmake_target_skip_unavailable' from command line to 'False'
[0.292s] Level 5:colcon.colcon_core.verb:set package 'box_bot_description' build argument 'cmake_clean_cache' from command line to 'False'
[0.292s] Level 5:colcon.colcon_core.verb:set package 'box_bot_description' build argument 'cmake_clean_first' from command line to 'False'
[0.292s] Level 5:colcon.colcon_core.verb:set package 'box_bot_description' build argument 'cmake_force_configure' from command line to 'False'
[0.292s] Level 5:colcon.colcon_core.verb:set package 'box_bot_description' build argument 'ament_cmake_args' from command line to 'None'
[0.292s] Level 5:colcon.colcon_core.verb:set package 'box_bot_description' build argument 'catkin_cmake_args' from command line to 'None'
[0.292s] Level 5:colcon.colcon_core.verb:set package 'box_bot_description' build argument 'catkin_skip_building_tests' from command line to 'False'
[0.292s] DEBUG:colcon.colcon_core.verb:Building package 'box_bot_description' with the following arguments: {'ament_cmake_args': None, 'build_base': '/home/edson_20_04/TCAS/build/box_bot_description', 'catkin_cmake_args': None, 'catkin_skip_building_tests': False, 'cmake_args': None, 'cmake_clean_cache': False, 'cmake_clean_first': False, 'cmake_force_configure': False, 'cmake_target': None, 'cmake_target_skip_unavailable': False, 'install_base': '/home/edson_20_04/TCAS/install/box_bot_description', 'merge_install': False, 'path': '/home/edson_20_04/TCAS/box_bot_description', 'symlink_install': False, 'test_result_base': None}
[0.293s] Level 5:colcon.colcon_core.verb:set package 'box_bot_gazebo' build argument 'cmake_args' from command line to 'None'
[0.293s] Level 5:colcon.colcon_core.verb:set package 'box_bot_gazebo' build argument 'cmake_target' from command line to 'None'
[0.293s] Level 5:colcon.colcon_core.verb:set package 'box_bot_gazebo' build argument 'cmake_target_skip_unavailable' from command line to 'False'
[0.293s] Level 5:colcon.colcon_core.verb:set package 'box_bot_gazebo' build argument 'cmake_clean_cache' from command line to 'False'
[0.293s] Level 5:colcon.colcon_core.verb:set package 'box_bot_gazebo' build argument 'cmake_clean_first' from command line to 'False'
[0.293s] Level 5:colcon.colcon_core.verb:set package 'box_bot_gazebo' build argument 'cmake_force_configure' from command line to 'False'
[0.293s] Level 5:colcon.colcon_core.verb:set package 'box_bot_gazebo' build argument 'ament_cmake_args' from command line to 'None'
[0.293s] Level 5:colcon.colcon_core.verb:set package 'box_bot_gazebo' build argument 'catkin_cmake_args' from command line to 'None'
[0.293s] Level 5:colcon.colcon_core.verb:set package 'box_bot_gazebo' build argument 'catkin_skip_building_tests' from command line to 'False'
[0.293s] DEBUG:colcon.colcon_core.verb:Building package 'box_bot_gazebo' with the following arguments: {'ament_cmake_args': None, 'build_base': '/home/edson_20_04/TCAS/build/box_bot_gazebo', 'catkin_cmake_args': None, 'catkin_skip_building_tests': False, 'cmake_args': None, 'cmake_clean_cache': False, 'cmake_clean_first': False, 'cmake_force_configure': False, 'cmake_target': None, 'cmake_target_skip_unavailable': False, 'install_base': '/home/edson_20_04/TCAS/install/box_bot_gazebo', 'merge_install': False, 'path': '/home/edson_20_04/TCAS/box_bot_gazebo', 'symlink_install': False, 'test_result_base': None}
[0.294s] Level 5:colcon.colcon_core.verb:set package 'planning' build argument 'cmake_args' from command line to 'None'
[0.294s] Level 5:colcon.colcon_core.verb:set package 'planning' build argument 'cmake_target' from command line to 'None'
[0.294s] Level 5:colcon.colcon_core.verb:set package 'planning' build argument 'cmake_target_skip_unavailable' from command line to 'False'
[0.294s] Level 5:colcon.colcon_core.verb:set package 'planning' build argument 'cmake_clean_cache' from command line to 'False'
[0.294s] Level 5:colcon.colcon_core.verb:set package 'planning' build argument 'cmake_clean_first' from command line to 'False'
[0.294s] Level 5:colcon.colcon_core.verb:set package 'planning' build argument 'cmake_force_configure' from command line to 'False'
[0.294s] Level 5:colcon.colcon_core.verb:set package 'planning' build argument 'ament_cmake_args' from command line to 'None'
[0.294s] Level 5:colcon.colcon_core.verb:set package 'planning' build argument 'catkin_cmake_args' from command line to 'None'
[0.294s] Level 5:colcon.colcon_core.verb:set package 'planning' build argument 'catkin_skip_building_tests' from command line to 'False'
[0.294s] DEBUG:colcon.colcon_core.verb:Building package 'planning' with the following arguments: {'ament_cmake_args': None, 'build_base': '/home/edson_20_04/TCAS/build/planning', 'catkin_cmake_args': None, 'catkin_skip_building_tests': False, 'cmake_args': None, 'cmake_clean_cache': False, 'cmake_clean_first': False, 'cmake_force_configure': False, 'cmake_target': None, 'cmake_target_skip_unavailable': False, 'install_base': '/home/edson_20_04/TCAS/install/planning', 'merge_install': False, 'path': '/home/edson_20_04/TCAS/planning', 'symlink_install': False, 'test_result_base': None}
[0.294s] INFO:colcon.colcon_core.executor:Executing jobs using 'parallel' executor
[0.297s] DEBUG:colcon.colcon_parallel_executor.executor.parallel:run_until_complete
[0.297s] INFO:colcon.colcon_ros.task.ament_cmake.build:Building ROS package in '/home/edson_20_04/TCAS/box_bot_description' with build type 'ament_cmake'
[0.297s] INFO:colcon.colcon_cmake.task.cmake.build:Building CMake package in '/home/edson_20_04/TCAS/box_bot_description'
[0.301s] INFO:colcon.colcon_core.plugin_system:Skipping extension 'colcon_core.shell.bat': Not used on non-Windows systems
[0.301s] INFO:colcon.colcon_core.shell:Skip shell extension 'powershell' for command environment: Not usable outside of PowerShell
[0.301s] DEBUG:colcon.colcon_core.shell:Skip shell extension 'dsv' for command environment
[0.306s] INFO:colcon.colcon_ros.task.ament_cmake.build:Building ROS package in '/home/edson_20_04/TCAS/box_bot_gazebo' with build type 'ament_cmake'
[0.306s] INFO:colcon.colcon_cmake.task.cmake.build:Building CMake package in '/home/edson_20_04/TCAS/box_bot_gazebo'
[0.307s] INFO:colcon.colcon_core.shell:Skip shell extension 'powershell' for command environment: Not usable outside of PowerShell
[0.307s] DEBUG:colcon.colcon_core.shell:Skip shell extension 'dsv' for command environment
[0.312s] INFO:colcon.colcon_ros.task.ament_cmake.build:Building ROS package in '/home/edson_20_04/TCAS/planning' with build type 'ament_cmake'
[0.312s] INFO:colcon.colcon_cmake.task.cmake.build:Building CMake package in '/home/edson_20_04/TCAS/planning'
[0.313s] INFO:colcon.colcon_core.shell:Skip shell extension 'powershell' for command environment: Not usable outside of PowerShell
[0.314s] DEBUG:colcon.colcon_core.shell:Skip shell extension 'dsv' for command environment
[0.324s] DEBUG:colcon.colcon_core.event_handler.log_command:Invoking command in '/home/edson_20_04/TCAS/build/box_bot_description': CMAKE_PREFIX_PATH=/opt/ros/foxy /usr/bin/cmake /home/edson_20_04/TCAS/box_bot_description -DCMAKE_INSTALL_PREFIX=/home/edson_20_04/TCAS/install/box_bot_description
[0.329s] DEBUG:colcon.colcon_core.event_handler.log_command:Invoking command in '/home/edson_20_04/TCAS/build/box_bot_gazebo': CMAKE_PREFIX_PATH=/opt/ros/foxy /usr/bin/cmake /home/edson_20_04/TCAS/box_bot_gazebo -DCMAKE_INSTALL_PREFIX=/home/edson_20_04/TCAS/install/box_bot_gazebo
[0.332s] DEBUG:colcon.colcon_core.event_handler.log_command:Invoking command in '/home/edson_20_04/TCAS/build/planning': CMAKE_PREFIX_PATH=/opt/ros/foxy /usr/bin/cmake /home/edson_20_04/TCAS/planning -DCMAKE_INSTALL_PREFIX=/home/edson_20_04/TCAS/install/planning
[3.237s] DEBUG:colcon.colcon_core.event_handler.log_command:Invoked command in '/home/edson_20_04/TCAS/build/box_bot_description' returned '0': CMAKE_PREFIX_PATH=/opt/ros/foxy /usr/bin/cmake /home/edson_20_04/TCAS/box_bot_description -DCMAKE_INSTALL_PREFIX=/home/edson_20_04/TCAS/install/box_bot_description
[3.239s] DEBUG:colcon.colcon_core.event_handler.log_command:Invoking command in '/home/edson_20_04/TCAS/build/box_bot_description': CMAKE_PREFIX_PATH=/opt/ros/foxy /usr/bin/cmake --build /home/edson_20_04/TCAS/build/box_bot_description -- -j16 -l16
[3.273s] DEBUG:colcon.colcon_core.event_handler.log_command:Invoked command in '/home/edson_20_04/TCAS/build/box_bot_description' returned '0': CMAKE_PREFIX_PATH=/opt/ros/foxy /usr/bin/cmake --build /home/edson_20_04/TCAS/build/box_bot_description -- -j16 -l16
[3.295s] DEBUG:colcon.colcon_core.event_handler.log_command:Invoking command in '/home/edson_20_04/TCAS/build/box_bot_description': CMAKE_PREFIX_PATH=/opt/ros/foxy /usr/bin/cmake --install /home/edson_20_04/TCAS/build/box_bot_description
[3.304s] Level 1:colcon.colcon_core.environment:create_environment_scripts_only(box_bot_description)
[3.304s] DEBUG:colcon.colcon_core.event_handler.log_command:Invoked command in '/home/edson_20_04/TCAS/build/box_bot_description' returned '0': CMAKE_PREFIX_PATH=/opt/ros/foxy /usr/bin/cmake --install /home/edson_20_04/TCAS/build/box_bot_description
[3.309s] Level 1:colcon.colcon_core.environment:checking '/home/edson_20_04/TCAS/install/box_bot_description' for CMake module files
[3.309s] Level 1:colcon.colcon_core.environment:checking '/home/edson_20_04/TCAS/install/box_bot_description' for CMake config files
[3.309s] Level 1:colcon.colcon_core.shell:create_environment_hook('box_bot_description', 'cmake_prefix_path')
[3.310s] INFO:colcon.colcon_core.shell:Creating environment hook '/home/edson_20_04/TCAS/install/box_bot_description/share/box_bot_description/hook/cmake_prefix_path.ps1'
[3.311s] INFO:colcon.colcon_core.shell:Creating environment descriptor '/home/edson_20_04/TCAS/install/box_bot_description/share/box_bot_description/hook/cmake_prefix_path.dsv'
[3.311s] INFO:colcon.colcon_core.shell:Creating environment hook '/home/edson_20_04/TCAS/install/box_bot_description/share/box_bot_description/hook/cmake_prefix_path.sh'
[3.312s] Level 1:colcon.colcon_core.environment:checking '/home/edson_20_04/TCAS/install/box_bot_description/lib'
[3.312s] Level 1:colcon.colcon_core.environment:checking '/home/edson_20_04/TCAS/install/box_bot_description/bin'
[3.312s] Level 1:colcon.colcon_core.environment:checking '/home/edson_20_04/TCAS/install/box_bot_description/lib/pkgconfig/box_bot_description.pc'
[3.313s] Level 1:colcon.colcon_core.environment:checking '/home/edson_20_04/TCAS/install/box_bot_description/lib/python3.8/site-packages'
[3.313s] Level 1:colcon.colcon_core.environment:checking '/home/edson_20_04/TCAS/install/box_bot_description/bin'
[3.314s] INFO:colcon.colcon_core.shell:Creating package script '/home/edson_20_04/TCAS/install/box_bot_description/share/box_bot_description/package.ps1'
[3.315s] INFO:colcon.colcon_core.shell:Creating package descriptor '/home/edson_20_04/TCAS/install/box_bot_description/share/box_bot_description/package.dsv'
[3.315s] INFO:colcon.colcon_core.shell:Creating package script '/home/edson_20_04/TCAS/install/box_bot_description/share/box_bot_description/package.sh'
[3.316s] INFO:colcon.colcon_core.shell:Creating package script '/home/edson_20_04/TCAS/install/box_bot_description/share/box_bot_description/package.bash'
[3.316s] INFO:colcon.colcon_core.shell:Creating package script '/home/edson_20_04/TCAS/install/box_bot_description/share/box_bot_description/package.zsh'
[3.316s] Level 1:colcon.colcon_core.environment:create_file_with_runtime_dependencies(/home/edson_20_04/TCAS/install/box_bot_description/share/colcon-core/packages/box_bot_description)
[3.333s] Level 1:colcon.colcon_core.environment:create_environment_scripts_only(box_bot_description)
[3.334s] Level 1:colcon.colcon_core.environment:checking '/home/edson_20_04/TCAS/install/box_bot_description' for CMake module files
[3.335s] Level 1:colcon.colcon_core.environment:checking '/home/edson_20_04/TCAS/install/box_bot_description' for CMake config files
[3.335s] Level 1:colcon.colcon_core.shell:create_environment_hook('box_bot_description', 'cmake_prefix_path')
[3.336s] INFO:colcon.colcon_core.shell:Creating environment hook '/home/edson_20_04/TCAS/install/box_bot_description/share/box_bot_description/hook/cmake_prefix_path.ps1'
[3.336s] INFO:colcon.colcon_core.shell:Creating environment descriptor '/home/edson_20_04/TCAS/install/box_bot_description/share/box_bot_description/hook/cmake_prefix_path.dsv'
[3.336s] INFO:colcon.colcon_core.shell:Creating environment hook '/home/edson_20_04/TCAS/install/box_bot_description/share/box_bot_description/hook/cmake_prefix_path.sh'
[3.337s] Level 1:colcon.colcon_core.environment:checking '/home/edson_20_04/TCAS/install/box_bot_description/lib'
[3.337s] Level 1:colcon.colcon_core.environment:checking '/home/edson_20_04/TCAS/install/box_bot_description/bin'
[3.337s] Level 1:colcon.colcon_core.environment:checking '/home/edson_20_04/TCAS/install/box_bot_description/lib/pkgconfig/box_bot_description.pc'
[3.337s] Level 1:colcon.colcon_core.environment:checking '/home/edson_20_04/TCAS/install/box_bot_description/lib/python3.8/site-packages'
[3.337s] Level 1:colcon.colcon_core.environment:checking '/home/edson_20_04/TCAS/install/box_bot_description/bin'
[3.338s] INFO:colcon.colcon_core.shell:Creating package script '/home/edson_20_04/TCAS/install/box_bot_description/share/box_bot_description/package.ps1'
[3.339s] INFO:colcon.colcon_core.shell:Creating package descriptor '/home/edson_20_04/TCAS/install/box_bot_description/share/box_bot_description/package.dsv'
[3.339s] INFO:colcon.colcon_core.shell:Creating package script '/home/edson_20_04/TCAS/install/box_bot_description/share/box_bot_description/package.sh'
[3.339s] INFO:colcon.colcon_core.shell:Creating package script '/home/edson_20_04/TCAS/install/box_bot_description/share/box_bot_description/package.bash'
[3.340s] INFO:colcon.colcon_core.shell:Creating package script '/home/edson_20_04/TCAS/install/box_bot_description/share/box_bot_description/package.zsh'
[3.340s] Level 1:colcon.colcon_core.environment:create_file_with_runtime_dependencies(/home/edson_20_04/TCAS/install/box_bot_description/share/colcon-core/packages/box_bot_description)
[8.103s] DEBUG:colcon.colcon_core.event_handler.log_command:Invoked command in '/home/edson_20_04/TCAS/build/planning' returned '0': CMAKE_PREFIX_PATH=/opt/ros/foxy /usr/bin/cmake /home/edson_20_04/TCAS/planning -DCMAKE_INSTALL_PREFIX=/home/edson_20_04/TCAS/install/planning
[8.104s] DEBUG:colcon.colcon_core.event_handler.log_command:Invoking command in '/home/edson_20_04/TCAS/build/planning': CMAKE_PREFIX_PATH=/opt/ros/foxy /usr/bin/cmake --build /home/edson_20_04/TCAS/build/planning -- -j16 -l16
[8.134s] DEBUG:colcon.colcon_core.event_handler.log_command:Invoked command in '/home/edson_20_04/TCAS/build/planning' returned '0': CMAKE_PREFIX_PATH=/opt/ros/foxy /usr/bin/cmake --build /home/edson_20_04/TCAS/build/planning -- -j16 -l16
[8.153s] DEBUG:colcon.colcon_core.event_handler.log_command:Invoking command in '/home/edson_20_04/TCAS/build/planning': CMAKE_PREFIX_PATH=/opt/ros/foxy /usr/bin/cmake --install /home/edson_20_04/TCAS/build/planning
[8.162s] Level 1:colcon.colcon_core.environment:create_environment_scripts_only(planning)
[8.164s] Level 1:colcon.colcon_core.environment:checking '/home/edson_20_04/TCAS/install/planning' for CMake module files
[8.165s] DEBUG:colcon.colcon_core.event_handler.log_command:Invoked command in '/home/edson_20_04/TCAS/build/planning' returned '0': CMAKE_PREFIX_PATH=/opt/ros/foxy /usr/bin/cmake --install /home/edson_20_04/TCAS/build/planning
[8.165s] Level 1:colcon.colcon_core.environment:checking '/home/edson_20_04/TCAS/install/planning' for CMake config files
[8.165s] Level 1:colcon.colcon_core.shell:create_environment_hook('planning', 'cmake_prefix_path')
[8.166s] INFO:colcon.colcon_core.shell:Creating environment hook '/home/edson_20_04/TCAS/install/planning/share/planning/hook/cmake_prefix_path.ps1'
[8.167s] INFO:colcon.colcon_core.shell:Creating environment descriptor '/home/edson_20_04/TCAS/install/planning/share/planning/hook/cmake_prefix_path.dsv'
[8.167s] INFO:colcon.colcon_core.shell:Creating environment hook '/home/edson_20_04/TCAS/install/planning/share/planning/hook/cmake_prefix_path.sh'
[8.168s] Level 1:colcon.colcon_core.environment:checking '/home/edson_20_04/TCAS/install/planning/lib'
[8.168s] Level 1:colcon.colcon_core.environment:checking '/home/edson_20_04/TCAS/install/planning/bin'
[8.168s] Level 1:colcon.colcon_core.environment:checking '/home/edson_20_04/TCAS/install/planning/lib/pkgconfig/planning.pc'
[8.168s] Level 1:colcon.colcon_core.environment:checking '/home/edson_20_04/TCAS/install/planning/lib/python3.8/site-packages'
[8.168s] Level 1:colcon.colcon_core.environment:checking '/home/edson_20_04/TCAS/install/planning/bin'
[8.169s] INFO:colcon.colcon_core.shell:Creating package script '/home/edson_20_04/TCAS/install/planning/share/planning/package.ps1'
[8.170s] INFO:colcon.colcon_core.shell:Creating package descriptor '/home/edson_20_04/TCAS/install/planning/share/planning/package.dsv'
[8.170s] INFO:colcon.colcon_core.shell:Creating package script '/home/edson_20_04/TCAS/install/planning/share/planning/package.sh'
[8.170s] INFO:colcon.colcon_core.shell:Creating package script '/home/edson_20_04/TCAS/install/planning/share/planning/package.bash'
[8.171s] INFO:colcon.colcon_core.shell:Creating package script '/home/edson_20_04/TCAS/install/planning/share/planning/package.zsh'
[8.171s] Level 1:colcon.colcon_core.environment:create_file_with_runtime_dependencies(/home/edson_20_04/TCAS/install/planning/share/colcon-core/packages/planning)
[8.188s] Level 1:colcon.colcon_core.environment:create_environment_scripts_only(planning)
[8.190s] Level 1:colcon.colcon_core.environment:checking '/home/edson_20_04/TCAS/install/planning' for CMake module files
[8.190s] Level 1:colcon.colcon_core.environment:checking '/home/edson_20_04/TCAS/install/planning' for CMake config files
[8.190s] Level 1:colcon.colcon_core.shell:create_environment_hook('planning', 'cmake_prefix_path')
[8.191s] INFO:colcon.colcon_core.shell:Creating environment hook '/home/edson_20_04/TCAS/install/planning/share/planning/hook/cmake_prefix_path.ps1'
[8.192s] INFO:colcon.colcon_core.shell:Creating environment descriptor '/home/edson_20_04/TCAS/install/planning/share/planning/hook/cmake_prefix_path.dsv'
[8.192s] INFO:colcon.colcon_core.shell:Creating environment hook '/home/edson_20_04/TCAS/install/planning/share/planning/hook/cmake_prefix_path.sh'
[8.192s] Level 1:colcon.colcon_core.environment:checking '/home/edson_20_04/TCAS/install/planning/lib'
[8.193s] Level 1:colcon.colcon_core.environment:checking '/home/edson_20_04/TCAS/install/planning/bin'
[8.193s] Level 1:colcon.colcon_core.environment:checking '/home/edson_20_04/TCAS/install/planning/lib/pkgconfig/planning.pc'
[8.193s] Level 1:colcon.colcon_core.environment:checking '/home/edson_20_04/TCAS/install/planning/lib/python3.8/site-packages'
[8.193s] Level 1:colcon.colcon_core.environment:checking '/home/edson_20_04/TCAS/install/planning/bin'
[8.194s] INFO:colcon.colcon_core.shell:Creating package script '/home/edson_20_04/TCAS/install/planning/share/planning/package.ps1'
[8.195s] INFO:colcon.colcon_core.shell:Creating package descriptor '/home/edson_20_04/TCAS/install/planning/share/planning/package.dsv'
[8.195s] INFO:colcon.colcon_core.shell:Creating package script '/home/edson_20_04/TCAS/install/planning/share/planning/package.sh'
[8.195s] INFO:colcon.colcon_core.shell:Creating package script '/home/edson_20_04/TCAS/install/planning/share/planning/package.bash'
[8.195s] INFO:colcon.colcon_core.shell:Creating package script '/home/edson_20_04/TCAS/install/planning/share/planning/package.zsh'
[8.196s] Level 1:colcon.colcon_core.environment:create_file_with_runtime_dependencies(/home/edson_20_04/TCAS/install/planning/share/colcon-core/packages/planning)
[40.694s] DEBUG:colcon.colcon_core.event_handler.log_command:Invoked command in '/home/edson_20_04/TCAS/build/box_bot_gazebo' returned '0': CMAKE_PREFIX_PATH=/opt/ros/foxy /usr/bin/cmake /home/edson_20_04/TCAS/box_bot_gazebo -DCMAKE_INSTALL_PREFIX=/home/edson_20_04/TCAS/install/box_bot_gazebo
[40.695s] DEBUG:colcon.colcon_core.event_handler.log_command:Invoking command in '/home/edson_20_04/TCAS/build/box_bot_gazebo': CMAKE_PREFIX_PATH=/opt/ros/foxy /usr/bin/cmake --build /home/edson_20_04/TCAS/build/box_bot_gazebo -- -j16 -l16
[40.720s] DEBUG:colcon.colcon_core.event_handler.log_command:Invoked command in '/home/edson_20_04/TCAS/build/box_bot_gazebo' returned '0': CMAKE_PREFIX_PATH=/opt/ros/foxy /usr/bin/cmake --build /home/edson_20_04/TCAS/build/box_bot_gazebo -- -j16 -l16
[40.739s] DEBUG:colcon.colcon_core.event_handler.log_command:Invoking command in '/home/edson_20_04/TCAS/build/box_bot_gazebo': CMAKE_PREFIX_PATH=/opt/ros/foxy /usr/bin/cmake --install /home/edson_20_04/TCAS/build/box_bot_gazebo
[40.746s] Level 1:colcon.colcon_core.environment:create_environment_scripts_only(box_bot_gazebo)
[40.748s] Level 1:colcon.colcon_core.environment:checking '/home/edson_20_04/TCAS/install/box_bot_gazebo' for CMake module files
[40.749s] DEBUG:colcon.colcon_core.event_handler.log_command:Invoked command in '/home/edson_20_04/TCAS/build/box_bot_gazebo' returned '0': CMAKE_PREFIX_PATH=/opt/ros/foxy /usr/bin/cmake --install /home/edson_20_04/TCAS/build/box_bot_gazebo
[40.749s] Level 1:colcon.colcon_core.environment:checking '/home/edson_20_04/TCAS/install/box_bot_gazebo' for CMake config files
[40.749s] Level 1:colcon.colcon_core.shell:create_environment_hook('box_bot_gazebo', 'cmake_prefix_path')
[40.750s] INFO:colcon.colcon_core.shell:Creating environment hook '/home/edson_20_04/TCAS/install/box_bot_gazebo/share/box_bot_gazebo/hook/cmake_prefix_path.ps1'
[40.750s] INFO:colcon.colcon_core.shell:Creating environment descriptor '/home/edson_20_04/TCAS/install/box_bot_gazebo/share/box_bot_gazebo/hook/cmake_prefix_path.dsv'
[40.751s] INFO:colcon.colcon_core.shell:Creating environment hook '/home/edson_20_04/TCAS/install/box_bot_gazebo/share/box_bot_gazebo/hook/cmake_prefix_path.sh'
[40.751s] Level 1:colcon.colcon_core.environment:checking '/home/edson_20_04/TCAS/install/box_bot_gazebo/bin'
[40.751s] Level 1:colcon.colcon_core.environment:checking '/home/edson_20_04/TCAS/install/box_bot_gazebo/lib/pkgconfig/box_bot_gazebo.pc'
[40.751s] Level 1:colcon.colcon_core.environment:checking '/home/edson_20_04/TCAS/install/box_bot_gazebo/lib/python3.8/site-packages'
[40.752s] Level 1:colcon.colcon_core.environment:checking '/home/edson_20_04/TCAS/install/box_bot_gazebo/bin'
[40.753s] INFO:colcon.colcon_core.shell:Creating package script '/home/edson_20_04/TCAS/install/box_bot_gazebo/share/box_bot_gazebo/package.ps1'
[40.753s] INFO:colcon.colcon_core.shell:Creating package descriptor '/home/edson_20_04/TCAS/install/box_bot_gazebo/share/box_bot_gazebo/package.dsv'
[40.753s] INFO:colcon.colcon_core.shell:Creating package script '/home/edson_20_04/TCAS/install/box_bot_gazebo/share/box_bot_gazebo/package.sh'
[40.754s] INFO:colcon.colcon_core.shell:Creating package script '/home/edson_20_04/TCAS/install/box_bot_gazebo/share/box_bot_gazebo/package.bash'
[40.754s] INFO:colcon.colcon_core.shell:Creating package script '/home/edson_20_04/TCAS/install/box_bot_gazebo/share/box_bot_gazebo/package.zsh'
[40.754s] Level 1:colcon.colcon_core.environment:create_file_with_runtime_dependencies(/home/edson_20_04/TCAS/install/box_bot_gazebo/share/colcon-core/packages/box_bot_gazebo)
[40.770s] Level 1:colcon.colcon_core.environment:create_environment_scripts_only(box_bot_gazebo)
[40.772s] Level 1:colcon.colcon_core.environment:checking '/home/edson_20_04/TCAS/install/box_bot_gazebo' for CMake module files
[40.772s] Level 1:colcon.colcon_core.environment:checking '/home/edson_20_04/TCAS/install/box_bot_gazebo' for CMake config files
[40.772s] Level 1:colcon.colcon_core.shell:create_environment_hook('box_bot_gazebo', 'cmake_prefix_path')
[40.773s] INFO:colcon.colcon_core.shell:Creating environment hook '/home/edson_20_04/TCAS/install/box_bot_gazebo/share/box_bot_gazebo/hook/cmake_prefix_path.ps1'
[40.774s] INFO:colcon.colcon_core.shell:Creating environment descriptor '/home/edson_20_04/TCAS/install/box_bot_gazebo/share/box_bot_gazebo/hook/cmake_prefix_path.dsv'
[40.774s] INFO:colcon.colcon_core.shell:Creating environment hook '/home/edson_20_04/TCAS/install/box_bot_gazebo/share/box_bot_gazebo/hook/cmake_prefix_path.sh'
[40.774s] Level 1:colcon.colcon_core.environment:checking '/home/edson_20_04/TCAS/install/box_bot_gazebo/bin'
[40.774s] Level 1:colcon.colcon_core.environment:checking '/home/edson_20_04/TCAS/install/box_bot_gazebo/lib/pkgconfig/box_bot_gazebo.pc'
[40.775s] Level 1:colcon.colcon_core.environment:checking '/home/edson_20_04/TCAS/install/box_bot_gazebo/lib/python3.8/site-packages'
[40.775s] Level 1:colcon.colcon_core.environment:checking '/home/edson_20_04/TCAS/install/box_bot_gazebo/bin'
[40.776s] INFO:colcon.colcon_core.shell:Creating package script '/home/edson_20_04/TCAS/install/box_bot_gazebo/share/box_bot_gazebo/package.ps1'
[40.776s] INFO:colcon.colcon_core.shell:Creating package descriptor '/home/edson_20_04/TCAS/install/box_bot_gazebo/share/box_bot_gazebo/package.dsv'
[40.776s] INFO:colcon.colcon_core.shell:Creating package script '/home/edson_20_04/TCAS/install/box_bot_gazebo/share/box_bot_gazebo/package.sh'
[40.777s] INFO:colcon.colcon_core.shell:Creating package script '/home/edson_20_04/TCAS/install/box_bot_gazebo/share/box_bot_gazebo/package.bash'
[40.777s] INFO:colcon.colcon_core.shell:Creating package script '/home/edson_20_04/TCAS/install/box_bot_gazebo/share/box_bot_gazebo/package.zsh'
[40.777s] Level 1:colcon.colcon_core.environment:create_file_with_runtime_dependencies(/home/edson_20_04/TCAS/install/box_bot_gazebo/share/colcon-core/packages/box_bot_gazebo)
[40.778s] DEBUG:colcon.colcon_parallel_executor.executor.parallel:closing loop
[40.778s] DEBUG:colcon.colcon_parallel_executor.executor.parallel:loop closed
[40.778s] DEBUG:colcon.colcon_parallel_executor.executor.parallel:run_until_complete finished with '0'
[40.778s] DEBUG:colcon.colcon_core.event_reactor:joining thread
[40.832s] INFO:colcon.colcon_core.plugin_system:Skipping extension 'colcon_notification.desktop_notification.notify_send': Could not find 'notify-send'
[40.833s] INFO:colcon.colcon_core.plugin_system:Skipping extension 'colcon_notification.desktop_notification.terminal_notifier': Not used on non-Darwin systems
[40.833s] INFO:colcon.colcon_core.plugin_system:Skipping extension 'colcon_notification.desktop_notification.win32': Not used on non-Windows systems
[40.833s] INFO:colcon.colcon_notification.desktop_notification:Sending desktop notification using 'notify2'
[40.837s] DEBUG:colcon.colcon_notification.desktop_notification.notify2:Failed to initialize notify2: org.freedesktop.DBus.Error.ServiceUnknown: The name org.freedesktop.Notifications was not provided by any .service files
[40.837s] DEBUG:colcon.colcon_core.event_reactor:joined thread
[40.839s] INFO:colcon.colcon_core.shell:Creating prefix script '/home/edson_20_04/TCAS/install/local_setup.ps1'
[40.839s] INFO:colcon.colcon_core.shell:Creating prefix util module '/home/edson_20_04/TCAS/install/_local_setup_util_ps1.py'
[40.840s] INFO:colcon.colcon_core.shell:Creating prefix chain script '/home/edson_20_04/TCAS/install/setup.ps1'
[40.841s] INFO:colcon.colcon_core.shell:Creating prefix script '/home/edson_20_04/TCAS/install/local_setup.sh'
[40.842s] INFO:colcon.colcon_core.shell:Creating prefix util module '/home/edson_20_04/TCAS/install/_local_setup_util_sh.py'
[40.842s] INFO:colcon.colcon_core.shell:Creating prefix chain script '/home/edson_20_04/TCAS/install/setup.sh'
[40.843s] INFO:colcon.colcon_core.shell:Creating prefix script '/home/edson_20_04/TCAS/install/local_setup.bash'
[40.843s] INFO:colcon.colcon_core.shell:Creating prefix chain script '/home/edson_20_04/TCAS/install/setup.bash'
[40.844s] INFO:colcon.colcon_core.shell:Creating prefix script '/home/edson_20_04/TCAS/install/local_setup.zsh'
[40.845s] INFO:colcon.colcon_core.shell:Creating prefix chain script '/home/edson_20_04/TCAS/install/setup.zsh'
