[0.023s] Invoking command in '/home/edson_20_04/TCAS/build/box_bot_gazebo': CMAKE_PREFIX_PATH=/opt/ros/foxy /usr/bin/cmake /home/edson_20_04/TCAS/box_bot_gazebo -DCMAKE_INSTALL_PREFIX=/home/edson_20_04/TCAS/install/box_bot_gazebo
[0.166s] -- The C compiler identification is GNU 9.4.0
[0.391s] -- The CXX compiler identification is GNU 9.4.0
[0.502s] -- Check for working C compiler: /usr/bin/cc
[0.651s] -- Check for working C compiler: /usr/bin/cc -- works
[0.652s] -- Detecting C compiler ABI info
[0.799s] -- Detecting C compiler ABI info - done
[0.806s] -- Detecting C compile features
[0.806s] -- Detecting C compile features - done
[0.808s] -- Check for working CXX compiler: /usr/bin/c++
[0.974s] -- Check for working CXX compiler: /usr/bin/c++ -- works
[0.975s] -- Detecting CXX compiler ABI info
[1.133s] -- Detecting CXX compiler ABI info - done
[1.140s] -- Detecting CXX compile features
[1.141s] -- Detecting CXX compile features - done
[1.142s] -- Found ament_cmake: 0.9.11 (/opt/ros/foxy/share/ament_cmake/cmake)
[1.159s] -- Found PythonInterp: /usr/bin/python3 (found suitable version "3.8.10", minimum required is "3") 
[1.159s] -- Using PYTHON_EXECUTABLE: /usr/bin/python3
[1.308s] -- Found rclcpp: 2.4.2 (/opt/ros/foxy/share/rclcpp/cmake)
[1.498s] -- Using all available rosidl_typesupport_c: rosidl_typesupport_fastrtps_c;rosidl_typesupport_introspection_c
[1.505s] -- Found rosidl_adapter: 1.3.0 (/opt/ros/foxy/share/rosidl_adapter/cmake)
[2.900s] -- Found OpenSSL: /usr/lib/x86_64-linux-gnu/libcrypto.so (found version "1.1.1f")  
[4.232s] -- Found FastRTPS: /opt/ros/foxy/include  
[6.578s] -- Using all available rosidl_typesupport_cpp: rosidl_typesupport_fastrtps_cpp;rosidl_typesupport_introspection_cpp
[6.615s] -- Found rmw_implementation_cmake: 1.0.3 (/opt/ros/foxy/share/rmw_implementation_cmake/cmake)
[6.616s] -- Using RMW implementation 'rmw_fastrtps_cpp' as default
[6.617s] -- Looking for pthread.h
[6.797s] -- Looking for pthread.h - found
[6.797s] -- Performing Test CMAKE_HAVE_LIBC_PTHREAD
[6.969s] -- Performing Test CMAKE_HAVE_LIBC_PTHREAD - Failed
[6.969s] -- Looking for pthread_create in pthreads
[7.111s] -- Looking for pthread_create in pthreads - not found
[7.111s] -- Looking for pthread_create in pthread
[7.301s] -- Looking for pthread_create in pthread - found
[7.302s] -- Found Threads: TRUE  
[7.410s] -- Found rclpy: 1.0.11 (/opt/ros/foxy/share/rclpy/cmake)
[7.416s] -- Found PkgConfig: /usr/bin/pkg-config (found version "0.29.1") 
[7.417s] -- Checking for module 'bullet>=2.82'
[7.429s] --   Found bullet, version 2.88
[8.875s] -- Found ccd: /usr/include (found suitable version "2.0", minimum required is "2.0") 
[8.958s] -- Found fcl: /usr/include (found suitable version "0.5.0", minimum required is "0.3.2") 
[9.089s] -- Found assimp: /usr/include (found version "5.0.0") 
[9.106s] -- Found DART: /usr/include (Required is at least version "6.6") found components: dart 
[9.124s] -- Found Boost: /usr/lib/x86_64-linux-gnu/cmake/Boost-1.71.0/BoostConfig.cmake (found suitable version "1.71.0", minimum required is "1.40.0") found components: thread system filesystem program_options regex iostreams date_time 
[9.622s] -- Found Protobuf: /usr/lib/x86_64-linux-gnu/libprotobuf.so;-lpthread (found version "3.6.1") 
[9.626s] -- Looking for ignition-math6 -- found version 6.13.0
[9.631s] -- Searching for dependencies of ignition-math6
[9.632s] -- Looking for OGRE...
[9.632s] -- OGRE_PREFIX_WATCH changed.
[9.636s] -- Checking for module 'OGRE'
[9.645s] --   Found OGRE, version 1.9.0
[9.765s] -- Found Ogre Ghadamon (1.9.0)
[10.712s] -- Found OGRE: optimized;/usr/lib/x86_64-linux-gnu/libOgreMain.so;debug;/usr/lib/x86_64-linux-gnu/libOgreMain.so
[10.720s] -- Looking for OGRE_Paging...
[11.145s] -- Found OGRE_Paging: optimized;/usr/lib/x86_64-linux-gnu/libOgrePaging.so;debug;/usr/lib/x86_64-linux-gnu/libOgrePaging.so
[11.145s] -- Looking for OGRE_Terrain...
[11.586s] -- Found OGRE_Terrain: optimized;/usr/lib/x86_64-linux-gnu/libOgreTerrain.so;debug;/usr/lib/x86_64-linux-gnu/libOgreTerrain.so
[11.587s] -- Looking for OGRE_Property...
[12.026s] -- Found OGRE_Property: optimized;/usr/lib/x86_64-linux-gnu/libOgreProperty.so;debug;/usr/lib/x86_64-linux-gnu/libOgreProperty.so
[12.026s] -- Looking for OGRE_RTShaderSystem...
[12.490s] -- Found OGRE_RTShaderSystem: optimized;/usr/lib/x86_64-linux-gnu/libOgreRTShaderSystem.so;debug;/usr/lib/x86_64-linux-gnu/libOgreRTShaderSystem.so
[12.491s] -- Looking for OGRE_Volume...
[12.898s] -- Found OGRE_Volume: optimized;/usr/lib/x86_64-linux-gnu/libOgreVolume.so;debug;/usr/lib/x86_64-linux-gnu/libOgreVolume.so
[12.898s] -- Looking for OGRE_Overlay...
[13.319s] -- Found OGRE_Overlay: optimized;/usr/lib/x86_64-linux-gnu/libOgreOverlay.so;debug;/usr/lib/x86_64-linux-gnu/libOgreOverlay.so
[36.099s] -- Looking for ignition-math6 -- found version 6.13.0
[36.106s] -- Looking for ignition-transport8 -- found version 8.3.0
[36.106s] -- Searching for dependencies of ignition-transport8
[37.138s] -- Found Protobuf: /usr/lib/x86_64-linux-gnu/libprotobuf.so;-lpthread (found suitable version "3.6.1", minimum required is "3") 
[38.164s] -- Config-file not installed for ZeroMQ -- checking for pkg-config
[38.168s] -- Checking for module 'libzmq >= 4'
[38.177s] --   Found libzmq , version 4.3.2
[38.293s] -- Found ZeroMQ: TRUE (Required is at least version "4") 
[38.342s] -- Checking for module 'uuid'
[38.351s] --   Found uuid, version 2.34.0
[38.454s] -- Found UUID: TRUE  
[38.461s] -- Looking for ignition-msgs5 -- found version 5.10.0
[38.461s] -- Searching for dependencies of ignition-msgs5
[39.423s] -- Looking for ignition-math6 -- found version 6.13.0
[39.426s] -- Checking for module 'tinyxml2'
[39.435s] --   Found tinyxml2, version 6.2.0
[39.549s] -- Looking for ignition-msgs5 -- found version 5.10.0
[39.552s] -- Looking for ignition-common3 -- found version 3.14.2
[39.552s] -- Searching for dependencies of ignition-common3
[39.600s] -- Looking for dlfcn.h - found
[39.644s] -- Looking for libdl - found
[39.645s] -- Found DL: TRUE  
[39.740s] -- Searching for <ignition-common3> component [graphics]
[39.741s] -- Looking for ignition-common3-graphics -- found version 3.14.2
[39.741s] -- Searching for dependencies of ignition-common3-graphics
[39.742s] -- Looking for ignition-math6 -- found version 6.13.0
[39.744s] -- Looking for ignition-fuel_tools4 -- found version 4.6.0
[39.744s] -- Searching for dependencies of ignition-fuel_tools4
[40.058s] -- Found CURL: /usr/lib/x86_64-linux-gnu/libcurl.so (found version "7.68.0")  
[40.064s] -- Checking for module 'jsoncpp'
[40.074s] --   Found jsoncpp, version 1.7.4
[40.191s] -- Found JSONCPP: TRUE  
[40.195s] -- Checking for module 'libzip'
[40.204s] --   Found libzip, version 1.5.1
[40.316s] -- Found ZIP: TRUE  
[40.316s] -- Looking for ignition-common3 -- found version 3.14.2
[40.317s] -- Looking for ignition-math6 -- found version 6.13.0
[40.317s] -- Looking for ignition-msgs5 -- found version 5.10.0
[40.319s] -- Found ament_lint_auto: 0.9.7 (/opt/ros/foxy/share/ament_lint_auto/cmake)
[40.368s] -- Added test 'copyright' to check source files copyright and LICENSE
[40.369s] -- Added test 'flake8' to check Python code syntax and style conventions
[40.370s] -- Added test 'lint_cmake' to check CMake code style
[40.370s] -- Added test 'pep257' to check Python code against some of the style conventions in PEP 257
[40.371s] -- Added test 'xmllint' to check XML markup files
[40.373s] -- Configuring done
[40.376s] -- Generating done
[40.377s] -- Build files have been written to: /home/edson_20_04/TCAS/build/box_bot_gazebo
[40.388s] Invoked command in '/home/edson_20_04/TCAS/build/box_bot_gazebo' returned '0': CMAKE_PREFIX_PATH=/opt/ros/foxy /usr/bin/cmake /home/edson_20_04/TCAS/box_bot_gazebo -DCMAKE_INSTALL_PREFIX=/home/edson_20_04/TCAS/install/box_bot_gazebo
[40.389s] Invoking command in '/home/edson_20_04/TCAS/build/box_bot_gazebo': CMAKE_PREFIX_PATH=/opt/ros/foxy /usr/bin/cmake --build /home/edson_20_04/TCAS/build/box_bot_gazebo -- -j16 -l16
[40.414s] Invoked command in '/home/edson_20_04/TCAS/build/box_bot_gazebo' returned '0': CMAKE_PREFIX_PATH=/opt/ros/foxy /usr/bin/cmake --build /home/edson_20_04/TCAS/build/box_bot_gazebo -- -j16 -l16
[40.433s] Invoking command in '/home/edson_20_04/TCAS/build/box_bot_gazebo': CMAKE_PREFIX_PATH=/opt/ros/foxy /usr/bin/cmake --install /home/edson_20_04/TCAS/build/box_bot_gazebo
[40.438s] -- Install configuration: ""
[40.438s] -- Up-to-date: /home/edson_20_04/TCAS/install/box_bot_gazebo/share/box_bot_gazebo//launch
[40.438s] -- Up-to-date: /home/edson_20_04/TCAS/install/box_bot_gazebo/share/box_bot_gazebo//launch/start_world_launch.py
[40.438s] -- Up-to-date: /home/edson_20_04/TCAS/install/box_bot_gazebo/share/box_bot_gazebo//launch/box_bot_launch.py
[40.438s] -- Up-to-date: /home/edson_20_04/TCAS/install/box_bot_gazebo/share/box_bot_gazebo//launch/multi_box_bot_launch.py
[40.438s] -- Up-to-date: /home/edson_20_04/TCAS/install/box_bot_gazebo/share/box_bot_gazebo//worlds
[40.438s] -- Up-to-date: /home/edson_20_04/TCAS/install/box_bot_gazebo/share/box_bot_gazebo//worlds/box_bot_empty.world
[40.438s] -- Installing: /home/edson_20_04/TCAS/install/box_bot_gazebo/share/ament_index/resource_index/package_run_dependencies/box_bot_gazebo
[40.439s] -- Installing: /home/edson_20_04/TCAS/install/box_bot_gazebo/share/ament_index/resource_index/parent_prefix_path/box_bot_gazebo
[40.439s] -- Installing: /home/edson_20_04/TCAS/install/box_bot_gazebo/share/box_bot_gazebo/environment/ament_prefix_path.sh
[40.439s] -- Installing: /home/edson_20_04/TCAS/install/box_bot_gazebo/share/box_bot_gazebo/environment/ament_prefix_path.dsv
[40.439s] -- Installing: /home/edson_20_04/TCAS/install/box_bot_gazebo/share/box_bot_gazebo/environment/path.sh
[40.439s] -- Installing: /home/edson_20_04/TCAS/install/box_bot_gazebo/share/box_bot_gazebo/environment/path.dsv
[40.439s] -- Installing: /home/edson_20_04/TCAS/install/box_bot_gazebo/share/box_bot_gazebo/local_setup.bash
[40.439s] -- Installing: /home/edson_20_04/TCAS/install/box_bot_gazebo/share/box_bot_gazebo/local_setup.sh
[40.439s] -- Installing: /home/edson_20_04/TCAS/install/box_bot_gazebo/share/box_bot_gazebo/local_setup.zsh
[40.439s] -- Installing: /home/edson_20_04/TCAS/install/box_bot_gazebo/share/box_bot_gazebo/local_setup.dsv
[40.439s] -- Installing: /home/edson_20_04/TCAS/install/box_bot_gazebo/share/box_bot_gazebo/package.dsv
[40.439s] -- Installing: /home/edson_20_04/TCAS/install/box_bot_gazebo/share/ament_index/resource_index/packages/box_bot_gazebo
[40.439s] -- Installing: /home/edson_20_04/TCAS/install/box_bot_gazebo/share/box_bot_gazebo/cmake/box_bot_gazeboConfig.cmake
[40.440s] -- Installing: /home/edson_20_04/TCAS/install/box_bot_gazebo/share/box_bot_gazebo/cmake/box_bot_gazeboConfig-version.cmake
[40.440s] -- Up-to-date: /home/edson_20_04/TCAS/install/box_bot_gazebo/share/box_bot_gazebo/package.xml
[40.443s] Invoked command in '/home/edson_20_04/TCAS/build/box_bot_gazebo' returned '0': CMAKE_PREFIX_PATH=/opt/ros/foxy /usr/bin/cmake --install /home/edson_20_04/TCAS/build/box_bot_gazebo
