[0.196s] DEBUG:colcon:Command line arguments: ['/usr/bin/colcon', 'build']
[0.196s] DEBUG:colcon:Parsed command line arguments: Namespace(allow_overriding=[], ament_cmake_args=None, base_paths=['.'], build_base='build', catkin_cmake_args=None, catkin_skip_building_tests=False, cmake_args=None, cmake_clean_cache=False, cmake_clean_first=False, cmake_force_configure=False, cmake_target=None, cmake_target_skip_unavailable=False, continue_on_error=False, event_handlers=None, executor='parallel', ignore_user_meta=False, install_base='install', log_base=None, log_level=None, main=<bound method BuildVerb.main of <colcon_core.verb.build.BuildVerb object at 0x7f5c4d100820>>, merge_install=False, metas=['./colcon.meta'], packages_above=None, packages_above_and_dependencies=None, packages_above_depth=None, packages_end=None, packages_ignore=None, packages_ignore_regex=None, packages_select=None, packages_select_build_failed=False, packages_select_by_dep=None, packages_select_regex=None, packages_select_test_failures=False, packages_skip=None, packages_skip_build_finished=False, packages_skip_by_dep=None, packages_skip_regex=None, packages_skip_test_passed=False, packages_skip_up_to=None, packages_start=None, packages_up_to=None, packages_up_to_regex=None, parallel_workers=16, paths=None, symlink_install=False, test_result_base=None, verb_extension=<colcon_core.verb.build.BuildVerb object at 0x7f5c4d100820>, verb_name='build', verb_parser=<colcon_defaults.argument_parser.defaults.DefaultArgumentsDecorator object at 0x7f5c4d100d90>)
[0.211s] Level 1:colcon.colcon_core.package_discovery:discover_packages(colcon_meta) check parameters
[0.211s] Level 1:colcon.colcon_core.package_discovery:discover_packages(recursive) check parameters
[0.211s] Level 1:colcon.colcon_core.package_discovery:discover_packages(ignore) check parameters
[0.211s] Level 1:colcon.colcon_core.package_discovery:discover_packages(path) check parameters
[0.211s] Level 1:colcon.colcon_core.package_discovery:discover_packages(colcon_meta) discover
[0.211s] Level 1:colcon.colcon_core.package_discovery:discover_packages(recursive) discover
[0.211s] INFO:colcon.colcon_core.package_discovery:Crawling recursively for packages in '/home/edson_20_04/box_bot'
[0.211s] Level 1:colcon.colcon_core.package_identification:_identify(.) by extensions ['ignore', 'ignore_ament_install']
[0.211s] Level 1:colcon.colcon_core.package_identification:_identify(.) by extension 'ignore'
[0.211s] Level 1:colcon.colcon_core.package_identification:_identify(.) by extension 'ignore_ament_install'
[0.211s] Level 1:colcon.colcon_core.package_identification:_identify(.) by extensions ['colcon_pkg']
[0.211s] Level 1:colcon.colcon_core.package_identification:_identify(.) by extension 'colcon_pkg'
[0.211s] Level 1:colcon.colcon_core.package_identification:_identify(.) by extensions ['colcon_meta']
[0.211s] Level 1:colcon.colcon_core.package_identification:_identify(.) by extension 'colcon_meta'
[0.211s] Level 1:colcon.colcon_core.package_identification:_identify(.) by extensions ['ros']
[0.211s] Level 1:colcon.colcon_core.package_identification:_identify(.) by extension 'ros'
[0.224s] Level 1:colcon.colcon_core.package_identification:_identify(.) by extensions ['cmake', 'python']
[0.224s] Level 1:colcon.colcon_core.package_identification:_identify(.) by extension 'cmake'
[0.224s] Level 1:colcon.colcon_core.package_identification:_identify(.) by extension 'python'
[0.224s] Level 1:colcon.colcon_core.package_identification:_identify(.) by extensions ['python_setup_py']
[0.224s] Level 1:colcon.colcon_core.package_identification:_identify(.) by extension 'python_setup_py'
[0.224s] Level 1:colcon.colcon_core.package_identification:_identify(Docs) by extensions ['ignore', 'ignore_ament_install']
[0.224s] Level 1:colcon.colcon_core.package_identification:_identify(Docs) by extension 'ignore'
[0.225s] Level 1:colcon.colcon_core.package_identification:_identify(Docs) by extension 'ignore_ament_install'
[0.225s] Level 1:colcon.colcon_core.package_identification:_identify(Docs) by extensions ['colcon_pkg']
[0.225s] Level 1:colcon.colcon_core.package_identification:_identify(Docs) by extension 'colcon_pkg'
[0.225s] Level 1:colcon.colcon_core.package_identification:_identify(Docs) by extensions ['colcon_meta']
[0.225s] Level 1:colcon.colcon_core.package_identification:_identify(Docs) by extension 'colcon_meta'
[0.225s] Level 1:colcon.colcon_core.package_identification:_identify(Docs) by extensions ['ros']
[0.225s] Level 1:colcon.colcon_core.package_identification:_identify(Docs) by extension 'ros'
[0.225s] Level 1:colcon.colcon_core.package_identification:_identify(Docs) by extensions ['cmake', 'python']
[0.225s] Level 1:colcon.colcon_core.package_identification:_identify(Docs) by extension 'cmake'
[0.225s] Level 1:colcon.colcon_core.package_identification:_identify(Docs) by extension 'python'
[0.225s] Level 1:colcon.colcon_core.package_identification:_identify(Docs) by extensions ['python_setup_py']
[0.225s] Level 1:colcon.colcon_core.package_identification:_identify(Docs) by extension 'python_setup_py'
[0.225s] Level 1:colcon.colcon_core.package_identification:_identify(box_bot_description) by extensions ['ignore', 'ignore_ament_install']
[0.225s] Level 1:colcon.colcon_core.package_identification:_identify(box_bot_description) by extension 'ignore'
[0.225s] Level 1:colcon.colcon_core.package_identification:_identify(box_bot_description) by extension 'ignore_ament_install'
[0.225s] Level 1:colcon.colcon_core.package_identification:_identify(box_bot_description) by extensions ['colcon_pkg']
[0.225s] Level 1:colcon.colcon_core.package_identification:_identify(box_bot_description) by extension 'colcon_pkg'
[0.225s] Level 1:colcon.colcon_core.package_identification:_identify(box_bot_description) by extensions ['colcon_meta']
[0.225s] Level 1:colcon.colcon_core.package_identification:_identify(box_bot_description) by extension 'colcon_meta'
[0.225s] Level 1:colcon.colcon_core.package_identification:_identify(box_bot_description) by extensions ['ros']
[0.225s] Level 1:colcon.colcon_core.package_identification:_identify(box_bot_description) by extension 'ros'
[0.227s] DEBUG:colcon.colcon_core.package_identification:Package 'box_bot_description' with type 'ros.ament_cmake' and name 'box_bot_description'
[0.227s] Level 1:colcon.colcon_core.package_identification:_identify(box_bot_gazebo) by extensions ['ignore', 'ignore_ament_install']
[0.227s] Level 1:colcon.colcon_core.package_identification:_identify(box_bot_gazebo) by extension 'ignore'
[0.227s] Level 1:colcon.colcon_core.package_identification:_identify(box_bot_gazebo) by extension 'ignore_ament_install'
[0.227s] Level 1:colcon.colcon_core.package_identification:_identify(box_bot_gazebo) by extensions ['colcon_pkg']
[0.227s] Level 1:colcon.colcon_core.package_identification:_identify(box_bot_gazebo) by extension 'colcon_pkg'
[0.227s] Level 1:colcon.colcon_core.package_identification:_identify(box_bot_gazebo) by extensions ['colcon_meta']
[0.227s] Level 1:colcon.colcon_core.package_identification:_identify(box_bot_gazebo) by extension 'colcon_meta'
[0.227s] Level 1:colcon.colcon_core.package_identification:_identify(box_bot_gazebo) by extensions ['ros']
[0.227s] Level 1:colcon.colcon_core.package_identification:_identify(box_bot_gazebo) by extension 'ros'
[0.228s] DEBUG:colcon.colcon_core.package_identification:Package 'box_bot_gazebo' with type 'ros.ament_cmake' and name 'box_bot_gazebo'
[0.228s] Level 1:colcon.colcon_core.package_identification:_identify(box_bot_planning) by extensions ['ignore', 'ignore_ament_install']
[0.228s] Level 1:colcon.colcon_core.package_identification:_identify(box_bot_planning) by extension 'ignore'
[0.228s] Level 1:colcon.colcon_core.package_identification:_identify(box_bot_planning) by extension 'ignore_ament_install'
[0.228s] Level 1:colcon.colcon_core.package_identification:_identify(box_bot_planning) by extensions ['colcon_pkg']
[0.228s] Level 1:colcon.colcon_core.package_identification:_identify(box_bot_planning) by extension 'colcon_pkg'
[0.228s] Level 1:colcon.colcon_core.package_identification:_identify(box_bot_planning) by extensions ['colcon_meta']
[0.228s] Level 1:colcon.colcon_core.package_identification:_identify(box_bot_planning) by extension 'colcon_meta'
[0.228s] Level 1:colcon.colcon_core.package_identification:_identify(box_bot_planning) by extensions ['ros']
[0.228s] Level 1:colcon.colcon_core.package_identification:_identify(box_bot_planning) by extension 'ros'
[0.228s] DEBUG:colcon.colcon_core.package_identification:Package 'box_bot_planning' with type 'ros.ament_cmake' and name 'box_bot_planning'
[0.228s] Level 1:colcon.colcon_core.package_identification:_identify(box_bot_tutorials) by extensions ['ignore', 'ignore_ament_install']
[0.229s] Level 1:colcon.colcon_core.package_identification:_identify(box_bot_tutorials) by extension 'ignore'
[0.229s] Level 1:colcon.colcon_core.package_identification:_identify(box_bot_tutorials) by extension 'ignore_ament_install'
[0.229s] Level 1:colcon.colcon_core.package_identification:_identify(box_bot_tutorials) by extensions ['colcon_pkg']
[0.229s] Level 1:colcon.colcon_core.package_identification:_identify(box_bot_tutorials) by extension 'colcon_pkg'
[0.229s] Level 1:colcon.colcon_core.package_identification:_identify(box_bot_tutorials) by extensions ['colcon_meta']
[0.229s] Level 1:colcon.colcon_core.package_identification:_identify(box_bot_tutorials) by extension 'colcon_meta'
[0.229s] Level 1:colcon.colcon_core.package_identification:_identify(box_bot_tutorials) by extensions ['ros']
[0.229s] Level 1:colcon.colcon_core.package_identification:_identify(box_bot_tutorials) by extension 'ros'
[0.229s] DEBUG:colcon.colcon_core.package_identification:Package 'box_bot_tutorials' with type 'ros.ament_cmake' and name 'box_bot_tutorials'
[0.229s] Level 1:colcon.colcon_core.package_identification:_identify(build) by extensions ['ignore', 'ignore_ament_install']
[0.229s] Level 1:colcon.colcon_core.package_identification:_identify(build) by extension 'ignore'
[0.229s] Level 1:colcon.colcon_core.package_identification:_identify(build) ignored
[0.229s] Level 1:colcon.colcon_core.package_identification:_identify(install) by extensions ['ignore', 'ignore_ament_install']
[0.229s] Level 1:colcon.colcon_core.package_identification:_identify(install) by extension 'ignore'
[0.229s] Level 1:colcon.colcon_core.package_identification:_identify(install) ignored
[0.229s] Level 1:colcon.colcon_core.package_identification:_identify(log) by extensions ['ignore', 'ignore_ament_install']
[0.230s] Level 1:colcon.colcon_core.package_identification:_identify(log) by extension 'ignore'
[0.230s] Level 1:colcon.colcon_core.package_identification:_identify(log) ignored
[0.230s] Level 1:colcon.colcon_core.package_discovery:discover_packages(recursive) using defaults
[0.230s] Level 1:colcon.colcon_core.package_discovery:discover_packages(ignore) discover
[0.230s] Level 1:colcon.colcon_core.package_discovery:discover_packages(ignore) using defaults
[0.230s] Level 1:colcon.colcon_core.package_discovery:discover_packages(path) discover
[0.230s] Level 1:colcon.colcon_core.package_discovery:discover_packages(path) using defaults
[0.243s] Level 1:colcon.colcon_core.package_discovery:discover_packages(prefix_path) check parameters
[0.243s] Level 1:colcon.colcon_core.package_discovery:discover_packages(prefix_path) discover
[0.244s] DEBUG:colcon.colcon_installed_package_information.package_discovery:Found 4 installed packages in /home/edson_20_04/box_bot/install
[0.246s] DEBUG:colcon.colcon_installed_package_information.package_discovery:Found 396 installed packages in /opt/ros/foxy
[0.248s] Level 1:colcon.colcon_core.package_discovery:discover_packages(prefix_path) using defaults
[0.301s] Level 5:colcon.colcon_core.verb:set package 'box_bot_description' build argument 'cmake_args' from command line to 'None'
[0.301s] Level 5:colcon.colcon_core.verb:set package 'box_bot_description' build argument 'cmake_target' from command line to 'None'
[0.301s] Level 5:colcon.colcon_core.verb:set package 'box_bot_description' build argument 'cmake_target_skip_unavailable' from command line to 'False'
[0.301s] Level 5:colcon.colcon_core.verb:set package 'box_bot_description' build argument 'cmake_clean_cache' from command line to 'False'
[0.301s] Level 5:colcon.colcon_core.verb:set package 'box_bot_description' build argument 'cmake_clean_first' from command line to 'False'
[0.301s] Level 5:colcon.colcon_core.verb:set package 'box_bot_description' build argument 'cmake_force_configure' from command line to 'False'
[0.301s] Level 5:colcon.colcon_core.verb:set package 'box_bot_description' build argument 'ament_cmake_args' from command line to 'None'
[0.301s] Level 5:colcon.colcon_core.verb:set package 'box_bot_description' build argument 'catkin_cmake_args' from command line to 'None'
[0.301s] Level 5:colcon.colcon_core.verb:set package 'box_bot_description' build argument 'catkin_skip_building_tests' from command line to 'False'
[0.301s] DEBUG:colcon.colcon_core.verb:Building package 'box_bot_description' with the following arguments: {'ament_cmake_args': None, 'build_base': '/home/edson_20_04/box_bot/build/box_bot_description', 'catkin_cmake_args': None, 'catkin_skip_building_tests': False, 'cmake_args': None, 'cmake_clean_cache': False, 'cmake_clean_first': False, 'cmake_force_configure': False, 'cmake_target': None, 'cmake_target_skip_unavailable': False, 'install_base': '/home/edson_20_04/box_bot/install/box_bot_description', 'merge_install': False, 'path': '/home/edson_20_04/box_bot/box_bot_description', 'symlink_install': False, 'test_result_base': None}
[0.302s] Level 5:colcon.colcon_core.verb:set package 'box_bot_gazebo' build argument 'cmake_args' from command line to 'None'
[0.302s] Level 5:colcon.colcon_core.verb:set package 'box_bot_gazebo' build argument 'cmake_target' from command line to 'None'
[0.302s] Level 5:colcon.colcon_core.verb:set package 'box_bot_gazebo' build argument 'cmake_target_skip_unavailable' from command line to 'False'
[0.302s] Level 5:colcon.colcon_core.verb:set package 'box_bot_gazebo' build argument 'cmake_clean_cache' from command line to 'False'
[0.302s] Level 5:colcon.colcon_core.verb:set package 'box_bot_gazebo' build argument 'cmake_clean_first' from command line to 'False'
[0.302s] Level 5:colcon.colcon_core.verb:set package 'box_bot_gazebo' build argument 'cmake_force_configure' from command line to 'False'
[0.302s] Level 5:colcon.colcon_core.verb:set package 'box_bot_gazebo' build argument 'ament_cmake_args' from command line to 'None'
[0.302s] Level 5:colcon.colcon_core.verb:set package 'box_bot_gazebo' build argument 'catkin_cmake_args' from command line to 'None'
[0.302s] Level 5:colcon.colcon_core.verb:set package 'box_bot_gazebo' build argument 'catkin_skip_building_tests' from command line to 'False'
[0.302s] DEBUG:colcon.colcon_core.verb:Building package 'box_bot_gazebo' with the following arguments: {'ament_cmake_args': None, 'build_base': '/home/edson_20_04/box_bot/build/box_bot_gazebo', 'catkin_cmake_args': None, 'catkin_skip_building_tests': False, 'cmake_args': None, 'cmake_clean_cache': False, 'cmake_clean_first': False, 'cmake_force_configure': False, 'cmake_target': None, 'cmake_target_skip_unavailable': False, 'install_base': '/home/edson_20_04/box_bot/install/box_bot_gazebo', 'merge_install': False, 'path': '/home/edson_20_04/box_bot/box_bot_gazebo', 'symlink_install': False, 'test_result_base': None}
[0.303s] Level 5:colcon.colcon_core.verb:set package 'box_bot_planning' build argument 'cmake_args' from command line to 'None'
[0.303s] Level 5:colcon.colcon_core.verb:set package 'box_bot_planning' build argument 'cmake_target' from command line to 'None'
[0.303s] Level 5:colcon.colcon_core.verb:set package 'box_bot_planning' build argument 'cmake_target_skip_unavailable' from command line to 'False'
[0.303s] Level 5:colcon.colcon_core.verb:set package 'box_bot_planning' build argument 'cmake_clean_cache' from command line to 'False'
[0.303s] Level 5:colcon.colcon_core.verb:set package 'box_bot_planning' build argument 'cmake_clean_first' from command line to 'False'
[0.303s] Level 5:colcon.colcon_core.verb:set package 'box_bot_planning' build argument 'cmake_force_configure' from command line to 'False'
[0.303s] Level 5:colcon.colcon_core.verb:set package 'box_bot_planning' build argument 'ament_cmake_args' from command line to 'None'
[0.303s] Level 5:colcon.colcon_core.verb:set package 'box_bot_planning' build argument 'catkin_cmake_args' from command line to 'None'
[0.303s] Level 5:colcon.colcon_core.verb:set package 'box_bot_planning' build argument 'catkin_skip_building_tests' from command line to 'False'
[0.303s] DEBUG:colcon.colcon_core.verb:Building package 'box_bot_planning' with the following arguments: {'ament_cmake_args': None, 'build_base': '/home/edson_20_04/box_bot/build/box_bot_planning', 'catkin_cmake_args': None, 'catkin_skip_building_tests': False, 'cmake_args': None, 'cmake_clean_cache': False, 'cmake_clean_first': False, 'cmake_force_configure': False, 'cmake_target': None, 'cmake_target_skip_unavailable': False, 'install_base': '/home/edson_20_04/box_bot/install/box_bot_planning', 'merge_install': False, 'path': '/home/edson_20_04/box_bot/box_bot_planning', 'symlink_install': False, 'test_result_base': None}
[0.303s] Level 5:colcon.colcon_core.verb:set package 'box_bot_tutorials' build argument 'cmake_args' from command line to 'None'
[0.303s] Level 5:colcon.colcon_core.verb:set package 'box_bot_tutorials' build argument 'cmake_target' from command line to 'None'
[0.303s] Level 5:colcon.colcon_core.verb:set package 'box_bot_tutorials' build argument 'cmake_target_skip_unavailable' from command line to 'False'
[0.303s] Level 5:colcon.colcon_core.verb:set package 'box_bot_tutorials' build argument 'cmake_clean_cache' from command line to 'False'
[0.303s] Level 5:colcon.colcon_core.verb:set package 'box_bot_tutorials' build argument 'cmake_clean_first' from command line to 'False'
[0.303s] Level 5:colcon.colcon_core.verb:set package 'box_bot_tutorials' build argument 'cmake_force_configure' from command line to 'False'
[0.303s] Level 5:colcon.colcon_core.verb:set package 'box_bot_tutorials' build argument 'ament_cmake_args' from command line to 'None'
[0.303s] Level 5:colcon.colcon_core.verb:set package 'box_bot_tutorials' build argument 'catkin_cmake_args' from command line to 'None'
[0.303s] Level 5:colcon.colcon_core.verb:set package 'box_bot_tutorials' build argument 'catkin_skip_building_tests' from command line to 'False'
[0.303s] DEBUG:colcon.colcon_core.verb:Building package 'box_bot_tutorials' with the following arguments: {'ament_cmake_args': None, 'build_base': '/home/edson_20_04/box_bot/build/box_bot_tutorials', 'catkin_cmake_args': None, 'catkin_skip_building_tests': False, 'cmake_args': None, 'cmake_clean_cache': False, 'cmake_clean_first': False, 'cmake_force_configure': False, 'cmake_target': None, 'cmake_target_skip_unavailable': False, 'install_base': '/home/edson_20_04/box_bot/install/box_bot_tutorials', 'merge_install': False, 'path': '/home/edson_20_04/box_bot/box_bot_tutorials', 'symlink_install': False, 'test_result_base': None}
[0.304s] INFO:colcon.colcon_core.executor:Executing jobs using 'parallel' executor
[0.307s] DEBUG:colcon.colcon_parallel_executor.executor.parallel:run_until_complete
[0.307s] INFO:colcon.colcon_ros.task.ament_cmake.build:Building ROS package in '/home/edson_20_04/box_bot/box_bot_description' with build type 'ament_cmake'
[0.307s] INFO:colcon.colcon_cmake.task.cmake.build:Building CMake package in '/home/edson_20_04/box_bot/box_bot_description'
[0.310s] INFO:colcon.colcon_core.plugin_system:Skipping extension 'colcon_core.shell.bat': Not used on non-Windows systems
[0.310s] INFO:colcon.colcon_core.shell:Skip shell extension 'powershell' for command environment: Not usable outside of PowerShell
[0.310s] DEBUG:colcon.colcon_core.shell:Skip shell extension 'dsv' for command environment
[0.316s] INFO:colcon.colcon_ros.task.ament_cmake.build:Building ROS package in '/home/edson_20_04/box_bot/box_bot_gazebo' with build type 'ament_cmake'
[0.316s] INFO:colcon.colcon_cmake.task.cmake.build:Building CMake package in '/home/edson_20_04/box_bot/box_bot_gazebo'
[0.318s] INFO:colcon.colcon_core.shell:Skip shell extension 'powershell' for command environment: Not usable outside of PowerShell
[0.318s] DEBUG:colcon.colcon_core.shell:Skip shell extension 'dsv' for command environment
[0.324s] INFO:colcon.colcon_ros.task.ament_cmake.build:Building ROS package in '/home/edson_20_04/box_bot/box_bot_planning' with build type 'ament_cmake'
[0.324s] INFO:colcon.colcon_cmake.task.cmake.build:Building CMake package in '/home/edson_20_04/box_bot/box_bot_planning'
[0.325s] INFO:colcon.colcon_core.shell:Skip shell extension 'powershell' for command environment: Not usable outside of PowerShell
[0.325s] DEBUG:colcon.colcon_core.shell:Skip shell extension 'dsv' for command environment
[0.330s] INFO:colcon.colcon_ros.task.ament_cmake.build:Building ROS package in '/home/edson_20_04/box_bot/box_bot_tutorials' with build type 'ament_cmake'
[0.330s] INFO:colcon.colcon_cmake.task.cmake.build:Building CMake package in '/home/edson_20_04/box_bot/box_bot_tutorials'
[0.331s] INFO:colcon.colcon_core.shell:Skip shell extension 'powershell' for command environment: Not usable outside of PowerShell
[0.331s] DEBUG:colcon.colcon_core.shell:Skip shell extension 'dsv' for command environment
[0.343s] DEBUG:colcon.colcon_core.event_handler.log_command:Invoking command in '/home/edson_20_04/box_bot/build/box_bot_description': CMAKE_PREFIX_PATH=${CMAKE_PREFIX_PATH}:/opt/ros/foxy /usr/bin/cmake --build /home/edson_20_04/box_bot/build/box_bot_description -- -j16 -l16
[0.347s] DEBUG:colcon.colcon_core.event_handler.log_command:Invoking command in '/home/edson_20_04/box_bot/build/box_bot_gazebo': CMAKE_PREFIX_PATH=${CMAKE_PREFIX_PATH}:/opt/ros/foxy /usr/bin/cmake --build /home/edson_20_04/box_bot/build/box_bot_gazebo -- -j16 -l16
[0.353s] DEBUG:colcon.colcon_core.event_handler.log_command:Invoking command in '/home/edson_20_04/box_bot/build/box_bot_planning': CMAKE_PREFIX_PATH=${CMAKE_PREFIX_PATH}:/opt/ros/foxy /usr/bin/cmake --build /home/edson_20_04/box_bot/build/box_bot_planning -- -j16 -l16
[0.357s] DEBUG:colcon.colcon_core.event_handler.log_command:Invoking command in '/home/edson_20_04/box_bot/build/box_bot_tutorials': CMAKE_PREFIX_PATH=${CMAKE_PREFIX_PATH}:/opt/ros/foxy /usr/bin/cmake --build /home/edson_20_04/box_bot/build/box_bot_tutorials -- -j16 -l16
[0.368s] DEBUG:colcon.colcon_core.event_handler.log_command:Invoked command in '/home/edson_20_04/box_bot/build/box_bot_description' returned '0': CMAKE_PREFIX_PATH=${CMAKE_PREFIX_PATH}:/opt/ros/foxy /usr/bin/cmake --build /home/edson_20_04/box_bot/build/box_bot_description -- -j16 -l16
[0.374s] DEBUG:colcon.colcon_core.event_handler.log_command:Invoked command in '/home/edson_20_04/box_bot/build/box_bot_gazebo' returned '0': CMAKE_PREFIX_PATH=${CMAKE_PREFIX_PATH}:/opt/ros/foxy /usr/bin/cmake --build /home/edson_20_04/box_bot/build/box_bot_gazebo -- -j16 -l16
[0.377s] DEBUG:colcon.colcon_core.event_handler.log_command:Invoked command in '/home/edson_20_04/box_bot/build/box_bot_planning' returned '0': CMAKE_PREFIX_PATH=${CMAKE_PREFIX_PATH}:/opt/ros/foxy /usr/bin/cmake --build /home/edson_20_04/box_bot/build/box_bot_planning -- -j16 -l16
[0.390s] DEBUG:colcon.colcon_core.event_handler.log_command:Invoking command in '/home/edson_20_04/box_bot/build/box_bot_description': CMAKE_PREFIX_PATH=${CMAKE_PREFIX_PATH}:/opt/ros/foxy /usr/bin/cmake --install /home/edson_20_04/box_bot/build/box_bot_description
[0.393s] DEBUG:colcon.colcon_core.event_handler.log_command:Invoked command in '/home/edson_20_04/box_bot/build/box_bot_tutorials' returned '0': CMAKE_PREFIX_PATH=${CMAKE_PREFIX_PATH}:/opt/ros/foxy /usr/bin/cmake --build /home/edson_20_04/box_bot/build/box_bot_tutorials -- -j16 -l16
[0.401s] Level 1:colcon.colcon_core.environment:create_environment_scripts_only(box_bot_description)
[0.408s] DEBUG:colcon.colcon_core.event_handler.log_command:Invoking command in '/home/edson_20_04/box_bot/build/box_bot_gazebo': CMAKE_PREFIX_PATH=${CMAKE_PREFIX_PATH}:/opt/ros/foxy /usr/bin/cmake --install /home/edson_20_04/box_bot/build/box_bot_gazebo
[0.409s] DEBUG:colcon.colcon_core.event_handler.log_command:Invoking command in '/home/edson_20_04/box_bot/build/box_bot_planning': CMAKE_PREFIX_PATH=${CMAKE_PREFIX_PATH}:/opt/ros/foxy /usr/bin/cmake --install /home/edson_20_04/box_bot/build/box_bot_planning
[0.411s] DEBUG:colcon.colcon_core.event_handler.log_command:Invoked command in '/home/edson_20_04/box_bot/build/box_bot_description' returned '0': CMAKE_PREFIX_PATH=${CMAKE_PREFIX_PATH}:/opt/ros/foxy /usr/bin/cmake --install /home/edson_20_04/box_bot/build/box_bot_description
[0.417s] Level 1:colcon.colcon_core.environment:checking '/home/edson_20_04/box_bot/install/box_bot_description' for CMake module files
[0.418s] Level 1:colcon.colcon_core.environment:checking '/home/edson_20_04/box_bot/install/box_bot_description' for CMake config files
[0.418s] Level 1:colcon.colcon_core.shell:create_environment_hook('box_bot_description', 'cmake_prefix_path')
[0.419s] INFO:colcon.colcon_core.shell:Creating environment hook '/home/edson_20_04/box_bot/install/box_bot_description/share/box_bot_description/hook/cmake_prefix_path.ps1'
[0.419s] INFO:colcon.colcon_core.shell:Creating environment descriptor '/home/edson_20_04/box_bot/install/box_bot_description/share/box_bot_description/hook/cmake_prefix_path.dsv'
[0.420s] INFO:colcon.colcon_core.shell:Creating environment hook '/home/edson_20_04/box_bot/install/box_bot_description/share/box_bot_description/hook/cmake_prefix_path.sh'
[0.421s] Level 1:colcon.colcon_core.environment:checking '/home/edson_20_04/box_bot/install/box_bot_description/lib'
[0.421s] Level 1:colcon.colcon_core.environment:checking '/home/edson_20_04/box_bot/install/box_bot_description/bin'
[0.421s] Level 1:colcon.colcon_core.environment:checking '/home/edson_20_04/box_bot/install/box_bot_description/lib/pkgconfig/box_bot_description.pc'
[0.421s] Level 1:colcon.colcon_core.environment:checking '/home/edson_20_04/box_bot/install/box_bot_description/lib/python3.8/site-packages'
[0.421s] Level 1:colcon.colcon_core.environment:checking '/home/edson_20_04/box_bot/install/box_bot_description/bin'
[0.422s] INFO:colcon.colcon_core.shell:Creating package script '/home/edson_20_04/box_bot/install/box_bot_description/share/box_bot_description/package.ps1'
[0.423s] INFO:colcon.colcon_core.shell:Creating package descriptor '/home/edson_20_04/box_bot/install/box_bot_description/share/box_bot_description/package.dsv'
[0.423s] INFO:colcon.colcon_core.shell:Creating package script '/home/edson_20_04/box_bot/install/box_bot_description/share/box_bot_description/package.sh'
[0.424s] INFO:colcon.colcon_core.shell:Creating package script '/home/edson_20_04/box_bot/install/box_bot_description/share/box_bot_description/package.bash'
[0.424s] INFO:colcon.colcon_core.shell:Creating package script '/home/edson_20_04/box_bot/install/box_bot_description/share/box_bot_description/package.zsh'
[0.424s] Level 1:colcon.colcon_core.environment:create_file_with_runtime_dependencies(/home/edson_20_04/box_bot/install/box_bot_description/share/colcon-core/packages/box_bot_description)
[0.428s] Level 1:colcon.colcon_core.environment:create_environment_scripts_only(box_bot_gazebo)
[0.430s] Level 1:colcon.colcon_core.environment:checking '/home/edson_20_04/box_bot/install/box_bot_gazebo' for CMake module files
[0.431s] DEBUG:colcon.colcon_core.event_handler.log_command:Invoked command in '/home/edson_20_04/box_bot/build/box_bot_gazebo' returned '0': CMAKE_PREFIX_PATH=${CMAKE_PREFIX_PATH}:/opt/ros/foxy /usr/bin/cmake --install /home/edson_20_04/box_bot/build/box_bot_gazebo
[0.431s] Level 1:colcon.colcon_core.environment:checking '/home/edson_20_04/box_bot/install/box_bot_gazebo' for CMake config files
[0.432s] Level 1:colcon.colcon_core.shell:create_environment_hook('box_bot_gazebo', 'cmake_prefix_path')
[0.432s] INFO:colcon.colcon_core.shell:Creating environment hook '/home/edson_20_04/box_bot/install/box_bot_gazebo/share/box_bot_gazebo/hook/cmake_prefix_path.ps1'
[0.433s] INFO:colcon.colcon_core.shell:Creating environment descriptor '/home/edson_20_04/box_bot/install/box_bot_gazebo/share/box_bot_gazebo/hook/cmake_prefix_path.dsv'
[0.433s] INFO:colcon.colcon_core.shell:Creating environment hook '/home/edson_20_04/box_bot/install/box_bot_gazebo/share/box_bot_gazebo/hook/cmake_prefix_path.sh'
[0.434s] Level 1:colcon.colcon_core.environment:checking '/home/edson_20_04/box_bot/install/box_bot_gazebo/bin'
[0.434s] Level 1:colcon.colcon_core.environment:checking '/home/edson_20_04/box_bot/install/box_bot_gazebo/lib/pkgconfig/box_bot_gazebo.pc'
[0.434s] Level 1:colcon.colcon_core.environment:checking '/home/edson_20_04/box_bot/install/box_bot_gazebo/lib/python3.8/site-packages'
[0.434s] Level 1:colcon.colcon_core.environment:checking '/home/edson_20_04/box_bot/install/box_bot_gazebo/bin'
[0.435s] INFO:colcon.colcon_core.shell:Creating package script '/home/edson_20_04/box_bot/install/box_bot_gazebo/share/box_bot_gazebo/package.ps1'
[0.435s] INFO:colcon.colcon_core.shell:Creating package descriptor '/home/edson_20_04/box_bot/install/box_bot_gazebo/share/box_bot_gazebo/package.dsv'
[0.435s] INFO:colcon.colcon_core.shell:Creating package script '/home/edson_20_04/box_bot/install/box_bot_gazebo/share/box_bot_gazebo/package.sh'
[0.436s] INFO:colcon.colcon_core.shell:Creating package script '/home/edson_20_04/box_bot/install/box_bot_gazebo/share/box_bot_gazebo/package.bash'
[0.436s] INFO:colcon.colcon_core.shell:Creating package script '/home/edson_20_04/box_bot/install/box_bot_gazebo/share/box_bot_gazebo/package.zsh'
[0.436s] Level 1:colcon.colcon_core.environment:create_file_with_runtime_dependencies(/home/edson_20_04/box_bot/install/box_bot_gazebo/share/colcon-core/packages/box_bot_gazebo)
[0.440s] DEBUG:colcon.colcon_core.event_handler.log_command:Invoking command in '/home/edson_20_04/box_bot/build/box_bot_tutorials': CMAKE_PREFIX_PATH=${CMAKE_PREFIX_PATH}:/opt/ros/foxy /usr/bin/cmake --install /home/edson_20_04/box_bot/build/box_bot_tutorials
[0.441s] Level 1:colcon.colcon_core.environment:create_environment_scripts_only(box_bot_planning)
[0.443s] Level 1:colcon.colcon_core.environment:checking '/home/edson_20_04/box_bot/install/box_bot_planning' for CMake module files
[0.444s] DEBUG:colcon.colcon_core.event_handler.log_command:Invoked command in '/home/edson_20_04/box_bot/build/box_bot_planning' returned '0': CMAKE_PREFIX_PATH=${CMAKE_PREFIX_PATH}:/opt/ros/foxy /usr/bin/cmake --install /home/edson_20_04/box_bot/build/box_bot_planning
[0.445s] Level 1:colcon.colcon_core.environment:checking '/home/edson_20_04/box_bot/install/box_bot_planning' for CMake config files
[0.447s] Level 1:colcon.colcon_core.shell:create_environment_hook('box_bot_planning', 'cmake_prefix_path')
[0.449s] INFO:colcon.colcon_core.shell:Creating environment hook '/home/edson_20_04/box_bot/install/box_bot_planning/share/box_bot_planning/hook/cmake_prefix_path.ps1'
[0.450s] INFO:colcon.colcon_core.shell:Creating environment descriptor '/home/edson_20_04/box_bot/install/box_bot_planning/share/box_bot_planning/hook/cmake_prefix_path.dsv'
[0.450s] INFO:colcon.colcon_core.shell:Creating environment hook '/home/edson_20_04/box_bot/install/box_bot_planning/share/box_bot_planning/hook/cmake_prefix_path.sh'
[0.451s] Level 1:colcon.colcon_core.environment:checking '/home/edson_20_04/box_bot/install/box_bot_planning/lib'
[0.451s] Level 1:colcon.colcon_core.environment:checking '/home/edson_20_04/box_bot/install/box_bot_planning/bin'
[0.451s] Level 1:colcon.colcon_core.environment:checking '/home/edson_20_04/box_bot/install/box_bot_planning/lib/pkgconfig/box_bot_planning.pc'
[0.451s] Level 1:colcon.colcon_core.environment:checking '/home/edson_20_04/box_bot/install/box_bot_planning/lib/python3.8/site-packages'
[0.451s] Level 1:colcon.colcon_core.environment:checking '/home/edson_20_04/box_bot/install/box_bot_planning/bin'
[0.452s] INFO:colcon.colcon_core.shell:Creating package script '/home/edson_20_04/box_bot/install/box_bot_planning/share/box_bot_planning/package.ps1'
[0.452s] INFO:colcon.colcon_core.shell:Creating package descriptor '/home/edson_20_04/box_bot/install/box_bot_planning/share/box_bot_planning/package.dsv'
[0.453s] INFO:colcon.colcon_core.shell:Creating package script '/home/edson_20_04/box_bot/install/box_bot_planning/share/box_bot_planning/package.sh'
[0.453s] INFO:colcon.colcon_core.shell:Creating package script '/home/edson_20_04/box_bot/install/box_bot_planning/share/box_bot_planning/package.bash'
[0.453s] INFO:colcon.colcon_core.shell:Creating package script '/home/edson_20_04/box_bot/install/box_bot_planning/share/box_bot_planning/package.zsh'
[0.453s] Level 1:colcon.colcon_core.environment:create_file_with_runtime_dependencies(/home/edson_20_04/box_bot/install/box_bot_planning/share/colcon-core/packages/box_bot_planning)
[0.457s] Level 1:colcon.colcon_core.environment:create_environment_scripts_only(box_bot_description)
[0.458s] Level 1:colcon.colcon_core.environment:checking '/home/edson_20_04/box_bot/install/box_bot_description' for CMake module files
[0.459s] Level 1:colcon.colcon_core.environment:checking '/home/edson_20_04/box_bot/install/box_bot_description' for CMake config files
[0.459s] Level 1:colcon.colcon_core.shell:create_environment_hook('box_bot_description', 'cmake_prefix_path')
[0.460s] INFO:colcon.colcon_core.shell:Creating environment hook '/home/edson_20_04/box_bot/install/box_bot_description/share/box_bot_description/hook/cmake_prefix_path.ps1'
[0.461s] INFO:colcon.colcon_core.shell:Creating environment descriptor '/home/edson_20_04/box_bot/install/box_bot_description/share/box_bot_description/hook/cmake_prefix_path.dsv'
[0.461s] INFO:colcon.colcon_core.shell:Creating environment hook '/home/edson_20_04/box_bot/install/box_bot_description/share/box_bot_description/hook/cmake_prefix_path.sh'
[0.461s] Level 1:colcon.colcon_core.environment:checking '/home/edson_20_04/box_bot/install/box_bot_description/lib'
[0.461s] Level 1:colcon.colcon_core.environment:checking '/home/edson_20_04/box_bot/install/box_bot_description/bin'
[0.461s] Level 1:colcon.colcon_core.environment:checking '/home/edson_20_04/box_bot/install/box_bot_description/lib/pkgconfig/box_bot_description.pc'
[0.462s] Level 1:colcon.colcon_core.environment:checking '/home/edson_20_04/box_bot/install/box_bot_description/lib/python3.8/site-packages'
[0.462s] Level 1:colcon.colcon_core.environment:checking '/home/edson_20_04/box_bot/install/box_bot_description/bin'
[0.463s] INFO:colcon.colcon_core.shell:Creating package script '/home/edson_20_04/box_bot/install/box_bot_description/share/box_bot_description/package.ps1'
[0.463s] INFO:colcon.colcon_core.shell:Creating package descriptor '/home/edson_20_04/box_bot/install/box_bot_description/share/box_bot_description/package.dsv'
[0.463s] INFO:colcon.colcon_core.shell:Creating package script '/home/edson_20_04/box_bot/install/box_bot_description/share/box_bot_description/package.sh'
[0.464s] INFO:colcon.colcon_core.shell:Creating package script '/home/edson_20_04/box_bot/install/box_bot_description/share/box_bot_description/package.bash'
[0.464s] INFO:colcon.colcon_core.shell:Creating package script '/home/edson_20_04/box_bot/install/box_bot_description/share/box_bot_description/package.zsh'
[0.464s] Level 1:colcon.colcon_core.environment:create_file_with_runtime_dependencies(/home/edson_20_04/box_bot/install/box_bot_description/share/colcon-core/packages/box_bot_description)
[0.465s] Level 1:colcon.colcon_core.environment:create_environment_scripts_only(box_bot_tutorials)
[0.466s] Level 1:colcon.colcon_core.environment:checking '/home/edson_20_04/box_bot/install/box_bot_tutorials' for CMake module files
[0.468s] Level 1:colcon.colcon_core.environment:checking '/home/edson_20_04/box_bot/install/box_bot_tutorials' for CMake config files
[0.468s] DEBUG:colcon.colcon_core.event_handler.log_command:Invoked command in '/home/edson_20_04/box_bot/build/box_bot_tutorials' returned '0': CMAKE_PREFIX_PATH=${CMAKE_PREFIX_PATH}:/opt/ros/foxy /usr/bin/cmake --install /home/edson_20_04/box_bot/build/box_bot_tutorials
[0.468s] Level 1:colcon.colcon_core.shell:create_environment_hook('box_bot_tutorials', 'cmake_prefix_path')
[0.469s] INFO:colcon.colcon_core.shell:Creating environment hook '/home/edson_20_04/box_bot/install/box_bot_tutorials/share/box_bot_tutorials/hook/cmake_prefix_path.ps1'
[0.469s] INFO:colcon.colcon_core.shell:Creating environment descriptor '/home/edson_20_04/box_bot/install/box_bot_tutorials/share/box_bot_tutorials/hook/cmake_prefix_path.dsv'
[0.469s] INFO:colcon.colcon_core.shell:Creating environment hook '/home/edson_20_04/box_bot/install/box_bot_tutorials/share/box_bot_tutorials/hook/cmake_prefix_path.sh'
[0.470s] Level 1:colcon.colcon_core.environment:checking '/home/edson_20_04/box_bot/install/box_bot_tutorials/lib'
[0.470s] Level 1:colcon.colcon_core.environment:checking '/home/edson_20_04/box_bot/install/box_bot_tutorials/bin'
[0.470s] Level 1:colcon.colcon_core.environment:checking '/home/edson_20_04/box_bot/install/box_bot_tutorials/lib/pkgconfig/box_bot_tutorials.pc'
[0.470s] Level 1:colcon.colcon_core.environment:checking '/home/edson_20_04/box_bot/install/box_bot_tutorials/lib/python3.8/site-packages'
[0.470s] Level 1:colcon.colcon_core.environment:checking '/home/edson_20_04/box_bot/install/box_bot_tutorials/bin'
[0.471s] INFO:colcon.colcon_core.shell:Creating package script '/home/edson_20_04/box_bot/install/box_bot_tutorials/share/box_bot_tutorials/package.ps1'
[0.471s] INFO:colcon.colcon_core.shell:Creating package descriptor '/home/edson_20_04/box_bot/install/box_bot_tutorials/share/box_bot_tutorials/package.dsv'
[0.472s] INFO:colcon.colcon_core.shell:Creating package script '/home/edson_20_04/box_bot/install/box_bot_tutorials/share/box_bot_tutorials/package.sh'
[0.472s] INFO:colcon.colcon_core.shell:Creating package script '/home/edson_20_04/box_bot/install/box_bot_tutorials/share/box_bot_tutorials/package.bash'
[0.472s] INFO:colcon.colcon_core.shell:Creating package script '/home/edson_20_04/box_bot/install/box_bot_tutorials/share/box_bot_tutorials/package.zsh'
[0.472s] Level 1:colcon.colcon_core.environment:create_file_with_runtime_dependencies(/home/edson_20_04/box_bot/install/box_bot_tutorials/share/colcon-core/packages/box_bot_tutorials)
[0.475s] Level 1:colcon.colcon_core.environment:create_environment_scripts_only(box_bot_gazebo)
[0.477s] Level 1:colcon.colcon_core.environment:checking '/home/edson_20_04/box_bot/install/box_bot_gazebo' for CMake module files
[0.477s] Level 1:colcon.colcon_core.environment:checking '/home/edson_20_04/box_bot/install/box_bot_gazebo' for CMake config files
[0.477s] Level 1:colcon.colcon_core.shell:create_environment_hook('box_bot_gazebo', 'cmake_prefix_path')
[0.478s] INFO:colcon.colcon_core.shell:Creating environment hook '/home/edson_20_04/box_bot/install/box_bot_gazebo/share/box_bot_gazebo/hook/cmake_prefix_path.ps1'
[0.479s] INFO:colcon.colcon_core.shell:Creating environment descriptor '/home/edson_20_04/box_bot/install/box_bot_gazebo/share/box_bot_gazebo/hook/cmake_prefix_path.dsv'
[0.479s] INFO:colcon.colcon_core.shell:Creating environment hook '/home/edson_20_04/box_bot/install/box_bot_gazebo/share/box_bot_gazebo/hook/cmake_prefix_path.sh'
[0.479s] Level 1:colcon.colcon_core.environment:checking '/home/edson_20_04/box_bot/install/box_bot_gazebo/bin'
[0.479s] Level 1:colcon.colcon_core.environment:checking '/home/edson_20_04/box_bot/install/box_bot_gazebo/lib/pkgconfig/box_bot_gazebo.pc'
[0.480s] Level 1:colcon.colcon_core.environment:checking '/home/edson_20_04/box_bot/install/box_bot_gazebo/lib/python3.8/site-packages'
[0.480s] Level 1:colcon.colcon_core.environment:checking '/home/edson_20_04/box_bot/install/box_bot_gazebo/bin'
[0.481s] INFO:colcon.colcon_core.shell:Creating package script '/home/edson_20_04/box_bot/install/box_bot_gazebo/share/box_bot_gazebo/package.ps1'
[0.481s] INFO:colcon.colcon_core.shell:Creating package descriptor '/home/edson_20_04/box_bot/install/box_bot_gazebo/share/box_bot_gazebo/package.dsv'
[0.481s] INFO:colcon.colcon_core.shell:Creating package script '/home/edson_20_04/box_bot/install/box_bot_gazebo/share/box_bot_gazebo/package.sh'
[0.482s] INFO:colcon.colcon_core.shell:Creating package script '/home/edson_20_04/box_bot/install/box_bot_gazebo/share/box_bot_gazebo/package.bash'
[0.482s] INFO:colcon.colcon_core.shell:Creating package script '/home/edson_20_04/box_bot/install/box_bot_gazebo/share/box_bot_gazebo/package.zsh'
[0.482s] Level 1:colcon.colcon_core.environment:create_file_with_runtime_dependencies(/home/edson_20_04/box_bot/install/box_bot_gazebo/share/colcon-core/packages/box_bot_gazebo)
[0.484s] Level 1:colcon.colcon_core.environment:create_environment_scripts_only(box_bot_planning)
[0.486s] Level 1:colcon.colcon_core.environment:checking '/home/edson_20_04/box_bot/install/box_bot_planning' for CMake module files
[0.487s] Level 1:colcon.colcon_core.environment:checking '/home/edson_20_04/box_bot/install/box_bot_planning' for CMake config files
[0.487s] Level 1:colcon.colcon_core.shell:create_environment_hook('box_bot_planning', 'cmake_prefix_path')
[0.488s] INFO:colcon.colcon_core.shell:Creating environment hook '/home/edson_20_04/box_bot/install/box_bot_planning/share/box_bot_planning/hook/cmake_prefix_path.ps1'
[0.488s] INFO:colcon.colcon_core.shell:Creating environment descriptor '/home/edson_20_04/box_bot/install/box_bot_planning/share/box_bot_planning/hook/cmake_prefix_path.dsv'
[0.488s] INFO:colcon.colcon_core.shell:Creating environment hook '/home/edson_20_04/box_bot/install/box_bot_planning/share/box_bot_planning/hook/cmake_prefix_path.sh'
[0.489s] Level 1:colcon.colcon_core.environment:checking '/home/edson_20_04/box_bot/install/box_bot_planning/lib'
[0.489s] Level 1:colcon.colcon_core.environment:checking '/home/edson_20_04/box_bot/install/box_bot_planning/bin'
[0.489s] Level 1:colcon.colcon_core.environment:checking '/home/edson_20_04/box_bot/install/box_bot_planning/lib/pkgconfig/box_bot_planning.pc'
[0.489s] Level 1:colcon.colcon_core.environment:checking '/home/edson_20_04/box_bot/install/box_bot_planning/lib/python3.8/site-packages'
[0.489s] Level 1:colcon.colcon_core.environment:checking '/home/edson_20_04/box_bot/install/box_bot_planning/bin'
[0.490s] INFO:colcon.colcon_core.shell:Creating package script '/home/edson_20_04/box_bot/install/box_bot_planning/share/box_bot_planning/package.ps1'
[0.490s] INFO:colcon.colcon_core.shell:Creating package descriptor '/home/edson_20_04/box_bot/install/box_bot_planning/share/box_bot_planning/package.dsv'
[0.491s] INFO:colcon.colcon_core.shell:Creating package script '/home/edson_20_04/box_bot/install/box_bot_planning/share/box_bot_planning/package.sh'
[0.491s] INFO:colcon.colcon_core.shell:Creating package script '/home/edson_20_04/box_bot/install/box_bot_planning/share/box_bot_planning/package.bash'
[0.491s] INFO:colcon.colcon_core.shell:Creating package script '/home/edson_20_04/box_bot/install/box_bot_planning/share/box_bot_planning/package.zsh'
[0.491s] Level 1:colcon.colcon_core.environment:create_file_with_runtime_dependencies(/home/edson_20_04/box_bot/install/box_bot_planning/share/colcon-core/packages/box_bot_planning)
[0.493s] Level 1:colcon.colcon_core.environment:create_environment_scripts_only(box_bot_tutorials)
[0.495s] Level 1:colcon.colcon_core.environment:checking '/home/edson_20_04/box_bot/install/box_bot_tutorials' for CMake module files
[0.496s] Level 1:colcon.colcon_core.environment:checking '/home/edson_20_04/box_bot/install/box_bot_tutorials' for CMake config files
[0.496s] Level 1:colcon.colcon_core.shell:create_environment_hook('box_bot_tutorials', 'cmake_prefix_path')
[0.497s] INFO:colcon.colcon_core.shell:Creating environment hook '/home/edson_20_04/box_bot/install/box_bot_tutorials/share/box_bot_tutorials/hook/cmake_prefix_path.ps1'
[0.497s] INFO:colcon.colcon_core.shell:Creating environment descriptor '/home/edson_20_04/box_bot/install/box_bot_tutorials/share/box_bot_tutorials/hook/cmake_prefix_path.dsv'
[0.497s] INFO:colcon.colcon_core.shell:Creating environment hook '/home/edson_20_04/box_bot/install/box_bot_tutorials/share/box_bot_tutorials/hook/cmake_prefix_path.sh'
[0.498s] Level 1:colcon.colcon_core.environment:checking '/home/edson_20_04/box_bot/install/box_bot_tutorials/lib'
[0.498s] Level 1:colcon.colcon_core.environment:checking '/home/edson_20_04/box_bot/install/box_bot_tutorials/bin'
[0.498s] Level 1:colcon.colcon_core.environment:checking '/home/edson_20_04/box_bot/install/box_bot_tutorials/lib/pkgconfig/box_bot_tutorials.pc'
[0.498s] Level 1:colcon.colcon_core.environment:checking '/home/edson_20_04/box_bot/install/box_bot_tutorials/lib/python3.8/site-packages'
[0.498s] Level 1:colcon.colcon_core.environment:checking '/home/edson_20_04/box_bot/install/box_bot_tutorials/bin'
[0.499s] INFO:colcon.colcon_core.shell:Creating package script '/home/edson_20_04/box_bot/install/box_bot_tutorials/share/box_bot_tutorials/package.ps1'
[0.499s] INFO:colcon.colcon_core.shell:Creating package descriptor '/home/edson_20_04/box_bot/install/box_bot_tutorials/share/box_bot_tutorials/package.dsv'
[0.500s] INFO:colcon.colcon_core.shell:Creating package script '/home/edson_20_04/box_bot/install/box_bot_tutorials/share/box_bot_tutorials/package.sh'
[0.500s] INFO:colcon.colcon_core.shell:Creating package script '/home/edson_20_04/box_bot/install/box_bot_tutorials/share/box_bot_tutorials/package.bash'
[0.500s] INFO:colcon.colcon_core.shell:Creating package script '/home/edson_20_04/box_bot/install/box_bot_tutorials/share/box_bot_tutorials/package.zsh'
[0.500s] Level 1:colcon.colcon_core.environment:create_file_with_runtime_dependencies(/home/edson_20_04/box_bot/install/box_bot_tutorials/share/colcon-core/packages/box_bot_tutorials)
[0.501s] DEBUG:colcon.colcon_parallel_executor.executor.parallel:closing loop
[0.501s] DEBUG:colcon.colcon_parallel_executor.executor.parallel:loop closed
[0.501s] DEBUG:colcon.colcon_parallel_executor.executor.parallel:run_until_complete finished with '0'
[0.502s] DEBUG:colcon.colcon_core.event_reactor:joining thread
[0.555s] INFO:colcon.colcon_core.plugin_system:Skipping extension 'colcon_notification.desktop_notification.notify_send': Could not find 'notify-send'
[0.556s] INFO:colcon.colcon_core.plugin_system:Skipping extension 'colcon_notification.desktop_notification.terminal_notifier': Not used on non-Darwin systems
[0.556s] INFO:colcon.colcon_core.plugin_system:Skipping extension 'colcon_notification.desktop_notification.win32': Not used on non-Windows systems
[0.556s] INFO:colcon.colcon_notification.desktop_notification:Sending desktop notification using 'notify2'
[0.560s] DEBUG:colcon.colcon_notification.desktop_notification.notify2:Failed to initialize notify2: org.freedesktop.DBus.Error.ServiceUnknown: The name org.freedesktop.Notifications was not provided by any .service files
[0.561s] DEBUG:colcon.colcon_core.event_reactor:joined thread
[0.562s] INFO:colcon.colcon_core.shell:Creating prefix script '/home/edson_20_04/box_bot/install/local_setup.ps1'
[0.563s] INFO:colcon.colcon_core.shell:Creating prefix util module '/home/edson_20_04/box_bot/install/_local_setup_util_ps1.py'
[0.564s] INFO:colcon.colcon_core.shell:Creating prefix chain script '/home/edson_20_04/box_bot/install/setup.ps1'
[0.565s] INFO:colcon.colcon_core.shell:Creating prefix script '/home/edson_20_04/box_bot/install/local_setup.sh'
[0.565s] INFO:colcon.colcon_core.shell:Creating prefix util module '/home/edson_20_04/box_bot/install/_local_setup_util_sh.py'
[0.566s] INFO:colcon.colcon_core.shell:Creating prefix chain script '/home/edson_20_04/box_bot/install/setup.sh'
[0.567s] INFO:colcon.colcon_core.shell:Creating prefix script '/home/edson_20_04/box_bot/install/local_setup.bash'
[0.567s] INFO:colcon.colcon_core.shell:Creating prefix chain script '/home/edson_20_04/box_bot/install/setup.bash'
[0.568s] INFO:colcon.colcon_core.shell:Creating prefix script '/home/edson_20_04/box_bot/install/local_setup.zsh'
[0.568s] INFO:colcon.colcon_core.shell:Creating prefix chain script '/home/edson_20_04/box_bot/install/setup.zsh'
