[0.041s] Invoking command in '/home/edson_20_04/TCAS/build/planning': CMAKE_PREFIX_PATH=${CMAKE_PREFIX_PATH}:/opt/ros/foxy /usr/bin/cmake --build /home/edson_20_04/TCAS/build/planning -- -j16 -l16
[0.079s] Invoked command in '/home/edson_20_04/TCAS/build/planning' returned '0': CMAKE_PREFIX_PATH=${CMAKE_PREFIX_PATH}:/opt/ros/foxy /usr/bin/cmake --build /home/edson_20_04/TCAS/build/planning -- -j16 -l16
[0.118s] Invoking command in '/home/edson_20_04/TCAS/build/planning': CMAKE_PREFIX_PATH=${CMAKE_PREFIX_PATH}:/opt/ros/foxy /usr/bin/cmake --install /home/edson_20_04/TCAS/build/planning
[0.128s] -- Install configuration: ""
[0.129s] -- Up-to-date: /home/edson_20_04/TCAS/install/planning/share/planning//launch
[0.129s] -- Up-to-date: /home/edson_20_04/TCAS/install/planning/share/planning//launch/planner_launch.py
[0.129s] -- Installing: /home/edson_20_04/TCAS/install/planning/lib/planning/planner.py
[0.129s] -- Up-to-date: /home/edson_20_04/TCAS/install/planning/lib/planning/cbs.py
[0.129s] -- Up-to-date: /home/edson_20_04/TCAS/install/planning/lib/planning/a_star.py
[0.129s] -- Up-to-date: /home/edson_20_04/TCAS/install/planning/share/ament_index/resource_index/package_run_dependencies/planning
[0.129s] -- Up-to-date: /home/edson_20_04/TCAS/install/planning/share/ament_index/resource_index/parent_prefix_path/planning
[0.130s] -- Up-to-date: /home/edson_20_04/TCAS/install/planning/share/planning/environment/ament_prefix_path.sh
[0.130s] -- Up-to-date: /home/edson_20_04/TCAS/install/planning/share/planning/environment/ament_prefix_path.dsv
[0.130s] -- Up-to-date: /home/edson_20_04/TCAS/install/planning/share/planning/environment/path.sh
[0.130s] -- Up-to-date: /home/edson_20_04/TCAS/install/planning/share/planning/environment/path.dsv
[0.130s] -- Up-to-date: /home/edson_20_04/TCAS/install/planning/share/planning/local_setup.bash
[0.130s] -- Up-to-date: /home/edson_20_04/TCAS/install/planning/share/planning/local_setup.sh
[0.131s] -- Up-to-date: /home/edson_20_04/TCAS/install/planning/share/planning/local_setup.zsh
[0.131s] -- Up-to-date: /home/edson_20_04/TCAS/install/planning/share/planning/local_setup.dsv
[0.131s] -- Installing: /home/edson_20_04/TCAS/install/planning/share/planning/package.dsv
[0.131s] -- Up-to-date: /home/edson_20_04/TCAS/install/planning/share/ament_index/resource_index/packages/planning
[0.131s] -- Up-to-date: /home/edson_20_04/TCAS/install/planning/share/planning/cmake/planningConfig.cmake
[0.131s] -- Up-to-date: /home/edson_20_04/TCAS/install/planning/share/planning/cmake/planningConfig-version.cmake
[0.131s] -- Up-to-date: /home/edson_20_04/TCAS/install/planning/share/planning/package.xml
[0.163s] Invoked command in '/home/edson_20_04/TCAS/build/planning' returned '0': CMAKE_PREFIX_PATH=${CMAKE_PREFIX_PATH}:/opt/ros/foxy /usr/bin/cmake --install /home/edson_20_04/TCAS/build/planning
