[0.029s] Invoking command in '/home/edson_20_04/TCAS/build/box_bot_description': CMAKE_PREFIX_PATH=/opt/ros/foxy /usr/bin/cmake --build /home/edson_20_04/TCAS/build/box_bot_description -- -j16 -l16
[0.036s] CMake Error: The current CMakeCache.txt directory /home/edson_20_04/TCAS/build/box_bot_description/CMakeCache.txt is different than the directory /home/edson_20_04/box_bot/build/box_bot_description where CMakeCache.txt was created. This may result in binaries being created in the wrong place. If you are not sure, reedit the CMakeCache.txt
[0.044s] -- Found ament_cmake: 0.9.11 (/opt/ros/foxy/share/ament_cmake/cmake)
[0.059s] -- Using PYTHON_EXECUTABLE: /usr/bin/python3
[0.195s] -- Found urdf: 2.4.0 (/opt/ros/foxy/share/urdf/cmake)
[0.927s] -- Found ament_lint_auto: 0.9.7 (/opt/ros/foxy/share/ament_lint_auto/cmake)
[0.972s] -- Added test 'copyright' to check source files copyright and LICENSE
[0.973s] -- Added test 'flake8' to check Python code syntax and style conventions
[0.973s] -- Added test 'lint_cmake' to check CMake code style
[0.973s] -- Added test 'pep257' to check Python code against some of the style conventions in PEP 257
[0.974s] -- Added test 'xmllint' to check XML markup files
[0.975s] -- Configuring done
[0.976s] -- Generating done
[0.977s] -- Build files have been written to: /home/edson_20_04/box_bot/build/box_bot_description
[0.993s] Invoked command in '/home/edson_20_04/TCAS/build/box_bot_description' returned '0': CMAKE_PREFIX_PATH=/opt/ros/foxy /usr/bin/cmake --build /home/edson_20_04/TCAS/build/box_bot_description -- -j16 -l16
[1.019s] Invoking command in '/home/edson_20_04/TCAS/build/box_bot_description': CMAKE_PREFIX_PATH=/opt/ros/foxy /usr/bin/cmake --install /home/edson_20_04/TCAS/build/box_bot_description
[1.028s] -- Install configuration: ""
[1.028s] -- Up-to-date: /home/edson_20_04/box_bot/install/box_bot_description/share/box_bot_description//launch
[1.029s] -- Up-to-date: /home/edson_20_04/box_bot/install/box_bot_description/share/box_bot_description//launch/multi_spawn_robot_launch.py
[1.029s] -- Up-to-date: /home/edson_20_04/box_bot/install/box_bot_description/share/box_bot_description//launch/spawn_box_bot.py
[1.029s] -- Up-to-date: /home/edson_20_04/box_bot/install/box_bot_description/share/box_bot_description//launch/spawn_box_bot_launch.py
[1.029s] -- Up-to-date: /home/edson_20_04/box_bot/install/box_bot_description/share/box_bot_description//launch/spawn_robot_launch.py
[1.029s] -- Up-to-date: /home/edson_20_04/box_bot/install/box_bot_description/share/box_bot_description//robot
[1.029s] -- Up-to-date: /home/edson_20_04/box_bot/install/box_bot_description/share/box_bot_description//robot/macros.xacro
[1.029s] -- Up-to-date: /home/edson_20_04/box_bot/install/box_bot_description/share/box_bot_description//robot/box_bot.xacro
[1.029s] -- Up-to-date: /home/edson_20_04/box_bot/install/box_bot_description/share/box_bot_description//robot/box_bot.urdf
[1.029s] -- Up-to-date: /home/edson_20_04/box_bot/install/box_bot_description/share/box_bot_description//robot/wheels.xacro
[1.029s] -- Up-to-date: /home/edson_20_04/box_bot/install/box_bot_description/share/box_bot_description//robot/box_bot_v2.urdf
[1.029s] -- Up-to-date: /home/edson_20_04/box_bot/install/box_bot_description/share/box_bot_description//robot/box_bot_body.xacro
[1.029s] -- Up-to-date: /home/edson_20_04/box_bot/install/box_bot_description/share/box_bot_description//robot/caster_wheels.xacro
[1.029s] -- Up-to-date: /home/edson_20_04/box_bot/install/box_bot_description/share/box_bot_description//robot/materials.xacro
[1.029s] -- Up-to-date: /home/edson_20_04/box_bot/install/box_bot_description/share/box_bot_description//robot/box_bot_propeller.xacro
[1.029s] -- Up-to-date: /home/edson_20_04/box_bot/install/box_bot_description/share/box_bot_description//robot/properties.xacro
[1.029s] -- Up-to-date: /home/edson_20_04/box_bot/install/box_bot_description/share/box_bot_description//robot/box_bot.gazebo
[1.029s] -- Up-to-date: /home/edson_20_04/box_bot/install/box_bot_description/lib/box_bot_description/spawn_box_bot.py
[1.029s] CMake Error at cmake_install.cmake:48 (file):
[1.030s]   file INSTALL cannot find
[1.030s]   "/home/edson_20_04/box_bot/box_bot_description/launch/spawn_box_bot_v2.py":
[1.030s]   No such file or directory.
[1.030s] 
[1.030s] 
[1.031s] Invoked command in '/home/edson_20_04/TCAS/build/box_bot_description' returned '1': CMAKE_PREFIX_PATH=/opt/ros/foxy /usr/bin/cmake --install /home/edson_20_04/TCAS/build/box_bot_description
