[0.024s] Invoking command in '/home/edson_20_04/TCAS/build/box_bot_description': CMAKE_PREFIX_PATH=/opt/ros/foxy /usr/bin/cmake /home/edson_20_04/TCAS/box_bot_description -DCMAKE_INSTALL_PREFIX=/home/edson_20_04/TCAS/install/box_bot_description
[0.171s] -- The C compiler identification is GNU 9.4.0
[0.394s] -- The CXX compiler identification is GNU 9.4.0
[0.508s] -- Check for working C compiler: /usr/bin/cc
[0.656s] -- Check for working C compiler: /usr/bin/cc -- works
[0.656s] -- Detecting C compiler ABI info
[0.780s] -- Detecting C compiler ABI info - done
[0.788s] -- Detecting C compile features
[0.788s] -- Detecting C compile features - done
[0.790s] -- Check for working CXX compiler: /usr/bin/c++
[0.944s] -- Check for working CXX compiler: /usr/bin/c++ -- works
[0.944s] -- Detecting CXX compiler ABI info
[1.103s] -- Detecting CXX compiler ABI info - done
[1.113s] -- Detecting CXX compile features
[1.113s] -- Detecting CXX compile features - done
[1.115s] -- Found ament_cmake: 0.9.11 (/opt/ros/foxy/share/ament_cmake/cmake)
[1.133s] -- Found PythonInterp: /usr/bin/python3 (found suitable version "3.8.10", minimum required is "3") 
[1.133s] -- Using PYTHON_EXECUTABLE: /usr/bin/python3
[1.282s] -- Found urdf: 2.4.0 (/opt/ros/foxy/share/urdf/cmake)
[2.870s] -- Found ament_lint_auto: 0.9.7 (/opt/ros/foxy/share/ament_lint_auto/cmake)
[2.924s] -- Added test 'copyright' to check source files copyright and LICENSE
[2.925s] -- Added test 'flake8' to check Python code syntax and style conventions
[2.926s] -- Added test 'lint_cmake' to check CMake code style
[2.927s] -- Added test 'pep257' to check Python code against some of the style conventions in PEP 257
[2.927s] -- Added test 'xmllint' to check XML markup files
[2.929s] -- Configuring done
[2.930s] -- Generating done
[2.931s] -- Build files have been written to: /home/edson_20_04/TCAS/build/box_bot_description
[2.938s] Invoked command in '/home/edson_20_04/TCAS/build/box_bot_description' returned '0': CMAKE_PREFIX_PATH=/opt/ros/foxy /usr/bin/cmake /home/edson_20_04/TCAS/box_bot_description -DCMAKE_INSTALL_PREFIX=/home/edson_20_04/TCAS/install/box_bot_description
[2.940s] Invoking command in '/home/edson_20_04/TCAS/build/box_bot_description': CMAKE_PREFIX_PATH=/opt/ros/foxy /usr/bin/cmake --build /home/edson_20_04/TCAS/build/box_bot_description -- -j16 -l16
[2.974s] Invoked command in '/home/edson_20_04/TCAS/build/box_bot_description' returned '0': CMAKE_PREFIX_PATH=/opt/ros/foxy /usr/bin/cmake --build /home/edson_20_04/TCAS/build/box_bot_description -- -j16 -l16
[2.996s] Invoking command in '/home/edson_20_04/TCAS/build/box_bot_description': CMAKE_PREFIX_PATH=/opt/ros/foxy /usr/bin/cmake --install /home/edson_20_04/TCAS/build/box_bot_description
[3.000s] -- Install configuration: ""
[3.001s] -- Up-to-date: /home/edson_20_04/TCAS/install/box_bot_description/share/box_bot_description//launch
[3.001s] -- Up-to-date: /home/edson_20_04/TCAS/install/box_bot_description/share/box_bot_description//launch/spawn_box_bot_v2.py
[3.001s] -- Up-to-date: /home/edson_20_04/TCAS/install/box_bot_description/share/box_bot_description//launch/multi_spawn_robot_launch.py
[3.001s] -- Up-to-date: /home/edson_20_04/TCAS/install/box_bot_description/share/box_bot_description//launch/spawn_box_bot.py
[3.001s] -- Up-to-date: /home/edson_20_04/TCAS/install/box_bot_description/share/box_bot_description//launch/spawn_box_bot_launch.py
[3.001s] -- Up-to-date: /home/edson_20_04/TCAS/install/box_bot_description/share/box_bot_description//launch/spawn_robot_launch.py
[3.001s] -- Up-to-date: /home/edson_20_04/TCAS/install/box_bot_description/share/box_bot_description//robot
[3.001s] -- Up-to-date: /home/edson_20_04/TCAS/install/box_bot_description/share/box_bot_description//robot/macros.xacro
[3.002s] -- Up-to-date: /home/edson_20_04/TCAS/install/box_bot_description/share/box_bot_description//robot/box_bot.xacro
[3.002s] -- Up-to-date: /home/edson_20_04/TCAS/install/box_bot_description/share/box_bot_description//robot/box_bot.urdf
[3.002s] -- Up-to-date: /home/edson_20_04/TCAS/install/box_bot_description/share/box_bot_description//robot/wheels.xacro
[3.002s] -- Up-to-date: /home/edson_20_04/TCAS/install/box_bot_description/share/box_bot_description//robot/box_bot_v2.urdf
[3.002s] -- Up-to-date: /home/edson_20_04/TCAS/install/box_bot_description/share/box_bot_description//robot/box_bot_body.xacro
[3.002s] -- Up-to-date: /home/edson_20_04/TCAS/install/box_bot_description/share/box_bot_description//robot/caster_wheels.xacro
[3.002s] -- Up-to-date: /home/edson_20_04/TCAS/install/box_bot_description/share/box_bot_description//robot/materials.xacro
[3.002s] -- Up-to-date: /home/edson_20_04/TCAS/install/box_bot_description/share/box_bot_description//robot/box_bot_propeller.xacro
[3.002s] -- Up-to-date: /home/edson_20_04/TCAS/install/box_bot_description/share/box_bot_description//robot/properties.xacro
[3.002s] -- Up-to-date: /home/edson_20_04/TCAS/install/box_bot_description/share/box_bot_description//robot/box_bot.gazebo
[3.002s] -- Up-to-date: /home/edson_20_04/TCAS/install/box_bot_description/lib/box_bot_description/spawn_box_bot.py
[3.002s] -- Up-to-date: /home/edson_20_04/TCAS/install/box_bot_description/lib/box_bot_description/spawn_box_bot_v2.py
[3.002s] -- Installing: /home/edson_20_04/TCAS/install/box_bot_description/share/ament_index/resource_index/package_run_dependencies/box_bot_description
[3.002s] -- Installing: /home/edson_20_04/TCAS/install/box_bot_description/share/ament_index/resource_index/parent_prefix_path/box_bot_description
[3.003s] -- Up-to-date: /home/edson_20_04/TCAS/install/box_bot_description/share/box_bot_description/environment/ament_prefix_path.sh
[3.003s] -- Installing: /home/edson_20_04/TCAS/install/box_bot_description/share/box_bot_description/environment/ament_prefix_path.dsv
[3.003s] -- Up-to-date: /home/edson_20_04/TCAS/install/box_bot_description/share/box_bot_description/environment/path.sh
[3.003s] -- Installing: /home/edson_20_04/TCAS/install/box_bot_description/share/box_bot_description/environment/path.dsv
[3.003s] -- Installing: /home/edson_20_04/TCAS/install/box_bot_description/share/box_bot_description/local_setup.bash
[3.003s] -- Installing: /home/edson_20_04/TCAS/install/box_bot_description/share/box_bot_description/local_setup.sh
[3.003s] -- Installing: /home/edson_20_04/TCAS/install/box_bot_description/share/box_bot_description/local_setup.zsh
[3.003s] -- Installing: /home/edson_20_04/TCAS/install/box_bot_description/share/box_bot_description/local_setup.dsv
[3.004s] -- Installing: /home/edson_20_04/TCAS/install/box_bot_description/share/box_bot_description/package.dsv
[3.004s] -- Installing: /home/edson_20_04/TCAS/install/box_bot_description/share/ament_index/resource_index/packages/box_bot_description
[3.004s] -- Installing: /home/edson_20_04/TCAS/install/box_bot_description/share/box_bot_description/cmake/box_bot_descriptionConfig.cmake
[3.004s] -- Installing: /home/edson_20_04/TCAS/install/box_bot_description/share/box_bot_description/cmake/box_bot_descriptionConfig-version.cmake
[3.004s] -- Up-to-date: /home/edson_20_04/TCAS/install/box_bot_description/share/box_bot_description/package.xml
[3.006s] Invoked command in '/home/edson_20_04/TCAS/build/box_bot_description' returned '0': CMAKE_PREFIX_PATH=/opt/ros/foxy /usr/bin/cmake --install /home/edson_20_04/TCAS/build/box_bot_description
