[0.193s] DEBUG:colcon:Command line arguments: ['/usr/bin/colcon', 'build']
[0.193s] DEBUG:colcon:Parsed command line arguments: Namespace(allow_overriding=[], ament_cmake_args=None, base_paths=['.'], build_base='build', catkin_cmake_args=None, catkin_skip_building_tests=False, cmake_args=None, cmake_clean_cache=False, cmake_clean_first=False, cmake_force_configure=False, cmake_target=None, cmake_target_skip_unavailable=False, continue_on_error=False, event_handlers=None, executor='parallel', ignore_user_meta=False, install_base='install', log_base=None, log_level=None, main=<bound method BuildVerb.main of <colcon_core.verb.build.BuildVerb object at 0x7f431adf9af0>>, merge_install=False, metas=['./colcon.meta'], packages_above=None, packages_above_and_dependencies=None, packages_above_depth=None, packages_end=None, packages_ignore=None, packages_ignore_regex=None, packages_select=None, packages_select_build_failed=False, packages_select_by_dep=None, packages_select_regex=None, packages_select_test_failures=False, packages_skip=None, packages_skip_build_finished=False, packages_skip_by_dep=None, packages_skip_regex=None, packages_skip_test_passed=False, packages_skip_up_to=None, packages_start=None, packages_up_to=None, packages_up_to_regex=None, parallel_workers=16, paths=None, symlink_install=False, test_result_base=None, verb_extension=<colcon_core.verb.build.BuildVerb object at 0x7f431adf9af0>, verb_name='build', verb_parser=<colcon_defaults.argument_parser.defaults.DefaultArgumentsDecorator object at 0x7f431ae020a0>)
[0.209s] Level 1:colcon.colcon_core.package_discovery:discover_packages(colcon_meta) check parameters
[0.209s] Level 1:colcon.colcon_core.package_discovery:discover_packages(recursive) check parameters
[0.209s] Level 1:colcon.colcon_core.package_discovery:discover_packages(ignore) check parameters
[0.209s] Level 1:colcon.colcon_core.package_discovery:discover_packages(path) check parameters
[0.209s] Level 1:colcon.colcon_core.package_discovery:discover_packages(colcon_meta) discover
[0.209s] Level 1:colcon.colcon_core.package_discovery:discover_packages(recursive) discover
[0.209s] INFO:colcon.colcon_core.package_discovery:Crawling recursively for packages in '/home/edson_20_04/box_bot'
[0.209s] Level 1:colcon.colcon_core.package_identification:_identify(.) by extensions ['ignore', 'ignore_ament_install']
[0.209s] Level 1:colcon.colcon_core.package_identification:_identify(.) by extension 'ignore'
[0.209s] Level 1:colcon.colcon_core.package_identification:_identify(.) by extension 'ignore_ament_install'
[0.209s] Level 1:colcon.colcon_core.package_identification:_identify(.) by extensions ['colcon_pkg']
[0.209s] Level 1:colcon.colcon_core.package_identification:_identify(.) by extension 'colcon_pkg'
[0.209s] Level 1:colcon.colcon_core.package_identification:_identify(.) by extensions ['colcon_meta']
[0.209s] Level 1:colcon.colcon_core.package_identification:_identify(.) by extension 'colcon_meta'
[0.209s] Level 1:colcon.colcon_core.package_identification:_identify(.) by extensions ['ros']
[0.209s] Level 1:colcon.colcon_core.package_identification:_identify(.) by extension 'ros'
[0.222s] Level 1:colcon.colcon_core.package_identification:_identify(.) by extensions ['cmake', 'python']
[0.222s] Level 1:colcon.colcon_core.package_identification:_identify(.) by extension 'cmake'
[0.222s] Level 1:colcon.colcon_core.package_identification:_identify(.) by extension 'python'
[0.222s] Level 1:colcon.colcon_core.package_identification:_identify(.) by extensions ['python_setup_py']
[0.222s] Level 1:colcon.colcon_core.package_identification:_identify(.) by extension 'python_setup_py'
[0.222s] Level 1:colcon.colcon_core.package_identification:_identify(Docs) by extensions ['ignore', 'ignore_ament_install']
[0.223s] Level 1:colcon.colcon_core.package_identification:_identify(Docs) by extension 'ignore'
[0.223s] Level 1:colcon.colcon_core.package_identification:_identify(Docs) by extension 'ignore_ament_install'
[0.223s] Level 1:colcon.colcon_core.package_identification:_identify(Docs) by extensions ['colcon_pkg']
[0.223s] Level 1:colcon.colcon_core.package_identification:_identify(Docs) by extension 'colcon_pkg'
[0.223s] Level 1:colcon.colcon_core.package_identification:_identify(Docs) by extensions ['colcon_meta']
[0.223s] Level 1:colcon.colcon_core.package_identification:_identify(Docs) by extension 'colcon_meta'
[0.223s] Level 1:colcon.colcon_core.package_identification:_identify(Docs) by extensions ['ros']
[0.223s] Level 1:colcon.colcon_core.package_identification:_identify(Docs) by extension 'ros'
[0.223s] Level 1:colcon.colcon_core.package_identification:_identify(Docs) by extensions ['cmake', 'python']
[0.223s] Level 1:colcon.colcon_core.package_identification:_identify(Docs) by extension 'cmake'
[0.223s] Level 1:colcon.colcon_core.package_identification:_identify(Docs) by extension 'python'
[0.223s] Level 1:colcon.colcon_core.package_identification:_identify(Docs) by extensions ['python_setup_py']
[0.223s] Level 1:colcon.colcon_core.package_identification:_identify(Docs) by extension 'python_setup_py'
[0.223s] Level 1:colcon.colcon_core.package_identification:_identify(box_bot_description) by extensions ['ignore', 'ignore_ament_install']
[0.223s] Level 1:colcon.colcon_core.package_identification:_identify(box_bot_description) by extension 'ignore'
[0.223s] Level 1:colcon.colcon_core.package_identification:_identify(box_bot_description) by extension 'ignore_ament_install'
[0.223s] Level 1:colcon.colcon_core.package_identification:_identify(box_bot_description) by extensions ['colcon_pkg']
[0.223s] Level 1:colcon.colcon_core.package_identification:_identify(box_bot_description) by extension 'colcon_pkg'
[0.223s] Level 1:colcon.colcon_core.package_identification:_identify(box_bot_description) by extensions ['colcon_meta']
[0.223s] Level 1:colcon.colcon_core.package_identification:_identify(box_bot_description) by extension 'colcon_meta'
[0.223s] Level 1:colcon.colcon_core.package_identification:_identify(box_bot_description) by extensions ['ros']
[0.223s] Level 1:colcon.colcon_core.package_identification:_identify(box_bot_description) by extension 'ros'
[0.225s] DEBUG:colcon.colcon_core.package_identification:Package 'box_bot_description' with type 'ros.ament_cmake' and name 'box_bot_description'
[0.225s] Level 1:colcon.colcon_core.package_identification:_identify(box_bot_gazebo) by extensions ['ignore', 'ignore_ament_install']
[0.225s] Level 1:colcon.colcon_core.package_identification:_identify(box_bot_gazebo) by extension 'ignore'
[0.225s] Level 1:colcon.colcon_core.package_identification:_identify(box_bot_gazebo) by extension 'ignore_ament_install'
[0.225s] Level 1:colcon.colcon_core.package_identification:_identify(box_bot_gazebo) by extensions ['colcon_pkg']
[0.225s] Level 1:colcon.colcon_core.package_identification:_identify(box_bot_gazebo) by extension 'colcon_pkg'
[0.225s] Level 1:colcon.colcon_core.package_identification:_identify(box_bot_gazebo) by extensions ['colcon_meta']
[0.225s] Level 1:colcon.colcon_core.package_identification:_identify(box_bot_gazebo) by extension 'colcon_meta'
[0.225s] Level 1:colcon.colcon_core.package_identification:_identify(box_bot_gazebo) by extensions ['ros']
[0.225s] Level 1:colcon.colcon_core.package_identification:_identify(box_bot_gazebo) by extension 'ros'
[0.225s] DEBUG:colcon.colcon_core.package_identification:Package 'box_bot_gazebo' with type 'ros.ament_cmake' and name 'box_bot_gazebo'
[0.226s] Level 1:colcon.colcon_core.package_identification:_identify(box_bot_planning) by extensions ['ignore', 'ignore_ament_install']
[0.226s] Level 1:colcon.colcon_core.package_identification:_identify(box_bot_planning) by extension 'ignore'
[0.226s] Level 1:colcon.colcon_core.package_identification:_identify(box_bot_planning) by extension 'ignore_ament_install'
[0.226s] Level 1:colcon.colcon_core.package_identification:_identify(box_bot_planning) by extensions ['colcon_pkg']
[0.226s] Level 1:colcon.colcon_core.package_identification:_identify(box_bot_planning) by extension 'colcon_pkg'
[0.226s] Level 1:colcon.colcon_core.package_identification:_identify(box_bot_planning) by extensions ['colcon_meta']
[0.226s] Level 1:colcon.colcon_core.package_identification:_identify(box_bot_planning) by extension 'colcon_meta'
[0.226s] Level 1:colcon.colcon_core.package_identification:_identify(box_bot_planning) by extensions ['ros']
[0.226s] Level 1:colcon.colcon_core.package_identification:_identify(box_bot_planning) by extension 'ros'
[0.226s] DEBUG:colcon.colcon_core.package_identification:Package 'box_bot_planning' with type 'ros.ament_cmake' and name 'box_bot_planning'
[0.226s] Level 1:colcon.colcon_core.package_identification:_identify(box_bot_tutorials) by extensions ['ignore', 'ignore_ament_install']
[0.226s] Level 1:colcon.colcon_core.package_identification:_identify(box_bot_tutorials) by extension 'ignore'
[0.226s] Level 1:colcon.colcon_core.package_identification:_identify(box_bot_tutorials) by extension 'ignore_ament_install'
[0.226s] Level 1:colcon.colcon_core.package_identification:_identify(box_bot_tutorials) by extensions ['colcon_pkg']
[0.226s] Level 1:colcon.colcon_core.package_identification:_identify(box_bot_tutorials) by extension 'colcon_pkg'
[0.226s] Level 1:colcon.colcon_core.package_identification:_identify(box_bot_tutorials) by extensions ['colcon_meta']
[0.226s] Level 1:colcon.colcon_core.package_identification:_identify(box_bot_tutorials) by extension 'colcon_meta'
[0.226s] Level 1:colcon.colcon_core.package_identification:_identify(box_bot_tutorials) by extensions ['ros']
[0.226s] Level 1:colcon.colcon_core.package_identification:_identify(box_bot_tutorials) by extension 'ros'
[0.227s] DEBUG:colcon.colcon_core.package_identification:Package 'box_bot_tutorials' with type 'ros.ament_cmake' and name 'box_bot_tutorials'
[0.227s] Level 1:colcon.colcon_core.package_identification:_identify(build) by extensions ['ignore', 'ignore_ament_install']
[0.227s] Level 1:colcon.colcon_core.package_identification:_identify(build) by extension 'ignore'
[0.227s] Level 1:colcon.colcon_core.package_identification:_identify(build) ignored
[0.227s] Level 1:colcon.colcon_core.package_identification:_identify(install) by extensions ['ignore', 'ignore_ament_install']
[0.227s] Level 1:colcon.colcon_core.package_identification:_identify(install) by extension 'ignore'
[0.227s] Level 1:colcon.colcon_core.package_identification:_identify(install) ignored
[0.227s] Level 1:colcon.colcon_core.package_identification:_identify(log) by extensions ['ignore', 'ignore_ament_install']
[0.227s] Level 1:colcon.colcon_core.package_identification:_identify(log) by extension 'ignore'
[0.227s] Level 1:colcon.colcon_core.package_identification:_identify(log) ignored
[0.227s] Level 1:colcon.colcon_core.package_discovery:discover_packages(recursive) using defaults
[0.227s] Level 1:colcon.colcon_core.package_discovery:discover_packages(ignore) discover
[0.227s] Level 1:colcon.colcon_core.package_discovery:discover_packages(ignore) using defaults
[0.227s] Level 1:colcon.colcon_core.package_discovery:discover_packages(path) discover
[0.227s] Level 1:colcon.colcon_core.package_discovery:discover_packages(path) using defaults
[0.240s] Level 1:colcon.colcon_core.package_discovery:discover_packages(prefix_path) check parameters
[0.240s] Level 1:colcon.colcon_core.package_discovery:discover_packages(prefix_path) discover
[0.241s] DEBUG:colcon.colcon_installed_package_information.package_discovery:Found 3 installed packages in /home/edson_20_04/box_bot/install
[0.243s] DEBUG:colcon.colcon_installed_package_information.package_discovery:Found 396 installed packages in /opt/ros/foxy
[0.245s] Level 1:colcon.colcon_core.package_discovery:discover_packages(prefix_path) using defaults
[0.298s] Level 5:colcon.colcon_core.verb:set package 'box_bot_description' build argument 'cmake_args' from command line to 'None'
[0.298s] Level 5:colcon.colcon_core.verb:set package 'box_bot_description' build argument 'cmake_target' from command line to 'None'
[0.298s] Level 5:colcon.colcon_core.verb:set package 'box_bot_description' build argument 'cmake_target_skip_unavailable' from command line to 'False'
[0.298s] Level 5:colcon.colcon_core.verb:set package 'box_bot_description' build argument 'cmake_clean_cache' from command line to 'False'
[0.298s] Level 5:colcon.colcon_core.verb:set package 'box_bot_description' build argument 'cmake_clean_first' from command line to 'False'
[0.298s] Level 5:colcon.colcon_core.verb:set package 'box_bot_description' build argument 'cmake_force_configure' from command line to 'False'
[0.298s] Level 5:colcon.colcon_core.verb:set package 'box_bot_description' build argument 'ament_cmake_args' from command line to 'None'
[0.298s] Level 5:colcon.colcon_core.verb:set package 'box_bot_description' build argument 'catkin_cmake_args' from command line to 'None'
[0.298s] Level 5:colcon.colcon_core.verb:set package 'box_bot_description' build argument 'catkin_skip_building_tests' from command line to 'False'
[0.298s] DEBUG:colcon.colcon_core.verb:Building package 'box_bot_description' with the following arguments: {'ament_cmake_args': None, 'build_base': '/home/edson_20_04/box_bot/build/box_bot_description', 'catkin_cmake_args': None, 'catkin_skip_building_tests': False, 'cmake_args': None, 'cmake_clean_cache': False, 'cmake_clean_first': False, 'cmake_force_configure': False, 'cmake_target': None, 'cmake_target_skip_unavailable': False, 'install_base': '/home/edson_20_04/box_bot/install/box_bot_description', 'merge_install': False, 'path': '/home/edson_20_04/box_bot/box_bot_description', 'symlink_install': False, 'test_result_base': None}
[0.299s] Level 5:colcon.colcon_core.verb:set package 'box_bot_gazebo' build argument 'cmake_args' from command line to 'None'
[0.299s] Level 5:colcon.colcon_core.verb:set package 'box_bot_gazebo' build argument 'cmake_target' from command line to 'None'
[0.299s] Level 5:colcon.colcon_core.verb:set package 'box_bot_gazebo' build argument 'cmake_target_skip_unavailable' from command line to 'False'
[0.299s] Level 5:colcon.colcon_core.verb:set package 'box_bot_gazebo' build argument 'cmake_clean_cache' from command line to 'False'
[0.299s] Level 5:colcon.colcon_core.verb:set package 'box_bot_gazebo' build argument 'cmake_clean_first' from command line to 'False'
[0.299s] Level 5:colcon.colcon_core.verb:set package 'box_bot_gazebo' build argument 'cmake_force_configure' from command line to 'False'
[0.299s] Level 5:colcon.colcon_core.verb:set package 'box_bot_gazebo' build argument 'ament_cmake_args' from command line to 'None'
[0.299s] Level 5:colcon.colcon_core.verb:set package 'box_bot_gazebo' build argument 'catkin_cmake_args' from command line to 'None'
[0.299s] Level 5:colcon.colcon_core.verb:set package 'box_bot_gazebo' build argument 'catkin_skip_building_tests' from command line to 'False'
[0.299s] DEBUG:colcon.colcon_core.verb:Building package 'box_bot_gazebo' with the following arguments: {'ament_cmake_args': None, 'build_base': '/home/edson_20_04/box_bot/build/box_bot_gazebo', 'catkin_cmake_args': None, 'catkin_skip_building_tests': False, 'cmake_args': None, 'cmake_clean_cache': False, 'cmake_clean_first': False, 'cmake_force_configure': False, 'cmake_target': None, 'cmake_target_skip_unavailable': False, 'install_base': '/home/edson_20_04/box_bot/install/box_bot_gazebo', 'merge_install': False, 'path': '/home/edson_20_04/box_bot/box_bot_gazebo', 'symlink_install': False, 'test_result_base': None}
[0.300s] Level 5:colcon.colcon_core.verb:set package 'box_bot_planning' build argument 'cmake_args' from command line to 'None'
[0.300s] Level 5:colcon.colcon_core.verb:set package 'box_bot_planning' build argument 'cmake_target' from command line to 'None'
[0.300s] Level 5:colcon.colcon_core.verb:set package 'box_bot_planning' build argument 'cmake_target_skip_unavailable' from command line to 'False'
[0.300s] Level 5:colcon.colcon_core.verb:set package 'box_bot_planning' build argument 'cmake_clean_cache' from command line to 'False'
[0.300s] Level 5:colcon.colcon_core.verb:set package 'box_bot_planning' build argument 'cmake_clean_first' from command line to 'False'
[0.300s] Level 5:colcon.colcon_core.verb:set package 'box_bot_planning' build argument 'cmake_force_configure' from command line to 'False'
[0.300s] Level 5:colcon.colcon_core.verb:set package 'box_bot_planning' build argument 'ament_cmake_args' from command line to 'None'
[0.300s] Level 5:colcon.colcon_core.verb:set package 'box_bot_planning' build argument 'catkin_cmake_args' from command line to 'None'
[0.300s] Level 5:colcon.colcon_core.verb:set package 'box_bot_planning' build argument 'catkin_skip_building_tests' from command line to 'False'
[0.300s] DEBUG:colcon.colcon_core.verb:Building package 'box_bot_planning' with the following arguments: {'ament_cmake_args': None, 'build_base': '/home/edson_20_04/box_bot/build/box_bot_planning', 'catkin_cmake_args': None, 'catkin_skip_building_tests': False, 'cmake_args': None, 'cmake_clean_cache': False, 'cmake_clean_first': False, 'cmake_force_configure': False, 'cmake_target': None, 'cmake_target_skip_unavailable': False, 'install_base': '/home/edson_20_04/box_bot/install/box_bot_planning', 'merge_install': False, 'path': '/home/edson_20_04/box_bot/box_bot_planning', 'symlink_install': False, 'test_result_base': None}
[0.301s] Level 5:colcon.colcon_core.verb:set package 'box_bot_tutorials' build argument 'cmake_args' from command line to 'None'
[0.301s] Level 5:colcon.colcon_core.verb:set package 'box_bot_tutorials' build argument 'cmake_target' from command line to 'None'
[0.301s] Level 5:colcon.colcon_core.verb:set package 'box_bot_tutorials' build argument 'cmake_target_skip_unavailable' from command line to 'False'
[0.301s] Level 5:colcon.colcon_core.verb:set package 'box_bot_tutorials' build argument 'cmake_clean_cache' from command line to 'False'
[0.301s] Level 5:colcon.colcon_core.verb:set package 'box_bot_tutorials' build argument 'cmake_clean_first' from command line to 'False'
[0.301s] Level 5:colcon.colcon_core.verb:set package 'box_bot_tutorials' build argument 'cmake_force_configure' from command line to 'False'
[0.301s] Level 5:colcon.colcon_core.verb:set package 'box_bot_tutorials' build argument 'ament_cmake_args' from command line to 'None'
[0.301s] Level 5:colcon.colcon_core.verb:set package 'box_bot_tutorials' build argument 'catkin_cmake_args' from command line to 'None'
[0.301s] Level 5:colcon.colcon_core.verb:set package 'box_bot_tutorials' build argument 'catkin_skip_building_tests' from command line to 'False'
[0.301s] DEBUG:colcon.colcon_core.verb:Building package 'box_bot_tutorials' with the following arguments: {'ament_cmake_args': None, 'build_base': '/home/edson_20_04/box_bot/build/box_bot_tutorials', 'catkin_cmake_args': None, 'catkin_skip_building_tests': False, 'cmake_args': None, 'cmake_clean_cache': False, 'cmake_clean_first': False, 'cmake_force_configure': False, 'cmake_target': None, 'cmake_target_skip_unavailable': False, 'install_base': '/home/edson_20_04/box_bot/install/box_bot_tutorials', 'merge_install': False, 'path': '/home/edson_20_04/box_bot/box_bot_tutorials', 'symlink_install': False, 'test_result_base': None}
[0.301s] INFO:colcon.colcon_core.executor:Executing jobs using 'parallel' executor
[0.304s] DEBUG:colcon.colcon_parallel_executor.executor.parallel:run_until_complete
[0.305s] INFO:colcon.colcon_ros.task.ament_cmake.build:Building ROS package in '/home/edson_20_04/box_bot/box_bot_description' with build type 'ament_cmake'
[0.305s] INFO:colcon.colcon_cmake.task.cmake.build:Building CMake package in '/home/edson_20_04/box_bot/box_bot_description'
[0.308s] INFO:colcon.colcon_core.plugin_system:Skipping extension 'colcon_core.shell.bat': Not used on non-Windows systems
[0.308s] INFO:colcon.colcon_core.shell:Skip shell extension 'powershell' for command environment: Not usable outside of PowerShell
[0.309s] DEBUG:colcon.colcon_core.shell:Skip shell extension 'dsv' for command environment
[0.313s] INFO:colcon.colcon_ros.task.ament_cmake.build:Building ROS package in '/home/edson_20_04/box_bot/box_bot_gazebo' with build type 'ament_cmake'
[0.314s] INFO:colcon.colcon_cmake.task.cmake.build:Building CMake package in '/home/edson_20_04/box_bot/box_bot_gazebo'
[0.315s] INFO:colcon.colcon_core.shell:Skip shell extension 'powershell' for command environment: Not usable outside of PowerShell
[0.315s] DEBUG:colcon.colcon_core.shell:Skip shell extension 'dsv' for command environment
[0.320s] INFO:colcon.colcon_ros.task.ament_cmake.build:Building ROS package in '/home/edson_20_04/box_bot/box_bot_planning' with build type 'ament_cmake'
[0.320s] INFO:colcon.colcon_cmake.task.cmake.build:Building CMake package in '/home/edson_20_04/box_bot/box_bot_planning'
[0.321s] INFO:colcon.colcon_core.shell:Skip shell extension 'powershell' for command environment: Not usable outside of PowerShell
[0.322s] DEBUG:colcon.colcon_core.shell:Skip shell extension 'dsv' for command environment
[0.326s] INFO:colcon.colcon_ros.task.ament_cmake.build:Building ROS package in '/home/edson_20_04/box_bot/box_bot_tutorials' with build type 'ament_cmake'
[0.327s] INFO:colcon.colcon_cmake.task.cmake.build:Building CMake package in '/home/edson_20_04/box_bot/box_bot_tutorials'
[0.328s] INFO:colcon.colcon_core.shell:Skip shell extension 'powershell' for command environment: Not usable outside of PowerShell
[0.329s] DEBUG:colcon.colcon_core.shell:Skip shell extension 'dsv' for command environment
[0.340s] DEBUG:colcon.colcon_core.event_handler.log_command:Invoking command in '/home/edson_20_04/box_bot/build/box_bot_description': CMAKE_PREFIX_PATH=${CMAKE_PREFIX_PATH}:/opt/ros/foxy /usr/bin/cmake --build /home/edson_20_04/box_bot/build/box_bot_description -- -j16 -l16
[0.347s] DEBUG:colcon.colcon_core.event_handler.log_command:Invoking command in '/home/edson_20_04/box_bot/build/box_bot_gazebo': CMAKE_PREFIX_PATH=${CMAKE_PREFIX_PATH}:/opt/ros/foxy /usr/bin/cmake --build /home/edson_20_04/box_bot/build/box_bot_gazebo -- -j16 -l16
[0.351s] DEBUG:colcon.colcon_core.event_handler.log_command:Invoking command in '/home/edson_20_04/box_bot/build/box_bot_planning': CMAKE_PREFIX_PATH=${CMAKE_PREFIX_PATH}:/opt/ros/foxy /usr/bin/cmake /home/edson_20_04/box_bot/box_bot_planning -DCMAKE_INSTALL_PREFIX=/home/edson_20_04/box_bot/install/box_bot_planning
[0.355s] DEBUG:colcon.colcon_core.event_handler.log_command:Invoking command in '/home/edson_20_04/box_bot/build/box_bot_tutorials': CMAKE_PREFIX_PATH=${CMAKE_PREFIX_PATH}:/opt/ros/foxy /usr/bin/cmake --build /home/edson_20_04/box_bot/build/box_bot_tutorials -- -j16 -l16
[0.365s] DEBUG:colcon.colcon_core.event_handler.log_command:Invoked command in '/home/edson_20_04/box_bot/build/box_bot_description' returned '0': CMAKE_PREFIX_PATH=${CMAKE_PREFIX_PATH}:/opt/ros/foxy /usr/bin/cmake --build /home/edson_20_04/box_bot/build/box_bot_description -- -j16 -l16
[0.378s] DEBUG:colcon.colcon_core.event_handler.log_command:Invoked command in '/home/edson_20_04/box_bot/build/box_bot_gazebo' returned '0': CMAKE_PREFIX_PATH=${CMAKE_PREFIX_PATH}:/opt/ros/foxy /usr/bin/cmake --build /home/edson_20_04/box_bot/build/box_bot_gazebo -- -j16 -l16
[0.380s] DEBUG:colcon.colcon_core.event_handler.log_command:Invoked command in '/home/edson_20_04/box_bot/build/box_bot_tutorials' returned '0': CMAKE_PREFIX_PATH=${CMAKE_PREFIX_PATH}:/opt/ros/foxy /usr/bin/cmake --build /home/edson_20_04/box_bot/build/box_bot_tutorials -- -j16 -l16
[0.390s] DEBUG:colcon.colcon_core.event_handler.log_command:Invoking command in '/home/edson_20_04/box_bot/build/box_bot_description': CMAKE_PREFIX_PATH=${CMAKE_PREFIX_PATH}:/opt/ros/foxy /usr/bin/cmake --install /home/edson_20_04/box_bot/build/box_bot_description
[0.394s] DEBUG:colcon.colcon_core.event_handler.log_command:Invoking command in '/home/edson_20_04/box_bot/build/box_bot_gazebo': CMAKE_PREFIX_PATH=${CMAKE_PREFIX_PATH}:/opt/ros/foxy /usr/bin/cmake --install /home/edson_20_04/box_bot/build/box_bot_gazebo
[0.401s] Level 1:colcon.colcon_core.environment:create_environment_scripts_only(box_bot_description)
[0.410s] DEBUG:colcon.colcon_core.event_handler.log_command:Invoking command in '/home/edson_20_04/box_bot/build/box_bot_tutorials': CMAKE_PREFIX_PATH=${CMAKE_PREFIX_PATH}:/opt/ros/foxy /usr/bin/cmake --install /home/edson_20_04/box_bot/build/box_bot_tutorials
[0.412s] Level 1:colcon.colcon_core.environment:checking '/home/edson_20_04/box_bot/install/box_bot_description' for CMake module files
[0.416s] DEBUG:colcon.colcon_core.event_handler.log_command:Invoked command in '/home/edson_20_04/box_bot/build/box_bot_description' returned '0': CMAKE_PREFIX_PATH=${CMAKE_PREFIX_PATH}:/opt/ros/foxy /usr/bin/cmake --install /home/edson_20_04/box_bot/build/box_bot_description
[0.419s] Level 1:colcon.colcon_core.environment:checking '/home/edson_20_04/box_bot/install/box_bot_description' for CMake config files
[0.419s] Level 1:colcon.colcon_core.shell:create_environment_hook('box_bot_description', 'cmake_prefix_path')
[0.420s] INFO:colcon.colcon_core.shell:Creating environment hook '/home/edson_20_04/box_bot/install/box_bot_description/share/box_bot_description/hook/cmake_prefix_path.ps1'
[0.420s] INFO:colcon.colcon_core.shell:Creating environment descriptor '/home/edson_20_04/box_bot/install/box_bot_description/share/box_bot_description/hook/cmake_prefix_path.dsv'
[0.421s] INFO:colcon.colcon_core.shell:Creating environment hook '/home/edson_20_04/box_bot/install/box_bot_description/share/box_bot_description/hook/cmake_prefix_path.sh'
[0.422s] Level 1:colcon.colcon_core.environment:checking '/home/edson_20_04/box_bot/install/box_bot_description/lib'
[0.422s] Level 1:colcon.colcon_core.environment:checking '/home/edson_20_04/box_bot/install/box_bot_description/bin'
[0.422s] Level 1:colcon.colcon_core.environment:checking '/home/edson_20_04/box_bot/install/box_bot_description/lib/pkgconfig/box_bot_description.pc'
[0.422s] Level 1:colcon.colcon_core.environment:checking '/home/edson_20_04/box_bot/install/box_bot_description/lib/python3.8/site-packages'
[0.422s] Level 1:colcon.colcon_core.environment:checking '/home/edson_20_04/box_bot/install/box_bot_description/bin'
[0.423s] INFO:colcon.colcon_core.shell:Creating package script '/home/edson_20_04/box_bot/install/box_bot_description/share/box_bot_description/package.ps1'
[0.424s] INFO:colcon.colcon_core.shell:Creating package descriptor '/home/edson_20_04/box_bot/install/box_bot_description/share/box_bot_description/package.dsv'
[0.424s] INFO:colcon.colcon_core.shell:Creating package script '/home/edson_20_04/box_bot/install/box_bot_description/share/box_bot_description/package.sh'
[0.425s] INFO:colcon.colcon_core.shell:Creating package script '/home/edson_20_04/box_bot/install/box_bot_description/share/box_bot_description/package.bash'
[0.425s] INFO:colcon.colcon_core.shell:Creating package script '/home/edson_20_04/box_bot/install/box_bot_description/share/box_bot_description/package.zsh'
[0.425s] Level 1:colcon.colcon_core.environment:create_file_with_runtime_dependencies(/home/edson_20_04/box_bot/install/box_bot_description/share/colcon-core/packages/box_bot_description)
[0.428s] Level 1:colcon.colcon_core.environment:create_environment_scripts_only(box_bot_gazebo)
[0.430s] Level 1:colcon.colcon_core.environment:checking '/home/edson_20_04/box_bot/install/box_bot_gazebo' for CMake module files
[0.431s] DEBUG:colcon.colcon_core.event_handler.log_command:Invoked command in '/home/edson_20_04/box_bot/build/box_bot_gazebo' returned '0': CMAKE_PREFIX_PATH=${CMAKE_PREFIX_PATH}:/opt/ros/foxy /usr/bin/cmake --install /home/edson_20_04/box_bot/build/box_bot_gazebo
[0.432s] Level 1:colcon.colcon_core.environment:checking '/home/edson_20_04/box_bot/install/box_bot_gazebo' for CMake config files
[0.432s] Level 1:colcon.colcon_core.shell:create_environment_hook('box_bot_gazebo', 'cmake_prefix_path')
[0.433s] INFO:colcon.colcon_core.shell:Creating environment hook '/home/edson_20_04/box_bot/install/box_bot_gazebo/share/box_bot_gazebo/hook/cmake_prefix_path.ps1'
[0.434s] INFO:colcon.colcon_core.shell:Creating environment descriptor '/home/edson_20_04/box_bot/install/box_bot_gazebo/share/box_bot_gazebo/hook/cmake_prefix_path.dsv'
[0.434s] INFO:colcon.colcon_core.shell:Creating environment hook '/home/edson_20_04/box_bot/install/box_bot_gazebo/share/box_bot_gazebo/hook/cmake_prefix_path.sh'
[0.434s] Level 1:colcon.colcon_core.environment:checking '/home/edson_20_04/box_bot/install/box_bot_gazebo/bin'
[0.434s] Level 1:colcon.colcon_core.environment:checking '/home/edson_20_04/box_bot/install/box_bot_gazebo/lib/pkgconfig/box_bot_gazebo.pc'
[0.435s] Level 1:colcon.colcon_core.environment:checking '/home/edson_20_04/box_bot/install/box_bot_gazebo/lib/python3.8/site-packages'
[0.435s] Level 1:colcon.colcon_core.environment:checking '/home/edson_20_04/box_bot/install/box_bot_gazebo/bin'
[0.436s] INFO:colcon.colcon_core.shell:Creating package script '/home/edson_20_04/box_bot/install/box_bot_gazebo/share/box_bot_gazebo/package.ps1'
[0.436s] INFO:colcon.colcon_core.shell:Creating package descriptor '/home/edson_20_04/box_bot/install/box_bot_gazebo/share/box_bot_gazebo/package.dsv'
[0.437s] INFO:colcon.colcon_core.shell:Creating package script '/home/edson_20_04/box_bot/install/box_bot_gazebo/share/box_bot_gazebo/package.sh'
[0.437s] INFO:colcon.colcon_core.shell:Creating package script '/home/edson_20_04/box_bot/install/box_bot_gazebo/share/box_bot_gazebo/package.bash'
[0.437s] INFO:colcon.colcon_core.shell:Creating package script '/home/edson_20_04/box_bot/install/box_bot_gazebo/share/box_bot_gazebo/package.zsh'
[0.437s] Level 1:colcon.colcon_core.environment:create_file_with_runtime_dependencies(/home/edson_20_04/box_bot/install/box_bot_gazebo/share/colcon-core/packages/box_bot_gazebo)
[0.440s] Level 1:colcon.colcon_core.environment:create_environment_scripts_only(box_bot_tutorials)
[0.442s] Level 1:colcon.colcon_core.environment:checking '/home/edson_20_04/box_bot/install/box_bot_tutorials' for CMake module files
[0.443s] DEBUG:colcon.colcon_core.event_handler.log_command:Invoked command in '/home/edson_20_04/box_bot/build/box_bot_tutorials' returned '0': CMAKE_PREFIX_PATH=${CMAKE_PREFIX_PATH}:/opt/ros/foxy /usr/bin/cmake --install /home/edson_20_04/box_bot/build/box_bot_tutorials
[0.443s] Level 1:colcon.colcon_core.environment:checking '/home/edson_20_04/box_bot/install/box_bot_tutorials' for CMake config files
[0.443s] Level 1:colcon.colcon_core.shell:create_environment_hook('box_bot_tutorials', 'cmake_prefix_path')
[0.444s] INFO:colcon.colcon_core.shell:Creating environment hook '/home/edson_20_04/box_bot/install/box_bot_tutorials/share/box_bot_tutorials/hook/cmake_prefix_path.ps1'
[0.445s] INFO:colcon.colcon_core.shell:Creating environment descriptor '/home/edson_20_04/box_bot/install/box_bot_tutorials/share/box_bot_tutorials/hook/cmake_prefix_path.dsv'
[0.445s] INFO:colcon.colcon_core.shell:Creating environment hook '/home/edson_20_04/box_bot/install/box_bot_tutorials/share/box_bot_tutorials/hook/cmake_prefix_path.sh'
[0.445s] Level 1:colcon.colcon_core.environment:checking '/home/edson_20_04/box_bot/install/box_bot_tutorials/lib'
[0.445s] Level 1:colcon.colcon_core.environment:checking '/home/edson_20_04/box_bot/install/box_bot_tutorials/bin'
[0.445s] Level 1:colcon.colcon_core.environment:checking '/home/edson_20_04/box_bot/install/box_bot_tutorials/lib/pkgconfig/box_bot_tutorials.pc'
[0.446s] Level 1:colcon.colcon_core.environment:checking '/home/edson_20_04/box_bot/install/box_bot_tutorials/lib/python3.8/site-packages'
[0.446s] Level 1:colcon.colcon_core.environment:checking '/home/edson_20_04/box_bot/install/box_bot_tutorials/bin'
[0.447s] INFO:colcon.colcon_core.shell:Creating package script '/home/edson_20_04/box_bot/install/box_bot_tutorials/share/box_bot_tutorials/package.ps1'
[0.447s] INFO:colcon.colcon_core.shell:Creating package descriptor '/home/edson_20_04/box_bot/install/box_bot_tutorials/share/box_bot_tutorials/package.dsv'
[0.447s] INFO:colcon.colcon_core.shell:Creating package script '/home/edson_20_04/box_bot/install/box_bot_tutorials/share/box_bot_tutorials/package.sh'
[0.447s] INFO:colcon.colcon_core.shell:Creating package script '/home/edson_20_04/box_bot/install/box_bot_tutorials/share/box_bot_tutorials/package.bash'
[0.448s] INFO:colcon.colcon_core.shell:Creating package script '/home/edson_20_04/box_bot/install/box_bot_tutorials/share/box_bot_tutorials/package.zsh'
[0.448s] Level 1:colcon.colcon_core.environment:create_file_with_runtime_dependencies(/home/edson_20_04/box_bot/install/box_bot_tutorials/share/colcon-core/packages/box_bot_tutorials)
[0.452s] Level 1:colcon.colcon_core.environment:create_environment_scripts_only(box_bot_description)
[0.453s] Level 1:colcon.colcon_core.environment:checking '/home/edson_20_04/box_bot/install/box_bot_description' for CMake module files
[0.454s] Level 1:colcon.colcon_core.environment:checking '/home/edson_20_04/box_bot/install/box_bot_description' for CMake config files
[0.454s] Level 1:colcon.colcon_core.shell:create_environment_hook('box_bot_description', 'cmake_prefix_path')
[0.455s] INFO:colcon.colcon_core.shell:Creating environment hook '/home/edson_20_04/box_bot/install/box_bot_description/share/box_bot_description/hook/cmake_prefix_path.ps1'
[0.455s] INFO:colcon.colcon_core.shell:Creating environment descriptor '/home/edson_20_04/box_bot/install/box_bot_description/share/box_bot_description/hook/cmake_prefix_path.dsv'
[0.455s] INFO:colcon.colcon_core.shell:Creating environment hook '/home/edson_20_04/box_bot/install/box_bot_description/share/box_bot_description/hook/cmake_prefix_path.sh'
[0.456s] Level 1:colcon.colcon_core.environment:checking '/home/edson_20_04/box_bot/install/box_bot_description/lib'
[0.456s] Level 1:colcon.colcon_core.environment:checking '/home/edson_20_04/box_bot/install/box_bot_description/bin'
[0.456s] Level 1:colcon.colcon_core.environment:checking '/home/edson_20_04/box_bot/install/box_bot_description/lib/pkgconfig/box_bot_description.pc'
[0.456s] Level 1:colcon.colcon_core.environment:checking '/home/edson_20_04/box_bot/install/box_bot_description/lib/python3.8/site-packages'
[0.456s] Level 1:colcon.colcon_core.environment:checking '/home/edson_20_04/box_bot/install/box_bot_description/bin'
[0.457s] INFO:colcon.colcon_core.shell:Creating package script '/home/edson_20_04/box_bot/install/box_bot_description/share/box_bot_description/package.ps1'
[0.458s] INFO:colcon.colcon_core.shell:Creating package descriptor '/home/edson_20_04/box_bot/install/box_bot_description/share/box_bot_description/package.dsv'
[0.458s] INFO:colcon.colcon_core.shell:Creating package script '/home/edson_20_04/box_bot/install/box_bot_description/share/box_bot_description/package.sh'
[0.458s] INFO:colcon.colcon_core.shell:Creating package script '/home/edson_20_04/box_bot/install/box_bot_description/share/box_bot_description/package.bash'
[0.458s] INFO:colcon.colcon_core.shell:Creating package script '/home/edson_20_04/box_bot/install/box_bot_description/share/box_bot_description/package.zsh'
[0.459s] Level 1:colcon.colcon_core.environment:create_file_with_runtime_dependencies(/home/edson_20_04/box_bot/install/box_bot_description/share/colcon-core/packages/box_bot_description)
[0.461s] Level 1:colcon.colcon_core.environment:create_environment_scripts_only(box_bot_gazebo)
[0.462s] Level 1:colcon.colcon_core.environment:checking '/home/edson_20_04/box_bot/install/box_bot_gazebo' for CMake module files
[0.463s] Level 1:colcon.colcon_core.environment:checking '/home/edson_20_04/box_bot/install/box_bot_gazebo' for CMake config files
[0.463s] Level 1:colcon.colcon_core.shell:create_environment_hook('box_bot_gazebo', 'cmake_prefix_path')
[0.464s] INFO:colcon.colcon_core.shell:Creating environment hook '/home/edson_20_04/box_bot/install/box_bot_gazebo/share/box_bot_gazebo/hook/cmake_prefix_path.ps1'
[0.465s] INFO:colcon.colcon_core.shell:Creating environment descriptor '/home/edson_20_04/box_bot/install/box_bot_gazebo/share/box_bot_gazebo/hook/cmake_prefix_path.dsv'
[0.465s] INFO:colcon.colcon_core.shell:Creating environment hook '/home/edson_20_04/box_bot/install/box_bot_gazebo/share/box_bot_gazebo/hook/cmake_prefix_path.sh'
[0.465s] Level 1:colcon.colcon_core.environment:checking '/home/edson_20_04/box_bot/install/box_bot_gazebo/bin'
[0.465s] Level 1:colcon.colcon_core.environment:checking '/home/edson_20_04/box_bot/install/box_bot_gazebo/lib/pkgconfig/box_bot_gazebo.pc'
[0.465s] Level 1:colcon.colcon_core.environment:checking '/home/edson_20_04/box_bot/install/box_bot_gazebo/lib/python3.8/site-packages'
[0.466s] Level 1:colcon.colcon_core.environment:checking '/home/edson_20_04/box_bot/install/box_bot_gazebo/bin'
[0.466s] INFO:colcon.colcon_core.shell:Creating package script '/home/edson_20_04/box_bot/install/box_bot_gazebo/share/box_bot_gazebo/package.ps1'
[0.467s] INFO:colcon.colcon_core.shell:Creating package descriptor '/home/edson_20_04/box_bot/install/box_bot_gazebo/share/box_bot_gazebo/package.dsv'
[0.467s] INFO:colcon.colcon_core.shell:Creating package script '/home/edson_20_04/box_bot/install/box_bot_gazebo/share/box_bot_gazebo/package.sh'
[0.467s] INFO:colcon.colcon_core.shell:Creating package script '/home/edson_20_04/box_bot/install/box_bot_gazebo/share/box_bot_gazebo/package.bash'
[0.468s] INFO:colcon.colcon_core.shell:Creating package script '/home/edson_20_04/box_bot/install/box_bot_gazebo/share/box_bot_gazebo/package.zsh'
[0.468s] Level 1:colcon.colcon_core.environment:create_file_with_runtime_dependencies(/home/edson_20_04/box_bot/install/box_bot_gazebo/share/colcon-core/packages/box_bot_gazebo)
[0.470s] Level 1:colcon.colcon_core.environment:create_environment_scripts_only(box_bot_tutorials)
[0.471s] Level 1:colcon.colcon_core.environment:checking '/home/edson_20_04/box_bot/install/box_bot_tutorials' for CMake module files
[0.472s] Level 1:colcon.colcon_core.environment:checking '/home/edson_20_04/box_bot/install/box_bot_tutorials' for CMake config files
[0.472s] Level 1:colcon.colcon_core.shell:create_environment_hook('box_bot_tutorials', 'cmake_prefix_path')
[0.473s] INFO:colcon.colcon_core.shell:Creating environment hook '/home/edson_20_04/box_bot/install/box_bot_tutorials/share/box_bot_tutorials/hook/cmake_prefix_path.ps1'
[0.474s] INFO:colcon.colcon_core.shell:Creating environment descriptor '/home/edson_20_04/box_bot/install/box_bot_tutorials/share/box_bot_tutorials/hook/cmake_prefix_path.dsv'
[0.474s] INFO:colcon.colcon_core.shell:Creating environment hook '/home/edson_20_04/box_bot/install/box_bot_tutorials/share/box_bot_tutorials/hook/cmake_prefix_path.sh'
[0.474s] Level 1:colcon.colcon_core.environment:checking '/home/edson_20_04/box_bot/install/box_bot_tutorials/lib'
[0.474s] Level 1:colcon.colcon_core.environment:checking '/home/edson_20_04/box_bot/install/box_bot_tutorials/bin'
[0.474s] Level 1:colcon.colcon_core.environment:checking '/home/edson_20_04/box_bot/install/box_bot_tutorials/lib/pkgconfig/box_bot_tutorials.pc'
[0.474s] Level 1:colcon.colcon_core.environment:checking '/home/edson_20_04/box_bot/install/box_bot_tutorials/lib/python3.8/site-packages'
[0.475s] Level 1:colcon.colcon_core.environment:checking '/home/edson_20_04/box_bot/install/box_bot_tutorials/bin'
[0.475s] INFO:colcon.colcon_core.shell:Creating package script '/home/edson_20_04/box_bot/install/box_bot_tutorials/share/box_bot_tutorials/package.ps1'
[0.476s] INFO:colcon.colcon_core.shell:Creating package descriptor '/home/edson_20_04/box_bot/install/box_bot_tutorials/share/box_bot_tutorials/package.dsv'
[0.476s] INFO:colcon.colcon_core.shell:Creating package script '/home/edson_20_04/box_bot/install/box_bot_tutorials/share/box_bot_tutorials/package.sh'
[0.476s] INFO:colcon.colcon_core.shell:Creating package script '/home/edson_20_04/box_bot/install/box_bot_tutorials/share/box_bot_tutorials/package.bash'
[0.477s] INFO:colcon.colcon_core.shell:Creating package script '/home/edson_20_04/box_bot/install/box_bot_tutorials/share/box_bot_tutorials/package.zsh'
[0.477s] Level 1:colcon.colcon_core.environment:create_file_with_runtime_dependencies(/home/edson_20_04/box_bot/install/box_bot_tutorials/share/colcon-core/packages/box_bot_tutorials)
[7.273s] DEBUG:colcon.colcon_core.event_handler.log_command:Invoked command in '/home/edson_20_04/box_bot/build/box_bot_planning' returned '0': CMAKE_PREFIX_PATH=${CMAKE_PREFIX_PATH}:/opt/ros/foxy /usr/bin/cmake /home/edson_20_04/box_bot/box_bot_planning -DCMAKE_INSTALL_PREFIX=/home/edson_20_04/box_bot/install/box_bot_planning
[7.275s] DEBUG:colcon.colcon_core.event_handler.log_command:Invoking command in '/home/edson_20_04/box_bot/build/box_bot_planning': CMAKE_PREFIX_PATH=${CMAKE_PREFIX_PATH}:/opt/ros/foxy /usr/bin/cmake --build /home/edson_20_04/box_bot/build/box_bot_planning -- -j16 -l16
[7.300s] DEBUG:colcon.colcon_core.event_handler.log_command:Invoked command in '/home/edson_20_04/box_bot/build/box_bot_planning' returned '0': CMAKE_PREFIX_PATH=${CMAKE_PREFIX_PATH}:/opt/ros/foxy /usr/bin/cmake --build /home/edson_20_04/box_bot/build/box_bot_planning -- -j16 -l16
[7.318s] DEBUG:colcon.colcon_core.event_handler.log_command:Invoking command in '/home/edson_20_04/box_bot/build/box_bot_planning': CMAKE_PREFIX_PATH=${CMAKE_PREFIX_PATH}:/opt/ros/foxy /usr/bin/cmake --install /home/edson_20_04/box_bot/build/box_bot_planning
[7.326s] Level 1:colcon.colcon_core.environment:create_environment_scripts_only(box_bot_planning)
[7.328s] Level 1:colcon.colcon_core.environment:checking '/home/edson_20_04/box_bot/install/box_bot_planning' for CMake module files
[7.328s] DEBUG:colcon.colcon_core.event_handler.log_command:Invoked command in '/home/edson_20_04/box_bot/build/box_bot_planning' returned '0': CMAKE_PREFIX_PATH=${CMAKE_PREFIX_PATH}:/opt/ros/foxy /usr/bin/cmake --install /home/edson_20_04/box_bot/build/box_bot_planning
[7.329s] Level 1:colcon.colcon_core.environment:checking '/home/edson_20_04/box_bot/install/box_bot_planning' for CMake config files
[7.329s] Level 1:colcon.colcon_core.shell:create_environment_hook('box_bot_planning', 'cmake_prefix_path')
[7.330s] INFO:colcon.colcon_core.shell:Creating environment hook '/home/edson_20_04/box_bot/install/box_bot_planning/share/box_bot_planning/hook/cmake_prefix_path.ps1'
[7.330s] INFO:colcon.colcon_core.shell:Creating environment descriptor '/home/edson_20_04/box_bot/install/box_bot_planning/share/box_bot_planning/hook/cmake_prefix_path.dsv'
[7.331s] INFO:colcon.colcon_core.shell:Creating environment hook '/home/edson_20_04/box_bot/install/box_bot_planning/share/box_bot_planning/hook/cmake_prefix_path.sh'
[7.331s] Level 1:colcon.colcon_core.environment:checking '/home/edson_20_04/box_bot/install/box_bot_planning/lib'
[7.331s] Level 1:colcon.colcon_core.environment:checking '/home/edson_20_04/box_bot/install/box_bot_planning/bin'
[7.331s] Level 1:colcon.colcon_core.environment:checking '/home/edson_20_04/box_bot/install/box_bot_planning/lib/pkgconfig/box_bot_planning.pc'
[7.331s] Level 1:colcon.colcon_core.environment:checking '/home/edson_20_04/box_bot/install/box_bot_planning/lib/python3.8/site-packages'
[7.331s] Level 1:colcon.colcon_core.environment:checking '/home/edson_20_04/box_bot/install/box_bot_planning/bin'
[7.332s] INFO:colcon.colcon_core.shell:Creating package script '/home/edson_20_04/box_bot/install/box_bot_planning/share/box_bot_planning/package.ps1'
[7.333s] INFO:colcon.colcon_core.shell:Creating package descriptor '/home/edson_20_04/box_bot/install/box_bot_planning/share/box_bot_planning/package.dsv'
[7.333s] INFO:colcon.colcon_core.shell:Creating package script '/home/edson_20_04/box_bot/install/box_bot_planning/share/box_bot_planning/package.sh'
[7.333s] INFO:colcon.colcon_core.shell:Creating package script '/home/edson_20_04/box_bot/install/box_bot_planning/share/box_bot_planning/package.bash'
[7.334s] INFO:colcon.colcon_core.shell:Creating package script '/home/edson_20_04/box_bot/install/box_bot_planning/share/box_bot_planning/package.zsh'
[7.334s] Level 1:colcon.colcon_core.environment:create_file_with_runtime_dependencies(/home/edson_20_04/box_bot/install/box_bot_planning/share/colcon-core/packages/box_bot_planning)
[7.350s] Level 1:colcon.colcon_core.environment:create_environment_scripts_only(box_bot_planning)
[7.352s] Level 1:colcon.colcon_core.environment:checking '/home/edson_20_04/box_bot/install/box_bot_planning' for CMake module files
[7.352s] Level 1:colcon.colcon_core.environment:checking '/home/edson_20_04/box_bot/install/box_bot_planning' for CMake config files
[7.352s] Level 1:colcon.colcon_core.shell:create_environment_hook('box_bot_planning', 'cmake_prefix_path')
[7.353s] INFO:colcon.colcon_core.shell:Creating environment hook '/home/edson_20_04/box_bot/install/box_bot_planning/share/box_bot_planning/hook/cmake_prefix_path.ps1'
[7.354s] INFO:colcon.colcon_core.shell:Creating environment descriptor '/home/edson_20_04/box_bot/install/box_bot_planning/share/box_bot_planning/hook/cmake_prefix_path.dsv'
[7.354s] INFO:colcon.colcon_core.shell:Creating environment hook '/home/edson_20_04/box_bot/install/box_bot_planning/share/box_bot_planning/hook/cmake_prefix_path.sh'
[7.354s] Level 1:colcon.colcon_core.environment:checking '/home/edson_20_04/box_bot/install/box_bot_planning/lib'
[7.354s] Level 1:colcon.colcon_core.environment:checking '/home/edson_20_04/box_bot/install/box_bot_planning/bin'
[7.354s] Level 1:colcon.colcon_core.environment:checking '/home/edson_20_04/box_bot/install/box_bot_planning/lib/pkgconfig/box_bot_planning.pc'
[7.355s] Level 1:colcon.colcon_core.environment:checking '/home/edson_20_04/box_bot/install/box_bot_planning/lib/python3.8/site-packages'
[7.355s] Level 1:colcon.colcon_core.environment:checking '/home/edson_20_04/box_bot/install/box_bot_planning/bin'
[7.356s] INFO:colcon.colcon_core.shell:Creating package script '/home/edson_20_04/box_bot/install/box_bot_planning/share/box_bot_planning/package.ps1'
[7.356s] INFO:colcon.colcon_core.shell:Creating package descriptor '/home/edson_20_04/box_bot/install/box_bot_planning/share/box_bot_planning/package.dsv'
[7.356s] INFO:colcon.colcon_core.shell:Creating package script '/home/edson_20_04/box_bot/install/box_bot_planning/share/box_bot_planning/package.sh'
[7.357s] INFO:colcon.colcon_core.shell:Creating package script '/home/edson_20_04/box_bot/install/box_bot_planning/share/box_bot_planning/package.bash'
[7.357s] INFO:colcon.colcon_core.shell:Creating package script '/home/edson_20_04/box_bot/install/box_bot_planning/share/box_bot_planning/package.zsh'
[7.357s] Level 1:colcon.colcon_core.environment:create_file_with_runtime_dependencies(/home/edson_20_04/box_bot/install/box_bot_planning/share/colcon-core/packages/box_bot_planning)
[7.358s] DEBUG:colcon.colcon_parallel_executor.executor.parallel:closing loop
[7.358s] DEBUG:colcon.colcon_parallel_executor.executor.parallel:loop closed
[7.358s] DEBUG:colcon.colcon_parallel_executor.executor.parallel:run_until_complete finished with '0'
[7.358s] DEBUG:colcon.colcon_core.event_reactor:joining thread
[7.410s] INFO:colcon.colcon_core.plugin_system:Skipping extension 'colcon_notification.desktop_notification.notify_send': Could not find 'notify-send'
[7.411s] INFO:colcon.colcon_core.plugin_system:Skipping extension 'colcon_notification.desktop_notification.terminal_notifier': Not used on non-Darwin systems
[7.411s] INFO:colcon.colcon_core.plugin_system:Skipping extension 'colcon_notification.desktop_notification.win32': Not used on non-Windows systems
[7.411s] INFO:colcon.colcon_notification.desktop_notification:Sending desktop notification using 'notify2'
[7.415s] DEBUG:colcon.colcon_notification.desktop_notification.notify2:Failed to initialize notify2: org.freedesktop.DBus.Error.ServiceUnknown: The name org.freedesktop.Notifications was not provided by any .service files
[7.415s] DEBUG:colcon.colcon_core.event_reactor:joined thread
[7.417s] INFO:colcon.colcon_core.shell:Creating prefix script '/home/edson_20_04/box_bot/install/local_setup.ps1'
[7.418s] INFO:colcon.colcon_core.shell:Creating prefix util module '/home/edson_20_04/box_bot/install/_local_setup_util_ps1.py'
[7.419s] INFO:colcon.colcon_core.shell:Creating prefix chain script '/home/edson_20_04/box_bot/install/setup.ps1'
[7.420s] INFO:colcon.colcon_core.shell:Creating prefix script '/home/edson_20_04/box_bot/install/local_setup.sh'
[7.420s] INFO:colcon.colcon_core.shell:Creating prefix util module '/home/edson_20_04/box_bot/install/_local_setup_util_sh.py'
[7.421s] INFO:colcon.colcon_core.shell:Creating prefix chain script '/home/edson_20_04/box_bot/install/setup.sh'
[7.422s] INFO:colcon.colcon_core.shell:Creating prefix script '/home/edson_20_04/box_bot/install/local_setup.bash'
[7.422s] INFO:colcon.colcon_core.shell:Creating prefix chain script '/home/edson_20_04/box_bot/install/setup.bash'
[7.423s] INFO:colcon.colcon_core.shell:Creating prefix script '/home/edson_20_04/box_bot/install/local_setup.zsh'
[7.423s] INFO:colcon.colcon_core.shell:Creating prefix chain script '/home/edson_20_04/box_bot/install/setup.zsh'
