[0.195s] DEBUG:colcon:Command line arguments: ['/usr/bin/colcon', 'build']
[0.196s] DEBUG:colcon:Parsed command line arguments: Namespace(allow_overriding=[], ament_cmake_args=None, base_paths=['.'], build_base='build', catkin_cmake_args=None, catkin_skip_building_tests=False, cmake_args=None, cmake_clean_cache=False, cmake_clean_first=False, cmake_force_configure=False, cmake_target=None, cmake_target_skip_unavailable=False, continue_on_error=False, event_handlers=None, executor='parallel', ignore_user_meta=False, install_base='install', log_base=None, log_level=None, main=<bound method BuildVerb.main of <colcon_core.verb.build.BuildVerb object at 0x7f4731f4a730>>, merge_install=False, metas=['./colcon.meta'], packages_above=None, packages_above_and_dependencies=None, packages_above_depth=None, packages_end=None, packages_ignore=None, packages_ignore_regex=None, packages_select=None, packages_select_build_failed=False, packages_select_by_dep=None, packages_select_regex=None, packages_select_test_failures=False, packages_skip=None, packages_skip_build_finished=False, packages_skip_by_dep=None, packages_skip_regex=None, packages_skip_test_passed=False, packages_skip_up_to=None, packages_start=None, packages_up_to=None, packages_up_to_regex=None, parallel_workers=16, paths=None, symlink_install=False, test_result_base=None, verb_extension=<colcon_core.verb.build.BuildVerb object at 0x7f4731f4a730>, verb_name='build', verb_parser=<colcon_defaults.argument_parser.defaults.DefaultArgumentsDecorator object at 0x7f4731f4ac70>)
[0.210s] Level 1:colcon.colcon_core.package_discovery:discover_packages(colcon_meta) check parameters
[0.210s] Level 1:colcon.colcon_core.package_discovery:discover_packages(recursive) check parameters
[0.210s] Level 1:colcon.colcon_core.package_discovery:discover_packages(ignore) check parameters
[0.210s] Level 1:colcon.colcon_core.package_discovery:discover_packages(path) check parameters
[0.210s] Level 1:colcon.colcon_core.package_discovery:discover_packages(colcon_meta) discover
[0.210s] Level 1:colcon.colcon_core.package_discovery:discover_packages(recursive) discover
[0.210s] INFO:colcon.colcon_core.package_discovery:Crawling recursively for packages in '/home/edson_20_04/box_bot'
[0.211s] Level 1:colcon.colcon_core.package_identification:_identify(.) by extensions ['ignore', 'ignore_ament_install']
[0.211s] Level 1:colcon.colcon_core.package_identification:_identify(.) by extension 'ignore'
[0.211s] Level 1:colcon.colcon_core.package_identification:_identify(.) by extension 'ignore_ament_install'
[0.211s] Level 1:colcon.colcon_core.package_identification:_identify(.) by extensions ['colcon_pkg']
[0.211s] Level 1:colcon.colcon_core.package_identification:_identify(.) by extension 'colcon_pkg'
[0.211s] Level 1:colcon.colcon_core.package_identification:_identify(.) by extensions ['colcon_meta']
[0.211s] Level 1:colcon.colcon_core.package_identification:_identify(.) by extension 'colcon_meta'
[0.211s] Level 1:colcon.colcon_core.package_identification:_identify(.) by extensions ['ros']
[0.211s] Level 1:colcon.colcon_core.package_identification:_identify(.) by extension 'ros'
[0.225s] Level 1:colcon.colcon_core.package_identification:_identify(.) by extensions ['cmake', 'python']
[0.225s] Level 1:colcon.colcon_core.package_identification:_identify(.) by extension 'cmake'
[0.225s] Level 1:colcon.colcon_core.package_identification:_identify(.) by extension 'python'
[0.225s] Level 1:colcon.colcon_core.package_identification:_identify(.) by extensions ['python_setup_py']
[0.225s] Level 1:colcon.colcon_core.package_identification:_identify(.) by extension 'python_setup_py'
[0.225s] Level 1:colcon.colcon_core.package_identification:_identify(Docs) by extensions ['ignore', 'ignore_ament_install']
[0.225s] Level 1:colcon.colcon_core.package_identification:_identify(Docs) by extension 'ignore'
[0.225s] Level 1:colcon.colcon_core.package_identification:_identify(Docs) by extension 'ignore_ament_install'
[0.225s] Level 1:colcon.colcon_core.package_identification:_identify(Docs) by extensions ['colcon_pkg']
[0.225s] Level 1:colcon.colcon_core.package_identification:_identify(Docs) by extension 'colcon_pkg'
[0.225s] Level 1:colcon.colcon_core.package_identification:_identify(Docs) by extensions ['colcon_meta']
[0.225s] Level 1:colcon.colcon_core.package_identification:_identify(Docs) by extension 'colcon_meta'
[0.225s] Level 1:colcon.colcon_core.package_identification:_identify(Docs) by extensions ['ros']
[0.225s] Level 1:colcon.colcon_core.package_identification:_identify(Docs) by extension 'ros'
[0.226s] Level 1:colcon.colcon_core.package_identification:_identify(Docs) by extensions ['cmake', 'python']
[0.226s] Level 1:colcon.colcon_core.package_identification:_identify(Docs) by extension 'cmake'
[0.226s] Level 1:colcon.colcon_core.package_identification:_identify(Docs) by extension 'python'
[0.226s] Level 1:colcon.colcon_core.package_identification:_identify(Docs) by extensions ['python_setup_py']
[0.226s] Level 1:colcon.colcon_core.package_identification:_identify(Docs) by extension 'python_setup_py'
[0.226s] Level 1:colcon.colcon_core.package_identification:_identify(box_bot_description) by extensions ['ignore', 'ignore_ament_install']
[0.226s] Level 1:colcon.colcon_core.package_identification:_identify(box_bot_description) by extension 'ignore'
[0.226s] Level 1:colcon.colcon_core.package_identification:_identify(box_bot_description) by extension 'ignore_ament_install'
[0.226s] Level 1:colcon.colcon_core.package_identification:_identify(box_bot_description) by extensions ['colcon_pkg']
[0.226s] Level 1:colcon.colcon_core.package_identification:_identify(box_bot_description) by extension 'colcon_pkg'
[0.226s] Level 1:colcon.colcon_core.package_identification:_identify(box_bot_description) by extensions ['colcon_meta']
[0.226s] Level 1:colcon.colcon_core.package_identification:_identify(box_bot_description) by extension 'colcon_meta'
[0.226s] Level 1:colcon.colcon_core.package_identification:_identify(box_bot_description) by extensions ['ros']
[0.226s] Level 1:colcon.colcon_core.package_identification:_identify(box_bot_description) by extension 'ros'
[0.228s] DEBUG:colcon.colcon_core.package_identification:Package 'box_bot_description' with type 'ros.ament_cmake' and name 'box_bot_description'
[0.228s] Level 1:colcon.colcon_core.package_identification:_identify(box_bot_gazebo) by extensions ['ignore', 'ignore_ament_install']
[0.228s] Level 1:colcon.colcon_core.package_identification:_identify(box_bot_gazebo) by extension 'ignore'
[0.228s] Level 1:colcon.colcon_core.package_identification:_identify(box_bot_gazebo) by extension 'ignore_ament_install'
[0.228s] Level 1:colcon.colcon_core.package_identification:_identify(box_bot_gazebo) by extensions ['colcon_pkg']
[0.228s] Level 1:colcon.colcon_core.package_identification:_identify(box_bot_gazebo) by extension 'colcon_pkg'
[0.228s] Level 1:colcon.colcon_core.package_identification:_identify(box_bot_gazebo) by extensions ['colcon_meta']
[0.228s] Level 1:colcon.colcon_core.package_identification:_identify(box_bot_gazebo) by extension 'colcon_meta'
[0.228s] Level 1:colcon.colcon_core.package_identification:_identify(box_bot_gazebo) by extensions ['ros']
[0.228s] Level 1:colcon.colcon_core.package_identification:_identify(box_bot_gazebo) by extension 'ros'
[0.228s] DEBUG:colcon.colcon_core.package_identification:Package 'box_bot_gazebo' with type 'ros.ament_cmake' and name 'box_bot_gazebo'
[0.229s] Level 1:colcon.colcon_core.package_identification:_identify(build) by extensions ['ignore', 'ignore_ament_install']
[0.229s] Level 1:colcon.colcon_core.package_identification:_identify(build) by extension 'ignore'
[0.229s] Level 1:colcon.colcon_core.package_identification:_identify(build) ignored
[0.229s] Level 1:colcon.colcon_core.package_identification:_identify(install) by extensions ['ignore', 'ignore_ament_install']
[0.229s] Level 1:colcon.colcon_core.package_identification:_identify(install) by extension 'ignore'
[0.229s] Level 1:colcon.colcon_core.package_identification:_identify(install) ignored
[0.229s] Level 1:colcon.colcon_core.package_identification:_identify(log) by extensions ['ignore', 'ignore_ament_install']
[0.229s] Level 1:colcon.colcon_core.package_identification:_identify(log) by extension 'ignore'
[0.229s] Level 1:colcon.colcon_core.package_identification:_identify(log) ignored
[0.229s] Level 1:colcon.colcon_core.package_identification:_identify(planning) by extensions ['ignore', 'ignore_ament_install']
[0.229s] Level 1:colcon.colcon_core.package_identification:_identify(planning) by extension 'ignore'
[0.229s] Level 1:colcon.colcon_core.package_identification:_identify(planning) by extension 'ignore_ament_install'
[0.229s] Level 1:colcon.colcon_core.package_identification:_identify(planning) by extensions ['colcon_pkg']
[0.229s] Level 1:colcon.colcon_core.package_identification:_identify(planning) by extension 'colcon_pkg'
[0.229s] Level 1:colcon.colcon_core.package_identification:_identify(planning) by extensions ['colcon_meta']
[0.229s] Level 1:colcon.colcon_core.package_identification:_identify(planning) by extension 'colcon_meta'
[0.229s] Level 1:colcon.colcon_core.package_identification:_identify(planning) by extensions ['ros']
[0.229s] Level 1:colcon.colcon_core.package_identification:_identify(planning) by extension 'ros'
[0.230s] DEBUG:colcon.colcon_core.package_identification:Package 'planning' with type 'ros.ament_cmake' and name 'planning'
[0.230s] Level 1:colcon.colcon_core.package_discovery:discover_packages(recursive) using defaults
[0.230s] Level 1:colcon.colcon_core.package_discovery:discover_packages(ignore) discover
[0.230s] Level 1:colcon.colcon_core.package_discovery:discover_packages(ignore) using defaults
[0.230s] Level 1:colcon.colcon_core.package_discovery:discover_packages(path) discover
[0.230s] Level 1:colcon.colcon_core.package_discovery:discover_packages(path) using defaults
[0.243s] Level 1:colcon.colcon_core.package_discovery:discover_packages(prefix_path) check parameters
[0.243s] Level 1:colcon.colcon_core.package_discovery:discover_packages(prefix_path) discover
[0.245s] DEBUG:colcon.colcon_installed_package_information.package_discovery:Found 5 installed packages in /home/edson_20_04/box_bot/install
[0.246s] DEBUG:colcon.colcon_installed_package_information.package_discovery:Found 396 installed packages in /opt/ros/foxy
[0.248s] Level 1:colcon.colcon_core.package_discovery:discover_packages(prefix_path) using defaults
[0.303s] Level 5:colcon.colcon_core.verb:set package 'box_bot_description' build argument 'cmake_args' from command line to 'None'
[0.303s] Level 5:colcon.colcon_core.verb:set package 'box_bot_description' build argument 'cmake_target' from command line to 'None'
[0.303s] Level 5:colcon.colcon_core.verb:set package 'box_bot_description' build argument 'cmake_target_skip_unavailable' from command line to 'False'
[0.303s] Level 5:colcon.colcon_core.verb:set package 'box_bot_description' build argument 'cmake_clean_cache' from command line to 'False'
[0.303s] Level 5:colcon.colcon_core.verb:set package 'box_bot_description' build argument 'cmake_clean_first' from command line to 'False'
[0.303s] Level 5:colcon.colcon_core.verb:set package 'box_bot_description' build argument 'cmake_force_configure' from command line to 'False'
[0.304s] Level 5:colcon.colcon_core.verb:set package 'box_bot_description' build argument 'ament_cmake_args' from command line to 'None'
[0.304s] Level 5:colcon.colcon_core.verb:set package 'box_bot_description' build argument 'catkin_cmake_args' from command line to 'None'
[0.304s] Level 5:colcon.colcon_core.verb:set package 'box_bot_description' build argument 'catkin_skip_building_tests' from command line to 'False'
[0.304s] DEBUG:colcon.colcon_core.verb:Building package 'box_bot_description' with the following arguments: {'ament_cmake_args': None, 'build_base': '/home/edson_20_04/box_bot/build/box_bot_description', 'catkin_cmake_args': None, 'catkin_skip_building_tests': False, 'cmake_args': None, 'cmake_clean_cache': False, 'cmake_clean_first': False, 'cmake_force_configure': False, 'cmake_target': None, 'cmake_target_skip_unavailable': False, 'install_base': '/home/edson_20_04/box_bot/install/box_bot_description', 'merge_install': False, 'path': '/home/edson_20_04/box_bot/box_bot_description', 'symlink_install': False, 'test_result_base': None}
[0.304s] Level 5:colcon.colcon_core.verb:set package 'box_bot_gazebo' build argument 'cmake_args' from command line to 'None'
[0.304s] Level 5:colcon.colcon_core.verb:set package 'box_bot_gazebo' build argument 'cmake_target' from command line to 'None'
[0.304s] Level 5:colcon.colcon_core.verb:set package 'box_bot_gazebo' build argument 'cmake_target_skip_unavailable' from command line to 'False'
[0.304s] Level 5:colcon.colcon_core.verb:set package 'box_bot_gazebo' build argument 'cmake_clean_cache' from command line to 'False'
[0.304s] Level 5:colcon.colcon_core.verb:set package 'box_bot_gazebo' build argument 'cmake_clean_first' from command line to 'False'
[0.304s] Level 5:colcon.colcon_core.verb:set package 'box_bot_gazebo' build argument 'cmake_force_configure' from command line to 'False'
[0.305s] Level 5:colcon.colcon_core.verb:set package 'box_bot_gazebo' build argument 'ament_cmake_args' from command line to 'None'
[0.305s] Level 5:colcon.colcon_core.verb:set package 'box_bot_gazebo' build argument 'catkin_cmake_args' from command line to 'None'
[0.305s] Level 5:colcon.colcon_core.verb:set package 'box_bot_gazebo' build argument 'catkin_skip_building_tests' from command line to 'False'
[0.305s] DEBUG:colcon.colcon_core.verb:Building package 'box_bot_gazebo' with the following arguments: {'ament_cmake_args': None, 'build_base': '/home/edson_20_04/box_bot/build/box_bot_gazebo', 'catkin_cmake_args': None, 'catkin_skip_building_tests': False, 'cmake_args': None, 'cmake_clean_cache': False, 'cmake_clean_first': False, 'cmake_force_configure': False, 'cmake_target': None, 'cmake_target_skip_unavailable': False, 'install_base': '/home/edson_20_04/box_bot/install/box_bot_gazebo', 'merge_install': False, 'path': '/home/edson_20_04/box_bot/box_bot_gazebo', 'symlink_install': False, 'test_result_base': None}
[0.305s] Level 5:colcon.colcon_core.verb:set package 'planning' build argument 'cmake_args' from command line to 'None'
[0.305s] Level 5:colcon.colcon_core.verb:set package 'planning' build argument 'cmake_target' from command line to 'None'
[0.305s] Level 5:colcon.colcon_core.verb:set package 'planning' build argument 'cmake_target_skip_unavailable' from command line to 'False'
[0.305s] Level 5:colcon.colcon_core.verb:set package 'planning' build argument 'cmake_clean_cache' from command line to 'False'
[0.305s] Level 5:colcon.colcon_core.verb:set package 'planning' build argument 'cmake_clean_first' from command line to 'False'
[0.305s] Level 5:colcon.colcon_core.verb:set package 'planning' build argument 'cmake_force_configure' from command line to 'False'
[0.305s] Level 5:colcon.colcon_core.verb:set package 'planning' build argument 'ament_cmake_args' from command line to 'None'
[0.305s] Level 5:colcon.colcon_core.verb:set package 'planning' build argument 'catkin_cmake_args' from command line to 'None'
[0.305s] Level 5:colcon.colcon_core.verb:set package 'planning' build argument 'catkin_skip_building_tests' from command line to 'False'
[0.305s] DEBUG:colcon.colcon_core.verb:Building package 'planning' with the following arguments: {'ament_cmake_args': None, 'build_base': '/home/edson_20_04/box_bot/build/planning', 'catkin_cmake_args': None, 'catkin_skip_building_tests': False, 'cmake_args': None, 'cmake_clean_cache': False, 'cmake_clean_first': False, 'cmake_force_configure': False, 'cmake_target': None, 'cmake_target_skip_unavailable': False, 'install_base': '/home/edson_20_04/box_bot/install/planning', 'merge_install': False, 'path': '/home/edson_20_04/box_bot/planning', 'symlink_install': False, 'test_result_base': None}
[0.306s] INFO:colcon.colcon_core.executor:Executing jobs using 'parallel' executor
[0.309s] DEBUG:colcon.colcon_parallel_executor.executor.parallel:run_until_complete
[0.309s] INFO:colcon.colcon_ros.task.ament_cmake.build:Building ROS package in '/home/edson_20_04/box_bot/box_bot_description' with build type 'ament_cmake'
[0.309s] INFO:colcon.colcon_cmake.task.cmake.build:Building CMake package in '/home/edson_20_04/box_bot/box_bot_description'
[0.313s] INFO:colcon.colcon_core.plugin_system:Skipping extension 'colcon_core.shell.bat': Not used on non-Windows systems
[0.313s] INFO:colcon.colcon_core.shell:Skip shell extension 'powershell' for command environment: Not usable outside of PowerShell
[0.313s] DEBUG:colcon.colcon_core.shell:Skip shell extension 'dsv' for command environment
[0.318s] INFO:colcon.colcon_ros.task.ament_cmake.build:Building ROS package in '/home/edson_20_04/box_bot/box_bot_gazebo' with build type 'ament_cmake'
[0.318s] INFO:colcon.colcon_cmake.task.cmake.build:Building CMake package in '/home/edson_20_04/box_bot/box_bot_gazebo'
[0.319s] INFO:colcon.colcon_core.shell:Skip shell extension 'powershell' for command environment: Not usable outside of PowerShell
[0.320s] DEBUG:colcon.colcon_core.shell:Skip shell extension 'dsv' for command environment
[0.324s] INFO:colcon.colcon_ros.task.ament_cmake.build:Building ROS package in '/home/edson_20_04/box_bot/planning' with build type 'ament_cmake'
[0.325s] INFO:colcon.colcon_cmake.task.cmake.build:Building CMake package in '/home/edson_20_04/box_bot/planning'
[0.326s] INFO:colcon.colcon_core.shell:Skip shell extension 'powershell' for command environment: Not usable outside of PowerShell
[0.326s] DEBUG:colcon.colcon_core.shell:Skip shell extension 'dsv' for command environment
[0.338s] DEBUG:colcon.colcon_core.event_handler.log_command:Invoking command in '/home/edson_20_04/box_bot/build/box_bot_description': CMAKE_PREFIX_PATH=${CMAKE_PREFIX_PATH}:/opt/ros/foxy /usr/bin/cmake --build /home/edson_20_04/box_bot/build/box_bot_description -- -j16 -l16
[0.345s] DEBUG:colcon.colcon_core.event_handler.log_command:Invoking command in '/home/edson_20_04/box_bot/build/box_bot_gazebo': CMAKE_PREFIX_PATH=${CMAKE_PREFIX_PATH}:/opt/ros/foxy /usr/bin/cmake --build /home/edson_20_04/box_bot/build/box_bot_gazebo -- -j16 -l16
[0.348s] DEBUG:colcon.colcon_core.event_handler.log_command:Invoking command in '/home/edson_20_04/box_bot/build/planning': CMAKE_PREFIX_PATH=${CMAKE_PREFIX_PATH}:/opt/ros/foxy /usr/bin/cmake --build /home/edson_20_04/box_bot/build/planning -- -j16 -l16
[0.364s] DEBUG:colcon.colcon_core.event_handler.log_command:Invoked command in '/home/edson_20_04/box_bot/build/box_bot_description' returned '0': CMAKE_PREFIX_PATH=${CMAKE_PREFIX_PATH}:/opt/ros/foxy /usr/bin/cmake --build /home/edson_20_04/box_bot/build/box_bot_description -- -j16 -l16
[0.370s] DEBUG:colcon.colcon_core.event_handler.log_command:Invoked command in '/home/edson_20_04/box_bot/build/box_bot_gazebo' returned '0': CMAKE_PREFIX_PATH=${CMAKE_PREFIX_PATH}:/opt/ros/foxy /usr/bin/cmake --build /home/edson_20_04/box_bot/build/box_bot_gazebo -- -j16 -l16
[0.387s] DEBUG:colcon.colcon_core.event_handler.log_command:Invoking command in '/home/edson_20_04/box_bot/build/box_bot_description': CMAKE_PREFIX_PATH=${CMAKE_PREFIX_PATH}:/opt/ros/foxy /usr/bin/cmake --install /home/edson_20_04/box_bot/build/box_bot_description
[0.391s] DEBUG:colcon.colcon_core.event_handler.log_command:Invoking command in '/home/edson_20_04/box_bot/build/box_bot_gazebo': CMAKE_PREFIX_PATH=${CMAKE_PREFIX_PATH}:/opt/ros/foxy /usr/bin/cmake --install /home/edson_20_04/box_bot/build/box_bot_gazebo
[0.400s] Level 1:colcon.colcon_core.environment:create_environment_scripts_only(box_bot_description)
[0.400s] DEBUG:colcon.colcon_core.event_handler.log_command:Invoked command in '/home/edson_20_04/box_bot/build/box_bot_description' returned '0': CMAKE_PREFIX_PATH=${CMAKE_PREFIX_PATH}:/opt/ros/foxy /usr/bin/cmake --install /home/edson_20_04/box_bot/build/box_bot_description
[0.405s] Level 1:colcon.colcon_core.environment:checking '/home/edson_20_04/box_bot/install/box_bot_description' for CMake module files
[0.405s] Level 1:colcon.colcon_core.environment:checking '/home/edson_20_04/box_bot/install/box_bot_description' for CMake config files
[0.405s] Level 1:colcon.colcon_core.shell:create_environment_hook('box_bot_description', 'cmake_prefix_path')
[0.406s] INFO:colcon.colcon_core.shell:Creating environment hook '/home/edson_20_04/box_bot/install/box_bot_description/share/box_bot_description/hook/cmake_prefix_path.ps1'
[0.407s] INFO:colcon.colcon_core.shell:Creating environment descriptor '/home/edson_20_04/box_bot/install/box_bot_description/share/box_bot_description/hook/cmake_prefix_path.dsv'
[0.407s] INFO:colcon.colcon_core.shell:Creating environment hook '/home/edson_20_04/box_bot/install/box_bot_description/share/box_bot_description/hook/cmake_prefix_path.sh'
[0.408s] Level 1:colcon.colcon_core.environment:checking '/home/edson_20_04/box_bot/install/box_bot_description/lib'
[0.408s] Level 1:colcon.colcon_core.environment:checking '/home/edson_20_04/box_bot/install/box_bot_description/bin'
[0.408s] Level 1:colcon.colcon_core.environment:checking '/home/edson_20_04/box_bot/install/box_bot_description/lib/pkgconfig/box_bot_description.pc'
[0.408s] Level 1:colcon.colcon_core.environment:checking '/home/edson_20_04/box_bot/install/box_bot_description/lib/python3.8/site-packages'
[0.409s] Level 1:colcon.colcon_core.environment:checking '/home/edson_20_04/box_bot/install/box_bot_description/bin'
[0.410s] INFO:colcon.colcon_core.shell:Creating package script '/home/edson_20_04/box_bot/install/box_bot_description/share/box_bot_description/package.ps1'
[0.411s] INFO:colcon.colcon_core.shell:Creating package descriptor '/home/edson_20_04/box_bot/install/box_bot_description/share/box_bot_description/package.dsv'
[0.411s] INFO:colcon.colcon_core.shell:Creating package script '/home/edson_20_04/box_bot/install/box_bot_description/share/box_bot_description/package.sh'
[0.411s] INFO:colcon.colcon_core.shell:Creating package script '/home/edson_20_04/box_bot/install/box_bot_description/share/box_bot_description/package.bash'
[0.412s] INFO:colcon.colcon_core.shell:Creating package script '/home/edson_20_04/box_bot/install/box_bot_description/share/box_bot_description/package.zsh'
[0.412s] Level 1:colcon.colcon_core.environment:create_file_with_runtime_dependencies(/home/edson_20_04/box_bot/install/box_bot_description/share/colcon-core/packages/box_bot_description)
[0.415s] Level 1:colcon.colcon_core.environment:create_environment_scripts_only(box_bot_gazebo)
[0.417s] Level 1:colcon.colcon_core.environment:checking '/home/edson_20_04/box_bot/install/box_bot_gazebo' for CMake module files
[0.418s] DEBUG:colcon.colcon_core.event_handler.log_command:Invoked command in '/home/edson_20_04/box_bot/build/box_bot_gazebo' returned '0': CMAKE_PREFIX_PATH=${CMAKE_PREFIX_PATH}:/opt/ros/foxy /usr/bin/cmake --install /home/edson_20_04/box_bot/build/box_bot_gazebo
[0.418s] Level 1:colcon.colcon_core.environment:checking '/home/edson_20_04/box_bot/install/box_bot_gazebo' for CMake config files
[0.419s] Level 1:colcon.colcon_core.shell:create_environment_hook('box_bot_gazebo', 'cmake_prefix_path')
[0.420s] INFO:colcon.colcon_core.shell:Creating environment hook '/home/edson_20_04/box_bot/install/box_bot_gazebo/share/box_bot_gazebo/hook/cmake_prefix_path.ps1'
[0.420s] INFO:colcon.colcon_core.shell:Creating environment descriptor '/home/edson_20_04/box_bot/install/box_bot_gazebo/share/box_bot_gazebo/hook/cmake_prefix_path.dsv'
[0.421s] INFO:colcon.colcon_core.shell:Creating environment hook '/home/edson_20_04/box_bot/install/box_bot_gazebo/share/box_bot_gazebo/hook/cmake_prefix_path.sh'
[0.422s] Level 1:colcon.colcon_core.environment:checking '/home/edson_20_04/box_bot/install/box_bot_gazebo/bin'
[0.422s] Level 1:colcon.colcon_core.environment:checking '/home/edson_20_04/box_bot/install/box_bot_gazebo/lib/pkgconfig/box_bot_gazebo.pc'
[0.422s] Level 1:colcon.colcon_core.environment:checking '/home/edson_20_04/box_bot/install/box_bot_gazebo/lib/python3.8/site-packages'
[0.422s] Level 1:colcon.colcon_core.environment:checking '/home/edson_20_04/box_bot/install/box_bot_gazebo/bin'
[0.423s] INFO:colcon.colcon_core.shell:Creating package script '/home/edson_20_04/box_bot/install/box_bot_gazebo/share/box_bot_gazebo/package.ps1'
[0.424s] INFO:colcon.colcon_core.shell:Creating package descriptor '/home/edson_20_04/box_bot/install/box_bot_gazebo/share/box_bot_gazebo/package.dsv'
[0.424s] INFO:colcon.colcon_core.shell:Creating package script '/home/edson_20_04/box_bot/install/box_bot_gazebo/share/box_bot_gazebo/package.sh'
[0.424s] INFO:colcon.colcon_core.shell:Creating package script '/home/edson_20_04/box_bot/install/box_bot_gazebo/share/box_bot_gazebo/package.bash'
[0.425s] INFO:colcon.colcon_core.shell:Creating package script '/home/edson_20_04/box_bot/install/box_bot_gazebo/share/box_bot_gazebo/package.zsh'
[0.425s] Level 1:colcon.colcon_core.environment:create_file_with_runtime_dependencies(/home/edson_20_04/box_bot/install/box_bot_gazebo/share/colcon-core/packages/box_bot_gazebo)
[0.429s] Level 1:colcon.colcon_core.environment:create_environment_scripts_only(box_bot_description)
[0.430s] Level 1:colcon.colcon_core.environment:checking '/home/edson_20_04/box_bot/install/box_bot_description' for CMake module files
[0.431s] Level 1:colcon.colcon_core.environment:checking '/home/edson_20_04/box_bot/install/box_bot_description' for CMake config files
[0.431s] Level 1:colcon.colcon_core.shell:create_environment_hook('box_bot_description', 'cmake_prefix_path')
[0.432s] INFO:colcon.colcon_core.shell:Creating environment hook '/home/edson_20_04/box_bot/install/box_bot_description/share/box_bot_description/hook/cmake_prefix_path.ps1'
[0.432s] INFO:colcon.colcon_core.shell:Creating environment descriptor '/home/edson_20_04/box_bot/install/box_bot_description/share/box_bot_description/hook/cmake_prefix_path.dsv'
[0.433s] INFO:colcon.colcon_core.shell:Creating environment hook '/home/edson_20_04/box_bot/install/box_bot_description/share/box_bot_description/hook/cmake_prefix_path.sh'
[0.433s] Level 1:colcon.colcon_core.environment:checking '/home/edson_20_04/box_bot/install/box_bot_description/lib'
[0.433s] Level 1:colcon.colcon_core.environment:checking '/home/edson_20_04/box_bot/install/box_bot_description/bin'
[0.433s] Level 1:colcon.colcon_core.environment:checking '/home/edson_20_04/box_bot/install/box_bot_description/lib/pkgconfig/box_bot_description.pc'
[0.433s] Level 1:colcon.colcon_core.environment:checking '/home/edson_20_04/box_bot/install/box_bot_description/lib/python3.8/site-packages'
[0.433s] Level 1:colcon.colcon_core.environment:checking '/home/edson_20_04/box_bot/install/box_bot_description/bin'
[0.434s] INFO:colcon.colcon_core.shell:Creating package script '/home/edson_20_04/box_bot/install/box_bot_description/share/box_bot_description/package.ps1'
[0.435s] INFO:colcon.colcon_core.shell:Creating package descriptor '/home/edson_20_04/box_bot/install/box_bot_description/share/box_bot_description/package.dsv'
[0.435s] INFO:colcon.colcon_core.shell:Creating package script '/home/edson_20_04/box_bot/install/box_bot_description/share/box_bot_description/package.sh'
[0.435s] INFO:colcon.colcon_core.shell:Creating package script '/home/edson_20_04/box_bot/install/box_bot_description/share/box_bot_description/package.bash'
[0.436s] INFO:colcon.colcon_core.shell:Creating package script '/home/edson_20_04/box_bot/install/box_bot_description/share/box_bot_description/package.zsh'
[0.436s] Level 1:colcon.colcon_core.environment:create_file_with_runtime_dependencies(/home/edson_20_04/box_bot/install/box_bot_description/share/colcon-core/packages/box_bot_description)
[0.442s] Level 1:colcon.colcon_core.environment:create_environment_scripts_only(box_bot_gazebo)
[0.443s] Level 1:colcon.colcon_core.environment:checking '/home/edson_20_04/box_bot/install/box_bot_gazebo' for CMake module files
[0.444s] Level 1:colcon.colcon_core.environment:checking '/home/edson_20_04/box_bot/install/box_bot_gazebo' for CMake config files
[0.444s] Level 1:colcon.colcon_core.shell:create_environment_hook('box_bot_gazebo', 'cmake_prefix_path')
[0.445s] INFO:colcon.colcon_core.shell:Creating environment hook '/home/edson_20_04/box_bot/install/box_bot_gazebo/share/box_bot_gazebo/hook/cmake_prefix_path.ps1'
[0.445s] INFO:colcon.colcon_core.shell:Creating environment descriptor '/home/edson_20_04/box_bot/install/box_bot_gazebo/share/box_bot_gazebo/hook/cmake_prefix_path.dsv'
[0.445s] INFO:colcon.colcon_core.shell:Creating environment hook '/home/edson_20_04/box_bot/install/box_bot_gazebo/share/box_bot_gazebo/hook/cmake_prefix_path.sh'
[0.446s] Level 1:colcon.colcon_core.environment:checking '/home/edson_20_04/box_bot/install/box_bot_gazebo/bin'
[0.446s] Level 1:colcon.colcon_core.environment:checking '/home/edson_20_04/box_bot/install/box_bot_gazebo/lib/pkgconfig/box_bot_gazebo.pc'
[0.446s] Level 1:colcon.colcon_core.environment:checking '/home/edson_20_04/box_bot/install/box_bot_gazebo/lib/python3.8/site-packages'
[0.446s] Level 1:colcon.colcon_core.environment:checking '/home/edson_20_04/box_bot/install/box_bot_gazebo/bin'
[0.447s] INFO:colcon.colcon_core.shell:Creating package script '/home/edson_20_04/box_bot/install/box_bot_gazebo/share/box_bot_gazebo/package.ps1'
[0.447s] INFO:colcon.colcon_core.shell:Creating package descriptor '/home/edson_20_04/box_bot/install/box_bot_gazebo/share/box_bot_gazebo/package.dsv'
[0.448s] INFO:colcon.colcon_core.shell:Creating package script '/home/edson_20_04/box_bot/install/box_bot_gazebo/share/box_bot_gazebo/package.sh'
[0.448s] INFO:colcon.colcon_core.shell:Creating package script '/home/edson_20_04/box_bot/install/box_bot_gazebo/share/box_bot_gazebo/package.bash'
[0.448s] INFO:colcon.colcon_core.shell:Creating package script '/home/edson_20_04/box_bot/install/box_bot_gazebo/share/box_bot_gazebo/package.zsh'
[0.449s] Level 1:colcon.colcon_core.environment:create_file_with_runtime_dependencies(/home/edson_20_04/box_bot/install/box_bot_gazebo/share/colcon-core/packages/box_bot_gazebo)
[5.057s] DEBUG:colcon.colcon_core.event_handler.log_command:Invoked command in '/home/edson_20_04/box_bot/build/planning' returned '0': CMAKE_PREFIX_PATH=${CMAKE_PREFIX_PATH}:/opt/ros/foxy /usr/bin/cmake --build /home/edson_20_04/box_bot/build/planning -- -j16 -l16
[5.074s] DEBUG:colcon.colcon_core.event_handler.log_command:Invoking command in '/home/edson_20_04/box_bot/build/planning': CMAKE_PREFIX_PATH=${CMAKE_PREFIX_PATH}:/opt/ros/foxy /usr/bin/cmake --install /home/edson_20_04/box_bot/build/planning
[5.081s] Level 1:colcon.colcon_core.environment:create_environment_scripts_only(planning)
[5.083s] Level 1:colcon.colcon_core.environment:checking '/home/edson_20_04/box_bot/install/planning' for CMake module files
[5.084s] DEBUG:colcon.colcon_core.event_handler.log_command:Invoked command in '/home/edson_20_04/box_bot/build/planning' returned '0': CMAKE_PREFIX_PATH=${CMAKE_PREFIX_PATH}:/opt/ros/foxy /usr/bin/cmake --install /home/edson_20_04/box_bot/build/planning
[5.084s] Level 1:colcon.colcon_core.environment:checking '/home/edson_20_04/box_bot/install/planning' for CMake config files
[5.084s] Level 1:colcon.colcon_core.shell:create_environment_hook('planning', 'cmake_prefix_path')
[5.085s] INFO:colcon.colcon_core.shell:Creating environment hook '/home/edson_20_04/box_bot/install/planning/share/planning/hook/cmake_prefix_path.ps1'
[5.085s] INFO:colcon.colcon_core.shell:Creating environment descriptor '/home/edson_20_04/box_bot/install/planning/share/planning/hook/cmake_prefix_path.dsv'
[5.086s] INFO:colcon.colcon_core.shell:Creating environment hook '/home/edson_20_04/box_bot/install/planning/share/planning/hook/cmake_prefix_path.sh'
[5.086s] Level 1:colcon.colcon_core.environment:checking '/home/edson_20_04/box_bot/install/planning/lib'
[5.086s] Level 1:colcon.colcon_core.environment:checking '/home/edson_20_04/box_bot/install/planning/bin'
[5.086s] Level 1:colcon.colcon_core.environment:checking '/home/edson_20_04/box_bot/install/planning/lib/pkgconfig/planning.pc'
[5.087s] Level 1:colcon.colcon_core.environment:checking '/home/edson_20_04/box_bot/install/planning/lib/python3.8/site-packages'
[5.087s] Level 1:colcon.colcon_core.environment:checking '/home/edson_20_04/box_bot/install/planning/bin'
[5.088s] INFO:colcon.colcon_core.shell:Creating package script '/home/edson_20_04/box_bot/install/planning/share/planning/package.ps1'
[5.088s] INFO:colcon.colcon_core.shell:Creating package descriptor '/home/edson_20_04/box_bot/install/planning/share/planning/package.dsv'
[5.088s] INFO:colcon.colcon_core.shell:Creating package script '/home/edson_20_04/box_bot/install/planning/share/planning/package.sh'
[5.089s] INFO:colcon.colcon_core.shell:Creating package script '/home/edson_20_04/box_bot/install/planning/share/planning/package.bash'
[5.089s] INFO:colcon.colcon_core.shell:Creating package script '/home/edson_20_04/box_bot/install/planning/share/planning/package.zsh'
[5.089s] Level 1:colcon.colcon_core.environment:create_file_with_runtime_dependencies(/home/edson_20_04/box_bot/install/planning/share/colcon-core/packages/planning)
[5.105s] Level 1:colcon.colcon_core.environment:create_environment_scripts_only(planning)
[5.106s] Level 1:colcon.colcon_core.environment:checking '/home/edson_20_04/box_bot/install/planning' for CMake module files
[5.106s] Level 1:colcon.colcon_core.environment:checking '/home/edson_20_04/box_bot/install/planning' for CMake config files
[5.106s] Level 1:colcon.colcon_core.shell:create_environment_hook('planning', 'cmake_prefix_path')
[5.107s] INFO:colcon.colcon_core.shell:Creating environment hook '/home/edson_20_04/box_bot/install/planning/share/planning/hook/cmake_prefix_path.ps1'
[5.108s] INFO:colcon.colcon_core.shell:Creating environment descriptor '/home/edson_20_04/box_bot/install/planning/share/planning/hook/cmake_prefix_path.dsv'
[5.108s] INFO:colcon.colcon_core.shell:Creating environment hook '/home/edson_20_04/box_bot/install/planning/share/planning/hook/cmake_prefix_path.sh'
[5.108s] Level 1:colcon.colcon_core.environment:checking '/home/edson_20_04/box_bot/install/planning/lib'
[5.108s] Level 1:colcon.colcon_core.environment:checking '/home/edson_20_04/box_bot/install/planning/bin'
[5.109s] Level 1:colcon.colcon_core.environment:checking '/home/edson_20_04/box_bot/install/planning/lib/pkgconfig/planning.pc'
[5.109s] Level 1:colcon.colcon_core.environment:checking '/home/edson_20_04/box_bot/install/planning/lib/python3.8/site-packages'
[5.109s] Level 1:colcon.colcon_core.environment:checking '/home/edson_20_04/box_bot/install/planning/bin'
[5.110s] INFO:colcon.colcon_core.shell:Creating package script '/home/edson_20_04/box_bot/install/planning/share/planning/package.ps1'
[5.111s] INFO:colcon.colcon_core.shell:Creating package descriptor '/home/edson_20_04/box_bot/install/planning/share/planning/package.dsv'
[5.111s] INFO:colcon.colcon_core.shell:Creating package script '/home/edson_20_04/box_bot/install/planning/share/planning/package.sh'
[5.111s] INFO:colcon.colcon_core.shell:Creating package script '/home/edson_20_04/box_bot/install/planning/share/planning/package.bash'
[5.111s] INFO:colcon.colcon_core.shell:Creating package script '/home/edson_20_04/box_bot/install/planning/share/planning/package.zsh'
[5.112s] Level 1:colcon.colcon_core.environment:create_file_with_runtime_dependencies(/home/edson_20_04/box_bot/install/planning/share/colcon-core/packages/planning)
[5.112s] DEBUG:colcon.colcon_parallel_executor.executor.parallel:closing loop
[5.112s] DEBUG:colcon.colcon_parallel_executor.executor.parallel:loop closed
[5.113s] DEBUG:colcon.colcon_parallel_executor.executor.parallel:run_until_complete finished with '0'
[5.113s] DEBUG:colcon.colcon_core.event_reactor:joining thread
[5.163s] INFO:colcon.colcon_core.plugin_system:Skipping extension 'colcon_notification.desktop_notification.notify_send': Could not find 'notify-send'
[5.164s] INFO:colcon.colcon_core.plugin_system:Skipping extension 'colcon_notification.desktop_notification.terminal_notifier': Not used on non-Darwin systems
[5.164s] INFO:colcon.colcon_core.plugin_system:Skipping extension 'colcon_notification.desktop_notification.win32': Not used on non-Windows systems
[5.164s] INFO:colcon.colcon_notification.desktop_notification:Sending desktop notification using 'notify2'
[5.169s] DEBUG:colcon.colcon_notification.desktop_notification.notify2:Failed to initialize notify2: org.freedesktop.DBus.Error.ServiceUnknown: The name org.freedesktop.Notifications was not provided by any .service files
[5.169s] DEBUG:colcon.colcon_core.event_reactor:joined thread
[5.170s] INFO:colcon.colcon_core.shell:Creating prefix script '/home/edson_20_04/box_bot/install/local_setup.ps1'
[5.171s] INFO:colcon.colcon_core.shell:Creating prefix util module '/home/edson_20_04/box_bot/install/_local_setup_util_ps1.py'
[5.172s] INFO:colcon.colcon_core.shell:Creating prefix chain script '/home/edson_20_04/box_bot/install/setup.ps1'
[5.173s] INFO:colcon.colcon_core.shell:Creating prefix script '/home/edson_20_04/box_bot/install/local_setup.sh'
[5.174s] INFO:colcon.colcon_core.shell:Creating prefix util module '/home/edson_20_04/box_bot/install/_local_setup_util_sh.py'
[5.174s] INFO:colcon.colcon_core.shell:Creating prefix chain script '/home/edson_20_04/box_bot/install/setup.sh'
[5.175s] INFO:colcon.colcon_core.shell:Creating prefix script '/home/edson_20_04/box_bot/install/local_setup.bash'
[5.175s] INFO:colcon.colcon_core.shell:Creating prefix chain script '/home/edson_20_04/box_bot/install/setup.bash'
[5.176s] INFO:colcon.colcon_core.shell:Creating prefix script '/home/edson_20_04/box_bot/install/local_setup.zsh'
[5.177s] INFO:colcon.colcon_core.shell:Creating prefix chain script '/home/edson_20_04/box_bot/install/setup.zsh'
