[0.297s] DEBUG:colcon:Command line arguments: ['/usr/bin/colcon', 'build']
[0.297s] DEBUG:colcon:Parsed command line arguments: Namespace(allow_overriding=[], ament_cmake_args=None, base_paths=['.'], build_base='build', catkin_cmake_args=None, catkin_skip_building_tests=False, cmake_args=None, cmake_clean_cache=False, cmake_clean_first=False, cmake_force_configure=False, cmake_target=None, cmake_target_skip_unavailable=False, continue_on_error=False, event_handlers=None, executor='parallel', ignore_user_meta=False, install_base='install', log_base=None, log_level=None, main=<bound method BuildVerb.main of <colcon_core.verb.build.BuildVerb object at 0x7f6e8d064d30>>, merge_install=False, metas=['./colcon.meta'], packages_above=None, packages_above_and_dependencies=None, packages_above_depth=None, packages_end=None, packages_ignore=None, packages_ignore_regex=None, packages_select=None, packages_select_build_failed=False, packages_select_by_dep=None, packages_select_regex=None, packages_select_test_failures=False, packages_skip=None, packages_skip_build_finished=False, packages_skip_by_dep=None, packages_skip_regex=None, packages_skip_test_passed=False, packages_skip_up_to=None, packages_start=None, packages_up_to=None, packages_up_to_regex=None, parallel_workers=16, paths=None, symlink_install=False, test_result_base=None, verb_extension=<colcon_core.verb.build.BuildVerb object at 0x7f6e8d064d30>, verb_name='build', verb_parser=<colcon_defaults.argument_parser.defaults.DefaultArgumentsDecorator object at 0x7f6e8d06f2e0>)
[0.319s] Level 1:colcon.colcon_core.package_discovery:discover_packages(colcon_meta) check parameters
[0.319s] Level 1:colcon.colcon_core.package_discovery:discover_packages(recursive) check parameters
[0.319s] Level 1:colcon.colcon_core.package_discovery:discover_packages(ignore) check parameters
[0.319s] Level 1:colcon.colcon_core.package_discovery:discover_packages(path) check parameters
[0.319s] Level 1:colcon.colcon_core.package_discovery:discover_packages(colcon_meta) discover
[0.319s] Level 1:colcon.colcon_core.package_discovery:discover_packages(recursive) discover
[0.319s] INFO:colcon.colcon_core.package_discovery:Crawling recursively for packages in '/home/edson_20_04/TCAS'
[0.319s] Level 1:colcon.colcon_core.package_identification:_identify(.) by extensions ['ignore', 'ignore_ament_install']
[0.319s] Level 1:colcon.colcon_core.package_identification:_identify(.) by extension 'ignore'
[0.319s] Level 1:colcon.colcon_core.package_identification:_identify(.) by extension 'ignore_ament_install'
[0.320s] Level 1:colcon.colcon_core.package_identification:_identify(.) by extensions ['colcon_pkg']
[0.320s] Level 1:colcon.colcon_core.package_identification:_identify(.) by extension 'colcon_pkg'
[0.320s] Level 1:colcon.colcon_core.package_identification:_identify(.) by extensions ['colcon_meta']
[0.320s] Level 1:colcon.colcon_core.package_identification:_identify(.) by extension 'colcon_meta'
[0.320s] Level 1:colcon.colcon_core.package_identification:_identify(.) by extensions ['ros']
[0.320s] Level 1:colcon.colcon_core.package_identification:_identify(.) by extension 'ros'
[0.339s] Level 1:colcon.colcon_core.package_identification:_identify(.) by extensions ['cmake', 'python']
[0.339s] Level 1:colcon.colcon_core.package_identification:_identify(.) by extension 'cmake'
[0.339s] Level 1:colcon.colcon_core.package_identification:_identify(.) by extension 'python'
[0.340s] Level 1:colcon.colcon_core.package_identification:_identify(.) by extensions ['python_setup_py']
[0.340s] Level 1:colcon.colcon_core.package_identification:_identify(.) by extension 'python_setup_py'
[0.340s] Level 1:colcon.colcon_core.package_identification:_identify(Docs) by extensions ['ignore', 'ignore_ament_install']
[0.340s] Level 1:colcon.colcon_core.package_identification:_identify(Docs) by extension 'ignore'
[0.340s] Level 1:colcon.colcon_core.package_identification:_identify(Docs) by extension 'ignore_ament_install'
[0.340s] Level 1:colcon.colcon_core.package_identification:_identify(Docs) by extensions ['colcon_pkg']
[0.340s] Level 1:colcon.colcon_core.package_identification:_identify(Docs) by extension 'colcon_pkg'
[0.340s] Level 1:colcon.colcon_core.package_identification:_identify(Docs) by extensions ['colcon_meta']
[0.340s] Level 1:colcon.colcon_core.package_identification:_identify(Docs) by extension 'colcon_meta'
[0.340s] Level 1:colcon.colcon_core.package_identification:_identify(Docs) by extensions ['ros']
[0.340s] Level 1:colcon.colcon_core.package_identification:_identify(Docs) by extension 'ros'
[0.340s] Level 1:colcon.colcon_core.package_identification:_identify(Docs) by extensions ['cmake', 'python']
[0.340s] Level 1:colcon.colcon_core.package_identification:_identify(Docs) by extension 'cmake'
[0.340s] Level 1:colcon.colcon_core.package_identification:_identify(Docs) by extension 'python'
[0.340s] Level 1:colcon.colcon_core.package_identification:_identify(Docs) by extensions ['python_setup_py']
[0.340s] Level 1:colcon.colcon_core.package_identification:_identify(Docs) by extension 'python_setup_py'
[0.340s] Level 1:colcon.colcon_core.package_identification:_identify(box_bot_description) by extensions ['ignore', 'ignore_ament_install']
[0.340s] Level 1:colcon.colcon_core.package_identification:_identify(box_bot_description) by extension 'ignore'
[0.340s] Level 1:colcon.colcon_core.package_identification:_identify(box_bot_description) by extension 'ignore_ament_install'
[0.341s] Level 1:colcon.colcon_core.package_identification:_identify(box_bot_description) by extensions ['colcon_pkg']
[0.341s] Level 1:colcon.colcon_core.package_identification:_identify(box_bot_description) by extension 'colcon_pkg'
[0.341s] Level 1:colcon.colcon_core.package_identification:_identify(box_bot_description) by extensions ['colcon_meta']
[0.341s] Level 1:colcon.colcon_core.package_identification:_identify(box_bot_description) by extension 'colcon_meta'
[0.341s] Level 1:colcon.colcon_core.package_identification:_identify(box_bot_description) by extensions ['ros']
[0.341s] Level 1:colcon.colcon_core.package_identification:_identify(box_bot_description) by extension 'ros'
[0.343s] DEBUG:colcon.colcon_core.package_identification:Package 'box_bot_description' with type 'ros.ament_cmake' and name 'box_bot_description'
[0.343s] Level 1:colcon.colcon_core.package_identification:_identify(box_bot_gazebo) by extensions ['ignore', 'ignore_ament_install']
[0.343s] Level 1:colcon.colcon_core.package_identification:_identify(box_bot_gazebo) by extension 'ignore'
[0.344s] Level 1:colcon.colcon_core.package_identification:_identify(box_bot_gazebo) by extension 'ignore_ament_install'
[0.344s] Level 1:colcon.colcon_core.package_identification:_identify(box_bot_gazebo) by extensions ['colcon_pkg']
[0.344s] Level 1:colcon.colcon_core.package_identification:_identify(box_bot_gazebo) by extension 'colcon_pkg'
[0.344s] Level 1:colcon.colcon_core.package_identification:_identify(box_bot_gazebo) by extensions ['colcon_meta']
[0.344s] Level 1:colcon.colcon_core.package_identification:_identify(box_bot_gazebo) by extension 'colcon_meta'
[0.344s] Level 1:colcon.colcon_core.package_identification:_identify(box_bot_gazebo) by extensions ['ros']
[0.344s] Level 1:colcon.colcon_core.package_identification:_identify(box_bot_gazebo) by extension 'ros'
[0.344s] DEBUG:colcon.colcon_core.package_identification:Package 'box_bot_gazebo' with type 'ros.ament_cmake' and name 'box_bot_gazebo'
[0.344s] Level 1:colcon.colcon_core.package_identification:_identify(build) by extensions ['ignore', 'ignore_ament_install']
[0.345s] Level 1:colcon.colcon_core.package_identification:_identify(build) by extension 'ignore'
[0.345s] Level 1:colcon.colcon_core.package_identification:_identify(build) ignored
[0.345s] Level 1:colcon.colcon_core.package_identification:_identify(install) by extensions ['ignore', 'ignore_ament_install']
[0.345s] Level 1:colcon.colcon_core.package_identification:_identify(install) by extension 'ignore'
[0.345s] Level 1:colcon.colcon_core.package_identification:_identify(install) ignored
[0.345s] Level 1:colcon.colcon_core.package_identification:_identify(log) by extensions ['ignore', 'ignore_ament_install']
[0.345s] Level 1:colcon.colcon_core.package_identification:_identify(log) by extension 'ignore'
[0.345s] Level 1:colcon.colcon_core.package_identification:_identify(log) ignored
[0.346s] Level 1:colcon.colcon_core.package_identification:_identify(planning) by extensions ['ignore', 'ignore_ament_install']
[0.346s] Level 1:colcon.colcon_core.package_identification:_identify(planning) by extension 'ignore'
[0.346s] Level 1:colcon.colcon_core.package_identification:_identify(planning) by extension 'ignore_ament_install'
[0.346s] Level 1:colcon.colcon_core.package_identification:_identify(planning) by extensions ['colcon_pkg']
[0.346s] Level 1:colcon.colcon_core.package_identification:_identify(planning) by extension 'colcon_pkg'
[0.346s] Level 1:colcon.colcon_core.package_identification:_identify(planning) by extensions ['colcon_meta']
[0.346s] Level 1:colcon.colcon_core.package_identification:_identify(planning) by extension 'colcon_meta'
[0.346s] Level 1:colcon.colcon_core.package_identification:_identify(planning) by extensions ['ros']
[0.346s] Level 1:colcon.colcon_core.package_identification:_identify(planning) by extension 'ros'
[0.347s] DEBUG:colcon.colcon_core.package_identification:Package 'planning' with type 'ros.ament_cmake' and name 'planning'
[0.347s] Level 1:colcon.colcon_core.package_discovery:discover_packages(recursive) using defaults
[0.347s] Level 1:colcon.colcon_core.package_discovery:discover_packages(ignore) discover
[0.347s] Level 1:colcon.colcon_core.package_discovery:discover_packages(ignore) using defaults
[0.347s] Level 1:colcon.colcon_core.package_discovery:discover_packages(path) discover
[0.347s] Level 1:colcon.colcon_core.package_discovery:discover_packages(path) using defaults
[0.369s] Level 1:colcon.colcon_core.package_discovery:discover_packages(prefix_path) check parameters
[0.369s] Level 1:colcon.colcon_core.package_discovery:discover_packages(prefix_path) discover
[0.372s] DEBUG:colcon.colcon_installed_package_information.package_discovery:Found 5 installed packages in /home/edson_20_04/TCAS/install
[0.374s] DEBUG:colcon.colcon_installed_package_information.package_discovery:Found 398 installed packages in /opt/ros/foxy
[0.377s] Level 1:colcon.colcon_core.package_discovery:discover_packages(prefix_path) using defaults
[0.450s] Level 5:colcon.colcon_core.verb:set package 'box_bot_description' build argument 'cmake_args' from command line to 'None'
[0.451s] Level 5:colcon.colcon_core.verb:set package 'box_bot_description' build argument 'cmake_target' from command line to 'None'
[0.451s] Level 5:colcon.colcon_core.verb:set package 'box_bot_description' build argument 'cmake_target_skip_unavailable' from command line to 'False'
[0.451s] Level 5:colcon.colcon_core.verb:set package 'box_bot_description' build argument 'cmake_clean_cache' from command line to 'False'
[0.451s] Level 5:colcon.colcon_core.verb:set package 'box_bot_description' build argument 'cmake_clean_first' from command line to 'False'
[0.451s] Level 5:colcon.colcon_core.verb:set package 'box_bot_description' build argument 'cmake_force_configure' from command line to 'False'
[0.451s] Level 5:colcon.colcon_core.verb:set package 'box_bot_description' build argument 'ament_cmake_args' from command line to 'None'
[0.451s] Level 5:colcon.colcon_core.verb:set package 'box_bot_description' build argument 'catkin_cmake_args' from command line to 'None'
[0.451s] Level 5:colcon.colcon_core.verb:set package 'box_bot_description' build argument 'catkin_skip_building_tests' from command line to 'False'
[0.451s] DEBUG:colcon.colcon_core.verb:Building package 'box_bot_description' with the following arguments: {'ament_cmake_args': None, 'build_base': '/home/edson_20_04/TCAS/build/box_bot_description', 'catkin_cmake_args': None, 'catkin_skip_building_tests': False, 'cmake_args': None, 'cmake_clean_cache': False, 'cmake_clean_first': False, 'cmake_force_configure': False, 'cmake_target': None, 'cmake_target_skip_unavailable': False, 'install_base': '/home/edson_20_04/TCAS/install/box_bot_description', 'merge_install': False, 'path': '/home/edson_20_04/TCAS/box_bot_description', 'symlink_install': False, 'test_result_base': None}
[0.452s] Level 5:colcon.colcon_core.verb:set package 'box_bot_gazebo' build argument 'cmake_args' from command line to 'None'
[0.452s] Level 5:colcon.colcon_core.verb:set package 'box_bot_gazebo' build argument 'cmake_target' from command line to 'None'
[0.452s] Level 5:colcon.colcon_core.verb:set package 'box_bot_gazebo' build argument 'cmake_target_skip_unavailable' from command line to 'False'
[0.452s] Level 5:colcon.colcon_core.verb:set package 'box_bot_gazebo' build argument 'cmake_clean_cache' from command line to 'False'
[0.452s] Level 5:colcon.colcon_core.verb:set package 'box_bot_gazebo' build argument 'cmake_clean_first' from command line to 'False'
[0.452s] Level 5:colcon.colcon_core.verb:set package 'box_bot_gazebo' build argument 'cmake_force_configure' from command line to 'False'
[0.452s] Level 5:colcon.colcon_core.verb:set package 'box_bot_gazebo' build argument 'ament_cmake_args' from command line to 'None'
[0.452s] Level 5:colcon.colcon_core.verb:set package 'box_bot_gazebo' build argument 'catkin_cmake_args' from command line to 'None'
[0.452s] Level 5:colcon.colcon_core.verb:set package 'box_bot_gazebo' build argument 'catkin_skip_building_tests' from command line to 'False'
[0.452s] DEBUG:colcon.colcon_core.verb:Building package 'box_bot_gazebo' with the following arguments: {'ament_cmake_args': None, 'build_base': '/home/edson_20_04/TCAS/build/box_bot_gazebo', 'catkin_cmake_args': None, 'catkin_skip_building_tests': False, 'cmake_args': None, 'cmake_clean_cache': False, 'cmake_clean_first': False, 'cmake_force_configure': False, 'cmake_target': None, 'cmake_target_skip_unavailable': False, 'install_base': '/home/edson_20_04/TCAS/install/box_bot_gazebo', 'merge_install': False, 'path': '/home/edson_20_04/TCAS/box_bot_gazebo', 'symlink_install': False, 'test_result_base': None}
[0.453s] Level 5:colcon.colcon_core.verb:set package 'planning' build argument 'cmake_args' from command line to 'None'
[0.453s] Level 5:colcon.colcon_core.verb:set package 'planning' build argument 'cmake_target' from command line to 'None'
[0.453s] Level 5:colcon.colcon_core.verb:set package 'planning' build argument 'cmake_target_skip_unavailable' from command line to 'False'
[0.453s] Level 5:colcon.colcon_core.verb:set package 'planning' build argument 'cmake_clean_cache' from command line to 'False'
[0.453s] Level 5:colcon.colcon_core.verb:set package 'planning' build argument 'cmake_clean_first' from command line to 'False'
[0.453s] Level 5:colcon.colcon_core.verb:set package 'planning' build argument 'cmake_force_configure' from command line to 'False'
[0.453s] Level 5:colcon.colcon_core.verb:set package 'planning' build argument 'ament_cmake_args' from command line to 'None'
[0.453s] Level 5:colcon.colcon_core.verb:set package 'planning' build argument 'catkin_cmake_args' from command line to 'None'
[0.453s] Level 5:colcon.colcon_core.verb:set package 'planning' build argument 'catkin_skip_building_tests' from command line to 'False'
[0.453s] DEBUG:colcon.colcon_core.verb:Building package 'planning' with the following arguments: {'ament_cmake_args': None, 'build_base': '/home/edson_20_04/TCAS/build/planning', 'catkin_cmake_args': None, 'catkin_skip_building_tests': False, 'cmake_args': None, 'cmake_clean_cache': False, 'cmake_clean_first': False, 'cmake_force_configure': False, 'cmake_target': None, 'cmake_target_skip_unavailable': False, 'install_base': '/home/edson_20_04/TCAS/install/planning', 'merge_install': False, 'path': '/home/edson_20_04/TCAS/planning', 'symlink_install': False, 'test_result_base': None}
[0.454s] INFO:colcon.colcon_core.executor:Executing jobs using 'parallel' executor
[0.458s] DEBUG:colcon.colcon_parallel_executor.executor.parallel:run_until_complete
[0.458s] INFO:colcon.colcon_ros.task.ament_cmake.build:Building ROS package in '/home/edson_20_04/TCAS/box_bot_description' with build type 'ament_cmake'
[0.459s] INFO:colcon.colcon_cmake.task.cmake.build:Building CMake package in '/home/edson_20_04/TCAS/box_bot_description'
[0.462s] INFO:colcon.colcon_core.plugin_system:Skipping extension 'colcon_core.shell.bat': Not used on non-Windows systems
[0.462s] INFO:colcon.colcon_core.shell:Skip shell extension 'powershell' for command environment: Not usable outside of PowerShell
[0.463s] DEBUG:colcon.colcon_core.shell:Skip shell extension 'dsv' for command environment
[0.469s] INFO:colcon.colcon_ros.task.ament_cmake.build:Building ROS package in '/home/edson_20_04/TCAS/box_bot_gazebo' with build type 'ament_cmake'
[0.470s] INFO:colcon.colcon_cmake.task.cmake.build:Building CMake package in '/home/edson_20_04/TCAS/box_bot_gazebo'
[0.472s] INFO:colcon.colcon_core.shell:Skip shell extension 'powershell' for command environment: Not usable outside of PowerShell
[0.472s] DEBUG:colcon.colcon_core.shell:Skip shell extension 'dsv' for command environment
[0.478s] INFO:colcon.colcon_ros.task.ament_cmake.build:Building ROS package in '/home/edson_20_04/TCAS/planning' with build type 'ament_cmake'
[0.478s] INFO:colcon.colcon_cmake.task.cmake.build:Building CMake package in '/home/edson_20_04/TCAS/planning'
[0.480s] INFO:colcon.colcon_core.shell:Skip shell extension 'powershell' for command environment: Not usable outside of PowerShell
[0.481s] DEBUG:colcon.colcon_core.shell:Skip shell extension 'dsv' for command environment
[0.501s] DEBUG:colcon.colcon_core.event_handler.log_command:Invoking command in '/home/edson_20_04/TCAS/build/box_bot_description': CMAKE_PREFIX_PATH=${CMAKE_PREFIX_PATH}:/opt/ros/foxy /usr/bin/cmake --build /home/edson_20_04/TCAS/build/box_bot_description -- -j16 -l16
[0.511s] DEBUG:colcon.colcon_core.event_handler.log_command:Invoking command in '/home/edson_20_04/TCAS/build/box_bot_gazebo': CMAKE_PREFIX_PATH=${CMAKE_PREFIX_PATH}:/opt/ros/foxy /usr/bin/cmake --build /home/edson_20_04/TCAS/build/box_bot_gazebo -- -j16 -l16
[0.520s] DEBUG:colcon.colcon_core.event_handler.log_command:Invoking command in '/home/edson_20_04/TCAS/build/planning': CMAKE_PREFIX_PATH=${CMAKE_PREFIX_PATH}:/opt/ros/foxy /usr/bin/cmake --build /home/edson_20_04/TCAS/build/planning -- -j16 -l16
[0.538s] DEBUG:colcon.colcon_core.event_handler.log_command:Invoked command in '/home/edson_20_04/TCAS/build/box_bot_description' returned '0': CMAKE_PREFIX_PATH=${CMAKE_PREFIX_PATH}:/opt/ros/foxy /usr/bin/cmake --build /home/edson_20_04/TCAS/build/box_bot_description -- -j16 -l16
[0.548s] DEBUG:colcon.colcon_core.event_handler.log_command:Invoked command in '/home/edson_20_04/TCAS/build/box_bot_gazebo' returned '0': CMAKE_PREFIX_PATH=${CMAKE_PREFIX_PATH}:/opt/ros/foxy /usr/bin/cmake --build /home/edson_20_04/TCAS/build/box_bot_gazebo -- -j16 -l16
[0.557s] DEBUG:colcon.colcon_core.event_handler.log_command:Invoked command in '/home/edson_20_04/TCAS/build/planning' returned '0': CMAKE_PREFIX_PATH=${CMAKE_PREFIX_PATH}:/opt/ros/foxy /usr/bin/cmake --build /home/edson_20_04/TCAS/build/planning -- -j16 -l16
[0.574s] DEBUG:colcon.colcon_core.event_handler.log_command:Invoking command in '/home/edson_20_04/TCAS/build/box_bot_description': CMAKE_PREFIX_PATH=${CMAKE_PREFIX_PATH}:/opt/ros/foxy /usr/bin/cmake --install /home/edson_20_04/TCAS/build/box_bot_description
[0.578s] DEBUG:colcon.colcon_core.event_handler.log_command:Invoking command in '/home/edson_20_04/TCAS/build/box_bot_gazebo': CMAKE_PREFIX_PATH=${CMAKE_PREFIX_PATH}:/opt/ros/foxy /usr/bin/cmake --install /home/edson_20_04/TCAS/build/box_bot_gazebo
[0.591s] Level 1:colcon.colcon_core.environment:create_environment_scripts_only(box_bot_description)
[0.596s] DEBUG:colcon.colcon_core.event_handler.log_command:Invoking command in '/home/edson_20_04/TCAS/build/planning': CMAKE_PREFIX_PATH=${CMAKE_PREFIX_PATH}:/opt/ros/foxy /usr/bin/cmake --install /home/edson_20_04/TCAS/build/planning
[0.606s] DEBUG:colcon.colcon_core.event_handler.log_command:Invoked command in '/home/edson_20_04/TCAS/build/box_bot_description' returned '0': CMAKE_PREFIX_PATH=${CMAKE_PREFIX_PATH}:/opt/ros/foxy /usr/bin/cmake --install /home/edson_20_04/TCAS/build/box_bot_description
[0.609s] Level 1:colcon.colcon_core.environment:checking '/home/edson_20_04/TCAS/install/box_bot_description' for CMake module files
[0.610s] Level 1:colcon.colcon_core.environment:checking '/home/edson_20_04/TCAS/install/box_bot_description' for CMake config files
[0.610s] Level 1:colcon.colcon_core.shell:create_environment_hook('box_bot_description', 'cmake_prefix_path')
[0.611s] INFO:colcon.colcon_core.shell:Creating environment hook '/home/edson_20_04/TCAS/install/box_bot_description/share/box_bot_description/hook/cmake_prefix_path.ps1'
[0.612s] INFO:colcon.colcon_core.shell:Creating environment descriptor '/home/edson_20_04/TCAS/install/box_bot_description/share/box_bot_description/hook/cmake_prefix_path.dsv'
[0.613s] INFO:colcon.colcon_core.shell:Creating environment hook '/home/edson_20_04/TCAS/install/box_bot_description/share/box_bot_description/hook/cmake_prefix_path.sh'
[0.614s] Level 1:colcon.colcon_core.environment:checking '/home/edson_20_04/TCAS/install/box_bot_description/lib'
[0.614s] Level 1:colcon.colcon_core.environment:checking '/home/edson_20_04/TCAS/install/box_bot_description/bin'
[0.614s] Level 1:colcon.colcon_core.environment:checking '/home/edson_20_04/TCAS/install/box_bot_description/lib/pkgconfig/box_bot_description.pc'
[0.615s] Level 1:colcon.colcon_core.environment:checking '/home/edson_20_04/TCAS/install/box_bot_description/lib/python3.8/site-packages'
[0.615s] Level 1:colcon.colcon_core.environment:checking '/home/edson_20_04/TCAS/install/box_bot_description/bin'
[0.616s] INFO:colcon.colcon_core.shell:Creating package script '/home/edson_20_04/TCAS/install/box_bot_description/share/box_bot_description/package.ps1'
[0.617s] INFO:colcon.colcon_core.shell:Creating package descriptor '/home/edson_20_04/TCAS/install/box_bot_description/share/box_bot_description/package.dsv'
[0.617s] INFO:colcon.colcon_core.shell:Creating package script '/home/edson_20_04/TCAS/install/box_bot_description/share/box_bot_description/package.sh'
[0.618s] INFO:colcon.colcon_core.shell:Creating package script '/home/edson_20_04/TCAS/install/box_bot_description/share/box_bot_description/package.bash'
[0.619s] INFO:colcon.colcon_core.shell:Creating package script '/home/edson_20_04/TCAS/install/box_bot_description/share/box_bot_description/package.zsh'
[0.619s] Level 1:colcon.colcon_core.environment:create_file_with_runtime_dependencies(/home/edson_20_04/TCAS/install/box_bot_description/share/colcon-core/packages/box_bot_description)
[0.622s] Level 1:colcon.colcon_core.environment:create_environment_scripts_only(box_bot_gazebo)
[0.625s] Level 1:colcon.colcon_core.environment:checking '/home/edson_20_04/TCAS/install/box_bot_gazebo' for CMake module files
[0.625s] DEBUG:colcon.colcon_core.event_handler.log_command:Invoked command in '/home/edson_20_04/TCAS/build/box_bot_gazebo' returned '0': CMAKE_PREFIX_PATH=${CMAKE_PREFIX_PATH}:/opt/ros/foxy /usr/bin/cmake --install /home/edson_20_04/TCAS/build/box_bot_gazebo
[0.626s] Level 1:colcon.colcon_core.environment:checking '/home/edson_20_04/TCAS/install/box_bot_gazebo' for CMake config files
[0.626s] Level 1:colcon.colcon_core.shell:create_environment_hook('box_bot_gazebo', 'cmake_prefix_path')
[0.627s] INFO:colcon.colcon_core.shell:Creating environment hook '/home/edson_20_04/TCAS/install/box_bot_gazebo/share/box_bot_gazebo/hook/cmake_prefix_path.ps1'
[0.628s] INFO:colcon.colcon_core.shell:Creating environment descriptor '/home/edson_20_04/TCAS/install/box_bot_gazebo/share/box_bot_gazebo/hook/cmake_prefix_path.dsv'
[0.628s] INFO:colcon.colcon_core.shell:Creating environment hook '/home/edson_20_04/TCAS/install/box_bot_gazebo/share/box_bot_gazebo/hook/cmake_prefix_path.sh'
[0.629s] Level 1:colcon.colcon_core.environment:checking '/home/edson_20_04/TCAS/install/box_bot_gazebo/bin'
[0.629s] Level 1:colcon.colcon_core.environment:checking '/home/edson_20_04/TCAS/install/box_bot_gazebo/lib/pkgconfig/box_bot_gazebo.pc'
[0.629s] Level 1:colcon.colcon_core.environment:checking '/home/edson_20_04/TCAS/install/box_bot_gazebo/lib/python3.8/site-packages'
[0.629s] Level 1:colcon.colcon_core.environment:checking '/home/edson_20_04/TCAS/install/box_bot_gazebo/bin'
[0.631s] INFO:colcon.colcon_core.shell:Creating package script '/home/edson_20_04/TCAS/install/box_bot_gazebo/share/box_bot_gazebo/package.ps1'
[0.631s] INFO:colcon.colcon_core.shell:Creating package descriptor '/home/edson_20_04/TCAS/install/box_bot_gazebo/share/box_bot_gazebo/package.dsv'
[0.632s] INFO:colcon.colcon_core.shell:Creating package script '/home/edson_20_04/TCAS/install/box_bot_gazebo/share/box_bot_gazebo/package.sh'
[0.632s] INFO:colcon.colcon_core.shell:Creating package script '/home/edson_20_04/TCAS/install/box_bot_gazebo/share/box_bot_gazebo/package.bash'
[0.632s] INFO:colcon.colcon_core.shell:Creating package script '/home/edson_20_04/TCAS/install/box_bot_gazebo/share/box_bot_gazebo/package.zsh'
[0.633s] Level 1:colcon.colcon_core.environment:create_file_with_runtime_dependencies(/home/edson_20_04/TCAS/install/box_bot_gazebo/share/colcon-core/packages/box_bot_gazebo)
[0.637s] Level 1:colcon.colcon_core.environment:create_environment_scripts_only(planning)
[0.639s] Level 1:colcon.colcon_core.environment:checking '/home/edson_20_04/TCAS/install/planning' for CMake module files
[0.640s] DEBUG:colcon.colcon_core.event_handler.log_command:Invoked command in '/home/edson_20_04/TCAS/build/planning' returned '0': CMAKE_PREFIX_PATH=${CMAKE_PREFIX_PATH}:/opt/ros/foxy /usr/bin/cmake --install /home/edson_20_04/TCAS/build/planning
[0.641s] Level 1:colcon.colcon_core.environment:checking '/home/edson_20_04/TCAS/install/planning' for CMake config files
[0.641s] Level 1:colcon.colcon_core.shell:create_environment_hook('planning', 'cmake_prefix_path')
[0.642s] INFO:colcon.colcon_core.shell:Creating environment hook '/home/edson_20_04/TCAS/install/planning/share/planning/hook/cmake_prefix_path.ps1'
[0.643s] INFO:colcon.colcon_core.shell:Creating environment descriptor '/home/edson_20_04/TCAS/install/planning/share/planning/hook/cmake_prefix_path.dsv'
[0.643s] INFO:colcon.colcon_core.shell:Creating environment hook '/home/edson_20_04/TCAS/install/planning/share/planning/hook/cmake_prefix_path.sh'
[0.644s] Level 1:colcon.colcon_core.environment:checking '/home/edson_20_04/TCAS/install/planning/lib'
[0.644s] Level 1:colcon.colcon_core.environment:checking '/home/edson_20_04/TCAS/install/planning/bin'
[0.644s] Level 1:colcon.colcon_core.environment:checking '/home/edson_20_04/TCAS/install/planning/lib/pkgconfig/planning.pc'
[0.645s] Level 1:colcon.colcon_core.environment:checking '/home/edson_20_04/TCAS/install/planning/lib/python3.8/site-packages'
[0.645s] Level 1:colcon.colcon_core.environment:checking '/home/edson_20_04/TCAS/install/planning/bin'
[0.646s] INFO:colcon.colcon_core.shell:Creating package script '/home/edson_20_04/TCAS/install/planning/share/planning/package.ps1'
[0.647s] INFO:colcon.colcon_core.shell:Creating package descriptor '/home/edson_20_04/TCAS/install/planning/share/planning/package.dsv'
[0.647s] INFO:colcon.colcon_core.shell:Creating package script '/home/edson_20_04/TCAS/install/planning/share/planning/package.sh'
[0.647s] INFO:colcon.colcon_core.shell:Creating package script '/home/edson_20_04/TCAS/install/planning/share/planning/package.bash'
[0.648s] INFO:colcon.colcon_core.shell:Creating package script '/home/edson_20_04/TCAS/install/planning/share/planning/package.zsh'
[0.648s] Level 1:colcon.colcon_core.environment:create_file_with_runtime_dependencies(/home/edson_20_04/TCAS/install/planning/share/colcon-core/packages/planning)
[0.653s] Level 1:colcon.colcon_core.environment:create_environment_scripts_only(box_bot_description)
[0.655s] Level 1:colcon.colcon_core.environment:checking '/home/edson_20_04/TCAS/install/box_bot_description' for CMake module files
[0.656s] Level 1:colcon.colcon_core.environment:checking '/home/edson_20_04/TCAS/install/box_bot_description' for CMake config files
[0.656s] Level 1:colcon.colcon_core.shell:create_environment_hook('box_bot_description', 'cmake_prefix_path')
[0.657s] INFO:colcon.colcon_core.shell:Creating environment hook '/home/edson_20_04/TCAS/install/box_bot_description/share/box_bot_description/hook/cmake_prefix_path.ps1'
[0.658s] INFO:colcon.colcon_core.shell:Creating environment descriptor '/home/edson_20_04/TCAS/install/box_bot_description/share/box_bot_description/hook/cmake_prefix_path.dsv'
[0.659s] INFO:colcon.colcon_core.shell:Creating environment hook '/home/edson_20_04/TCAS/install/box_bot_description/share/box_bot_description/hook/cmake_prefix_path.sh'
[0.660s] Level 1:colcon.colcon_core.environment:checking '/home/edson_20_04/TCAS/install/box_bot_description/lib'
[0.660s] Level 1:colcon.colcon_core.environment:checking '/home/edson_20_04/TCAS/install/box_bot_description/bin'
[0.660s] Level 1:colcon.colcon_core.environment:checking '/home/edson_20_04/TCAS/install/box_bot_description/lib/pkgconfig/box_bot_description.pc'
[0.660s] Level 1:colcon.colcon_core.environment:checking '/home/edson_20_04/TCAS/install/box_bot_description/lib/python3.8/site-packages'
[0.660s] Level 1:colcon.colcon_core.environment:checking '/home/edson_20_04/TCAS/install/box_bot_description/bin'
[0.662s] INFO:colcon.colcon_core.shell:Creating package script '/home/edson_20_04/TCAS/install/box_bot_description/share/box_bot_description/package.ps1'
[0.662s] INFO:colcon.colcon_core.shell:Creating package descriptor '/home/edson_20_04/TCAS/install/box_bot_description/share/box_bot_description/package.dsv'
[0.663s] INFO:colcon.colcon_core.shell:Creating package script '/home/edson_20_04/TCAS/install/box_bot_description/share/box_bot_description/package.sh'
[0.663s] INFO:colcon.colcon_core.shell:Creating package script '/home/edson_20_04/TCAS/install/box_bot_description/share/box_bot_description/package.bash'
[0.664s] INFO:colcon.colcon_core.shell:Creating package script '/home/edson_20_04/TCAS/install/box_bot_description/share/box_bot_description/package.zsh'
[0.664s] Level 1:colcon.colcon_core.environment:create_file_with_runtime_dependencies(/home/edson_20_04/TCAS/install/box_bot_description/share/colcon-core/packages/box_bot_description)
[0.667s] Level 1:colcon.colcon_core.environment:create_environment_scripts_only(box_bot_gazebo)
[0.669s] Level 1:colcon.colcon_core.environment:checking '/home/edson_20_04/TCAS/install/box_bot_gazebo' for CMake module files
[0.670s] Level 1:colcon.colcon_core.environment:checking '/home/edson_20_04/TCAS/install/box_bot_gazebo' for CMake config files
[0.670s] Level 1:colcon.colcon_core.shell:create_environment_hook('box_bot_gazebo', 'cmake_prefix_path')
[0.671s] INFO:colcon.colcon_core.shell:Creating environment hook '/home/edson_20_04/TCAS/install/box_bot_gazebo/share/box_bot_gazebo/hook/cmake_prefix_path.ps1'
[0.672s] INFO:colcon.colcon_core.shell:Creating environment descriptor '/home/edson_20_04/TCAS/install/box_bot_gazebo/share/box_bot_gazebo/hook/cmake_prefix_path.dsv'
[0.672s] INFO:colcon.colcon_core.shell:Creating environment hook '/home/edson_20_04/TCAS/install/box_bot_gazebo/share/box_bot_gazebo/hook/cmake_prefix_path.sh'
[0.673s] Level 1:colcon.colcon_core.environment:checking '/home/edson_20_04/TCAS/install/box_bot_gazebo/bin'
[0.673s] Level 1:colcon.colcon_core.environment:checking '/home/edson_20_04/TCAS/install/box_bot_gazebo/lib/pkgconfig/box_bot_gazebo.pc'
[0.673s] Level 1:colcon.colcon_core.environment:checking '/home/edson_20_04/TCAS/install/box_bot_gazebo/lib/python3.8/site-packages'
[0.674s] Level 1:colcon.colcon_core.environment:checking '/home/edson_20_04/TCAS/install/box_bot_gazebo/bin'
[0.675s] INFO:colcon.colcon_core.shell:Creating package script '/home/edson_20_04/TCAS/install/box_bot_gazebo/share/box_bot_gazebo/package.ps1'
[0.676s] INFO:colcon.colcon_core.shell:Creating package descriptor '/home/edson_20_04/TCAS/install/box_bot_gazebo/share/box_bot_gazebo/package.dsv'
[0.676s] INFO:colcon.colcon_core.shell:Creating package script '/home/edson_20_04/TCAS/install/box_bot_gazebo/share/box_bot_gazebo/package.sh'
[0.676s] INFO:colcon.colcon_core.shell:Creating package script '/home/edson_20_04/TCAS/install/box_bot_gazebo/share/box_bot_gazebo/package.bash'
[0.677s] INFO:colcon.colcon_core.shell:Creating package script '/home/edson_20_04/TCAS/install/box_bot_gazebo/share/box_bot_gazebo/package.zsh'
[0.677s] Level 1:colcon.colcon_core.environment:create_file_with_runtime_dependencies(/home/edson_20_04/TCAS/install/box_bot_gazebo/share/colcon-core/packages/box_bot_gazebo)
[0.679s] Level 1:colcon.colcon_core.environment:create_environment_scripts_only(planning)
[0.681s] Level 1:colcon.colcon_core.environment:checking '/home/edson_20_04/TCAS/install/planning' for CMake module files
[0.682s] Level 1:colcon.colcon_core.environment:checking '/home/edson_20_04/TCAS/install/planning' for CMake config files
[0.683s] Level 1:colcon.colcon_core.shell:create_environment_hook('planning', 'cmake_prefix_path')
[0.684s] INFO:colcon.colcon_core.shell:Creating environment hook '/home/edson_20_04/TCAS/install/planning/share/planning/hook/cmake_prefix_path.ps1'
[0.684s] INFO:colcon.colcon_core.shell:Creating environment descriptor '/home/edson_20_04/TCAS/install/planning/share/planning/hook/cmake_prefix_path.dsv'
[0.685s] INFO:colcon.colcon_core.shell:Creating environment hook '/home/edson_20_04/TCAS/install/planning/share/planning/hook/cmake_prefix_path.sh'
[0.685s] Level 1:colcon.colcon_core.environment:checking '/home/edson_20_04/TCAS/install/planning/lib'
[0.685s] Level 1:colcon.colcon_core.environment:checking '/home/edson_20_04/TCAS/install/planning/bin'
[0.685s] Level 1:colcon.colcon_core.environment:checking '/home/edson_20_04/TCAS/install/planning/lib/pkgconfig/planning.pc'
[0.686s] Level 1:colcon.colcon_core.environment:checking '/home/edson_20_04/TCAS/install/planning/lib/python3.8/site-packages'
[0.686s] Level 1:colcon.colcon_core.environment:checking '/home/edson_20_04/TCAS/install/planning/bin'
[0.687s] INFO:colcon.colcon_core.shell:Creating package script '/home/edson_20_04/TCAS/install/planning/share/planning/package.ps1'
[0.688s] INFO:colcon.colcon_core.shell:Creating package descriptor '/home/edson_20_04/TCAS/install/planning/share/planning/package.dsv'
[0.688s] INFO:colcon.colcon_core.shell:Creating package script '/home/edson_20_04/TCAS/install/planning/share/planning/package.sh'
[0.689s] INFO:colcon.colcon_core.shell:Creating package script '/home/edson_20_04/TCAS/install/planning/share/planning/package.bash'
[0.689s] INFO:colcon.colcon_core.shell:Creating package script '/home/edson_20_04/TCAS/install/planning/share/planning/package.zsh'
[0.690s] Level 1:colcon.colcon_core.environment:create_file_with_runtime_dependencies(/home/edson_20_04/TCAS/install/planning/share/colcon-core/packages/planning)
[0.690s] DEBUG:colcon.colcon_parallel_executor.executor.parallel:closing loop
[0.691s] DEBUG:colcon.colcon_parallel_executor.executor.parallel:loop closed
[0.691s] DEBUG:colcon.colcon_parallel_executor.executor.parallel:run_until_complete finished with '0'
[0.691s] DEBUG:colcon.colcon_core.event_reactor:joining thread
[0.759s] INFO:colcon.colcon_core.plugin_system:Skipping extension 'colcon_notification.desktop_notification.notify_send': Could not find 'notify-send'
[0.760s] INFO:colcon.colcon_core.plugin_system:Skipping extension 'colcon_notification.desktop_notification.terminal_notifier': Not used on non-Darwin systems
[0.760s] INFO:colcon.colcon_core.plugin_system:Skipping extension 'colcon_notification.desktop_notification.win32': Not used on non-Windows systems
[0.760s] INFO:colcon.colcon_notification.desktop_notification:Sending desktop notification using 'notify2'
[0.765s] DEBUG:colcon.colcon_notification.desktop_notification.notify2:Failed to initialize notify2: org.freedesktop.DBus.Error.ServiceUnknown: The name org.freedesktop.Notifications was not provided by any .service files
[0.765s] DEBUG:colcon.colcon_core.event_reactor:joined thread
[0.766s] INFO:colcon.colcon_core.shell:Creating prefix script '/home/edson_20_04/TCAS/install/local_setup.ps1'
[0.767s] INFO:colcon.colcon_core.shell:Creating prefix util module '/home/edson_20_04/TCAS/install/_local_setup_util_ps1.py'
[0.769s] INFO:colcon.colcon_core.shell:Creating prefix chain script '/home/edson_20_04/TCAS/install/setup.ps1'
[0.770s] INFO:colcon.colcon_core.shell:Creating prefix script '/home/edson_20_04/TCAS/install/local_setup.sh'
[0.771s] INFO:colcon.colcon_core.shell:Creating prefix util module '/home/edson_20_04/TCAS/install/_local_setup_util_sh.py'
[0.771s] INFO:colcon.colcon_core.shell:Creating prefix chain script '/home/edson_20_04/TCAS/install/setup.sh'
[0.772s] INFO:colcon.colcon_core.shell:Creating prefix script '/home/edson_20_04/TCAS/install/local_setup.bash'
[0.773s] INFO:colcon.colcon_core.shell:Creating prefix chain script '/home/edson_20_04/TCAS/install/setup.bash'
[0.774s] INFO:colcon.colcon_core.shell:Creating prefix script '/home/edson_20_04/TCAS/install/local_setup.zsh'
[0.774s] INFO:colcon.colcon_core.shell:Creating prefix chain script '/home/edson_20_04/TCAS/install/setup.zsh'
