[0.259s] DEBUG:colcon:Command line arguments: ['/usr/bin/colcon', 'build']
[0.259s] DEBUG:colcon:Parsed command line arguments: Namespace(allow_overriding=[], ament_cmake_args=None, base_paths=['.'], build_base='build', catkin_cmake_args=None, catkin_skip_building_tests=False, cmake_args=None, cmake_clean_cache=False, cmake_clean_first=False, cmake_force_configure=False, cmake_target=None, cmake_target_skip_unavailable=False, continue_on_error=False, event_handlers=None, executor='parallel', ignore_user_meta=False, install_base='install', log_base=None, log_level=None, main=<bound method BuildVerb.main of <colcon_core.verb.build.BuildVerb object at 0x7f4006040a00>>, merge_install=False, metas=['./colcon.meta'], packages_above=None, packages_above_and_dependencies=None, packages_above_depth=None, packages_end=None, packages_ignore=None, packages_ignore_regex=None, packages_select=None, packages_select_build_failed=False, packages_select_by_dep=None, packages_select_regex=None, packages_select_test_failures=False, packages_skip=None, packages_skip_build_finished=False, packages_skip_by_dep=None, packages_skip_regex=None, packages_skip_test_passed=False, packages_skip_up_to=None, packages_start=None, packages_up_to=None, packages_up_to_regex=None, parallel_workers=16, paths=None, symlink_install=False, test_result_base=None, verb_extension=<colcon_core.verb.build.BuildVerb object at 0x7f4006040a00>, verb_name='build', verb_parser=<colcon_defaults.argument_parser.defaults.DefaultArgumentsDecorator object at 0x7f4006040f70>)
[0.278s] Level 1:colcon.colcon_core.package_discovery:discover_packages(colcon_meta) check parameters
[0.278s] Level 1:colcon.colcon_core.package_discovery:discover_packages(recursive) check parameters
[0.278s] Level 1:colcon.colcon_core.package_discovery:discover_packages(ignore) check parameters
[0.278s] Level 1:colcon.colcon_core.package_discovery:discover_packages(path) check parameters
[0.278s] Level 1:colcon.colcon_core.package_discovery:discover_packages(colcon_meta) discover
[0.278s] Level 1:colcon.colcon_core.package_discovery:discover_packages(recursive) discover
[0.278s] INFO:colcon.colcon_core.package_discovery:Crawling recursively for packages in '/home/edson_20_04/box_bot'
[0.279s] Level 1:colcon.colcon_core.package_identification:_identify(.) by extensions ['ignore', 'ignore_ament_install']
[0.279s] Level 1:colcon.colcon_core.package_identification:_identify(.) by extension 'ignore'
[0.279s] Level 1:colcon.colcon_core.package_identification:_identify(.) by extension 'ignore_ament_install'
[0.279s] Level 1:colcon.colcon_core.package_identification:_identify(.) by extensions ['colcon_pkg']
[0.279s] Level 1:colcon.colcon_core.package_identification:_identify(.) by extension 'colcon_pkg'
[0.279s] Level 1:colcon.colcon_core.package_identification:_identify(.) by extensions ['colcon_meta']
[0.279s] Level 1:colcon.colcon_core.package_identification:_identify(.) by extension 'colcon_meta'
[0.279s] Level 1:colcon.colcon_core.package_identification:_identify(.) by extensions ['ros']
[0.279s] Level 1:colcon.colcon_core.package_identification:_identify(.) by extension 'ros'
[0.296s] Level 1:colcon.colcon_core.package_identification:_identify(.) by extensions ['cmake', 'python']
[0.296s] Level 1:colcon.colcon_core.package_identification:_identify(.) by extension 'cmake'
[0.297s] Level 1:colcon.colcon_core.package_identification:_identify(.) by extension 'python'
[0.297s] Level 1:colcon.colcon_core.package_identification:_identify(.) by extensions ['python_setup_py']
[0.297s] Level 1:colcon.colcon_core.package_identification:_identify(.) by extension 'python_setup_py'
[0.297s] Level 1:colcon.colcon_core.package_identification:_identify(Docs) by extensions ['ignore', 'ignore_ament_install']
[0.297s] Level 1:colcon.colcon_core.package_identification:_identify(Docs) by extension 'ignore'
[0.297s] Level 1:colcon.colcon_core.package_identification:_identify(Docs) by extension 'ignore_ament_install'
[0.297s] Level 1:colcon.colcon_core.package_identification:_identify(Docs) by extensions ['colcon_pkg']
[0.297s] Level 1:colcon.colcon_core.package_identification:_identify(Docs) by extension 'colcon_pkg'
[0.297s] Level 1:colcon.colcon_core.package_identification:_identify(Docs) by extensions ['colcon_meta']
[0.297s] Level 1:colcon.colcon_core.package_identification:_identify(Docs) by extension 'colcon_meta'
[0.297s] Level 1:colcon.colcon_core.package_identification:_identify(Docs) by extensions ['ros']
[0.297s] Level 1:colcon.colcon_core.package_identification:_identify(Docs) by extension 'ros'
[0.297s] Level 1:colcon.colcon_core.package_identification:_identify(Docs) by extensions ['cmake', 'python']
[0.297s] Level 1:colcon.colcon_core.package_identification:_identify(Docs) by extension 'cmake'
[0.297s] Level 1:colcon.colcon_core.package_identification:_identify(Docs) by extension 'python'
[0.297s] Level 1:colcon.colcon_core.package_identification:_identify(Docs) by extensions ['python_setup_py']
[0.297s] Level 1:colcon.colcon_core.package_identification:_identify(Docs) by extension 'python_setup_py'
[0.297s] Level 1:colcon.colcon_core.package_identification:_identify(box_bot_description) by extensions ['ignore', 'ignore_ament_install']
[0.297s] Level 1:colcon.colcon_core.package_identification:_identify(box_bot_description) by extension 'ignore'
[0.297s] Level 1:colcon.colcon_core.package_identification:_identify(box_bot_description) by extension 'ignore_ament_install'
[0.297s] Level 1:colcon.colcon_core.package_identification:_identify(box_bot_description) by extensions ['colcon_pkg']
[0.297s] Level 1:colcon.colcon_core.package_identification:_identify(box_bot_description) by extension 'colcon_pkg'
[0.297s] Level 1:colcon.colcon_core.package_identification:_identify(box_bot_description) by extensions ['colcon_meta']
[0.297s] Level 1:colcon.colcon_core.package_identification:_identify(box_bot_description) by extension 'colcon_meta'
[0.297s] Level 1:colcon.colcon_core.package_identification:_identify(box_bot_description) by extensions ['ros']
[0.297s] Level 1:colcon.colcon_core.package_identification:_identify(box_bot_description) by extension 'ros'
[0.299s] DEBUG:colcon.colcon_core.package_identification:Package 'box_bot_description' with type 'ros.ament_cmake' and name 'box_bot_description'
[0.300s] Level 1:colcon.colcon_core.package_identification:_identify(box_bot_gazebo) by extensions ['ignore', 'ignore_ament_install']
[0.300s] Level 1:colcon.colcon_core.package_identification:_identify(box_bot_gazebo) by extension 'ignore'
[0.300s] Level 1:colcon.colcon_core.package_identification:_identify(box_bot_gazebo) by extension 'ignore_ament_install'
[0.300s] Level 1:colcon.colcon_core.package_identification:_identify(box_bot_gazebo) by extensions ['colcon_pkg']
[0.300s] Level 1:colcon.colcon_core.package_identification:_identify(box_bot_gazebo) by extension 'colcon_pkg'
[0.300s] Level 1:colcon.colcon_core.package_identification:_identify(box_bot_gazebo) by extensions ['colcon_meta']
[0.300s] Level 1:colcon.colcon_core.package_identification:_identify(box_bot_gazebo) by extension 'colcon_meta'
[0.300s] Level 1:colcon.colcon_core.package_identification:_identify(box_bot_gazebo) by extensions ['ros']
[0.300s] Level 1:colcon.colcon_core.package_identification:_identify(box_bot_gazebo) by extension 'ros'
[0.300s] DEBUG:colcon.colcon_core.package_identification:Package 'box_bot_gazebo' with type 'ros.ament_cmake' and name 'box_bot_gazebo'
[0.301s] Level 1:colcon.colcon_core.package_identification:_identify(build) by extensions ['ignore', 'ignore_ament_install']
[0.301s] Level 1:colcon.colcon_core.package_identification:_identify(build) by extension 'ignore'
[0.301s] Level 1:colcon.colcon_core.package_identification:_identify(build) ignored
[0.301s] Level 1:colcon.colcon_core.package_identification:_identify(install) by extensions ['ignore', 'ignore_ament_install']
[0.301s] Level 1:colcon.colcon_core.package_identification:_identify(install) by extension 'ignore'
[0.301s] Level 1:colcon.colcon_core.package_identification:_identify(install) ignored
[0.301s] Level 1:colcon.colcon_core.package_identification:_identify(log) by extensions ['ignore', 'ignore_ament_install']
[0.301s] Level 1:colcon.colcon_core.package_identification:_identify(log) by extension 'ignore'
[0.301s] Level 1:colcon.colcon_core.package_identification:_identify(log) ignored
[0.301s] Level 1:colcon.colcon_core.package_identification:_identify(planning) by extensions ['ignore', 'ignore_ament_install']
[0.301s] Level 1:colcon.colcon_core.package_identification:_identify(planning) by extension 'ignore'
[0.301s] Level 1:colcon.colcon_core.package_identification:_identify(planning) by extension 'ignore_ament_install'
[0.301s] Level 1:colcon.colcon_core.package_identification:_identify(planning) by extensions ['colcon_pkg']
[0.301s] Level 1:colcon.colcon_core.package_identification:_identify(planning) by extension 'colcon_pkg'
[0.301s] Level 1:colcon.colcon_core.package_identification:_identify(planning) by extensions ['colcon_meta']
[0.301s] Level 1:colcon.colcon_core.package_identification:_identify(planning) by extension 'colcon_meta'
[0.302s] Level 1:colcon.colcon_core.package_identification:_identify(planning) by extensions ['ros']
[0.302s] Level 1:colcon.colcon_core.package_identification:_identify(planning) by extension 'ros'
[0.302s] DEBUG:colcon.colcon_core.package_identification:Package 'planning' with type 'ros.ament_cmake' and name 'planning'
[0.302s] Level 1:colcon.colcon_core.package_discovery:discover_packages(recursive) using defaults
[0.302s] Level 1:colcon.colcon_core.package_discovery:discover_packages(ignore) discover
[0.302s] Level 1:colcon.colcon_core.package_discovery:discover_packages(ignore) using defaults
[0.302s] Level 1:colcon.colcon_core.package_discovery:discover_packages(path) discover
[0.302s] Level 1:colcon.colcon_core.package_discovery:discover_packages(path) using defaults
[0.318s] Level 1:colcon.colcon_core.package_discovery:discover_packages(prefix_path) check parameters
[0.318s] Level 1:colcon.colcon_core.package_discovery:discover_packages(prefix_path) discover
[0.320s] DEBUG:colcon.colcon_installed_package_information.package_discovery:Found 5 installed packages in /home/edson_20_04/box_bot/install
[0.322s] DEBUG:colcon.colcon_installed_package_information.package_discovery:Found 396 installed packages in /opt/ros/foxy
[0.324s] Level 1:colcon.colcon_core.package_discovery:discover_packages(prefix_path) using defaults
[0.389s] Level 5:colcon.colcon_core.verb:set package 'box_bot_description' build argument 'cmake_args' from command line to 'None'
[0.389s] Level 5:colcon.colcon_core.verb:set package 'box_bot_description' build argument 'cmake_target' from command line to 'None'
[0.389s] Level 5:colcon.colcon_core.verb:set package 'box_bot_description' build argument 'cmake_target_skip_unavailable' from command line to 'False'
[0.389s] Level 5:colcon.colcon_core.verb:set package 'box_bot_description' build argument 'cmake_clean_cache' from command line to 'False'
[0.389s] Level 5:colcon.colcon_core.verb:set package 'box_bot_description' build argument 'cmake_clean_first' from command line to 'False'
[0.389s] Level 5:colcon.colcon_core.verb:set package 'box_bot_description' build argument 'cmake_force_configure' from command line to 'False'
[0.389s] Level 5:colcon.colcon_core.verb:set package 'box_bot_description' build argument 'ament_cmake_args' from command line to 'None'
[0.389s] Level 5:colcon.colcon_core.verb:set package 'box_bot_description' build argument 'catkin_cmake_args' from command line to 'None'
[0.389s] Level 5:colcon.colcon_core.verb:set package 'box_bot_description' build argument 'catkin_skip_building_tests' from command line to 'False'
[0.389s] DEBUG:colcon.colcon_core.verb:Building package 'box_bot_description' with the following arguments: {'ament_cmake_args': None, 'build_base': '/home/edson_20_04/box_bot/build/box_bot_description', 'catkin_cmake_args': None, 'catkin_skip_building_tests': False, 'cmake_args': None, 'cmake_clean_cache': False, 'cmake_clean_first': False, 'cmake_force_configure': False, 'cmake_target': None, 'cmake_target_skip_unavailable': False, 'install_base': '/home/edson_20_04/box_bot/install/box_bot_description', 'merge_install': False, 'path': '/home/edson_20_04/box_bot/box_bot_description', 'symlink_install': False, 'test_result_base': None}
[0.390s] Level 5:colcon.colcon_core.verb:set package 'box_bot_gazebo' build argument 'cmake_args' from command line to 'None'
[0.390s] Level 5:colcon.colcon_core.verb:set package 'box_bot_gazebo' build argument 'cmake_target' from command line to 'None'
[0.390s] Level 5:colcon.colcon_core.verb:set package 'box_bot_gazebo' build argument 'cmake_target_skip_unavailable' from command line to 'False'
[0.390s] Level 5:colcon.colcon_core.verb:set package 'box_bot_gazebo' build argument 'cmake_clean_cache' from command line to 'False'
[0.390s] Level 5:colcon.colcon_core.verb:set package 'box_bot_gazebo' build argument 'cmake_clean_first' from command line to 'False'
[0.390s] Level 5:colcon.colcon_core.verb:set package 'box_bot_gazebo' build argument 'cmake_force_configure' from command line to 'False'
[0.390s] Level 5:colcon.colcon_core.verb:set package 'box_bot_gazebo' build argument 'ament_cmake_args' from command line to 'None'
[0.390s] Level 5:colcon.colcon_core.verb:set package 'box_bot_gazebo' build argument 'catkin_cmake_args' from command line to 'None'
[0.390s] Level 5:colcon.colcon_core.verb:set package 'box_bot_gazebo' build argument 'catkin_skip_building_tests' from command line to 'False'
[0.390s] DEBUG:colcon.colcon_core.verb:Building package 'box_bot_gazebo' with the following arguments: {'ament_cmake_args': None, 'build_base': '/home/edson_20_04/box_bot/build/box_bot_gazebo', 'catkin_cmake_args': None, 'catkin_skip_building_tests': False, 'cmake_args': None, 'cmake_clean_cache': False, 'cmake_clean_first': False, 'cmake_force_configure': False, 'cmake_target': None, 'cmake_target_skip_unavailable': False, 'install_base': '/home/edson_20_04/box_bot/install/box_bot_gazebo', 'merge_install': False, 'path': '/home/edson_20_04/box_bot/box_bot_gazebo', 'symlink_install': False, 'test_result_base': None}
[0.391s] Level 5:colcon.colcon_core.verb:set package 'planning' build argument 'cmake_args' from command line to 'None'
[0.391s] Level 5:colcon.colcon_core.verb:set package 'planning' build argument 'cmake_target' from command line to 'None'
[0.391s] Level 5:colcon.colcon_core.verb:set package 'planning' build argument 'cmake_target_skip_unavailable' from command line to 'False'
[0.392s] Level 5:colcon.colcon_core.verb:set package 'planning' build argument 'cmake_clean_cache' from command line to 'False'
[0.392s] Level 5:colcon.colcon_core.verb:set package 'planning' build argument 'cmake_clean_first' from command line to 'False'
[0.392s] Level 5:colcon.colcon_core.verb:set package 'planning' build argument 'cmake_force_configure' from command line to 'False'
[0.392s] Level 5:colcon.colcon_core.verb:set package 'planning' build argument 'ament_cmake_args' from command line to 'None'
[0.392s] Level 5:colcon.colcon_core.verb:set package 'planning' build argument 'catkin_cmake_args' from command line to 'None'
[0.392s] Level 5:colcon.colcon_core.verb:set package 'planning' build argument 'catkin_skip_building_tests' from command line to 'False'
[0.392s] DEBUG:colcon.colcon_core.verb:Building package 'planning' with the following arguments: {'ament_cmake_args': None, 'build_base': '/home/edson_20_04/box_bot/build/planning', 'catkin_cmake_args': None, 'catkin_skip_building_tests': False, 'cmake_args': None, 'cmake_clean_cache': False, 'cmake_clean_first': False, 'cmake_force_configure': False, 'cmake_target': None, 'cmake_target_skip_unavailable': False, 'install_base': '/home/edson_20_04/box_bot/install/planning', 'merge_install': False, 'path': '/home/edson_20_04/box_bot/planning', 'symlink_install': False, 'test_result_base': None}
[0.392s] INFO:colcon.colcon_core.executor:Executing jobs using 'parallel' executor
[0.396s] DEBUG:colcon.colcon_parallel_executor.executor.parallel:run_until_complete
[0.396s] INFO:colcon.colcon_ros.task.ament_cmake.build:Building ROS package in '/home/edson_20_04/box_bot/box_bot_description' with build type 'ament_cmake'
[0.396s] INFO:colcon.colcon_cmake.task.cmake.build:Building CMake package in '/home/edson_20_04/box_bot/box_bot_description'
[0.402s] INFO:colcon.colcon_core.plugin_system:Skipping extension 'colcon_core.shell.bat': Not used on non-Windows systems
[0.402s] INFO:colcon.colcon_core.shell:Skip shell extension 'powershell' for command environment: Not usable outside of PowerShell
[0.402s] DEBUG:colcon.colcon_core.shell:Skip shell extension 'dsv' for command environment
[0.408s] INFO:colcon.colcon_ros.task.ament_cmake.build:Building ROS package in '/home/edson_20_04/box_bot/box_bot_gazebo' with build type 'ament_cmake'
[0.409s] INFO:colcon.colcon_cmake.task.cmake.build:Building CMake package in '/home/edson_20_04/box_bot/box_bot_gazebo'
[0.410s] INFO:colcon.colcon_core.shell:Skip shell extension 'powershell' for command environment: Not usable outside of PowerShell
[0.410s] DEBUG:colcon.colcon_core.shell:Skip shell extension 'dsv' for command environment
[0.416s] INFO:colcon.colcon_ros.task.ament_cmake.build:Building ROS package in '/home/edson_20_04/box_bot/planning' with build type 'ament_cmake'
[0.416s] INFO:colcon.colcon_cmake.task.cmake.build:Building CMake package in '/home/edson_20_04/box_bot/planning'
[0.418s] INFO:colcon.colcon_core.shell:Skip shell extension 'powershell' for command environment: Not usable outside of PowerShell
[0.418s] DEBUG:colcon.colcon_core.shell:Skip shell extension 'dsv' for command environment
[0.434s] DEBUG:colcon.colcon_core.event_handler.log_command:Invoking command in '/home/edson_20_04/box_bot/build/box_bot_description': CMAKE_PREFIX_PATH=${CMAKE_PREFIX_PATH}:/opt/ros/foxy /usr/bin/cmake --build /home/edson_20_04/box_bot/build/box_bot_description -- -j16 -l16
[0.440s] DEBUG:colcon.colcon_core.event_handler.log_command:Invoking command in '/home/edson_20_04/box_bot/build/box_bot_gazebo': CMAKE_PREFIX_PATH=${CMAKE_PREFIX_PATH}:/opt/ros/foxy /usr/bin/cmake --build /home/edson_20_04/box_bot/build/box_bot_gazebo -- -j16 -l16
[0.448s] DEBUG:colcon.colcon_core.event_handler.log_command:Invoking command in '/home/edson_20_04/box_bot/build/planning': CMAKE_PREFIX_PATH=${CMAKE_PREFIX_PATH}:/opt/ros/foxy /usr/bin/cmake --build /home/edson_20_04/box_bot/build/planning -- -j16 -l16
[0.471s] DEBUG:colcon.colcon_core.event_handler.log_command:Invoked command in '/home/edson_20_04/box_bot/build/box_bot_description' returned '0': CMAKE_PREFIX_PATH=${CMAKE_PREFIX_PATH}:/opt/ros/foxy /usr/bin/cmake --build /home/edson_20_04/box_bot/build/box_bot_description -- -j16 -l16
[0.474s] DEBUG:colcon.colcon_core.event_handler.log_command:Invoked command in '/home/edson_20_04/box_bot/build/box_bot_gazebo' returned '0': CMAKE_PREFIX_PATH=${CMAKE_PREFIX_PATH}:/opt/ros/foxy /usr/bin/cmake --build /home/edson_20_04/box_bot/build/box_bot_gazebo -- -j16 -l16
[0.481s] DEBUG:colcon.colcon_core.event_handler.log_command:Invoked command in '/home/edson_20_04/box_bot/build/planning' returned '0': CMAKE_PREFIX_PATH=${CMAKE_PREFIX_PATH}:/opt/ros/foxy /usr/bin/cmake --build /home/edson_20_04/box_bot/build/planning -- -j16 -l16
[0.500s] DEBUG:colcon.colcon_core.event_handler.log_command:Invoking command in '/home/edson_20_04/box_bot/build/box_bot_description': CMAKE_PREFIX_PATH=${CMAKE_PREFIX_PATH}:/opt/ros/foxy /usr/bin/cmake --install /home/edson_20_04/box_bot/build/box_bot_description
[0.505s] DEBUG:colcon.colcon_core.event_handler.log_command:Invoking command in '/home/edson_20_04/box_bot/build/box_bot_gazebo': CMAKE_PREFIX_PATH=${CMAKE_PREFIX_PATH}:/opt/ros/foxy /usr/bin/cmake --install /home/edson_20_04/box_bot/build/box_bot_gazebo
[0.512s] Level 1:colcon.colcon_core.environment:create_environment_scripts_only(box_bot_description)
[0.517s] DEBUG:colcon.colcon_core.event_handler.log_command:Invoking command in '/home/edson_20_04/box_bot/build/planning': CMAKE_PREFIX_PATH=${CMAKE_PREFIX_PATH}:/opt/ros/foxy /usr/bin/cmake --install /home/edson_20_04/box_bot/build/planning
[0.525s] DEBUG:colcon.colcon_core.event_handler.log_command:Invoked command in '/home/edson_20_04/box_bot/build/box_bot_description' returned '0': CMAKE_PREFIX_PATH=${CMAKE_PREFIX_PATH}:/opt/ros/foxy /usr/bin/cmake --install /home/edson_20_04/box_bot/build/box_bot_description
[0.530s] Level 1:colcon.colcon_core.environment:checking '/home/edson_20_04/box_bot/install/box_bot_description' for CMake module files
[0.535s] Level 1:colcon.colcon_core.environment:checking '/home/edson_20_04/box_bot/install/box_bot_description' for CMake config files
[0.536s] Level 1:colcon.colcon_core.shell:create_environment_hook('box_bot_description', 'cmake_prefix_path')
[0.538s] INFO:colcon.colcon_core.shell:Creating environment hook '/home/edson_20_04/box_bot/install/box_bot_description/share/box_bot_description/hook/cmake_prefix_path.ps1'
[0.539s] INFO:colcon.colcon_core.shell:Creating environment descriptor '/home/edson_20_04/box_bot/install/box_bot_description/share/box_bot_description/hook/cmake_prefix_path.dsv'
[0.539s] INFO:colcon.colcon_core.shell:Creating environment hook '/home/edson_20_04/box_bot/install/box_bot_description/share/box_bot_description/hook/cmake_prefix_path.sh'
[0.540s] Level 1:colcon.colcon_core.environment:checking '/home/edson_20_04/box_bot/install/box_bot_description/lib'
[0.540s] Level 1:colcon.colcon_core.environment:checking '/home/edson_20_04/box_bot/install/box_bot_description/bin'
[0.540s] Level 1:colcon.colcon_core.environment:checking '/home/edson_20_04/box_bot/install/box_bot_description/lib/pkgconfig/box_bot_description.pc'
[0.541s] Level 1:colcon.colcon_core.environment:checking '/home/edson_20_04/box_bot/install/box_bot_description/lib/python3.8/site-packages'
[0.541s] Level 1:colcon.colcon_core.environment:checking '/home/edson_20_04/box_bot/install/box_bot_description/bin'
[0.542s] INFO:colcon.colcon_core.shell:Creating package script '/home/edson_20_04/box_bot/install/box_bot_description/share/box_bot_description/package.ps1'
[0.543s] INFO:colcon.colcon_core.shell:Creating package descriptor '/home/edson_20_04/box_bot/install/box_bot_description/share/box_bot_description/package.dsv'
[0.544s] INFO:colcon.colcon_core.shell:Creating package script '/home/edson_20_04/box_bot/install/box_bot_description/share/box_bot_description/package.sh'
[0.544s] INFO:colcon.colcon_core.shell:Creating package script '/home/edson_20_04/box_bot/install/box_bot_description/share/box_bot_description/package.bash'
[0.545s] INFO:colcon.colcon_core.shell:Creating package script '/home/edson_20_04/box_bot/install/box_bot_description/share/box_bot_description/package.zsh'
[0.546s] Level 1:colcon.colcon_core.environment:create_file_with_runtime_dependencies(/home/edson_20_04/box_bot/install/box_bot_description/share/colcon-core/packages/box_bot_description)
[0.550s] Level 1:colcon.colcon_core.environment:create_environment_scripts_only(box_bot_gazebo)
[0.552s] Level 1:colcon.colcon_core.environment:checking '/home/edson_20_04/box_bot/install/box_bot_gazebo' for CMake module files
[0.553s] DEBUG:colcon.colcon_core.event_handler.log_command:Invoked command in '/home/edson_20_04/box_bot/build/box_bot_gazebo' returned '0': CMAKE_PREFIX_PATH=${CMAKE_PREFIX_PATH}:/opt/ros/foxy /usr/bin/cmake --install /home/edson_20_04/box_bot/build/box_bot_gazebo
[0.554s] Level 1:colcon.colcon_core.environment:checking '/home/edson_20_04/box_bot/install/box_bot_gazebo' for CMake config files
[0.554s] Level 1:colcon.colcon_core.shell:create_environment_hook('box_bot_gazebo', 'cmake_prefix_path')
[0.556s] INFO:colcon.colcon_core.shell:Creating environment hook '/home/edson_20_04/box_bot/install/box_bot_gazebo/share/box_bot_gazebo/hook/cmake_prefix_path.ps1'
[0.557s] INFO:colcon.colcon_core.shell:Creating environment descriptor '/home/edson_20_04/box_bot/install/box_bot_gazebo/share/box_bot_gazebo/hook/cmake_prefix_path.dsv'
[0.557s] INFO:colcon.colcon_core.shell:Creating environment hook '/home/edson_20_04/box_bot/install/box_bot_gazebo/share/box_bot_gazebo/hook/cmake_prefix_path.sh'
[0.558s] Level 1:colcon.colcon_core.environment:checking '/home/edson_20_04/box_bot/install/box_bot_gazebo/bin'
[0.558s] Level 1:colcon.colcon_core.environment:checking '/home/edson_20_04/box_bot/install/box_bot_gazebo/lib/pkgconfig/box_bot_gazebo.pc'
[0.558s] Level 1:colcon.colcon_core.environment:checking '/home/edson_20_04/box_bot/install/box_bot_gazebo/lib/python3.8/site-packages'
[0.559s] Level 1:colcon.colcon_core.environment:checking '/home/edson_20_04/box_bot/install/box_bot_gazebo/bin'
[0.560s] INFO:colcon.colcon_core.shell:Creating package script '/home/edson_20_04/box_bot/install/box_bot_gazebo/share/box_bot_gazebo/package.ps1'
[0.561s] INFO:colcon.colcon_core.shell:Creating package descriptor '/home/edson_20_04/box_bot/install/box_bot_gazebo/share/box_bot_gazebo/package.dsv'
[0.561s] INFO:colcon.colcon_core.shell:Creating package script '/home/edson_20_04/box_bot/install/box_bot_gazebo/share/box_bot_gazebo/package.sh'
[0.562s] INFO:colcon.colcon_core.shell:Creating package script '/home/edson_20_04/box_bot/install/box_bot_gazebo/share/box_bot_gazebo/package.bash'
[0.562s] INFO:colcon.colcon_core.shell:Creating package script '/home/edson_20_04/box_bot/install/box_bot_gazebo/share/box_bot_gazebo/package.zsh'
[0.562s] Level 1:colcon.colcon_core.environment:create_file_with_runtime_dependencies(/home/edson_20_04/box_bot/install/box_bot_gazebo/share/colcon-core/packages/box_bot_gazebo)
[0.566s] Level 1:colcon.colcon_core.environment:create_environment_scripts_only(planning)
[0.568s] Level 1:colcon.colcon_core.environment:checking '/home/edson_20_04/box_bot/install/planning' for CMake module files
[0.569s] DEBUG:colcon.colcon_core.event_handler.log_command:Invoked command in '/home/edson_20_04/box_bot/build/planning' returned '0': CMAKE_PREFIX_PATH=${CMAKE_PREFIX_PATH}:/opt/ros/foxy /usr/bin/cmake --install /home/edson_20_04/box_bot/build/planning
[0.570s] Level 1:colcon.colcon_core.environment:checking '/home/edson_20_04/box_bot/install/planning' for CMake config files
[0.570s] Level 1:colcon.colcon_core.shell:create_environment_hook('planning', 'cmake_prefix_path')
[0.571s] INFO:colcon.colcon_core.shell:Creating environment hook '/home/edson_20_04/box_bot/install/planning/share/planning/hook/cmake_prefix_path.ps1'
[0.572s] INFO:colcon.colcon_core.shell:Creating environment descriptor '/home/edson_20_04/box_bot/install/planning/share/planning/hook/cmake_prefix_path.dsv'
[0.572s] INFO:colcon.colcon_core.shell:Creating environment hook '/home/edson_20_04/box_bot/install/planning/share/planning/hook/cmake_prefix_path.sh'
[0.573s] Level 1:colcon.colcon_core.environment:checking '/home/edson_20_04/box_bot/install/planning/lib'
[0.573s] Level 1:colcon.colcon_core.environment:checking '/home/edson_20_04/box_bot/install/planning/bin'
[0.573s] Level 1:colcon.colcon_core.environment:checking '/home/edson_20_04/box_bot/install/planning/lib/pkgconfig/planning.pc'
[0.573s] Level 1:colcon.colcon_core.environment:checking '/home/edson_20_04/box_bot/install/planning/lib/python3.8/site-packages'
[0.573s] Level 1:colcon.colcon_core.environment:checking '/home/edson_20_04/box_bot/install/planning/bin'
[0.575s] INFO:colcon.colcon_core.shell:Creating package script '/home/edson_20_04/box_bot/install/planning/share/planning/package.ps1'
[0.575s] INFO:colcon.colcon_core.shell:Creating package descriptor '/home/edson_20_04/box_bot/install/planning/share/planning/package.dsv'
[0.576s] INFO:colcon.colcon_core.shell:Creating package script '/home/edson_20_04/box_bot/install/planning/share/planning/package.sh'
[0.576s] INFO:colcon.colcon_core.shell:Creating package script '/home/edson_20_04/box_bot/install/planning/share/planning/package.bash'
[0.576s] INFO:colcon.colcon_core.shell:Creating package script '/home/edson_20_04/box_bot/install/planning/share/planning/package.zsh'
[0.577s] Level 1:colcon.colcon_core.environment:create_file_with_runtime_dependencies(/home/edson_20_04/box_bot/install/planning/share/colcon-core/packages/planning)
[0.582s] Level 1:colcon.colcon_core.environment:create_environment_scripts_only(box_bot_description)
[0.584s] Level 1:colcon.colcon_core.environment:checking '/home/edson_20_04/box_bot/install/box_bot_description' for CMake module files
[0.584s] Level 1:colcon.colcon_core.environment:checking '/home/edson_20_04/box_bot/install/box_bot_description' for CMake config files
[0.584s] Level 1:colcon.colcon_core.shell:create_environment_hook('box_bot_description', 'cmake_prefix_path')
[0.585s] INFO:colcon.colcon_core.shell:Creating environment hook '/home/edson_20_04/box_bot/install/box_bot_description/share/box_bot_description/hook/cmake_prefix_path.ps1'
[0.586s] INFO:colcon.colcon_core.shell:Creating environment descriptor '/home/edson_20_04/box_bot/install/box_bot_description/share/box_bot_description/hook/cmake_prefix_path.dsv'
[0.587s] INFO:colcon.colcon_core.shell:Creating environment hook '/home/edson_20_04/box_bot/install/box_bot_description/share/box_bot_description/hook/cmake_prefix_path.sh'
[0.587s] Level 1:colcon.colcon_core.environment:checking '/home/edson_20_04/box_bot/install/box_bot_description/lib'
[0.587s] Level 1:colcon.colcon_core.environment:checking '/home/edson_20_04/box_bot/install/box_bot_description/bin'
[0.587s] Level 1:colcon.colcon_core.environment:checking '/home/edson_20_04/box_bot/install/box_bot_description/lib/pkgconfig/box_bot_description.pc'
[0.588s] Level 1:colcon.colcon_core.environment:checking '/home/edson_20_04/box_bot/install/box_bot_description/lib/python3.8/site-packages'
[0.588s] Level 1:colcon.colcon_core.environment:checking '/home/edson_20_04/box_bot/install/box_bot_description/bin'
[0.589s] INFO:colcon.colcon_core.shell:Creating package script '/home/edson_20_04/box_bot/install/box_bot_description/share/box_bot_description/package.ps1'
[0.590s] INFO:colcon.colcon_core.shell:Creating package descriptor '/home/edson_20_04/box_bot/install/box_bot_description/share/box_bot_description/package.dsv'
[0.590s] INFO:colcon.colcon_core.shell:Creating package script '/home/edson_20_04/box_bot/install/box_bot_description/share/box_bot_description/package.sh'
[0.591s] INFO:colcon.colcon_core.shell:Creating package script '/home/edson_20_04/box_bot/install/box_bot_description/share/box_bot_description/package.bash'
[0.591s] INFO:colcon.colcon_core.shell:Creating package script '/home/edson_20_04/box_bot/install/box_bot_description/share/box_bot_description/package.zsh'
[0.591s] Level 1:colcon.colcon_core.environment:create_file_with_runtime_dependencies(/home/edson_20_04/box_bot/install/box_bot_description/share/colcon-core/packages/box_bot_description)
[0.594s] Level 1:colcon.colcon_core.environment:create_environment_scripts_only(box_bot_gazebo)
[0.596s] Level 1:colcon.colcon_core.environment:checking '/home/edson_20_04/box_bot/install/box_bot_gazebo' for CMake module files
[0.598s] Level 1:colcon.colcon_core.environment:checking '/home/edson_20_04/box_bot/install/box_bot_gazebo' for CMake config files
[0.598s] Level 1:colcon.colcon_core.shell:create_environment_hook('box_bot_gazebo', 'cmake_prefix_path')
[0.599s] INFO:colcon.colcon_core.shell:Creating environment hook '/home/edson_20_04/box_bot/install/box_bot_gazebo/share/box_bot_gazebo/hook/cmake_prefix_path.ps1'
[0.600s] INFO:colcon.colcon_core.shell:Creating environment descriptor '/home/edson_20_04/box_bot/install/box_bot_gazebo/share/box_bot_gazebo/hook/cmake_prefix_path.dsv'
[0.601s] INFO:colcon.colcon_core.shell:Creating environment hook '/home/edson_20_04/box_bot/install/box_bot_gazebo/share/box_bot_gazebo/hook/cmake_prefix_path.sh'
[0.601s] Level 1:colcon.colcon_core.environment:checking '/home/edson_20_04/box_bot/install/box_bot_gazebo/bin'
[0.601s] Level 1:colcon.colcon_core.environment:checking '/home/edson_20_04/box_bot/install/box_bot_gazebo/lib/pkgconfig/box_bot_gazebo.pc'
[0.601s] Level 1:colcon.colcon_core.environment:checking '/home/edson_20_04/box_bot/install/box_bot_gazebo/lib/python3.8/site-packages'
[0.602s] Level 1:colcon.colcon_core.environment:checking '/home/edson_20_04/box_bot/install/box_bot_gazebo/bin'
[0.603s] INFO:colcon.colcon_core.shell:Creating package script '/home/edson_20_04/box_bot/install/box_bot_gazebo/share/box_bot_gazebo/package.ps1'
[0.603s] INFO:colcon.colcon_core.shell:Creating package descriptor '/home/edson_20_04/box_bot/install/box_bot_gazebo/share/box_bot_gazebo/package.dsv'
[0.604s] INFO:colcon.colcon_core.shell:Creating package script '/home/edson_20_04/box_bot/install/box_bot_gazebo/share/box_bot_gazebo/package.sh'
[0.604s] INFO:colcon.colcon_core.shell:Creating package script '/home/edson_20_04/box_bot/install/box_bot_gazebo/share/box_bot_gazebo/package.bash'
[0.605s] INFO:colcon.colcon_core.shell:Creating package script '/home/edson_20_04/box_bot/install/box_bot_gazebo/share/box_bot_gazebo/package.zsh'
[0.605s] Level 1:colcon.colcon_core.environment:create_file_with_runtime_dependencies(/home/edson_20_04/box_bot/install/box_bot_gazebo/share/colcon-core/packages/box_bot_gazebo)
[0.607s] Level 1:colcon.colcon_core.environment:create_environment_scripts_only(planning)
[0.609s] Level 1:colcon.colcon_core.environment:checking '/home/edson_20_04/box_bot/install/planning' for CMake module files
[0.611s] Level 1:colcon.colcon_core.environment:checking '/home/edson_20_04/box_bot/install/planning' for CMake config files
[0.611s] Level 1:colcon.colcon_core.shell:create_environment_hook('planning', 'cmake_prefix_path')
[0.613s] INFO:colcon.colcon_core.shell:Creating environment hook '/home/edson_20_04/box_bot/install/planning/share/planning/hook/cmake_prefix_path.ps1'
[0.614s] INFO:colcon.colcon_core.shell:Creating environment descriptor '/home/edson_20_04/box_bot/install/planning/share/planning/hook/cmake_prefix_path.dsv'
[0.614s] INFO:colcon.colcon_core.shell:Creating environment hook '/home/edson_20_04/box_bot/install/planning/share/planning/hook/cmake_prefix_path.sh'
[0.615s] Level 1:colcon.colcon_core.environment:checking '/home/edson_20_04/box_bot/install/planning/lib'
[0.615s] Level 1:colcon.colcon_core.environment:checking '/home/edson_20_04/box_bot/install/planning/bin'
[0.615s] Level 1:colcon.colcon_core.environment:checking '/home/edson_20_04/box_bot/install/planning/lib/pkgconfig/planning.pc'
[0.615s] Level 1:colcon.colcon_core.environment:checking '/home/edson_20_04/box_bot/install/planning/lib/python3.8/site-packages'
[0.615s] Level 1:colcon.colcon_core.environment:checking '/home/edson_20_04/box_bot/install/planning/bin'
[0.617s] INFO:colcon.colcon_core.shell:Creating package script '/home/edson_20_04/box_bot/install/planning/share/planning/package.ps1'
[0.618s] INFO:colcon.colcon_core.shell:Creating package descriptor '/home/edson_20_04/box_bot/install/planning/share/planning/package.dsv'
[0.618s] INFO:colcon.colcon_core.shell:Creating package script '/home/edson_20_04/box_bot/install/planning/share/planning/package.sh'
[0.619s] INFO:colcon.colcon_core.shell:Creating package script '/home/edson_20_04/box_bot/install/planning/share/planning/package.bash'
[0.619s] INFO:colcon.colcon_core.shell:Creating package script '/home/edson_20_04/box_bot/install/planning/share/planning/package.zsh'
[0.620s] Level 1:colcon.colcon_core.environment:create_file_with_runtime_dependencies(/home/edson_20_04/box_bot/install/planning/share/colcon-core/packages/planning)
[0.620s] DEBUG:colcon.colcon_parallel_executor.executor.parallel:closing loop
[0.621s] DEBUG:colcon.colcon_parallel_executor.executor.parallel:loop closed
[0.621s] DEBUG:colcon.colcon_parallel_executor.executor.parallel:run_until_complete finished with '0'
[0.621s] DEBUG:colcon.colcon_core.event_reactor:joining thread
[0.685s] INFO:colcon.colcon_core.plugin_system:Skipping extension 'colcon_notification.desktop_notification.notify_send': Could not find 'notify-send'
[0.685s] INFO:colcon.colcon_core.plugin_system:Skipping extension 'colcon_notification.desktop_notification.terminal_notifier': Not used on non-Darwin systems
[0.685s] INFO:colcon.colcon_core.plugin_system:Skipping extension 'colcon_notification.desktop_notification.win32': Not used on non-Windows systems
[0.685s] INFO:colcon.colcon_notification.desktop_notification:Sending desktop notification using 'notify2'
[0.690s] DEBUG:colcon.colcon_notification.desktop_notification.notify2:Failed to initialize notify2: org.freedesktop.DBus.Error.ServiceUnknown: The name org.freedesktop.Notifications was not provided by any .service files
[0.690s] DEBUG:colcon.colcon_core.event_reactor:joined thread
[0.692s] INFO:colcon.colcon_core.shell:Creating prefix script '/home/edson_20_04/box_bot/install/local_setup.ps1'
[0.693s] INFO:colcon.colcon_core.shell:Creating prefix util module '/home/edson_20_04/box_bot/install/_local_setup_util_ps1.py'
[0.694s] INFO:colcon.colcon_core.shell:Creating prefix chain script '/home/edson_20_04/box_bot/install/setup.ps1'
[0.696s] INFO:colcon.colcon_core.shell:Creating prefix script '/home/edson_20_04/box_bot/install/local_setup.sh'
[0.696s] INFO:colcon.colcon_core.shell:Creating prefix util module '/home/edson_20_04/box_bot/install/_local_setup_util_sh.py'
[0.697s] INFO:colcon.colcon_core.shell:Creating prefix chain script '/home/edson_20_04/box_bot/install/setup.sh'
[0.698s] INFO:colcon.colcon_core.shell:Creating prefix script '/home/edson_20_04/box_bot/install/local_setup.bash'
[0.699s] INFO:colcon.colcon_core.shell:Creating prefix chain script '/home/edson_20_04/box_bot/install/setup.bash'
[0.700s] INFO:colcon.colcon_core.shell:Creating prefix script '/home/edson_20_04/box_bot/install/local_setup.zsh'
[0.700s] INFO:colcon.colcon_core.shell:Creating prefix chain script '/home/edson_20_04/box_bot/install/setup.zsh'
