[0.030s] Invoking command in '/home/edson_20_04/TCAS/build/box_bot_gazebo': CMAKE_PREFIX_PATH=${CMAKE_PREFIX_PATH}:/opt/ros/foxy /usr/bin/cmake --build /home/edson_20_04/TCAS/build/box_bot_gazebo -- -j16 -l16
[0.067s] Invoked command in '/home/edson_20_04/TCAS/build/box_bot_gazebo' returned '0': CMAKE_PREFIX_PATH=${CMAKE_PREFIX_PATH}:/opt/ros/foxy /usr/bin/cmake --build /home/edson_20_04/TCAS/build/box_bot_gazebo -- -j16 -l16
[0.090s] Invoking command in '/home/edson_20_04/TCAS/build/box_bot_gazebo': CMAKE_PREFIX_PATH=${CMAKE_PREFIX_PATH}:/opt/ros/foxy /usr/bin/cmake --install /home/edson_20_04/TCAS/build/box_bot_gazebo
[0.109s] -- Install configuration: ""
[0.109s] -- Up-to-date: /home/edson_20_04/TCAS/install/box_bot_gazebo/share/box_bot_gazebo//launch
[0.109s] -- Up-to-date: /home/edson_20_04/TCAS/install/box_bot_gazebo/share/box_bot_gazebo//launch/start_world_launch.py
[0.109s] -- Up-to-date: /home/edson_20_04/TCAS/install/box_bot_gazebo/share/box_bot_gazebo//launch/box_bot_launch.py
[0.109s] -- Up-to-date: /home/edson_20_04/TCAS/install/box_bot_gazebo/share/box_bot_gazebo//launch/multi_box_bot_launch.py
[0.109s] -- Up-to-date: /home/edson_20_04/TCAS/install/box_bot_gazebo/share/box_bot_gazebo//worlds
[0.109s] -- Up-to-date: /home/edson_20_04/TCAS/install/box_bot_gazebo/share/box_bot_gazebo//worlds/box_bot_empty.world
[0.109s] -- Up-to-date: /home/edson_20_04/TCAS/install/box_bot_gazebo/share/ament_index/resource_index/package_run_dependencies/box_bot_gazebo
[0.109s] -- Up-to-date: /home/edson_20_04/TCAS/install/box_bot_gazebo/share/ament_index/resource_index/parent_prefix_path/box_bot_gazebo
[0.109s] -- Up-to-date: /home/edson_20_04/TCAS/install/box_bot_gazebo/share/box_bot_gazebo/environment/ament_prefix_path.sh
[0.109s] -- Up-to-date: /home/edson_20_04/TCAS/install/box_bot_gazebo/share/box_bot_gazebo/environment/ament_prefix_path.dsv
[0.110s] -- Up-to-date: /home/edson_20_04/TCAS/install/box_bot_gazebo/share/box_bot_gazebo/environment/path.sh
[0.110s] -- Up-to-date: /home/edson_20_04/TCAS/install/box_bot_gazebo/share/box_bot_gazebo/environment/path.dsv
[0.110s] -- Up-to-date: /home/edson_20_04/TCAS/install/box_bot_gazebo/share/box_bot_gazebo/local_setup.bash
[0.110s] -- Up-to-date: /home/edson_20_04/TCAS/install/box_bot_gazebo/share/box_bot_gazebo/local_setup.sh
[0.110s] -- Up-to-date: /home/edson_20_04/TCAS/install/box_bot_gazebo/share/box_bot_gazebo/local_setup.zsh
[0.110s] -- Up-to-date: /home/edson_20_04/TCAS/install/box_bot_gazebo/share/box_bot_gazebo/local_setup.dsv
[0.110s] -- Installing: /home/edson_20_04/TCAS/install/box_bot_gazebo/share/box_bot_gazebo/package.dsv
[0.110s] -- Up-to-date: /home/edson_20_04/TCAS/install/box_bot_gazebo/share/ament_index/resource_index/packages/box_bot_gazebo
[0.110s] -- Up-to-date: /home/edson_20_04/TCAS/install/box_bot_gazebo/share/box_bot_gazebo/cmake/box_bot_gazeboConfig.cmake
[0.110s] -- Up-to-date: /home/edson_20_04/TCAS/install/box_bot_gazebo/share/box_bot_gazebo/cmake/box_bot_gazeboConfig-version.cmake
[0.110s] -- Up-to-date: /home/edson_20_04/TCAS/install/box_bot_gazebo/share/box_bot_gazebo/package.xml
[0.142s] Invoked command in '/home/edson_20_04/TCAS/build/box_bot_gazebo' returned '0': CMAKE_PREFIX_PATH=${CMAKE_PREFIX_PATH}:/opt/ros/foxy /usr/bin/cmake --install /home/edson_20_04/TCAS/build/box_bot_gazebo
