[0.026s] Invoking command in '/home/edson_20_04/TCAS/build/planning': CMAKE_PREFIX_PATH=${CMAKE_PREFIX_PATH}:/opt/ros/foxy /usr/bin/cmake --build /home/edson_20_04/TCAS/build/planning -- -j16 -l16
[0.050s] Invoked command in '/home/edson_20_04/TCAS/build/planning' returned '0': CMAKE_PREFIX_PATH=${CMAKE_PREFIX_PATH}:/opt/ros/foxy /usr/bin/cmake --build /home/edson_20_04/TCAS/build/planning -- -j16 -l16
[0.077s] Invoking command in '/home/edson_20_04/TCAS/build/planning': CMAKE_PREFIX_PATH=${CMAKE_PREFIX_PATH}:/opt/ros/foxy /usr/bin/cmake --install /home/edson_20_04/TCAS/build/planning
[0.081s] -- Install configuration: ""
[0.081s] -- Up-to-date: /home/edson_20_04/TCAS/install/planning/share/planning//launch
[0.082s] -- Up-to-date: /home/edson_20_04/TCAS/install/planning/share/planning//launch/planner_launch.py
[0.083s] -- Up-to-date: /home/edson_20_04/TCAS/install/planning/lib/planning/planner.py
[0.085s] -- Up-to-date: /home/edson_20_04/TCAS/install/planning/lib/planning/cbs.py
[0.085s] -- Up-to-date: /home/edson_20_04/TCAS/install/planning/lib/planning/a_star.py
[0.085s] -- Up-to-date: /home/edson_20_04/TCAS/install/planning/share/ament_index/resource_index/package_run_dependencies/planning
[0.085s] -- Up-to-date: /home/edson_20_04/TCAS/install/planning/share/ament_index/resource_index/parent_prefix_path/planning
[0.085s] -- Up-to-date: /home/edson_20_04/TCAS/install/planning/share/planning/environment/ament_prefix_path.sh
[0.086s] -- Up-to-date: /home/edson_20_04/TCAS/install/planning/share/planning/environment/ament_prefix_path.dsv
[0.086s] -- Up-to-date: /home/edson_20_04/TCAS/install/planning/share/planning/environment/path.sh
[0.086s] -- Up-to-date: /home/edson_20_04/TCAS/install/planning/share/planning/environment/path.dsv
[0.086s] -- Up-to-date: /home/edson_20_04/TCAS/install/planning/share/planning/local_setup.bash
[0.086s] -- Up-to-date: /home/edson_20_04/TCAS/install/planning/share/planning/local_setup.sh
[0.086s] -- Up-to-date: /home/edson_20_04/TCAS/install/planning/share/planning/local_setup.zsh
[0.086s] -- Up-to-date: /home/edson_20_04/TCAS/install/planning/share/planning/local_setup.dsv
[0.086s] -- Installing: /home/edson_20_04/TCAS/install/planning/share/planning/package.dsv
[0.087s] -- Up-to-date: /home/edson_20_04/TCAS/install/planning/share/ament_index/resource_index/packages/planning
[0.087s] -- Up-to-date: /home/edson_20_04/TCAS/install/planning/share/planning/cmake/planningConfig.cmake
[0.087s] -- Up-to-date: /home/edson_20_04/TCAS/install/planning/share/planning/cmake/planningConfig-version.cmake
[0.087s] -- Up-to-date: /home/edson_20_04/TCAS/install/planning/share/planning/package.xml
[0.112s] Invoked command in '/home/edson_20_04/TCAS/build/planning' returned '0': CMAKE_PREFIX_PATH=${CMAKE_PREFIX_PATH}:/opt/ros/foxy /usr/bin/cmake --install /home/edson_20_04/TCAS/build/planning
