[0.029s] Invoking command in '/home/edson_20_04/box_bot/build/box_bot_planning': CMAKE_PREFIX_PATH=${CMAKE_PREFIX_PATH}:/opt/ros/foxy /usr/bin/cmake --build /home/edson_20_04/box_bot/build/box_bot_planning -- -j16 -l16
[0.050s] Invoked command in '/home/edson_20_04/box_bot/build/box_bot_planning' returned '0': CMAKE_PREFIX_PATH=${CMAKE_PREFIX_PATH}:/opt/ros/foxy /usr/bin/cmake --build /home/edson_20_04/box_bot/build/box_bot_planning -- -j16 -l16
[0.067s] Invoking command in '/home/edson_20_04/box_bot/build/box_bot_planning': CMAKE_PREFIX_PATH=${CMAKE_PREFIX_PATH}:/opt/ros/foxy /usr/bin/cmake --install /home/edson_20_04/box_bot/build/box_bot_planning
[0.084s] -- Install configuration: ""
[0.084s] -- Up-to-date: /home/edson_20_04/box_bot/install/box_bot_planning/share/box_bot_planning//launch
[0.084s] -- Up-to-date: /home/edson_20_04/box_bot/install/box_bot_planning/share/box_bot_planning//launch/box_bot_plan_talker_launch.py
[0.085s] -- Installing: /home/edson_20_04/box_bot/install/box_bot_planning/lib/box_bot_planning/talker.py
[0.085s] -- Up-to-date: /home/edson_20_04/box_bot/install/box_bot_planning/share/ament_index/resource_index/package_run_dependencies/box_bot_planning
[0.085s] -- Up-to-date: /home/edson_20_04/box_bot/install/box_bot_planning/share/ament_index/resource_index/parent_prefix_path/box_bot_planning
[0.085s] -- Up-to-date: /home/edson_20_04/box_bot/install/box_bot_planning/share/box_bot_planning/environment/ament_prefix_path.sh
[0.085s] -- Up-to-date: /home/edson_20_04/box_bot/install/box_bot_planning/share/box_bot_planning/environment/ament_prefix_path.dsv
[0.085s] -- Up-to-date: /home/edson_20_04/box_bot/install/box_bot_planning/share/box_bot_planning/environment/path.sh
[0.085s] -- Up-to-date: /home/edson_20_04/box_bot/install/box_bot_planning/share/box_bot_planning/environment/path.dsv
[0.085s] -- Up-to-date: /home/edson_20_04/box_bot/install/box_bot_planning/share/box_bot_planning/local_setup.bash
[0.086s] -- Up-to-date: /home/edson_20_04/box_bot/install/box_bot_planning/share/box_bot_planning/local_setup.sh
[0.086s] -- Up-to-date: /home/edson_20_04/box_bot/install/box_bot_planning/share/box_bot_planning/local_setup.zsh
[0.086s] -- Up-to-date: /home/edson_20_04/box_bot/install/box_bot_planning/share/box_bot_planning/local_setup.dsv
[0.086s] -- Installing: /home/edson_20_04/box_bot/install/box_bot_planning/share/box_bot_planning/package.dsv
[0.086s] -- Up-to-date: /home/edson_20_04/box_bot/install/box_bot_planning/share/ament_index/resource_index/packages/box_bot_planning
[0.086s] -- Up-to-date: /home/edson_20_04/box_bot/install/box_bot_planning/share/box_bot_planning/cmake/box_bot_planningConfig.cmake
[0.086s] -- Up-to-date: /home/edson_20_04/box_bot/install/box_bot_planning/share/box_bot_planning/cmake/box_bot_planningConfig-version.cmake
[0.086s] -- Up-to-date: /home/edson_20_04/box_bot/install/box_bot_planning/share/box_bot_planning/package.xml
[0.105s] Invoked command in '/home/edson_20_04/box_bot/build/box_bot_planning' returned '0': CMAKE_PREFIX_PATH=${CMAKE_PREFIX_PATH}:/opt/ros/foxy /usr/bin/cmake --install /home/edson_20_04/box_bot/build/box_bot_planning
