-- Install configuration: ""
-- Up-to-date: /home/edson_20_04/box_bot/install/planning/share/planning//launch
-- Up-to-date: /home/edson_20_04/box_bot/install/planning/share/planning//launch/box_bot_plan_talker_launch.py
-- Up-to-date: /home/edson_20_04/box_bot/install/planning/share/planning//launch/planner_launch.py
-- Up-to-date: /home/edson_20_04/box_bot/install/planning/lib/planning/talker.py
-- Up-to-date: /home/edson_20_04/box_bot/install/planning/lib/planning/planner.py
-- Up-to-date: /home/edson_20_04/box_bot/install/planning/share/ament_index/resource_index/package_run_dependencies/planning
-- Up-to-date: /home/edson_20_04/box_bot/install/planning/share/ament_index/resource_index/parent_prefix_path/planning
-- Up-to-date: /home/edson_20_04/box_bot/install/planning/share/planning/environment/ament_prefix_path.sh
-- Up-to-date: /home/edson_20_04/box_bot/install/planning/share/planning/environment/ament_prefix_path.dsv
-- Up-to-date: /home/edson_20_04/box_bot/install/planning/share/planning/environment/path.sh
-- Up-to-date: /home/edson_20_04/box_bot/install/planning/share/planning/environment/path.dsv
-- Up-to-date: /home/edson_20_04/box_bot/install/planning/share/planning/local_setup.bash
-- Up-to-date: /home/edson_20_04/box_bot/install/planning/share/planning/local_setup.sh
-- Up-to-date: /home/edson_20_04/box_bot/install/planning/share/planning/local_setup.zsh
-- Up-to-date: /home/edson_20_04/box_bot/install/planning/share/planning/local_setup.dsv
-- Installing: /home/edson_20_04/box_bot/install/planning/share/planning/package.dsv
-- Up-to-date: /home/edson_20_04/box_bot/install/planning/share/ament_index/resource_index/packages/planning
-- Up-to-date: /home/edson_20_04/box_bot/install/planning/share/planning/cmake/planningConfig.cmake
-- Up-to-date: /home/edson_20_04/box_bot/install/planning/share/planning/cmake/planningConfig-version.cmake
-- Up-to-date: /home/edson_20_04/box_bot/install/planning/share/planning/package.xml
