[0.027s] Invoking command in '/home/edson_20_04/TCAS/build/planning': CMAKE_PREFIX_PATH=/opt/ros/foxy /usr/bin/cmake --build /home/edson_20_04/TCAS/build/planning -- -j16 -l16
[0.030s] CMake Error: The current CMakeCache.txt directory /home/edson_20_04/TCAS/build/planning/CMakeCache.txt is different than the directory /home/edson_20_04/box_bot/build/planning where CMakeCache.txt was created. This may result in binaries being created in the wrong place. If you are not sure, reedit the CMakeCache.txt
[0.042s] -- Found ament_cmake: 0.9.11 (/opt/ros/foxy/share/ament_cmake/cmake)
[0.062s] -- Using PYTHON_EXECUTABLE: /usr/bin/python3
[0.189s] -- Found rclcpp: 2.4.2 (/opt/ros/foxy/share/rclcpp/cmake)
[0.335s] -- Using all available rosidl_typesupport_c: rosidl_typesupport_fastrtps_c;rosidl_typesupport_introspection_c
[0.337s] -- Found rosidl_adapter: 1.3.0 (/opt/ros/foxy/share/rosidl_adapter/cmake)
[2.398s] -- Using all available rosidl_typesupport_cpp: rosidl_typesupport_fastrtps_cpp;rosidl_typesupport_introspection_cpp
[2.432s] -- Found rmw_implementation_cmake: 1.0.3 (/opt/ros/foxy/share/rmw_implementation_cmake/cmake)
[2.432s] -- Using RMW implementation 'rmw_fastrtps_cpp' as default
[2.528s] -- Found rclpy: 1.0.11 (/opt/ros/foxy/share/rclpy/cmake)
[2.529s] -- Found ament_lint_auto: 0.9.7 (/opt/ros/foxy/share/ament_lint_auto/cmake)
[2.570s] -- Added test 'copyright' to check source files copyright and LICENSE
[2.571s] -- Added test 'flake8' to check Python code syntax and style conventions
[2.571s] -- Added test 'lint_cmake' to check CMake code style
[2.572s] -- Added test 'pep257' to check Python code against some of the style conventions in PEP 257
[2.572s] -- Added test 'xmllint' to check XML markup files
[2.573s] -- Configuring done
[2.575s] -- Generating done
[2.576s] -- Build files have been written to: /home/edson_20_04/box_bot/build/planning
[2.595s] Invoked command in '/home/edson_20_04/TCAS/build/planning' returned '0': CMAKE_PREFIX_PATH=/opt/ros/foxy /usr/bin/cmake --build /home/edson_20_04/TCAS/build/planning -- -j16 -l16
[2.620s] Invoking command in '/home/edson_20_04/TCAS/build/planning': CMAKE_PREFIX_PATH=/opt/ros/foxy /usr/bin/cmake --install /home/edson_20_04/TCAS/build/planning
[2.625s] -- Install configuration: ""
[2.625s] -- Up-to-date: /home/edson_20_04/box_bot/install/planning/share/planning//launch
[2.626s] -- Up-to-date: /home/edson_20_04/box_bot/install/planning/share/planning//launch/params
[2.626s] -- Up-to-date: /home/edson_20_04/box_bot/install/planning/share/planning//launch/params/output.yaml
[2.626s] -- Up-to-date: /home/edson_20_04/box_bot/install/planning/share/planning//launch/params/input.yaml
[2.626s] -- Up-to-date: /home/edson_20_04/box_bot/install/planning/share/planning//launch/planner_launch.py
[2.626s] -- Up-to-date: /home/edson_20_04/box_bot/install/planning/lib/planning/talker.py
[2.626s] -- Up-to-date: /home/edson_20_04/box_bot/install/planning/lib/planning/planner.py
[2.626s] -- Up-to-date: /home/edson_20_04/box_bot/install/planning/share/ament_index/resource_index/package_run_dependencies/planning
[2.626s] -- Installing: /home/edson_20_04/box_bot/install/planning/share/ament_index/resource_index/parent_prefix_path/planning
[2.627s] -- Up-to-date: /home/edson_20_04/box_bot/install/planning/share/planning/environment/ament_prefix_path.sh
[2.627s] -- Installing: /home/edson_20_04/box_bot/install/planning/share/planning/environment/ament_prefix_path.dsv
[2.627s] -- Up-to-date: /home/edson_20_04/box_bot/install/planning/share/planning/environment/path.sh
[2.627s] -- Installing: /home/edson_20_04/box_bot/install/planning/share/planning/environment/path.dsv
[2.627s] -- Up-to-date: /home/edson_20_04/box_bot/install/planning/share/planning/local_setup.bash
[2.627s] -- Up-to-date: /home/edson_20_04/box_bot/install/planning/share/planning/local_setup.sh
[2.627s] -- Up-to-date: /home/edson_20_04/box_bot/install/planning/share/planning/local_setup.zsh
[2.627s] -- Installing: /home/edson_20_04/box_bot/install/planning/share/planning/local_setup.dsv
[2.628s] -- Installing: /home/edson_20_04/box_bot/install/planning/share/planning/package.dsv
[2.632s] -- Up-to-date: /home/edson_20_04/box_bot/install/planning/share/ament_index/resource_index/packages/planning
[2.633s] -- Up-to-date: /home/edson_20_04/box_bot/install/planning/share/planning/cmake/planningConfig.cmake
[2.633s] -- Up-to-date: /home/edson_20_04/box_bot/install/planning/share/planning/cmake/planningConfig-version.cmake
[2.633s] -- Up-to-date: /home/edson_20_04/box_bot/install/planning/share/planning/package.xml
[2.633s] Invoked command in '/home/edson_20_04/TCAS/build/planning' returned '0': CMAKE_PREFIX_PATH=/opt/ros/foxy /usr/bin/cmake --install /home/edson_20_04/TCAS/build/planning
