[0.033s] Invoking command in '/home/edson_20_04/TCAS/build/box_bot_gazebo': CMAKE_PREFIX_PATH=${CMAKE_PREFIX_PATH}:/opt/ros/foxy /usr/bin/cmake --build /home/edson_20_04/TCAS/build/box_bot_gazebo -- -j16 -l16
[0.063s] Invoked command in '/home/edson_20_04/TCAS/build/box_bot_gazebo' returned '0': CMAKE_PREFIX_PATH=${CMAKE_PREFIX_PATH}:/opt/ros/foxy /usr/bin/cmake --build /home/edson_20_04/TCAS/build/box_bot_gazebo -- -j16 -l16
[0.081s] Invoking command in '/home/edson_20_04/TCAS/build/box_bot_gazebo': CMAKE_PREFIX_PATH=${CMAKE_PREFIX_PATH}:/opt/ros/foxy /usr/bin/cmake --install /home/edson_20_04/TCAS/build/box_bot_gazebo
[0.097s] -- Install configuration: ""
[0.098s] -- Up-to-date: /home/edson_20_04/TCAS/install/box_bot_gazebo/share/box_bot_gazebo//launch
[0.098s] -- Up-to-date: /home/edson_20_04/TCAS/install/box_bot_gazebo/share/box_bot_gazebo//launch/start_world_launch.py
[0.098s] -- Up-to-date: /home/edson_20_04/TCAS/install/box_bot_gazebo/share/box_bot_gazebo//launch/box_bot_launch.py
[0.099s] -- Up-to-date: /home/edson_20_04/TCAS/install/box_bot_gazebo/share/box_bot_gazebo//launch/multi_box_bot_launch.py
[0.099s] -- Up-to-date: /home/edson_20_04/TCAS/install/box_bot_gazebo/share/box_bot_gazebo//worlds
[0.100s] -- Up-to-date: /home/edson_20_04/TCAS/install/box_bot_gazebo/share/box_bot_gazebo//worlds/box_bot_empty.world
[0.100s] -- Up-to-date: /home/edson_20_04/TCAS/install/box_bot_gazebo/share/ament_index/resource_index/package_run_dependencies/box_bot_gazebo
[0.100s] -- Up-to-date: /home/edson_20_04/TCAS/install/box_bot_gazebo/share/ament_index/resource_index/parent_prefix_path/box_bot_gazebo
[0.100s] -- Up-to-date: /home/edson_20_04/TCAS/install/box_bot_gazebo/share/box_bot_gazebo/environment/ament_prefix_path.sh
[0.100s] -- Up-to-date: /home/edson_20_04/TCAS/install/box_bot_gazebo/share/box_bot_gazebo/environment/ament_prefix_path.dsv
[0.100s] -- Up-to-date: /home/edson_20_04/TCAS/install/box_bot_gazebo/share/box_bot_gazebo/environment/path.sh
[0.100s] -- Up-to-date: /home/edson_20_04/TCAS/install/box_bot_gazebo/share/box_bot_gazebo/environment/path.dsv
[0.100s] -- Up-to-date: /home/edson_20_04/TCAS/install/box_bot_gazebo/share/box_bot_gazebo/local_setup.bash
[0.101s] -- Up-to-date: /home/edson_20_04/TCAS/install/box_bot_gazebo/share/box_bot_gazebo/local_setup.sh
[0.101s] -- Up-to-date: /home/edson_20_04/TCAS/install/box_bot_gazebo/share/box_bot_gazebo/local_setup.zsh
[0.101s] -- Up-to-date: /home/edson_20_04/TCAS/install/box_bot_gazebo/share/box_bot_gazebo/local_setup.dsv
[0.101s] -- Installing: /home/edson_20_04/TCAS/install/box_bot_gazebo/share/box_bot_gazebo/package.dsv
[0.101s] -- Up-to-date: /home/edson_20_04/TCAS/install/box_bot_gazebo/share/ament_index/resource_index/packages/box_bot_gazebo
[0.101s] -- Up-to-date: /home/edson_20_04/TCAS/install/box_bot_gazebo/share/box_bot_gazebo/cmake/box_bot_gazeboConfig.cmake
[0.101s] -- Up-to-date: /home/edson_20_04/TCAS/install/box_bot_gazebo/share/box_bot_gazebo/cmake/box_bot_gazeboConfig-version.cmake
[0.101s] -- Up-to-date: /home/edson_20_04/TCAS/install/box_bot_gazebo/share/box_bot_gazebo/package.xml
[0.119s] Invoked command in '/home/edson_20_04/TCAS/build/box_bot_gazebo' returned '0': CMAKE_PREFIX_PATH=${CMAKE_PREFIX_PATH}:/opt/ros/foxy /usr/bin/cmake --install /home/edson_20_04/TCAS/build/box_bot_gazebo
