[0.021s] Invoking command in '/home/edson_20_04/box_bot/build/box_bot_tutorials': CMAKE_PREFIX_PATH=${CMAKE_PREFIX_PATH}:/opt/ros/foxy /usr/bin/cmake --build /home/edson_20_04/box_bot/build/box_bot_tutorials -- -j16 -l16
[0.046s] Invoked command in '/home/edson_20_04/box_bot/build/box_bot_tutorials' returned '0': CMAKE_PREFIX_PATH=${CMAKE_PREFIX_PATH}:/opt/ros/foxy /usr/bin/cmake --build /home/edson_20_04/box_bot/build/box_bot_tutorials -- -j16 -l16
[0.072s] Invoking command in '/home/edson_20_04/box_bot/build/box_bot_tutorials': CMAKE_PREFIX_PATH=${CMAKE_PREFIX_PATH}:/opt/ros/foxy /usr/bin/cmake --install /home/edson_20_04/box_bot/build/box_bot_tutorials
[0.078s] -- Install configuration: ""
[0.080s] -- Up-to-date: /home/edson_20_04/box_bot/install/box_bot_tutorials/share/box_bot_tutorials//launch
[0.080s] -- Up-to-date: /home/edson_20_04/box_bot/install/box_bot_tutorials/share/box_bot_tutorials//launch/box_bot_tut_talker_launch.py
[0.080s] -- Up-to-date: /home/edson_20_04/box_bot/install/box_bot_tutorials/lib/box_bot_tutorials/talker.py
[0.080s] -- Up-to-date: /home/edson_20_04/box_bot/install/box_bot_tutorials/share/ament_index/resource_index/package_run_dependencies/box_bot_tutorials
[0.080s] -- Up-to-date: /home/edson_20_04/box_bot/install/box_bot_tutorials/share/ament_index/resource_index/parent_prefix_path/box_bot_tutorials
[0.080s] -- Up-to-date: /home/edson_20_04/box_bot/install/box_bot_tutorials/share/box_bot_tutorials/environment/ament_prefix_path.sh
[0.080s] -- Up-to-date: /home/edson_20_04/box_bot/install/box_bot_tutorials/share/box_bot_tutorials/environment/ament_prefix_path.dsv
[0.081s] -- Up-to-date: /home/edson_20_04/box_bot/install/box_bot_tutorials/share/box_bot_tutorials/environment/path.sh
[0.081s] -- Up-to-date: /home/edson_20_04/box_bot/install/box_bot_tutorials/share/box_bot_tutorials/environment/path.dsv
[0.081s] -- Up-to-date: /home/edson_20_04/box_bot/install/box_bot_tutorials/share/box_bot_tutorials/local_setup.bash
[0.081s] -- Up-to-date: /home/edson_20_04/box_bot/install/box_bot_tutorials/share/box_bot_tutorials/local_setup.sh
[0.081s] -- Up-to-date: /home/edson_20_04/box_bot/install/box_bot_tutorials/share/box_bot_tutorials/local_setup.zsh
[0.081s] -- Up-to-date: /home/edson_20_04/box_bot/install/box_bot_tutorials/share/box_bot_tutorials/local_setup.dsv
[0.081s] -- Up-to-date: /home/edson_20_04/box_bot/install/box_bot_tutorials/share/box_bot_tutorials/package.dsv
[0.081s] -- Up-to-date: /home/edson_20_04/box_bot/install/box_bot_tutorials/share/ament_index/resource_index/packages/box_bot_tutorials
[0.081s] -- Up-to-date: /home/edson_20_04/box_bot/install/box_bot_tutorials/share/box_bot_tutorials/cmake/box_bot_tutorialsConfig.cmake
[0.081s] -- Up-to-date: /home/edson_20_04/box_bot/install/box_bot_tutorials/share/box_bot_tutorials/cmake/box_bot_tutorialsConfig-version.cmake
[0.082s] -- Up-to-date: /home/edson_20_04/box_bot/install/box_bot_tutorials/share/box_bot_tutorials/package.xml
[0.105s] Invoked command in '/home/edson_20_04/box_bot/build/box_bot_tutorials' returned '0': CMAKE_PREFIX_PATH=${CMAKE_PREFIX_PATH}:/opt/ros/foxy /usr/bin/cmake --install /home/edson_20_04/box_bot/build/box_bot_tutorials
