[0.028s] Invoking command in '/home/edson_20_04/TCAS/build/box_bot_description': CMAKE_PREFIX_PATH=/opt/ros/foxy /usr/bin/cmake --build /home/edson_20_04/TCAS/build/box_bot_description -- -j16 -l16
[0.038s] CMake Error: The current CMakeCache.txt directory /home/edson_20_04/TCAS/build/box_bot_description/CMakeCache.txt is different than the directory /home/edson_20_04/box_bot/build/box_bot_description where CMakeCache.txt was created. This may result in binaries being created in the wrong place. If you are not sure, reedit the CMakeCache.txt
[0.052s] -- Found ament_cmake: 0.9.11 (/opt/ros/foxy/share/ament_cmake/cmake)
[0.073s] -- Using PYTHON_EXECUTABLE: /usr/bin/python3
[0.219s] -- Found urdf: 2.4.0 (/opt/ros/foxy/share/urdf/cmake)
[0.855s] -- Found ament_lint_auto: 0.9.7 (/opt/ros/foxy/share/ament_lint_auto/cmake)
[0.915s] -- Added test 'copyright' to check source files copyright and LICENSE
[0.917s] -- Added test 'flake8' to check Python code syntax and style conventions
[0.917s] -- Added test 'lint_cmake' to check CMake code style
[0.918s] -- Added test 'pep257' to check Python code against some of the style conventions in PEP 257
[0.919s] -- Added test 'xmllint' to check XML markup files
[0.920s] -- Configuring done
[0.924s] -- Generating done
[0.925s] -- Build files have been written to: /home/edson_20_04/box_bot/build/box_bot_description
[0.940s] Invoked command in '/home/edson_20_04/TCAS/build/box_bot_description' returned '0': CMAKE_PREFIX_PATH=/opt/ros/foxy /usr/bin/cmake --build /home/edson_20_04/TCAS/build/box_bot_description -- -j16 -l16
[0.963s] Invoking command in '/home/edson_20_04/TCAS/build/box_bot_description': CMAKE_PREFIX_PATH=/opt/ros/foxy /usr/bin/cmake --install /home/edson_20_04/TCAS/build/box_bot_description
[0.969s] -- Install configuration: ""
[0.969s] -- Up-to-date: /home/edson_20_04/box_bot/install/box_bot_description/share/box_bot_description//launch
[0.969s] -- Up-to-date: /home/edson_20_04/box_bot/install/box_bot_description/share/box_bot_description//launch/multi_spawn_robot_launch.py
[0.969s] -- Up-to-date: /home/edson_20_04/box_bot/install/box_bot_description/share/box_bot_description//launch/spawn_box_bot.py
[0.969s] -- Up-to-date: /home/edson_20_04/box_bot/install/box_bot_description/share/box_bot_description//launch/spawn_box_bot_launch.py
[0.969s] -- Up-to-date: /home/edson_20_04/box_bot/install/box_bot_description/share/box_bot_description//launch/spawn_robot_launch.py
[0.969s] -- Up-to-date: /home/edson_20_04/box_bot/install/box_bot_description/share/box_bot_description//robot
[0.969s] -- Up-to-date: /home/edson_20_04/box_bot/install/box_bot_description/share/box_bot_description//robot/macros.xacro
[0.969s] -- Up-to-date: /home/edson_20_04/box_bot/install/box_bot_description/share/box_bot_description//robot/box_bot.xacro
[0.969s] -- Up-to-date: /home/edson_20_04/box_bot/install/box_bot_description/share/box_bot_description//robot/box_bot.urdf
[0.969s] -- Up-to-date: /home/edson_20_04/box_bot/install/box_bot_description/share/box_bot_description//robot/wheels.xacro
[0.970s] -- Up-to-date: /home/edson_20_04/box_bot/install/box_bot_description/share/box_bot_description//robot/box_bot_v2.urdf
[0.970s] -- Up-to-date: /home/edson_20_04/box_bot/install/box_bot_description/share/box_bot_description//robot/box_bot_body.xacro
[0.970s] -- Up-to-date: /home/edson_20_04/box_bot/install/box_bot_description/share/box_bot_description//robot/caster_wheels.xacro
[0.970s] -- Up-to-date: /home/edson_20_04/box_bot/install/box_bot_description/share/box_bot_description//robot/materials.xacro
[0.970s] -- Up-to-date: /home/edson_20_04/box_bot/install/box_bot_description/share/box_bot_description//robot/box_bot_propeller.xacro
[0.970s] -- Up-to-date: /home/edson_20_04/box_bot/install/box_bot_description/share/box_bot_description//robot/properties.xacro
[0.971s] -- Up-to-date: /home/edson_20_04/box_bot/install/box_bot_description/share/box_bot_description//robot/box_bot.gazebo
[0.971s] -- Up-to-date: /home/edson_20_04/box_bot/install/box_bot_description/lib/box_bot_description/spawn_box_bot.py
[0.971s] CMake Error at cmake_install.cmake:48 (file):
[0.971s]   file INSTALL cannot find
[0.971s]   "/home/edson_20_04/box_bot/box_bot_description/launch/spawn_box_bot_v2.py":
[0.971s]   No such file or directory.
[0.971s] 
[0.972s] 
[0.974s] Invoked command in '/home/edson_20_04/TCAS/build/box_bot_description' returned '1': CMAKE_PREFIX_PATH=/opt/ros/foxy /usr/bin/cmake --install /home/edson_20_04/TCAS/build/box_bot_description
