[0.028s] Invoking command in '/home/edson_20_04/TCAS/build/planning': CMAKE_PREFIX_PATH=${CMAKE_PREFIX_PATH}:/opt/ros/foxy /usr/bin/cmake --build /home/edson_20_04/TCAS/build/planning -- -j16 -l16
[0.084s] Invoked command in '/home/edson_20_04/TCAS/build/planning' returned '0': CMAKE_PREFIX_PATH=${CMAKE_PREFIX_PATH}:/opt/ros/foxy /usr/bin/cmake --build /home/edson_20_04/TCAS/build/planning -- -j16 -l16
[0.108s] Invoking command in '/home/edson_20_04/TCAS/build/planning': CMAKE_PREFIX_PATH=${CMAKE_PREFIX_PATH}:/opt/ros/foxy /usr/bin/cmake --install /home/edson_20_04/TCAS/build/planning
[0.118s] -- Install configuration: ""
[0.119s] -- Up-to-date: /home/edson_20_04/TCAS/install/planning/share/planning//launch
[0.119s] -- Up-to-date: /home/edson_20_04/TCAS/install/planning/share/planning//launch/params
[0.119s] -- Up-to-date: /home/edson_20_04/TCAS/install/planning/share/planning//launch/params/output.yaml
[0.119s] -- Up-to-date: /home/edson_20_04/TCAS/install/planning/share/planning//launch/params/input.yaml
[0.119s] -- Up-to-date: /home/edson_20_04/TCAS/install/planning/share/planning//launch/planner_launch.py
[0.120s] -- Up-to-date: /home/edson_20_04/TCAS/install/planning/lib/planning/talker.py
[0.120s] -- Installing: /home/edson_20_04/TCAS/install/planning/lib/planning/planner.py
[0.120s] -- Up-to-date: /home/edson_20_04/TCAS/install/planning/share/ament_index/resource_index/package_run_dependencies/planning
[0.120s] -- Up-to-date: /home/edson_20_04/TCAS/install/planning/share/ament_index/resource_index/parent_prefix_path/planning
[0.120s] -- Up-to-date: /home/edson_20_04/TCAS/install/planning/share/planning/environment/ament_prefix_path.sh
[0.120s] -- Up-to-date: /home/edson_20_04/TCAS/install/planning/share/planning/environment/ament_prefix_path.dsv
[0.120s] -- Up-to-date: /home/edson_20_04/TCAS/install/planning/share/planning/environment/path.sh
[0.120s] -- Up-to-date: /home/edson_20_04/TCAS/install/planning/share/planning/environment/path.dsv
[0.121s] -- Up-to-date: /home/edson_20_04/TCAS/install/planning/share/planning/local_setup.bash
[0.121s] -- Up-to-date: /home/edson_20_04/TCAS/install/planning/share/planning/local_setup.sh
[0.121s] -- Up-to-date: /home/edson_20_04/TCAS/install/planning/share/planning/local_setup.zsh
[0.121s] -- Up-to-date: /home/edson_20_04/TCAS/install/planning/share/planning/local_setup.dsv
[0.121s] -- Installing: /home/edson_20_04/TCAS/install/planning/share/planning/package.dsv
[0.121s] -- Up-to-date: /home/edson_20_04/TCAS/install/planning/share/ament_index/resource_index/packages/planning
[0.121s] -- Up-to-date: /home/edson_20_04/TCAS/install/planning/share/planning/cmake/planningConfig.cmake
[0.121s] -- Up-to-date: /home/edson_20_04/TCAS/install/planning/share/planning/cmake/planningConfig-version.cmake
[0.121s] -- Up-to-date: /home/edson_20_04/TCAS/install/planning/share/planning/package.xml
[0.145s] Invoked command in '/home/edson_20_04/TCAS/build/planning' returned '0': CMAKE_PREFIX_PATH=${CMAKE_PREFIX_PATH}:/opt/ros/foxy /usr/bin/cmake --install /home/edson_20_04/TCAS/build/planning
