[0.020s] Invoking command in '/home/edson_20_04/TCAS/build/planning': CMAKE_PREFIX_PATH=/opt/ros/foxy /usr/bin/cmake /home/edson_20_04/TCAS/planning -DCMAKE_INSTALL_PREFIX=/home/edson_20_04/TCAS/install/planning
[0.224s] -- The C compiler identification is GNU 9.4.0
[0.507s] -- The CXX compiler identification is GNU 9.4.0
[0.677s] -- Check for working C compiler: /usr/bin/cc
[0.826s] -- Check for working C compiler: /usr/bin/cc -- works
[0.827s] -- Detecting C compiler ABI info
[0.985s] -- Detecting C compiler ABI info - done
[0.993s] -- Detecting C compile features
[0.993s] -- Detecting C compile features - done
[0.994s] -- Check for working CXX compiler: /usr/bin/c++
[1.126s] -- Check for working CXX compiler: /usr/bin/c++ -- works
[1.127s] -- Detecting CXX compiler ABI info
[1.299s] -- Detecting CXX compiler ABI info - done
[1.309s] -- Detecting CXX compile features
[1.309s] -- Detecting CXX compile features - done
[1.311s] -- Found ament_cmake: 0.9.11 (/opt/ros/foxy/share/ament_cmake/cmake)
[1.333s] -- Found PythonInterp: /usr/bin/python3 (found suitable version "3.8.10", minimum required is "3") 
[1.333s] -- Using PYTHON_EXECUTABLE: /usr/bin/python3
[1.502s] -- Found rclcpp: 2.4.2 (/opt/ros/foxy/share/rclcpp/cmake)
[1.699s] -- Using all available rosidl_typesupport_c: rosidl_typesupport_fastrtps_c;rosidl_typesupport_introspection_c
[1.705s] -- Found rosidl_adapter: 1.3.0 (/opt/ros/foxy/share/rosidl_adapter/cmake)
[3.103s] -- Found OpenSSL: /usr/lib/x86_64-linux-gnu/libcrypto.so (found version "1.1.1f")  
[4.455s] -- Found FastRTPS: /opt/ros/foxy/include  
[6.864s] -- Using all available rosidl_typesupport_cpp: rosidl_typesupport_fastrtps_cpp;rosidl_typesupport_introspection_cpp
[6.902s] -- Found rmw_implementation_cmake: 1.0.3 (/opt/ros/foxy/share/rmw_implementation_cmake/cmake)
[6.903s] -- Using RMW implementation 'rmw_fastrtps_cpp' as default
[6.904s] -- Looking for pthread.h
[7.049s] -- Looking for pthread.h - found
[7.049s] -- Performing Test CMAKE_HAVE_LIBC_PTHREAD
[7.234s] -- Performing Test CMAKE_HAVE_LIBC_PTHREAD - Failed
[7.234s] -- Looking for pthread_create in pthreads
[7.406s] -- Looking for pthread_create in pthreads - not found
[7.406s] -- Looking for pthread_create in pthread
[7.576s] -- Looking for pthread_create in pthread - found
[7.576s] -- Found Threads: TRUE  
[7.716s] -- Found rclpy: 1.0.11 (/opt/ros/foxy/share/rclpy/cmake)
[7.718s] -- Found ament_lint_auto: 0.9.7 (/opt/ros/foxy/share/ament_lint_auto/cmake)
[7.773s] -- Added test 'copyright' to check source files copyright and LICENSE
[7.775s] -- Added test 'flake8' to check Python code syntax and style conventions
[7.775s] -- Added test 'lint_cmake' to check CMake code style
[7.776s] -- Added test 'pep257' to check Python code against some of the style conventions in PEP 257
[7.776s] -- Added test 'xmllint' to check XML markup files
[7.778s] -- Configuring done
[7.780s] -- Generating done
[7.781s] -- Build files have been written to: /home/edson_20_04/TCAS/build/planning
[7.791s] Invoked command in '/home/edson_20_04/TCAS/build/planning' returned '0': CMAKE_PREFIX_PATH=/opt/ros/foxy /usr/bin/cmake /home/edson_20_04/TCAS/planning -DCMAKE_INSTALL_PREFIX=/home/edson_20_04/TCAS/install/planning
[7.792s] Invoking command in '/home/edson_20_04/TCAS/build/planning': CMAKE_PREFIX_PATH=/opt/ros/foxy /usr/bin/cmake --build /home/edson_20_04/TCAS/build/planning -- -j16 -l16
[7.821s] Invoked command in '/home/edson_20_04/TCAS/build/planning' returned '0': CMAKE_PREFIX_PATH=/opt/ros/foxy /usr/bin/cmake --build /home/edson_20_04/TCAS/build/planning -- -j16 -l16
[7.840s] Invoking command in '/home/edson_20_04/TCAS/build/planning': CMAKE_PREFIX_PATH=/opt/ros/foxy /usr/bin/cmake --install /home/edson_20_04/TCAS/build/planning
[7.846s] -- Install configuration: ""
[7.846s] -- Up-to-date: /home/edson_20_04/TCAS/install/planning/share/planning//launch
[7.846s] -- Up-to-date: /home/edson_20_04/TCAS/install/planning/share/planning//launch/params
[7.846s] -- Up-to-date: /home/edson_20_04/TCAS/install/planning/share/planning//launch/params/output.yaml
[7.846s] -- Up-to-date: /home/edson_20_04/TCAS/install/planning/share/planning//launch/params/input.yaml
[7.847s] -- Up-to-date: /home/edson_20_04/TCAS/install/planning/share/planning//launch/planner_launch.py
[7.847s] -- Up-to-date: /home/edson_20_04/TCAS/install/planning/lib/planning/talker.py
[7.847s] -- Installing: /home/edson_20_04/TCAS/install/planning/lib/planning/planner.py
[7.847s] -- Installing: /home/edson_20_04/TCAS/install/planning/share/ament_index/resource_index/package_run_dependencies/planning
[7.847s] -- Installing: /home/edson_20_04/TCAS/install/planning/share/ament_index/resource_index/parent_prefix_path/planning
[7.847s] -- Installing: /home/edson_20_04/TCAS/install/planning/share/planning/environment/ament_prefix_path.sh
[7.847s] -- Installing: /home/edson_20_04/TCAS/install/planning/share/planning/environment/ament_prefix_path.dsv
[7.847s] -- Installing: /home/edson_20_04/TCAS/install/planning/share/planning/environment/path.sh
[7.847s] -- Installing: /home/edson_20_04/TCAS/install/planning/share/planning/environment/path.dsv
[7.848s] -- Installing: /home/edson_20_04/TCAS/install/planning/share/planning/local_setup.bash
[7.848s] -- Installing: /home/edson_20_04/TCAS/install/planning/share/planning/local_setup.sh
[7.848s] -- Installing: /home/edson_20_04/TCAS/install/planning/share/planning/local_setup.zsh
[7.848s] -- Installing: /home/edson_20_04/TCAS/install/planning/share/planning/local_setup.dsv
[7.848s] -- Installing: /home/edson_20_04/TCAS/install/planning/share/planning/package.dsv
[7.848s] -- Installing: /home/edson_20_04/TCAS/install/planning/share/ament_index/resource_index/packages/planning
[7.849s] -- Installing: /home/edson_20_04/TCAS/install/planning/share/planning/cmake/planningConfig.cmake
[7.849s] -- Installing: /home/edson_20_04/TCAS/install/planning/share/planning/cmake/planningConfig-version.cmake
[7.849s] -- Up-to-date: /home/edson_20_04/TCAS/install/planning/share/planning/package.xml
[7.852s] Invoked command in '/home/edson_20_04/TCAS/build/planning' returned '0': CMAKE_PREFIX_PATH=/opt/ros/foxy /usr/bin/cmake --install /home/edson_20_04/TCAS/build/planning
