[0.023s] Invoking command in '/home/edson_20_04/box_bot/build/box_bot_description': CMAKE_PREFIX_PATH=/opt/ros/foxy /usr/bin/cmake /home/edson_20_04/box_bot/box_bot_description -DCMAKE_INSTALL_PREFIX=/home/edson_20_04/box_bot/install/box_bot_description
[0.185s] -- The C compiler identification is GNU 9.4.0
[0.404s] -- The CXX compiler identification is GNU 9.4.0
[0.508s] -- Check for working C compiler: /usr/bin/cc
[0.638s] -- Check for working C compiler: /usr/bin/cc -- works
[0.639s] -- Detecting C compiler ABI info
[0.770s] -- Detecting C compiler ABI info - done
[0.777s] -- Detecting C compile features
[0.778s] -- Detecting C compile features - done
[0.779s] -- Check for working CXX compiler: /usr/bin/c++
[0.907s] -- Check for working CXX compiler: /usr/bin/c++ -- works
[0.907s] -- Detecting CXX compiler ABI info
[1.040s] -- Detecting CXX compiler ABI info - done
[1.048s] -- Detecting CXX compile features
[1.048s] -- Detecting CXX compile features - done
[1.052s] -- Found ament_cmake: 0.9.11 (/opt/ros/foxy/share/ament_cmake/cmake)
[1.074s] -- Found PythonInterp: /usr/bin/python3 (found suitable version "3.8.10", minimum required is "3") 
[1.074s] -- Using PYTHON_EXECUTABLE: /usr/bin/python3
[1.270s] -- Found urdf: 2.4.0 (/opt/ros/foxy/share/urdf/cmake)
[2.808s] -- Found ament_lint_auto: 0.9.7 (/opt/ros/foxy/share/ament_lint_auto/cmake)
[2.875s] -- Added test 'copyright' to check source files copyright and LICENSE
[2.877s] -- Added test 'flake8' to check Python code syntax and style conventions
[2.878s] -- Added test 'lint_cmake' to check CMake code style
[2.878s] -- Added test 'pep257' to check Python code against some of the style conventions in PEP 257
[2.880s] -- Added test 'xmllint' to check XML markup files
[2.882s] -- Configuring done
[2.884s] -- Generating done
[2.884s] -- Build files have been written to: /home/edson_20_04/box_bot/build/box_bot_description
[2.890s] Invoked command in '/home/edson_20_04/box_bot/build/box_bot_description' returned '0': CMAKE_PREFIX_PATH=/opt/ros/foxy /usr/bin/cmake /home/edson_20_04/box_bot/box_bot_description -DCMAKE_INSTALL_PREFIX=/home/edson_20_04/box_bot/install/box_bot_description
[2.893s] Invoking command in '/home/edson_20_04/box_bot/build/box_bot_description': CMAKE_PREFIX_PATH=/opt/ros/foxy /usr/bin/cmake --build /home/edson_20_04/box_bot/build/box_bot_description -- -j16 -l16
[2.921s] Invoked command in '/home/edson_20_04/box_bot/build/box_bot_description' returned '0': CMAKE_PREFIX_PATH=/opt/ros/foxy /usr/bin/cmake --build /home/edson_20_04/box_bot/build/box_bot_description -- -j16 -l16
[2.943s] Invoking command in '/home/edson_20_04/box_bot/build/box_bot_description': CMAKE_PREFIX_PATH=/opt/ros/foxy /usr/bin/cmake --install /home/edson_20_04/box_bot/build/box_bot_description
[2.948s] -- Install configuration: ""
[2.948s] -- Installing: /home/edson_20_04/box_bot/install/box_bot_description/share/box_bot_description//launch
[2.948s] -- Installing: /home/edson_20_04/box_bot/install/box_bot_description/share/box_bot_description//launch/spawn_robot_launch_v3.launch.py
[2.948s] -- Installing: /home/edson_20_04/box_bot/install/box_bot_description/share/box_bot_description//launch/spawn_box_bot_v2.py
[2.948s] -- Installing: /home/edson_20_04/box_bot/install/box_bot_description/share/box_bot_description//launch/multi_spawn_robot_v3.launch.py
[2.949s] -- Installing: /home/edson_20_04/box_bot/install/box_bot_description/share/box_bot_description//launch/multi_spawn_robot_launch.py
[2.949s] -- Installing: /home/edson_20_04/box_bot/install/box_bot_description/share/box_bot_description//launch/spawn_robot_launch_copy.py
[2.949s] -- Installing: /home/edson_20_04/box_bot/install/box_bot_description/share/box_bot_description//launch/spawn_box_bot.py
[2.949s] -- Installing: /home/edson_20_04/box_bot/install/box_bot_description/share/box_bot_description//launch/spawn_box_bot_launch.py
[2.949s] -- Installing: /home/edson_20_04/box_bot/install/box_bot_description/share/box_bot_description//launch/spawn_robot_launch.py
[2.949s] -- Installing: /home/edson_20_04/box_bot/install/box_bot_description/share/box_bot_description//robot
[2.949s] -- Installing: /home/edson_20_04/box_bot/install/box_bot_description/share/box_bot_description//robot/macros.xacro
[2.949s] -- Installing: /home/edson_20_04/box_bot/install/box_bot_description/share/box_bot_description//robot/box_bot.xacro
[2.949s] -- Installing: /home/edson_20_04/box_bot/install/box_bot_description/share/box_bot_description//robot/box_bot.urdf
[2.949s] -- Installing: /home/edson_20_04/box_bot/install/box_bot_description/share/box_bot_description//robot/wheels.xacro
[2.950s] -- Installing: /home/edson_20_04/box_bot/install/box_bot_description/share/box_bot_description//robot/box_bot_v2.urdf
[2.950s] -- Installing: /home/edson_20_04/box_bot/install/box_bot_description/share/box_bot_description//robot/box_bot_body.xacro
[2.950s] -- Installing: /home/edson_20_04/box_bot/install/box_bot_description/share/box_bot_description//robot/caster_wheels.xacro
[2.950s] -- Installing: /home/edson_20_04/box_bot/install/box_bot_description/share/box_bot_description//robot/materials.xacro
[2.950s] -- Installing: /home/edson_20_04/box_bot/install/box_bot_description/share/box_bot_description//robot/box_bot_propeller.xacro
[2.950s] -- Installing: /home/edson_20_04/box_bot/install/box_bot_description/share/box_bot_description//robot/properties.xacro
[2.950s] -- Installing: /home/edson_20_04/box_bot/install/box_bot_description/share/box_bot_description//robot/box_bot.gazebo
[2.950s] -- Installing: /home/edson_20_04/box_bot/install/box_bot_description/lib/box_bot_description/spawn_box_bot.py
[2.950s] -- Installing: /home/edson_20_04/box_bot/install/box_bot_description/lib/box_bot_description/spawn_box_bot_v2.py
[2.950s] -- Installing: /home/edson_20_04/box_bot/install/box_bot_description/share/ament_index/resource_index/package_run_dependencies/box_bot_description
[2.950s] -- Installing: /home/edson_20_04/box_bot/install/box_bot_description/share/ament_index/resource_index/parent_prefix_path/box_bot_description
[2.951s] -- Installing: /home/edson_20_04/box_bot/install/box_bot_description/share/box_bot_description/environment/ament_prefix_path.sh
[2.951s] -- Installing: /home/edson_20_04/box_bot/install/box_bot_description/share/box_bot_description/environment/ament_prefix_path.dsv
[2.951s] -- Installing: /home/edson_20_04/box_bot/install/box_bot_description/share/box_bot_description/environment/path.sh
[2.951s] -- Installing: /home/edson_20_04/box_bot/install/box_bot_description/share/box_bot_description/environment/path.dsv
[2.951s] -- Installing: /home/edson_20_04/box_bot/install/box_bot_description/share/box_bot_description/local_setup.bash
[2.951s] -- Installing: /home/edson_20_04/box_bot/install/box_bot_description/share/box_bot_description/local_setup.sh
[2.951s] -- Installing: /home/edson_20_04/box_bot/install/box_bot_description/share/box_bot_description/local_setup.zsh
[2.952s] -- Installing: /home/edson_20_04/box_bot/install/box_bot_description/share/box_bot_description/local_setup.dsv
[2.952s] -- Installing: /home/edson_20_04/box_bot/install/box_bot_description/share/box_bot_description/package.dsv
[2.952s] -- Installing: /home/edson_20_04/box_bot/install/box_bot_description/share/ament_index/resource_index/packages/box_bot_description
[2.952s] -- Installing: /home/edson_20_04/box_bot/install/box_bot_description/share/box_bot_description/cmake/box_bot_descriptionConfig.cmake
[2.952s] -- Installing: /home/edson_20_04/box_bot/install/box_bot_description/share/box_bot_description/cmake/box_bot_descriptionConfig-version.cmake
[2.952s] -- Installing: /home/edson_20_04/box_bot/install/box_bot_description/share/box_bot_description/package.xml
[2.954s] Invoked command in '/home/edson_20_04/box_bot/build/box_bot_description' returned '0': CMAKE_PREFIX_PATH=/opt/ros/foxy /usr/bin/cmake --install /home/edson_20_04/box_bot/build/box_bot_description
