[0.287s] DEBUG:colcon:Command line arguments: ['/usr/bin/colcon', 'build']
[0.288s] DEBUG:colcon:Parsed command line arguments: Namespace(allow_overriding=[], ament_cmake_args=None, base_paths=['.'], build_base='build', catkin_cmake_args=None, catkin_skip_building_tests=False, cmake_args=None, cmake_clean_cache=False, cmake_clean_first=False, cmake_force_configure=False, cmake_target=None, cmake_target_skip_unavailable=False, continue_on_error=False, event_handlers=None, executor='parallel', ignore_user_meta=False, install_base='install', log_base=None, log_level=None, main=<bound method BuildVerb.main of <colcon_core.verb.build.BuildVerb object at 0x7f4de7035b20>>, merge_install=False, metas=['./colcon.meta'], packages_above=None, packages_above_and_dependencies=None, packages_above_depth=None, packages_end=None, packages_ignore=None, packages_ignore_regex=None, packages_select=None, packages_select_build_failed=False, packages_select_by_dep=None, packages_select_regex=None, packages_select_test_failures=False, packages_skip=None, packages_skip_build_finished=False, packages_skip_by_dep=None, packages_skip_regex=None, packages_skip_test_passed=False, packages_skip_up_to=None, packages_start=None, packages_up_to=None, packages_up_to_regex=None, parallel_workers=16, paths=None, symlink_install=False, test_result_base=None, verb_extension=<colcon_core.verb.build.BuildVerb object at 0x7f4de7035b20>, verb_name='build', verb_parser=<colcon_defaults.argument_parser.defaults.DefaultArgumentsDecorator object at 0x7f4de703f0d0>)
[0.323s] Level 1:colcon.colcon_core.package_discovery:discover_packages(colcon_meta) check parameters
[0.323s] Level 1:colcon.colcon_core.package_discovery:discover_packages(recursive) check parameters
[0.323s] Level 1:colcon.colcon_core.package_discovery:discover_packages(ignore) check parameters
[0.323s] Level 1:colcon.colcon_core.package_discovery:discover_packages(path) check parameters
[0.323s] Level 1:colcon.colcon_core.package_discovery:discover_packages(colcon_meta) discover
[0.323s] Level 1:colcon.colcon_core.package_discovery:discover_packages(recursive) discover
[0.323s] INFO:colcon.colcon_core.package_discovery:Crawling recursively for packages in '/home/edson_20_04/TCAS'
[0.323s] Level 1:colcon.colcon_core.package_identification:_identify(.) by extensions ['ignore', 'ignore_ament_install']
[0.323s] Level 1:colcon.colcon_core.package_identification:_identify(.) by extension 'ignore'
[0.323s] Level 1:colcon.colcon_core.package_identification:_identify(.) by extension 'ignore_ament_install'
[0.324s] Level 1:colcon.colcon_core.package_identification:_identify(.) by extensions ['colcon_pkg']
[0.324s] Level 1:colcon.colcon_core.package_identification:_identify(.) by extension 'colcon_pkg'
[0.324s] Level 1:colcon.colcon_core.package_identification:_identify(.) by extensions ['colcon_meta']
[0.324s] Level 1:colcon.colcon_core.package_identification:_identify(.) by extension 'colcon_meta'
[0.324s] Level 1:colcon.colcon_core.package_identification:_identify(.) by extensions ['ros']
[0.324s] Level 1:colcon.colcon_core.package_identification:_identify(.) by extension 'ros'
[0.345s] Level 1:colcon.colcon_core.package_identification:_identify(.) by extensions ['cmake', 'python']
[0.345s] Level 1:colcon.colcon_core.package_identification:_identify(.) by extension 'cmake'
[0.345s] Level 1:colcon.colcon_core.package_identification:_identify(.) by extension 'python'
[0.345s] Level 1:colcon.colcon_core.package_identification:_identify(.) by extensions ['python_setup_py']
[0.345s] Level 1:colcon.colcon_core.package_identification:_identify(.) by extension 'python_setup_py'
[0.345s] Level 1:colcon.colcon_core.package_identification:_identify(Docs) by extensions ['ignore', 'ignore_ament_install']
[0.345s] Level 1:colcon.colcon_core.package_identification:_identify(Docs) by extension 'ignore'
[0.345s] Level 1:colcon.colcon_core.package_identification:_identify(Docs) by extension 'ignore_ament_install'
[0.345s] Level 1:colcon.colcon_core.package_identification:_identify(Docs) by extensions ['colcon_pkg']
[0.345s] Level 1:colcon.colcon_core.package_identification:_identify(Docs) by extension 'colcon_pkg'
[0.345s] Level 1:colcon.colcon_core.package_identification:_identify(Docs) by extensions ['colcon_meta']
[0.345s] Level 1:colcon.colcon_core.package_identification:_identify(Docs) by extension 'colcon_meta'
[0.346s] Level 1:colcon.colcon_core.package_identification:_identify(Docs) by extensions ['ros']
[0.346s] Level 1:colcon.colcon_core.package_identification:_identify(Docs) by extension 'ros'
[0.346s] Level 1:colcon.colcon_core.package_identification:_identify(Docs) by extensions ['cmake', 'python']
[0.346s] Level 1:colcon.colcon_core.package_identification:_identify(Docs) by extension 'cmake'
[0.346s] Level 1:colcon.colcon_core.package_identification:_identify(Docs) by extension 'python'
[0.346s] Level 1:colcon.colcon_core.package_identification:_identify(Docs) by extensions ['python_setup_py']
[0.346s] Level 1:colcon.colcon_core.package_identification:_identify(Docs) by extension 'python_setup_py'
[0.346s] Level 1:colcon.colcon_core.package_identification:_identify(box_bot_description) by extensions ['ignore', 'ignore_ament_install']
[0.346s] Level 1:colcon.colcon_core.package_identification:_identify(box_bot_description) by extension 'ignore'
[0.346s] Level 1:colcon.colcon_core.package_identification:_identify(box_bot_description) by extension 'ignore_ament_install'
[0.346s] Level 1:colcon.colcon_core.package_identification:_identify(box_bot_description) by extensions ['colcon_pkg']
[0.346s] Level 1:colcon.colcon_core.package_identification:_identify(box_bot_description) by extension 'colcon_pkg'
[0.346s] Level 1:colcon.colcon_core.package_identification:_identify(box_bot_description) by extensions ['colcon_meta']
[0.346s] Level 1:colcon.colcon_core.package_identification:_identify(box_bot_description) by extension 'colcon_meta'
[0.346s] Level 1:colcon.colcon_core.package_identification:_identify(box_bot_description) by extensions ['ros']
[0.346s] Level 1:colcon.colcon_core.package_identification:_identify(box_bot_description) by extension 'ros'
[0.349s] DEBUG:colcon.colcon_core.package_identification:Package 'box_bot_description' with type 'ros.ament_cmake' and name 'box_bot_description'
[0.349s] Level 1:colcon.colcon_core.package_identification:_identify(box_bot_gazebo) by extensions ['ignore', 'ignore_ament_install']
[0.349s] Level 1:colcon.colcon_core.package_identification:_identify(box_bot_gazebo) by extension 'ignore'
[0.349s] Level 1:colcon.colcon_core.package_identification:_identify(box_bot_gazebo) by extension 'ignore_ament_install'
[0.349s] Level 1:colcon.colcon_core.package_identification:_identify(box_bot_gazebo) by extensions ['colcon_pkg']
[0.349s] Level 1:colcon.colcon_core.package_identification:_identify(box_bot_gazebo) by extension 'colcon_pkg'
[0.349s] Level 1:colcon.colcon_core.package_identification:_identify(box_bot_gazebo) by extensions ['colcon_meta']
[0.349s] Level 1:colcon.colcon_core.package_identification:_identify(box_bot_gazebo) by extension 'colcon_meta'
[0.349s] Level 1:colcon.colcon_core.package_identification:_identify(box_bot_gazebo) by extensions ['ros']
[0.349s] Level 1:colcon.colcon_core.package_identification:_identify(box_bot_gazebo) by extension 'ros'
[0.350s] DEBUG:colcon.colcon_core.package_identification:Package 'box_bot_gazebo' with type 'ros.ament_cmake' and name 'box_bot_gazebo'
[0.350s] Level 1:colcon.colcon_core.package_identification:_identify(build) by extensions ['ignore', 'ignore_ament_install']
[0.350s] Level 1:colcon.colcon_core.package_identification:_identify(build) by extension 'ignore'
[0.350s] Level 1:colcon.colcon_core.package_identification:_identify(build) ignored
[0.350s] Level 1:colcon.colcon_core.package_identification:_identify(install) by extensions ['ignore', 'ignore_ament_install']
[0.351s] Level 1:colcon.colcon_core.package_identification:_identify(install) by extension 'ignore'
[0.351s] Level 1:colcon.colcon_core.package_identification:_identify(install) ignored
[0.351s] Level 1:colcon.colcon_core.package_identification:_identify(log) by extensions ['ignore', 'ignore_ament_install']
[0.351s] Level 1:colcon.colcon_core.package_identification:_identify(log) by extension 'ignore'
[0.351s] Level 1:colcon.colcon_core.package_identification:_identify(log) ignored
[0.351s] Level 1:colcon.colcon_core.package_identification:_identify(planning) by extensions ['ignore', 'ignore_ament_install']
[0.351s] Level 1:colcon.colcon_core.package_identification:_identify(planning) by extension 'ignore'
[0.351s] Level 1:colcon.colcon_core.package_identification:_identify(planning) by extension 'ignore_ament_install'
[0.351s] Level 1:colcon.colcon_core.package_identification:_identify(planning) by extensions ['colcon_pkg']
[0.352s] Level 1:colcon.colcon_core.package_identification:_identify(planning) by extension 'colcon_pkg'
[0.352s] Level 1:colcon.colcon_core.package_identification:_identify(planning) by extensions ['colcon_meta']
[0.352s] Level 1:colcon.colcon_core.package_identification:_identify(planning) by extension 'colcon_meta'
[0.352s] Level 1:colcon.colcon_core.package_identification:_identify(planning) by extensions ['ros']
[0.352s] Level 1:colcon.colcon_core.package_identification:_identify(planning) by extension 'ros'
[0.352s] DEBUG:colcon.colcon_core.package_identification:Package 'planning' with type 'ros.ament_cmake' and name 'planning'
[0.352s] Level 1:colcon.colcon_core.package_discovery:discover_packages(recursive) using defaults
[0.352s] Level 1:colcon.colcon_core.package_discovery:discover_packages(ignore) discover
[0.352s] Level 1:colcon.colcon_core.package_discovery:discover_packages(ignore) using defaults
[0.352s] Level 1:colcon.colcon_core.package_discovery:discover_packages(path) discover
[0.352s] Level 1:colcon.colcon_core.package_discovery:discover_packages(path) using defaults
[0.370s] Level 1:colcon.colcon_core.package_discovery:discover_packages(prefix_path) check parameters
[0.370s] Level 1:colcon.colcon_core.package_discovery:discover_packages(prefix_path) discover
[0.372s] DEBUG:colcon.colcon_installed_package_information.package_discovery:Found 5 installed packages in /home/edson_20_04/TCAS/install
[0.374s] DEBUG:colcon.colcon_installed_package_information.package_discovery:Found 398 installed packages in /opt/ros/foxy
[0.377s] Level 1:colcon.colcon_core.package_discovery:discover_packages(prefix_path) using defaults
[0.463s] Level 5:colcon.colcon_core.verb:set package 'box_bot_description' build argument 'cmake_args' from command line to 'None'
[0.463s] Level 5:colcon.colcon_core.verb:set package 'box_bot_description' build argument 'cmake_target' from command line to 'None'
[0.463s] Level 5:colcon.colcon_core.verb:set package 'box_bot_description' build argument 'cmake_target_skip_unavailable' from command line to 'False'
[0.463s] Level 5:colcon.colcon_core.verb:set package 'box_bot_description' build argument 'cmake_clean_cache' from command line to 'False'
[0.463s] Level 5:colcon.colcon_core.verb:set package 'box_bot_description' build argument 'cmake_clean_first' from command line to 'False'
[0.463s] Level 5:colcon.colcon_core.verb:set package 'box_bot_description' build argument 'cmake_force_configure' from command line to 'False'
[0.463s] Level 5:colcon.colcon_core.verb:set package 'box_bot_description' build argument 'ament_cmake_args' from command line to 'None'
[0.463s] Level 5:colcon.colcon_core.verb:set package 'box_bot_description' build argument 'catkin_cmake_args' from command line to 'None'
[0.463s] Level 5:colcon.colcon_core.verb:set package 'box_bot_description' build argument 'catkin_skip_building_tests' from command line to 'False'
[0.463s] DEBUG:colcon.colcon_core.verb:Building package 'box_bot_description' with the following arguments: {'ament_cmake_args': None, 'build_base': '/home/edson_20_04/TCAS/build/box_bot_description', 'catkin_cmake_args': None, 'catkin_skip_building_tests': False, 'cmake_args': None, 'cmake_clean_cache': False, 'cmake_clean_first': False, 'cmake_force_configure': False, 'cmake_target': None, 'cmake_target_skip_unavailable': False, 'install_base': '/home/edson_20_04/TCAS/install/box_bot_description', 'merge_install': False, 'path': '/home/edson_20_04/TCAS/box_bot_description', 'symlink_install': False, 'test_result_base': None}
[0.465s] Level 5:colcon.colcon_core.verb:set package 'box_bot_gazebo' build argument 'cmake_args' from command line to 'None'
[0.465s] Level 5:colcon.colcon_core.verb:set package 'box_bot_gazebo' build argument 'cmake_target' from command line to 'None'
[0.465s] Level 5:colcon.colcon_core.verb:set package 'box_bot_gazebo' build argument 'cmake_target_skip_unavailable' from command line to 'False'
[0.465s] Level 5:colcon.colcon_core.verb:set package 'box_bot_gazebo' build argument 'cmake_clean_cache' from command line to 'False'
[0.465s] Level 5:colcon.colcon_core.verb:set package 'box_bot_gazebo' build argument 'cmake_clean_first' from command line to 'False'
[0.465s] Level 5:colcon.colcon_core.verb:set package 'box_bot_gazebo' build argument 'cmake_force_configure' from command line to 'False'
[0.465s] Level 5:colcon.colcon_core.verb:set package 'box_bot_gazebo' build argument 'ament_cmake_args' from command line to 'None'
[0.465s] Level 5:colcon.colcon_core.verb:set package 'box_bot_gazebo' build argument 'catkin_cmake_args' from command line to 'None'
[0.465s] Level 5:colcon.colcon_core.verb:set package 'box_bot_gazebo' build argument 'catkin_skip_building_tests' from command line to 'False'
[0.465s] DEBUG:colcon.colcon_core.verb:Building package 'box_bot_gazebo' with the following arguments: {'ament_cmake_args': None, 'build_base': '/home/edson_20_04/TCAS/build/box_bot_gazebo', 'catkin_cmake_args': None, 'catkin_skip_building_tests': False, 'cmake_args': None, 'cmake_clean_cache': False, 'cmake_clean_first': False, 'cmake_force_configure': False, 'cmake_target': None, 'cmake_target_skip_unavailable': False, 'install_base': '/home/edson_20_04/TCAS/install/box_bot_gazebo', 'merge_install': False, 'path': '/home/edson_20_04/TCAS/box_bot_gazebo', 'symlink_install': False, 'test_result_base': None}
[0.466s] Level 5:colcon.colcon_core.verb:set package 'planning' build argument 'cmake_args' from command line to 'None'
[0.466s] Level 5:colcon.colcon_core.verb:set package 'planning' build argument 'cmake_target' from command line to 'None'
[0.466s] Level 5:colcon.colcon_core.verb:set package 'planning' build argument 'cmake_target_skip_unavailable' from command line to 'False'
[0.466s] Level 5:colcon.colcon_core.verb:set package 'planning' build argument 'cmake_clean_cache' from command line to 'False'
[0.467s] Level 5:colcon.colcon_core.verb:set package 'planning' build argument 'cmake_clean_first' from command line to 'False'
[0.467s] Level 5:colcon.colcon_core.verb:set package 'planning' build argument 'cmake_force_configure' from command line to 'False'
[0.467s] Level 5:colcon.colcon_core.verb:set package 'planning' build argument 'ament_cmake_args' from command line to 'None'
[0.467s] Level 5:colcon.colcon_core.verb:set package 'planning' build argument 'catkin_cmake_args' from command line to 'None'
[0.467s] Level 5:colcon.colcon_core.verb:set package 'planning' build argument 'catkin_skip_building_tests' from command line to 'False'
[0.467s] DEBUG:colcon.colcon_core.verb:Building package 'planning' with the following arguments: {'ament_cmake_args': None, 'build_base': '/home/edson_20_04/TCAS/build/planning', 'catkin_cmake_args': None, 'catkin_skip_building_tests': False, 'cmake_args': None, 'cmake_clean_cache': False, 'cmake_clean_first': False, 'cmake_force_configure': False, 'cmake_target': None, 'cmake_target_skip_unavailable': False, 'install_base': '/home/edson_20_04/TCAS/install/planning', 'merge_install': False, 'path': '/home/edson_20_04/TCAS/planning', 'symlink_install': False, 'test_result_base': None}
[0.468s] INFO:colcon.colcon_core.executor:Executing jobs using 'parallel' executor
[0.473s] DEBUG:colcon.colcon_parallel_executor.executor.parallel:run_until_complete
[0.474s] INFO:colcon.colcon_ros.task.ament_cmake.build:Building ROS package in '/home/edson_20_04/TCAS/box_bot_description' with build type 'ament_cmake'
[0.474s] INFO:colcon.colcon_cmake.task.cmake.build:Building CMake package in '/home/edson_20_04/TCAS/box_bot_description'
[0.479s] INFO:colcon.colcon_core.plugin_system:Skipping extension 'colcon_core.shell.bat': Not used on non-Windows systems
[0.480s] INFO:colcon.colcon_core.shell:Skip shell extension 'powershell' for command environment: Not usable outside of PowerShell
[0.480s] DEBUG:colcon.colcon_core.shell:Skip shell extension 'dsv' for command environment
[0.488s] INFO:colcon.colcon_ros.task.ament_cmake.build:Building ROS package in '/home/edson_20_04/TCAS/box_bot_gazebo' with build type 'ament_cmake'
[0.488s] INFO:colcon.colcon_cmake.task.cmake.build:Building CMake package in '/home/edson_20_04/TCAS/box_bot_gazebo'
[0.491s] INFO:colcon.colcon_core.shell:Skip shell extension 'powershell' for command environment: Not usable outside of PowerShell
[0.491s] DEBUG:colcon.colcon_core.shell:Skip shell extension 'dsv' for command environment
[0.500s] INFO:colcon.colcon_ros.task.ament_cmake.build:Building ROS package in '/home/edson_20_04/TCAS/planning' with build type 'ament_cmake'
[0.501s] INFO:colcon.colcon_cmake.task.cmake.build:Building CMake package in '/home/edson_20_04/TCAS/planning'
[0.503s] INFO:colcon.colcon_core.shell:Skip shell extension 'powershell' for command environment: Not usable outside of PowerShell
[0.504s] DEBUG:colcon.colcon_core.shell:Skip shell extension 'dsv' for command environment
[0.525s] DEBUG:colcon.colcon_core.event_handler.log_command:Invoking command in '/home/edson_20_04/TCAS/build/box_bot_description': CMAKE_PREFIX_PATH=${CMAKE_PREFIX_PATH}:/opt/ros/foxy /usr/bin/cmake --build /home/edson_20_04/TCAS/build/box_bot_description -- -j16 -l16
[0.539s] DEBUG:colcon.colcon_core.event_handler.log_command:Invoking command in '/home/edson_20_04/TCAS/build/box_bot_gazebo': CMAKE_PREFIX_PATH=${CMAKE_PREFIX_PATH}:/opt/ros/foxy /usr/bin/cmake --build /home/edson_20_04/TCAS/build/box_bot_gazebo -- -j16 -l16
[0.546s] DEBUG:colcon.colcon_core.event_handler.log_command:Invoking command in '/home/edson_20_04/TCAS/build/planning': CMAKE_PREFIX_PATH=${CMAKE_PREFIX_PATH}:/opt/ros/foxy /usr/bin/cmake --build /home/edson_20_04/TCAS/build/planning -- -j16 -l16
[0.568s] DEBUG:colcon.colcon_core.event_handler.log_command:Invoked command in '/home/edson_20_04/TCAS/build/box_bot_description' returned '0': CMAKE_PREFIX_PATH=${CMAKE_PREFIX_PATH}:/opt/ros/foxy /usr/bin/cmake --build /home/edson_20_04/TCAS/build/box_bot_description -- -j16 -l16
[0.577s] DEBUG:colcon.colcon_core.event_handler.log_command:Invoked command in '/home/edson_20_04/TCAS/build/box_bot_gazebo' returned '0': CMAKE_PREFIX_PATH=${CMAKE_PREFIX_PATH}:/opt/ros/foxy /usr/bin/cmake --build /home/edson_20_04/TCAS/build/box_bot_gazebo -- -j16 -l16
[0.587s] DEBUG:colcon.colcon_core.event_handler.log_command:Invoked command in '/home/edson_20_04/TCAS/build/planning' returned '0': CMAKE_PREFIX_PATH=${CMAKE_PREFIX_PATH}:/opt/ros/foxy /usr/bin/cmake --build /home/edson_20_04/TCAS/build/planning -- -j16 -l16
[0.600s] DEBUG:colcon.colcon_core.event_handler.log_command:Invoking command in '/home/edson_20_04/TCAS/build/box_bot_description': CMAKE_PREFIX_PATH=${CMAKE_PREFIX_PATH}:/opt/ros/foxy /usr/bin/cmake --install /home/edson_20_04/TCAS/build/box_bot_description
[0.605s] DEBUG:colcon.colcon_core.event_handler.log_command:Invoking command in '/home/edson_20_04/TCAS/build/box_bot_gazebo': CMAKE_PREFIX_PATH=${CMAKE_PREFIX_PATH}:/opt/ros/foxy /usr/bin/cmake --install /home/edson_20_04/TCAS/build/box_bot_gazebo
[0.616s] Level 1:colcon.colcon_core.environment:create_environment_scripts_only(box_bot_description)
[0.624s] DEBUG:colcon.colcon_core.event_handler.log_command:Invoking command in '/home/edson_20_04/TCAS/build/planning': CMAKE_PREFIX_PATH=${CMAKE_PREFIX_PATH}:/opt/ros/foxy /usr/bin/cmake --install /home/edson_20_04/TCAS/build/planning
[0.627s] Level 1:colcon.colcon_core.environment:checking '/home/edson_20_04/TCAS/install/box_bot_description' for CMake module files
[0.631s] DEBUG:colcon.colcon_core.event_handler.log_command:Invoked command in '/home/edson_20_04/TCAS/build/box_bot_description' returned '0': CMAKE_PREFIX_PATH=${CMAKE_PREFIX_PATH}:/opt/ros/foxy /usr/bin/cmake --install /home/edson_20_04/TCAS/build/box_bot_description
[0.633s] Level 1:colcon.colcon_core.environment:checking '/home/edson_20_04/TCAS/install/box_bot_description' for CMake config files
[0.635s] Level 1:colcon.colcon_core.shell:create_environment_hook('box_bot_description', 'cmake_prefix_path')
[0.637s] INFO:colcon.colcon_core.shell:Creating environment hook '/home/edson_20_04/TCAS/install/box_bot_description/share/box_bot_description/hook/cmake_prefix_path.ps1'
[0.637s] INFO:colcon.colcon_core.shell:Creating environment descriptor '/home/edson_20_04/TCAS/install/box_bot_description/share/box_bot_description/hook/cmake_prefix_path.dsv'
[0.638s] INFO:colcon.colcon_core.shell:Creating environment hook '/home/edson_20_04/TCAS/install/box_bot_description/share/box_bot_description/hook/cmake_prefix_path.sh'
[0.639s] Level 1:colcon.colcon_core.environment:checking '/home/edson_20_04/TCAS/install/box_bot_description/lib'
[0.639s] Level 1:colcon.colcon_core.environment:checking '/home/edson_20_04/TCAS/install/box_bot_description/bin'
[0.639s] Level 1:colcon.colcon_core.environment:checking '/home/edson_20_04/TCAS/install/box_bot_description/lib/pkgconfig/box_bot_description.pc'
[0.639s] Level 1:colcon.colcon_core.environment:checking '/home/edson_20_04/TCAS/install/box_bot_description/lib/python3.8/site-packages'
[0.640s] Level 1:colcon.colcon_core.environment:checking '/home/edson_20_04/TCAS/install/box_bot_description/bin'
[0.641s] INFO:colcon.colcon_core.shell:Creating package script '/home/edson_20_04/TCAS/install/box_bot_description/share/box_bot_description/package.ps1'
[0.642s] INFO:colcon.colcon_core.shell:Creating package descriptor '/home/edson_20_04/TCAS/install/box_bot_description/share/box_bot_description/package.dsv'
[0.642s] INFO:colcon.colcon_core.shell:Creating package script '/home/edson_20_04/TCAS/install/box_bot_description/share/box_bot_description/package.sh'
[0.643s] INFO:colcon.colcon_core.shell:Creating package script '/home/edson_20_04/TCAS/install/box_bot_description/share/box_bot_description/package.bash'
[0.644s] INFO:colcon.colcon_core.shell:Creating package script '/home/edson_20_04/TCAS/install/box_bot_description/share/box_bot_description/package.zsh'
[0.644s] Level 1:colcon.colcon_core.environment:create_file_with_runtime_dependencies(/home/edson_20_04/TCAS/install/box_bot_description/share/colcon-core/packages/box_bot_description)
[0.648s] Level 1:colcon.colcon_core.environment:create_environment_scripts_only(box_bot_gazebo)
[0.650s] Level 1:colcon.colcon_core.environment:checking '/home/edson_20_04/TCAS/install/box_bot_gazebo' for CMake module files
[0.651s] DEBUG:colcon.colcon_core.event_handler.log_command:Invoked command in '/home/edson_20_04/TCAS/build/box_bot_gazebo' returned '0': CMAKE_PREFIX_PATH=${CMAKE_PREFIX_PATH}:/opt/ros/foxy /usr/bin/cmake --install /home/edson_20_04/TCAS/build/box_bot_gazebo
[0.651s] Level 1:colcon.colcon_core.environment:checking '/home/edson_20_04/TCAS/install/box_bot_gazebo' for CMake config files
[0.652s] Level 1:colcon.colcon_core.shell:create_environment_hook('box_bot_gazebo', 'cmake_prefix_path')
[0.653s] INFO:colcon.colcon_core.shell:Creating environment hook '/home/edson_20_04/TCAS/install/box_bot_gazebo/share/box_bot_gazebo/hook/cmake_prefix_path.ps1'
[0.654s] INFO:colcon.colcon_core.shell:Creating environment descriptor '/home/edson_20_04/TCAS/install/box_bot_gazebo/share/box_bot_gazebo/hook/cmake_prefix_path.dsv'
[0.654s] INFO:colcon.colcon_core.shell:Creating environment hook '/home/edson_20_04/TCAS/install/box_bot_gazebo/share/box_bot_gazebo/hook/cmake_prefix_path.sh'
[0.654s] Level 1:colcon.colcon_core.environment:checking '/home/edson_20_04/TCAS/install/box_bot_gazebo/bin'
[0.654s] Level 1:colcon.colcon_core.environment:checking '/home/edson_20_04/TCAS/install/box_bot_gazebo/lib/pkgconfig/box_bot_gazebo.pc'
[0.655s] Level 1:colcon.colcon_core.environment:checking '/home/edson_20_04/TCAS/install/box_bot_gazebo/lib/python3.8/site-packages'
[0.655s] Level 1:colcon.colcon_core.environment:checking '/home/edson_20_04/TCAS/install/box_bot_gazebo/bin'
[0.656s] INFO:colcon.colcon_core.shell:Creating package script '/home/edson_20_04/TCAS/install/box_bot_gazebo/share/box_bot_gazebo/package.ps1'
[0.657s] INFO:colcon.colcon_core.shell:Creating package descriptor '/home/edson_20_04/TCAS/install/box_bot_gazebo/share/box_bot_gazebo/package.dsv'
[0.657s] INFO:colcon.colcon_core.shell:Creating package script '/home/edson_20_04/TCAS/install/box_bot_gazebo/share/box_bot_gazebo/package.sh'
[0.657s] INFO:colcon.colcon_core.shell:Creating package script '/home/edson_20_04/TCAS/install/box_bot_gazebo/share/box_bot_gazebo/package.bash'
[0.658s] INFO:colcon.colcon_core.shell:Creating package script '/home/edson_20_04/TCAS/install/box_bot_gazebo/share/box_bot_gazebo/package.zsh'
[0.658s] Level 1:colcon.colcon_core.environment:create_file_with_runtime_dependencies(/home/edson_20_04/TCAS/install/box_bot_gazebo/share/colcon-core/packages/box_bot_gazebo)
[0.662s] Level 1:colcon.colcon_core.environment:create_environment_scripts_only(planning)
[0.664s] Level 1:colcon.colcon_core.environment:checking '/home/edson_20_04/TCAS/install/planning' for CMake module files
[0.666s] DEBUG:colcon.colcon_core.event_handler.log_command:Invoked command in '/home/edson_20_04/TCAS/build/planning' returned '0': CMAKE_PREFIX_PATH=${CMAKE_PREFIX_PATH}:/opt/ros/foxy /usr/bin/cmake --install /home/edson_20_04/TCAS/build/planning
[0.666s] Level 1:colcon.colcon_core.environment:checking '/home/edson_20_04/TCAS/install/planning' for CMake config files
[0.666s] Level 1:colcon.colcon_core.shell:create_environment_hook('planning', 'cmake_prefix_path')
[0.667s] INFO:colcon.colcon_core.shell:Creating environment hook '/home/edson_20_04/TCAS/install/planning/share/planning/hook/cmake_prefix_path.ps1'
[0.668s] INFO:colcon.colcon_core.shell:Creating environment descriptor '/home/edson_20_04/TCAS/install/planning/share/planning/hook/cmake_prefix_path.dsv'
[0.668s] INFO:colcon.colcon_core.shell:Creating environment hook '/home/edson_20_04/TCAS/install/planning/share/planning/hook/cmake_prefix_path.sh'
[0.669s] Level 1:colcon.colcon_core.environment:checking '/home/edson_20_04/TCAS/install/planning/lib'
[0.669s] Level 1:colcon.colcon_core.environment:checking '/home/edson_20_04/TCAS/install/planning/bin'
[0.669s] Level 1:colcon.colcon_core.environment:checking '/home/edson_20_04/TCAS/install/planning/lib/pkgconfig/planning.pc'
[0.669s] Level 1:colcon.colcon_core.environment:checking '/home/edson_20_04/TCAS/install/planning/lib/python3.8/site-packages'
[0.669s] Level 1:colcon.colcon_core.environment:checking '/home/edson_20_04/TCAS/install/planning/bin'
[0.671s] INFO:colcon.colcon_core.shell:Creating package script '/home/edson_20_04/TCAS/install/planning/share/planning/package.ps1'
[0.671s] INFO:colcon.colcon_core.shell:Creating package descriptor '/home/edson_20_04/TCAS/install/planning/share/planning/package.dsv'
[0.671s] INFO:colcon.colcon_core.shell:Creating package script '/home/edson_20_04/TCAS/install/planning/share/planning/package.sh'
[0.672s] INFO:colcon.colcon_core.shell:Creating package script '/home/edson_20_04/TCAS/install/planning/share/planning/package.bash'
[0.672s] INFO:colcon.colcon_core.shell:Creating package script '/home/edson_20_04/TCAS/install/planning/share/planning/package.zsh'
[0.672s] Level 1:colcon.colcon_core.environment:create_file_with_runtime_dependencies(/home/edson_20_04/TCAS/install/planning/share/colcon-core/packages/planning)
[0.677s] Level 1:colcon.colcon_core.environment:create_environment_scripts_only(box_bot_description)
[0.679s] Level 1:colcon.colcon_core.environment:checking '/home/edson_20_04/TCAS/install/box_bot_description' for CMake module files
[0.680s] Level 1:colcon.colcon_core.environment:checking '/home/edson_20_04/TCAS/install/box_bot_description' for CMake config files
[0.680s] Level 1:colcon.colcon_core.shell:create_environment_hook('box_bot_description', 'cmake_prefix_path')
[0.681s] INFO:colcon.colcon_core.shell:Creating environment hook '/home/edson_20_04/TCAS/install/box_bot_description/share/box_bot_description/hook/cmake_prefix_path.ps1'
[0.682s] INFO:colcon.colcon_core.shell:Creating environment descriptor '/home/edson_20_04/TCAS/install/box_bot_description/share/box_bot_description/hook/cmake_prefix_path.dsv'
[0.682s] INFO:colcon.colcon_core.shell:Creating environment hook '/home/edson_20_04/TCAS/install/box_bot_description/share/box_bot_description/hook/cmake_prefix_path.sh'
[0.683s] Level 1:colcon.colcon_core.environment:checking '/home/edson_20_04/TCAS/install/box_bot_description/lib'
[0.683s] Level 1:colcon.colcon_core.environment:checking '/home/edson_20_04/TCAS/install/box_bot_description/bin'
[0.683s] Level 1:colcon.colcon_core.environment:checking '/home/edson_20_04/TCAS/install/box_bot_description/lib/pkgconfig/box_bot_description.pc'
[0.683s] Level 1:colcon.colcon_core.environment:checking '/home/edson_20_04/TCAS/install/box_bot_description/lib/python3.8/site-packages'
[0.684s] Level 1:colcon.colcon_core.environment:checking '/home/edson_20_04/TCAS/install/box_bot_description/bin'
[0.685s] INFO:colcon.colcon_core.shell:Creating package script '/home/edson_20_04/TCAS/install/box_bot_description/share/box_bot_description/package.ps1'
[0.686s] INFO:colcon.colcon_core.shell:Creating package descriptor '/home/edson_20_04/TCAS/install/box_bot_description/share/box_bot_description/package.dsv'
[0.686s] INFO:colcon.colcon_core.shell:Creating package script '/home/edson_20_04/TCAS/install/box_bot_description/share/box_bot_description/package.sh'
[0.686s] INFO:colcon.colcon_core.shell:Creating package script '/home/edson_20_04/TCAS/install/box_bot_description/share/box_bot_description/package.bash'
[0.687s] INFO:colcon.colcon_core.shell:Creating package script '/home/edson_20_04/TCAS/install/box_bot_description/share/box_bot_description/package.zsh'
[0.687s] Level 1:colcon.colcon_core.environment:create_file_with_runtime_dependencies(/home/edson_20_04/TCAS/install/box_bot_description/share/colcon-core/packages/box_bot_description)
[0.689s] Level 1:colcon.colcon_core.environment:create_environment_scripts_only(box_bot_gazebo)
[0.691s] Level 1:colcon.colcon_core.environment:checking '/home/edson_20_04/TCAS/install/box_bot_gazebo' for CMake module files
[0.693s] Level 1:colcon.colcon_core.environment:checking '/home/edson_20_04/TCAS/install/box_bot_gazebo' for CMake config files
[0.693s] Level 1:colcon.colcon_core.shell:create_environment_hook('box_bot_gazebo', 'cmake_prefix_path')
[0.695s] INFO:colcon.colcon_core.shell:Creating environment hook '/home/edson_20_04/TCAS/install/box_bot_gazebo/share/box_bot_gazebo/hook/cmake_prefix_path.ps1'
[0.695s] INFO:colcon.colcon_core.shell:Creating environment descriptor '/home/edson_20_04/TCAS/install/box_bot_gazebo/share/box_bot_gazebo/hook/cmake_prefix_path.dsv'
[0.695s] INFO:colcon.colcon_core.shell:Creating environment hook '/home/edson_20_04/TCAS/install/box_bot_gazebo/share/box_bot_gazebo/hook/cmake_prefix_path.sh'
[0.696s] Level 1:colcon.colcon_core.environment:checking '/home/edson_20_04/TCAS/install/box_bot_gazebo/bin'
[0.696s] Level 1:colcon.colcon_core.environment:checking '/home/edson_20_04/TCAS/install/box_bot_gazebo/lib/pkgconfig/box_bot_gazebo.pc'
[0.696s] Level 1:colcon.colcon_core.environment:checking '/home/edson_20_04/TCAS/install/box_bot_gazebo/lib/python3.8/site-packages'
[0.696s] Level 1:colcon.colcon_core.environment:checking '/home/edson_20_04/TCAS/install/box_bot_gazebo/bin'
[0.698s] INFO:colcon.colcon_core.shell:Creating package script '/home/edson_20_04/TCAS/install/box_bot_gazebo/share/box_bot_gazebo/package.ps1'
[0.698s] INFO:colcon.colcon_core.shell:Creating package descriptor '/home/edson_20_04/TCAS/install/box_bot_gazebo/share/box_bot_gazebo/package.dsv'
[0.699s] INFO:colcon.colcon_core.shell:Creating package script '/home/edson_20_04/TCAS/install/box_bot_gazebo/share/box_bot_gazebo/package.sh'
[0.699s] INFO:colcon.colcon_core.shell:Creating package script '/home/edson_20_04/TCAS/install/box_bot_gazebo/share/box_bot_gazebo/package.bash'
[0.699s] INFO:colcon.colcon_core.shell:Creating package script '/home/edson_20_04/TCAS/install/box_bot_gazebo/share/box_bot_gazebo/package.zsh'
[0.700s] Level 1:colcon.colcon_core.environment:create_file_with_runtime_dependencies(/home/edson_20_04/TCAS/install/box_bot_gazebo/share/colcon-core/packages/box_bot_gazebo)
[0.702s] Level 1:colcon.colcon_core.environment:create_environment_scripts_only(planning)
[0.704s] Level 1:colcon.colcon_core.environment:checking '/home/edson_20_04/TCAS/install/planning' for CMake module files
[0.705s] Level 1:colcon.colcon_core.environment:checking '/home/edson_20_04/TCAS/install/planning' for CMake config files
[0.705s] Level 1:colcon.colcon_core.shell:create_environment_hook('planning', 'cmake_prefix_path')
[0.706s] INFO:colcon.colcon_core.shell:Creating environment hook '/home/edson_20_04/TCAS/install/planning/share/planning/hook/cmake_prefix_path.ps1'
[0.707s] INFO:colcon.colcon_core.shell:Creating environment descriptor '/home/edson_20_04/TCAS/install/planning/share/planning/hook/cmake_prefix_path.dsv'
[0.707s] INFO:colcon.colcon_core.shell:Creating environment hook '/home/edson_20_04/TCAS/install/planning/share/planning/hook/cmake_prefix_path.sh'
[0.708s] Level 1:colcon.colcon_core.environment:checking '/home/edson_20_04/TCAS/install/planning/lib'
[0.708s] Level 1:colcon.colcon_core.environment:checking '/home/edson_20_04/TCAS/install/planning/bin'
[0.708s] Level 1:colcon.colcon_core.environment:checking '/home/edson_20_04/TCAS/install/planning/lib/pkgconfig/planning.pc'
[0.709s] Level 1:colcon.colcon_core.environment:checking '/home/edson_20_04/TCAS/install/planning/lib/python3.8/site-packages'
[0.709s] Level 1:colcon.colcon_core.environment:checking '/home/edson_20_04/TCAS/install/planning/bin'
[0.710s] INFO:colcon.colcon_core.shell:Creating package script '/home/edson_20_04/TCAS/install/planning/share/planning/package.ps1'
[0.711s] INFO:colcon.colcon_core.shell:Creating package descriptor '/home/edson_20_04/TCAS/install/planning/share/planning/package.dsv'
[0.711s] INFO:colcon.colcon_core.shell:Creating package script '/home/edson_20_04/TCAS/install/planning/share/planning/package.sh'
[0.712s] INFO:colcon.colcon_core.shell:Creating package script '/home/edson_20_04/TCAS/install/planning/share/planning/package.bash'
[0.712s] INFO:colcon.colcon_core.shell:Creating package script '/home/edson_20_04/TCAS/install/planning/share/planning/package.zsh'
[0.712s] Level 1:colcon.colcon_core.environment:create_file_with_runtime_dependencies(/home/edson_20_04/TCAS/install/planning/share/colcon-core/packages/planning)
[0.713s] DEBUG:colcon.colcon_parallel_executor.executor.parallel:closing loop
[0.714s] DEBUG:colcon.colcon_parallel_executor.executor.parallel:loop closed
[0.714s] DEBUG:colcon.colcon_parallel_executor.executor.parallel:run_until_complete finished with '0'
[0.714s] DEBUG:colcon.colcon_core.event_reactor:joining thread
[0.799s] INFO:colcon.colcon_core.plugin_system:Skipping extension 'colcon_notification.desktop_notification.notify_send': Could not find 'notify-send'
[0.799s] INFO:colcon.colcon_core.plugin_system:Skipping extension 'colcon_notification.desktop_notification.terminal_notifier': Not used on non-Darwin systems
[0.799s] INFO:colcon.colcon_core.plugin_system:Skipping extension 'colcon_notification.desktop_notification.win32': Not used on non-Windows systems
[0.799s] INFO:colcon.colcon_notification.desktop_notification:Sending desktop notification using 'notify2'
[0.805s] DEBUG:colcon.colcon_notification.desktop_notification.notify2:Failed to initialize notify2: org.freedesktop.DBus.Error.ServiceUnknown: The name org.freedesktop.Notifications was not provided by any .service files
[0.805s] DEBUG:colcon.colcon_core.event_reactor:joined thread
[0.807s] INFO:colcon.colcon_core.shell:Creating prefix script '/home/edson_20_04/TCAS/install/local_setup.ps1'
[0.808s] INFO:colcon.colcon_core.shell:Creating prefix util module '/home/edson_20_04/TCAS/install/_local_setup_util_ps1.py'
[0.809s] INFO:colcon.colcon_core.shell:Creating prefix chain script '/home/edson_20_04/TCAS/install/setup.ps1'
[0.811s] INFO:colcon.colcon_core.shell:Creating prefix script '/home/edson_20_04/TCAS/install/local_setup.sh'
[0.811s] INFO:colcon.colcon_core.shell:Creating prefix util module '/home/edson_20_04/TCAS/install/_local_setup_util_sh.py'
[0.812s] INFO:colcon.colcon_core.shell:Creating prefix chain script '/home/edson_20_04/TCAS/install/setup.sh'
[0.813s] INFO:colcon.colcon_core.shell:Creating prefix script '/home/edson_20_04/TCAS/install/local_setup.bash'
[0.814s] INFO:colcon.colcon_core.shell:Creating prefix chain script '/home/edson_20_04/TCAS/install/setup.bash'
[0.815s] INFO:colcon.colcon_core.shell:Creating prefix script '/home/edson_20_04/TCAS/install/local_setup.zsh'
[0.815s] INFO:colcon.colcon_core.shell:Creating prefix chain script '/home/edson_20_04/TCAS/install/setup.zsh'
