[0.027s] Invoking command in '/home/edson_20_04/TCAS/build/box_bot_description': CMAKE_PREFIX_PATH=/opt/ros/foxy /usr/bin/cmake /home/edson_20_04/TCAS/box_bot_description -DCMAKE_INSTALL_PREFIX=/home/edson_20_04/TCAS/install/box_bot_description
[0.286s] -- The C compiler identification is GNU 9.4.0
[0.646s] -- The CXX compiler identification is GNU 9.4.0
[0.816s] -- Check for working C compiler: /usr/bin/cc
[0.976s] -- Check for working C compiler: /usr/bin/cc -- works
[0.977s] -- Detecting C compiler ABI info
[1.161s] -- Detecting C compiler ABI info - done
[1.170s] -- Detecting C compile features
[1.171s] -- Detecting C compile features - done
[1.173s] -- Check for working CXX compiler: /usr/bin/c++
[1.382s] -- Check for working CXX compiler: /usr/bin/c++ -- works
[1.383s] -- Detecting CXX compiler ABI info
[1.549s] -- Detecting CXX compiler ABI info - done
[1.561s] -- Detecting CXX compile features
[1.561s] -- Detecting CXX compile features - done
[1.564s] -- Found ament_cmake: 0.9.11 (/opt/ros/foxy/share/ament_cmake/cmake)
[1.584s] -- Found PythonInterp: /usr/bin/python3 (found suitable version "3.8.10", minimum required is "3") 
[1.584s] -- Using PYTHON_EXECUTABLE: /usr/bin/python3
[1.739s] -- Found urdf: 2.4.0 (/opt/ros/foxy/share/urdf/cmake)
[2.647s] -- Found ament_lint_auto: 0.9.7 (/opt/ros/foxy/share/ament_lint_auto/cmake)
[2.697s] -- Added test 'copyright' to check source files copyright and LICENSE
[2.698s] -- Added test 'flake8' to check Python code syntax and style conventions
[2.698s] -- Added test 'lint_cmake' to check CMake code style
[2.698s] -- Added test 'pep257' to check Python code against some of the style conventions in PEP 257
[2.699s] -- Added test 'xmllint' to check XML markup files
[2.700s] -- Configuring done
[2.702s] -- Generating done
[2.703s] -- Build files have been written to: /home/edson_20_04/TCAS/build/box_bot_description
[2.710s] Invoked command in '/home/edson_20_04/TCAS/build/box_bot_description' returned '0': CMAKE_PREFIX_PATH=/opt/ros/foxy /usr/bin/cmake /home/edson_20_04/TCAS/box_bot_description -DCMAKE_INSTALL_PREFIX=/home/edson_20_04/TCAS/install/box_bot_description
[2.711s] Invoking command in '/home/edson_20_04/TCAS/build/box_bot_description': CMAKE_PREFIX_PATH=/opt/ros/foxy /usr/bin/cmake --build /home/edson_20_04/TCAS/build/box_bot_description -- -j16 -l16
[2.738s] Invoked command in '/home/edson_20_04/TCAS/build/box_bot_description' returned '0': CMAKE_PREFIX_PATH=/opt/ros/foxy /usr/bin/cmake --build /home/edson_20_04/TCAS/build/box_bot_description -- -j16 -l16
[2.752s] Invoking command in '/home/edson_20_04/TCAS/build/box_bot_description': CMAKE_PREFIX_PATH=/opt/ros/foxy /usr/bin/cmake --install /home/edson_20_04/TCAS/build/box_bot_description
[2.757s] -- Install configuration: ""
[2.757s] -- Up-to-date: /home/edson_20_04/TCAS/install/box_bot_description/share/box_bot_description//launch
[2.757s] -- Installing: /home/edson_20_04/TCAS/install/box_bot_description/share/box_bot_description//launch/spawn_box_bot_v2.py
[2.757s] -- Up-to-date: /home/edson_20_04/TCAS/install/box_bot_description/share/box_bot_description//launch/multi_spawn_robot_launch.py
[2.758s] -- Up-to-date: /home/edson_20_04/TCAS/install/box_bot_description/share/box_bot_description//launch/spawn_box_bot.py
[2.758s] -- Up-to-date: /home/edson_20_04/TCAS/install/box_bot_description/share/box_bot_description//launch/spawn_box_bot_launch.py
[2.758s] -- Up-to-date: /home/edson_20_04/TCAS/install/box_bot_description/share/box_bot_description//launch/spawn_robot_launch.py
[2.758s] -- Up-to-date: /home/edson_20_04/TCAS/install/box_bot_description/share/box_bot_description//robot
[2.758s] -- Up-to-date: /home/edson_20_04/TCAS/install/box_bot_description/share/box_bot_description//robot/macros.xacro
[2.758s] -- Up-to-date: /home/edson_20_04/TCAS/install/box_bot_description/share/box_bot_description//robot/box_bot.xacro
[2.758s] -- Up-to-date: /home/edson_20_04/TCAS/install/box_bot_description/share/box_bot_description//robot/box_bot.urdf
[2.758s] -- Up-to-date: /home/edson_20_04/TCAS/install/box_bot_description/share/box_bot_description//robot/wheels.xacro
[2.759s] -- Up-to-date: /home/edson_20_04/TCAS/install/box_bot_description/share/box_bot_description//robot/box_bot_v2.urdf
[2.759s] -- Up-to-date: /home/edson_20_04/TCAS/install/box_bot_description/share/box_bot_description//robot/box_bot_body.xacro
[2.759s] -- Up-to-date: /home/edson_20_04/TCAS/install/box_bot_description/share/box_bot_description//robot/caster_wheels.xacro
[2.759s] -- Up-to-date: /home/edson_20_04/TCAS/install/box_bot_description/share/box_bot_description//robot/materials.xacro
[2.759s] -- Up-to-date: /home/edson_20_04/TCAS/install/box_bot_description/share/box_bot_description//robot/box_bot_propeller.xacro
[2.759s] -- Up-to-date: /home/edson_20_04/TCAS/install/box_bot_description/share/box_bot_description//robot/properties.xacro
[2.759s] -- Up-to-date: /home/edson_20_04/TCAS/install/box_bot_description/share/box_bot_description//robot/box_bot.gazebo
[2.759s] -- Up-to-date: /home/edson_20_04/TCAS/install/box_bot_description/lib/box_bot_description/spawn_box_bot.py
[2.759s] -- Installing: /home/edson_20_04/TCAS/install/box_bot_description/lib/box_bot_description/spawn_box_bot_v2.py
[2.759s] -- Up-to-date: /home/edson_20_04/TCAS/install/box_bot_description/share/ament_index/resource_index/package_run_dependencies/box_bot_description
[2.759s] -- Up-to-date: /home/edson_20_04/TCAS/install/box_bot_description/share/ament_index/resource_index/parent_prefix_path/box_bot_description
[2.759s] -- Installing: /home/edson_20_04/TCAS/install/box_bot_description/share/box_bot_description/environment/ament_prefix_path.sh
[2.759s] -- Installing: /home/edson_20_04/TCAS/install/box_bot_description/share/box_bot_description/environment/ament_prefix_path.dsv
[2.759s] -- Installing: /home/edson_20_04/TCAS/install/box_bot_description/share/box_bot_description/environment/path.sh
[2.759s] -- Installing: /home/edson_20_04/TCAS/install/box_bot_description/share/box_bot_description/environment/path.dsv
[2.760s] -- Up-to-date: /home/edson_20_04/TCAS/install/box_bot_description/share/box_bot_description/local_setup.bash
[2.760s] -- Installing: /home/edson_20_04/TCAS/install/box_bot_description/share/box_bot_description/local_setup.sh
[2.760s] -- Up-to-date: /home/edson_20_04/TCAS/install/box_bot_description/share/box_bot_description/local_setup.zsh
[2.760s] -- Installing: /home/edson_20_04/TCAS/install/box_bot_description/share/box_bot_description/local_setup.dsv
[2.760s] -- Installing: /home/edson_20_04/TCAS/install/box_bot_description/share/box_bot_description/package.dsv
[2.761s] -- Up-to-date: /home/edson_20_04/TCAS/install/box_bot_description/share/ament_index/resource_index/packages/box_bot_description
[2.761s] -- Up-to-date: /home/edson_20_04/TCAS/install/box_bot_description/share/box_bot_description/cmake/box_bot_descriptionConfig.cmake
[2.761s] -- Up-to-date: /home/edson_20_04/TCAS/install/box_bot_description/share/box_bot_description/cmake/box_bot_descriptionConfig-version.cmake
[2.761s] -- Up-to-date: /home/edson_20_04/TCAS/install/box_bot_description/share/box_bot_description/package.xml
[2.762s] Invoked command in '/home/edson_20_04/TCAS/build/box_bot_description' returned '0': CMAKE_PREFIX_PATH=/opt/ros/foxy /usr/bin/cmake --install /home/edson_20_04/TCAS/build/box_bot_description
