[0.031s] Invoking command in '/home/edson_20_04/box_bot/build/box_bot_planning': CMAKE_PREFIX_PATH=${CMAKE_PREFIX_PATH}:/opt/ros/foxy /usr/bin/cmake /home/edson_20_04/box_bot/box_bot_planning -DCMAKE_INSTALL_PREFIX=/home/edson_20_04/box_bot/install/box_bot_planning
[0.230s] -- The C compiler identification is GNU 9.4.0
[0.498s] -- The CXX compiler identification is GNU 9.4.0
[0.631s] -- Check for working C compiler: /usr/bin/cc
[0.772s] -- Check for working C compiler: /usr/bin/cc -- works
[0.772s] -- Detecting C compiler ABI info
[0.931s] -- Detecting C compiler ABI info - done
[0.938s] -- Detecting C compile features
[0.939s] -- Detecting C compile features - done
[0.940s] -- Check for working CXX compiler: /usr/bin/c++
[1.107s] -- Check for working CXX compiler: /usr/bin/c++ -- works
[1.107s] -- Detecting CXX compiler ABI info
[1.261s] -- Detecting CXX compiler ABI info - done
[1.269s] -- Detecting CXX compile features
[1.269s] -- Detecting CXX compile features - done
[1.271s] -- Found ament_cmake: 0.9.11 (/opt/ros/foxy/share/ament_cmake/cmake)
[1.287s] -- Found PythonInterp: /usr/bin/python3 (found suitable version "3.8.10", minimum required is "3") 
[1.287s] -- Using PYTHON_EXECUTABLE: /usr/bin/python3
[1.421s] -- Found rclcpp: 2.4.2 (/opt/ros/foxy/share/rclcpp/cmake)
[1.578s] -- Using all available rosidl_typesupport_c: rosidl_typesupport_fastrtps_c;rosidl_typesupport_introspection_c
[1.583s] -- Found rosidl_adapter: 1.3.0 (/opt/ros/foxy/share/rosidl_adapter/cmake)
[2.711s] -- Found OpenSSL: /usr/lib/x86_64-linux-gnu/libcrypto.so (found version "1.1.1f")  
[3.925s] -- Found FastRTPS: /opt/ros/foxy/include  
[6.115s] -- Using all available rosidl_typesupport_cpp: rosidl_typesupport_fastrtps_cpp;rosidl_typesupport_introspection_cpp
[6.156s] -- Found rmw_implementation_cmake: 1.0.3 (/opt/ros/foxy/share/rmw_implementation_cmake/cmake)
[6.157s] -- Using RMW implementation 'rmw_fastrtps_cpp' as default
[6.158s] -- Looking for pthread.h
[6.319s] -- Looking for pthread.h - found
[6.319s] -- Performing Test CMAKE_HAVE_LIBC_PTHREAD
[6.484s] -- Performing Test CMAKE_HAVE_LIBC_PTHREAD - Failed
[6.485s] -- Looking for pthread_create in pthreads
[6.621s] -- Looking for pthread_create in pthreads - not found
[6.621s] -- Looking for pthread_create in pthread
[6.781s] -- Looking for pthread_create in pthread - found
[6.782s] -- Found Threads: TRUE  
[6.886s] -- Found rclpy: 1.0.11 (/opt/ros/foxy/share/rclpy/cmake)
[6.887s] -- Found ament_lint_auto: 0.9.7 (/opt/ros/foxy/share/ament_lint_auto/cmake)
[6.937s] -- Added test 'copyright' to check source files copyright and LICENSE
[6.938s] -- Added test 'flake8' to check Python code syntax and style conventions
[6.939s] -- Added test 'lint_cmake' to check CMake code style
[6.939s] -- Added test 'pep257' to check Python code against some of the style conventions in PEP 257
[6.940s] -- Added test 'xmllint' to check XML markup files
[6.942s] -- Configuring done
[6.944s] -- Generating done
[6.945s] -- Build files have been written to: /home/edson_20_04/box_bot/build/box_bot_planning
[6.953s] Invoked command in '/home/edson_20_04/box_bot/build/box_bot_planning' returned '0': CMAKE_PREFIX_PATH=${CMAKE_PREFIX_PATH}:/opt/ros/foxy /usr/bin/cmake /home/edson_20_04/box_bot/box_bot_planning -DCMAKE_INSTALL_PREFIX=/home/edson_20_04/box_bot/install/box_bot_planning
[6.955s] Invoking command in '/home/edson_20_04/box_bot/build/box_bot_planning': CMAKE_PREFIX_PATH=${CMAKE_PREFIX_PATH}:/opt/ros/foxy /usr/bin/cmake --build /home/edson_20_04/box_bot/build/box_bot_planning -- -j16 -l16
[6.980s] Invoked command in '/home/edson_20_04/box_bot/build/box_bot_planning' returned '0': CMAKE_PREFIX_PATH=${CMAKE_PREFIX_PATH}:/opt/ros/foxy /usr/bin/cmake --build /home/edson_20_04/box_bot/build/box_bot_planning -- -j16 -l16
[6.998s] Invoking command in '/home/edson_20_04/box_bot/build/box_bot_planning': CMAKE_PREFIX_PATH=${CMAKE_PREFIX_PATH}:/opt/ros/foxy /usr/bin/cmake --install /home/edson_20_04/box_bot/build/box_bot_planning
[7.002s] -- Install configuration: ""
[7.002s] -- Installing: /home/edson_20_04/box_bot/install/box_bot_planning/share/box_bot_planning//launch
[7.003s] -- Installing: /home/edson_20_04/box_bot/install/box_bot_planning/share/box_bot_planning//launch/box_bot_plan_talker_launch.py
[7.003s] -- Installing: /home/edson_20_04/box_bot/install/box_bot_planning/lib/box_bot_planning/talker.py
[7.003s] -- Installing: /home/edson_20_04/box_bot/install/box_bot_planning/share/ament_index/resource_index/package_run_dependencies/box_bot_planning
[7.004s] -- Installing: /home/edson_20_04/box_bot/install/box_bot_planning/share/ament_index/resource_index/parent_prefix_path/box_bot_planning
[7.004s] -- Installing: /home/edson_20_04/box_bot/install/box_bot_planning/share/box_bot_planning/environment/ament_prefix_path.sh
[7.004s] -- Installing: /home/edson_20_04/box_bot/install/box_bot_planning/share/box_bot_planning/environment/ament_prefix_path.dsv
[7.004s] -- Installing: /home/edson_20_04/box_bot/install/box_bot_planning/share/box_bot_planning/environment/path.sh
[7.004s] -- Installing: /home/edson_20_04/box_bot/install/box_bot_planning/share/box_bot_planning/environment/path.dsv
[7.004s] -- Installing: /home/edson_20_04/box_bot/install/box_bot_planning/share/box_bot_planning/local_setup.bash
[7.004s] -- Installing: /home/edson_20_04/box_bot/install/box_bot_planning/share/box_bot_planning/local_setup.sh
[7.004s] -- Installing: /home/edson_20_04/box_bot/install/box_bot_planning/share/box_bot_planning/local_setup.zsh
[7.005s] -- Installing: /home/edson_20_04/box_bot/install/box_bot_planning/share/box_bot_planning/local_setup.dsv
[7.005s] -- Installing: /home/edson_20_04/box_bot/install/box_bot_planning/share/box_bot_planning/package.dsv
[7.005s] -- Installing: /home/edson_20_04/box_bot/install/box_bot_planning/share/ament_index/resource_index/packages/box_bot_planning
[7.005s] -- Installing: /home/edson_20_04/box_bot/install/box_bot_planning/share/box_bot_planning/cmake/box_bot_planningConfig.cmake
[7.005s] -- Installing: /home/edson_20_04/box_bot/install/box_bot_planning/share/box_bot_planning/cmake/box_bot_planningConfig-version.cmake
[7.005s] -- Installing: /home/edson_20_04/box_bot/install/box_bot_planning/share/box_bot_planning/package.xml
[7.008s] Invoked command in '/home/edson_20_04/box_bot/build/box_bot_planning' returned '0': CMAKE_PREFIX_PATH=${CMAKE_PREFIX_PATH}:/opt/ros/foxy /usr/bin/cmake --install /home/edson_20_04/box_bot/build/box_bot_planning
