[0.022s] Invoking command in '/home/edson_20_04/box_bot/build/planning': CMAKE_PREFIX_PATH=${CMAKE_PREFIX_PATH}:/opt/ros/foxy /usr/bin/cmake --build /home/edson_20_04/box_bot/build/planning -- -j16 -l16
[0.038s] -- Found ament_cmake: 0.9.11 (/opt/ros/foxy/share/ament_cmake/cmake)
[0.052s] -- Using PYTHON_EXECUTABLE: /usr/bin/python3
[0.189s] -- Found rclcpp: 2.4.2 (/opt/ros/foxy/share/rclcpp/cmake)
[0.348s] -- Using all available rosidl_typesupport_c: rosidl_typesupport_fastrtps_c;rosidl_typesupport_introspection_c
[0.350s] -- Found rosidl_adapter: 1.3.0 (/opt/ros/foxy/share/rosidl_adapter/cmake)
[4.543s] -- Using all available rosidl_typesupport_cpp: rosidl_typesupport_fastrtps_cpp;rosidl_typesupport_introspection_cpp
[4.573s] -- Found rmw_implementation_cmake: 1.0.3 (/opt/ros/foxy/share/rmw_implementation_cmake/cmake)
[4.574s] -- Using RMW implementation 'rmw_fastrtps_cpp' as default
[4.666s] -- Found rclpy: 1.0.11 (/opt/ros/foxy/share/rclpy/cmake)
[4.666s] -- Found ament_lint_auto: 0.9.7 (/opt/ros/foxy/share/ament_lint_auto/cmake)
[4.706s] -- Added test 'copyright' to check source files copyright and LICENSE
[4.707s] -- Added test 'flake8' to check Python code syntax and style conventions
[4.707s] -- Added test 'lint_cmake' to check CMake code style
[4.708s] -- Added test 'pep257' to check Python code against some of the style conventions in PEP 257
[4.708s] -- Added test 'xmllint' to check XML markup files
[4.710s] -- Configuring done
[4.711s] -- Generating done
[4.712s] -- Build files have been written to: /home/edson_20_04/box_bot/build/planning
[4.730s] Invoked command in '/home/edson_20_04/box_bot/build/planning' returned '0': CMAKE_PREFIX_PATH=${CMAKE_PREFIX_PATH}:/opt/ros/foxy /usr/bin/cmake --build /home/edson_20_04/box_bot/build/planning -- -j16 -l16
[4.747s] Invoking command in '/home/edson_20_04/box_bot/build/planning': CMAKE_PREFIX_PATH=${CMAKE_PREFIX_PATH}:/opt/ros/foxy /usr/bin/cmake --install /home/edson_20_04/box_bot/build/planning
[4.752s] -- Install configuration: ""
[4.752s] -- Up-to-date: /home/edson_20_04/box_bot/install/planning/share/planning//launch
[4.752s] -- Up-to-date: /home/edson_20_04/box_bot/install/planning/share/planning//launch/box_bot_plan_talker_launch.py
[4.752s] -- Up-to-date: /home/edson_20_04/box_bot/install/planning/lib/planning/talker.py
[4.752s] -- Installing: /home/edson_20_04/box_bot/install/planning/lib/planning/planner.py
[4.752s] -- Up-to-date: /home/edson_20_04/box_bot/install/planning/share/ament_index/resource_index/package_run_dependencies/planning
[4.752s] -- Installing: /home/edson_20_04/box_bot/install/planning/share/ament_index/resource_index/parent_prefix_path/planning
[4.752s] -- Up-to-date: /home/edson_20_04/box_bot/install/planning/share/planning/environment/ament_prefix_path.sh
[4.753s] -- Installing: /home/edson_20_04/box_bot/install/planning/share/planning/environment/ament_prefix_path.dsv
[4.753s] -- Up-to-date: /home/edson_20_04/box_bot/install/planning/share/planning/environment/path.sh
[4.753s] -- Installing: /home/edson_20_04/box_bot/install/planning/share/planning/environment/path.dsv
[4.753s] -- Up-to-date: /home/edson_20_04/box_bot/install/planning/share/planning/local_setup.bash
[4.753s] -- Up-to-date: /home/edson_20_04/box_bot/install/planning/share/planning/local_setup.sh
[4.753s] -- Up-to-date: /home/edson_20_04/box_bot/install/planning/share/planning/local_setup.zsh
[4.753s] -- Installing: /home/edson_20_04/box_bot/install/planning/share/planning/local_setup.dsv
[4.754s] -- Installing: /home/edson_20_04/box_bot/install/planning/share/planning/package.dsv
[4.754s] -- Up-to-date: /home/edson_20_04/box_bot/install/planning/share/ament_index/resource_index/packages/planning
[4.754s] -- Up-to-date: /home/edson_20_04/box_bot/install/planning/share/planning/cmake/planningConfig.cmake
[4.754s] -- Up-to-date: /home/edson_20_04/box_bot/install/planning/share/planning/cmake/planningConfig-version.cmake
[4.754s] -- Up-to-date: /home/edson_20_04/box_bot/install/planning/share/planning/package.xml
[4.757s] Invoked command in '/home/edson_20_04/box_bot/build/planning' returned '0': CMAKE_PREFIX_PATH=${CMAKE_PREFIX_PATH}:/opt/ros/foxy /usr/bin/cmake --install /home/edson_20_04/box_bot/build/planning
