[0.238s] DEBUG:colcon:Command line arguments: ['/usr/bin/colcon', 'build']
[0.238s] DEBUG:colcon:Parsed command line arguments: Namespace(allow_overriding=[], ament_cmake_args=None, base_paths=['.'], build_base='build', catkin_cmake_args=None, catkin_skip_building_tests=False, cmake_args=None, cmake_clean_cache=False, cmake_clean_first=False, cmake_force_configure=False, cmake_target=None, cmake_target_skip_unavailable=False, continue_on_error=False, event_handlers=None, executor='parallel', ignore_user_meta=False, install_base='install', log_base=None, log_level=None, main=<bound method BuildVerb.main of <colcon_core.verb.build.BuildVerb object at 0x7fe21bc94ca0>>, merge_install=False, metas=['./colcon.meta'], packages_above=None, packages_above_and_dependencies=None, packages_above_depth=None, packages_end=None, packages_ignore=None, packages_ignore_regex=None, packages_select=None, packages_select_build_failed=False, packages_select_by_dep=None, packages_select_regex=None, packages_select_test_failures=False, packages_skip=None, packages_skip_build_finished=False, packages_skip_by_dep=None, packages_skip_regex=None, packages_skip_test_passed=False, packages_skip_up_to=None, packages_start=None, packages_up_to=None, packages_up_to_regex=None, parallel_workers=16, paths=None, symlink_install=False, test_result_base=None, verb_extension=<colcon_core.verb.build.BuildVerb object at 0x7fe21bc94ca0>, verb_name='build', verb_parser=<colcon_defaults.argument_parser.defaults.DefaultArgumentsDecorator object at 0x7fe21bc9f250>)
[0.254s] Level 1:colcon.colcon_core.package_discovery:discover_packages(colcon_meta) check parameters
[0.254s] Level 1:colcon.colcon_core.package_discovery:discover_packages(recursive) check parameters
[0.254s] Level 1:colcon.colcon_core.package_discovery:discover_packages(ignore) check parameters
[0.254s] Level 1:colcon.colcon_core.package_discovery:discover_packages(path) check parameters
[0.254s] Level 1:colcon.colcon_core.package_discovery:discover_packages(colcon_meta) discover
[0.255s] Level 1:colcon.colcon_core.package_discovery:discover_packages(recursive) discover
[0.255s] INFO:colcon.colcon_core.package_discovery:Crawling recursively for packages in '/home/edson_20_04/TCAS'
[0.255s] Level 1:colcon.colcon_core.package_identification:_identify(.) by extensions ['ignore', 'ignore_ament_install']
[0.255s] Level 1:colcon.colcon_core.package_identification:_identify(.) by extension 'ignore'
[0.255s] Level 1:colcon.colcon_core.package_identification:_identify(.) by extension 'ignore_ament_install'
[0.255s] Level 1:colcon.colcon_core.package_identification:_identify(.) by extensions ['colcon_pkg']
[0.255s] Level 1:colcon.colcon_core.package_identification:_identify(.) by extension 'colcon_pkg'
[0.255s] Level 1:colcon.colcon_core.package_identification:_identify(.) by extensions ['colcon_meta']
[0.255s] Level 1:colcon.colcon_core.package_identification:_identify(.) by extension 'colcon_meta'
[0.255s] Level 1:colcon.colcon_core.package_identification:_identify(.) by extensions ['ros']
[0.255s] Level 1:colcon.colcon_core.package_identification:_identify(.) by extension 'ros'
[0.271s] Level 1:colcon.colcon_core.package_identification:_identify(.) by extensions ['cmake', 'python']
[0.271s] Level 1:colcon.colcon_core.package_identification:_identify(.) by extension 'cmake'
[0.271s] Level 1:colcon.colcon_core.package_identification:_identify(.) by extension 'python'
[0.271s] Level 1:colcon.colcon_core.package_identification:_identify(.) by extensions ['python_setup_py']
[0.271s] Level 1:colcon.colcon_core.package_identification:_identify(.) by extension 'python_setup_py'
[0.271s] Level 1:colcon.colcon_core.package_identification:_identify(Docs) by extensions ['ignore', 'ignore_ament_install']
[0.271s] Level 1:colcon.colcon_core.package_identification:_identify(Docs) by extension 'ignore'
[0.271s] Level 1:colcon.colcon_core.package_identification:_identify(Docs) by extension 'ignore_ament_install'
[0.271s] Level 1:colcon.colcon_core.package_identification:_identify(Docs) by extensions ['colcon_pkg']
[0.271s] Level 1:colcon.colcon_core.package_identification:_identify(Docs) by extension 'colcon_pkg'
[0.271s] Level 1:colcon.colcon_core.package_identification:_identify(Docs) by extensions ['colcon_meta']
[0.271s] Level 1:colcon.colcon_core.package_identification:_identify(Docs) by extension 'colcon_meta'
[0.272s] Level 1:colcon.colcon_core.package_identification:_identify(Docs) by extensions ['ros']
[0.272s] Level 1:colcon.colcon_core.package_identification:_identify(Docs) by extension 'ros'
[0.272s] Level 1:colcon.colcon_core.package_identification:_identify(Docs) by extensions ['cmake', 'python']
[0.272s] Level 1:colcon.colcon_core.package_identification:_identify(Docs) by extension 'cmake'
[0.272s] Level 1:colcon.colcon_core.package_identification:_identify(Docs) by extension 'python'
[0.272s] Level 1:colcon.colcon_core.package_identification:_identify(Docs) by extensions ['python_setup_py']
[0.272s] Level 1:colcon.colcon_core.package_identification:_identify(Docs) by extension 'python_setup_py'
[0.272s] Level 1:colcon.colcon_core.package_identification:_identify(box_bot_description) by extensions ['ignore', 'ignore_ament_install']
[0.272s] Level 1:colcon.colcon_core.package_identification:_identify(box_bot_description) by extension 'ignore'
[0.272s] Level 1:colcon.colcon_core.package_identification:_identify(box_bot_description) by extension 'ignore_ament_install'
[0.272s] Level 1:colcon.colcon_core.package_identification:_identify(box_bot_description) by extensions ['colcon_pkg']
[0.272s] Level 1:colcon.colcon_core.package_identification:_identify(box_bot_description) by extension 'colcon_pkg'
[0.272s] Level 1:colcon.colcon_core.package_identification:_identify(box_bot_description) by extensions ['colcon_meta']
[0.272s] Level 1:colcon.colcon_core.package_identification:_identify(box_bot_description) by extension 'colcon_meta'
[0.272s] Level 1:colcon.colcon_core.package_identification:_identify(box_bot_description) by extensions ['ros']
[0.272s] Level 1:colcon.colcon_core.package_identification:_identify(box_bot_description) by extension 'ros'
[0.274s] DEBUG:colcon.colcon_core.package_identification:Package 'box_bot_description' with type 'ros.ament_cmake' and name 'box_bot_description'
[0.274s] Level 1:colcon.colcon_core.package_identification:_identify(box_bot_gazebo) by extensions ['ignore', 'ignore_ament_install']
[0.274s] Level 1:colcon.colcon_core.package_identification:_identify(box_bot_gazebo) by extension 'ignore'
[0.274s] Level 1:colcon.colcon_core.package_identification:_identify(box_bot_gazebo) by extension 'ignore_ament_install'
[0.274s] Level 1:colcon.colcon_core.package_identification:_identify(box_bot_gazebo) by extensions ['colcon_pkg']
[0.274s] Level 1:colcon.colcon_core.package_identification:_identify(box_bot_gazebo) by extension 'colcon_pkg'
[0.274s] Level 1:colcon.colcon_core.package_identification:_identify(box_bot_gazebo) by extensions ['colcon_meta']
[0.274s] Level 1:colcon.colcon_core.package_identification:_identify(box_bot_gazebo) by extension 'colcon_meta'
[0.274s] Level 1:colcon.colcon_core.package_identification:_identify(box_bot_gazebo) by extensions ['ros']
[0.274s] Level 1:colcon.colcon_core.package_identification:_identify(box_bot_gazebo) by extension 'ros'
[0.275s] DEBUG:colcon.colcon_core.package_identification:Package 'box_bot_gazebo' with type 'ros.ament_cmake' and name 'box_bot_gazebo'
[0.275s] Level 1:colcon.colcon_core.package_identification:_identify(build) by extensions ['ignore', 'ignore_ament_install']
[0.275s] Level 1:colcon.colcon_core.package_identification:_identify(build) by extension 'ignore'
[0.275s] Level 1:colcon.colcon_core.package_identification:_identify(build) ignored
[0.275s] Level 1:colcon.colcon_core.package_identification:_identify(install) by extensions ['ignore', 'ignore_ament_install']
[0.275s] Level 1:colcon.colcon_core.package_identification:_identify(install) by extension 'ignore'
[0.275s] Level 1:colcon.colcon_core.package_identification:_identify(install) ignored
[0.275s] Level 1:colcon.colcon_core.package_identification:_identify(log) by extensions ['ignore', 'ignore_ament_install']
[0.276s] Level 1:colcon.colcon_core.package_identification:_identify(log) by extension 'ignore'
[0.276s] Level 1:colcon.colcon_core.package_identification:_identify(log) ignored
[0.276s] Level 1:colcon.colcon_core.package_identification:_identify(planning) by extensions ['ignore', 'ignore_ament_install']
[0.276s] Level 1:colcon.colcon_core.package_identification:_identify(planning) by extension 'ignore'
[0.276s] Level 1:colcon.colcon_core.package_identification:_identify(planning) by extension 'ignore_ament_install'
[0.276s] Level 1:colcon.colcon_core.package_identification:_identify(planning) by extensions ['colcon_pkg']
[0.276s] Level 1:colcon.colcon_core.package_identification:_identify(planning) by extension 'colcon_pkg'
[0.276s] Level 1:colcon.colcon_core.package_identification:_identify(planning) by extensions ['colcon_meta']
[0.276s] Level 1:colcon.colcon_core.package_identification:_identify(planning) by extension 'colcon_meta'
[0.276s] Level 1:colcon.colcon_core.package_identification:_identify(planning) by extensions ['ros']
[0.276s] Level 1:colcon.colcon_core.package_identification:_identify(planning) by extension 'ros'
[0.276s] DEBUG:colcon.colcon_core.package_identification:Package 'planning' with type 'ros.ament_cmake' and name 'planning'
[0.276s] Level 1:colcon.colcon_core.package_discovery:discover_packages(recursive) using defaults
[0.276s] Level 1:colcon.colcon_core.package_discovery:discover_packages(ignore) discover
[0.276s] Level 1:colcon.colcon_core.package_discovery:discover_packages(ignore) using defaults
[0.276s] Level 1:colcon.colcon_core.package_discovery:discover_packages(path) discover
[0.276s] Level 1:colcon.colcon_core.package_discovery:discover_packages(path) using defaults
[0.295s] Level 1:colcon.colcon_core.package_discovery:discover_packages(prefix_path) check parameters
[0.295s] Level 1:colcon.colcon_core.package_discovery:discover_packages(prefix_path) discover
[0.298s] DEBUG:colcon.colcon_installed_package_information.package_discovery:Found 5 installed packages in /home/edson_20_04/TCAS/install
[0.300s] DEBUG:colcon.colcon_installed_package_information.package_discovery:Found 398 installed packages in /opt/ros/foxy
[0.304s] Level 1:colcon.colcon_core.package_discovery:discover_packages(prefix_path) using defaults
[0.365s] Level 5:colcon.colcon_core.verb:set package 'box_bot_description' build argument 'cmake_args' from command line to 'None'
[0.365s] Level 5:colcon.colcon_core.verb:set package 'box_bot_description' build argument 'cmake_target' from command line to 'None'
[0.365s] Level 5:colcon.colcon_core.verb:set package 'box_bot_description' build argument 'cmake_target_skip_unavailable' from command line to 'False'
[0.365s] Level 5:colcon.colcon_core.verb:set package 'box_bot_description' build argument 'cmake_clean_cache' from command line to 'False'
[0.365s] Level 5:colcon.colcon_core.verb:set package 'box_bot_description' build argument 'cmake_clean_first' from command line to 'False'
[0.365s] Level 5:colcon.colcon_core.verb:set package 'box_bot_description' build argument 'cmake_force_configure' from command line to 'False'
[0.365s] Level 5:colcon.colcon_core.verb:set package 'box_bot_description' build argument 'ament_cmake_args' from command line to 'None'
[0.365s] Level 5:colcon.colcon_core.verb:set package 'box_bot_description' build argument 'catkin_cmake_args' from command line to 'None'
[0.365s] Level 5:colcon.colcon_core.verb:set package 'box_bot_description' build argument 'catkin_skip_building_tests' from command line to 'False'
[0.365s] DEBUG:colcon.colcon_core.verb:Building package 'box_bot_description' with the following arguments: {'ament_cmake_args': None, 'build_base': '/home/edson_20_04/TCAS/build/box_bot_description', 'catkin_cmake_args': None, 'catkin_skip_building_tests': False, 'cmake_args': None, 'cmake_clean_cache': False, 'cmake_clean_first': False, 'cmake_force_configure': False, 'cmake_target': None, 'cmake_target_skip_unavailable': False, 'install_base': '/home/edson_20_04/TCAS/install/box_bot_description', 'merge_install': False, 'path': '/home/edson_20_04/TCAS/box_bot_description', 'symlink_install': False, 'test_result_base': None}
[0.366s] Level 5:colcon.colcon_core.verb:set package 'box_bot_gazebo' build argument 'cmake_args' from command line to 'None'
[0.366s] Level 5:colcon.colcon_core.verb:set package 'box_bot_gazebo' build argument 'cmake_target' from command line to 'None'
[0.366s] Level 5:colcon.colcon_core.verb:set package 'box_bot_gazebo' build argument 'cmake_target_skip_unavailable' from command line to 'False'
[0.366s] Level 5:colcon.colcon_core.verb:set package 'box_bot_gazebo' build argument 'cmake_clean_cache' from command line to 'False'
[0.366s] Level 5:colcon.colcon_core.verb:set package 'box_bot_gazebo' build argument 'cmake_clean_first' from command line to 'False'
[0.366s] Level 5:colcon.colcon_core.verb:set package 'box_bot_gazebo' build argument 'cmake_force_configure' from command line to 'False'
[0.366s] Level 5:colcon.colcon_core.verb:set package 'box_bot_gazebo' build argument 'ament_cmake_args' from command line to 'None'
[0.366s] Level 5:colcon.colcon_core.verb:set package 'box_bot_gazebo' build argument 'catkin_cmake_args' from command line to 'None'
[0.366s] Level 5:colcon.colcon_core.verb:set package 'box_bot_gazebo' build argument 'catkin_skip_building_tests' from command line to 'False'
[0.366s] DEBUG:colcon.colcon_core.verb:Building package 'box_bot_gazebo' with the following arguments: {'ament_cmake_args': None, 'build_base': '/home/edson_20_04/TCAS/build/box_bot_gazebo', 'catkin_cmake_args': None, 'catkin_skip_building_tests': False, 'cmake_args': None, 'cmake_clean_cache': False, 'cmake_clean_first': False, 'cmake_force_configure': False, 'cmake_target': None, 'cmake_target_skip_unavailable': False, 'install_base': '/home/edson_20_04/TCAS/install/box_bot_gazebo', 'merge_install': False, 'path': '/home/edson_20_04/TCAS/box_bot_gazebo', 'symlink_install': False, 'test_result_base': None}
[0.367s] Level 5:colcon.colcon_core.verb:set package 'planning' build argument 'cmake_args' from command line to 'None'
[0.367s] Level 5:colcon.colcon_core.verb:set package 'planning' build argument 'cmake_target' from command line to 'None'
[0.367s] Level 5:colcon.colcon_core.verb:set package 'planning' build argument 'cmake_target_skip_unavailable' from command line to 'False'
[0.367s] Level 5:colcon.colcon_core.verb:set package 'planning' build argument 'cmake_clean_cache' from command line to 'False'
[0.367s] Level 5:colcon.colcon_core.verb:set package 'planning' build argument 'cmake_clean_first' from command line to 'False'
[0.367s] Level 5:colcon.colcon_core.verb:set package 'planning' build argument 'cmake_force_configure' from command line to 'False'
[0.367s] Level 5:colcon.colcon_core.verb:set package 'planning' build argument 'ament_cmake_args' from command line to 'None'
[0.367s] Level 5:colcon.colcon_core.verb:set package 'planning' build argument 'catkin_cmake_args' from command line to 'None'
[0.367s] Level 5:colcon.colcon_core.verb:set package 'planning' build argument 'catkin_skip_building_tests' from command line to 'False'
[0.367s] DEBUG:colcon.colcon_core.verb:Building package 'planning' with the following arguments: {'ament_cmake_args': None, 'build_base': '/home/edson_20_04/TCAS/build/planning', 'catkin_cmake_args': None, 'catkin_skip_building_tests': False, 'cmake_args': None, 'cmake_clean_cache': False, 'cmake_clean_first': False, 'cmake_force_configure': False, 'cmake_target': None, 'cmake_target_skip_unavailable': False, 'install_base': '/home/edson_20_04/TCAS/install/planning', 'merge_install': False, 'path': '/home/edson_20_04/TCAS/planning', 'symlink_install': False, 'test_result_base': None}
[0.367s] INFO:colcon.colcon_core.executor:Executing jobs using 'parallel' executor
[0.371s] DEBUG:colcon.colcon_parallel_executor.executor.parallel:run_until_complete
[0.371s] INFO:colcon.colcon_ros.task.ament_cmake.build:Building ROS package in '/home/edson_20_04/TCAS/box_bot_description' with build type 'ament_cmake'
[0.371s] INFO:colcon.colcon_cmake.task.cmake.build:Building CMake package in '/home/edson_20_04/TCAS/box_bot_description'
[0.375s] INFO:colcon.colcon_core.plugin_system:Skipping extension 'colcon_core.shell.bat': Not used on non-Windows systems
[0.375s] INFO:colcon.colcon_core.shell:Skip shell extension 'powershell' for command environment: Not usable outside of PowerShell
[0.375s] DEBUG:colcon.colcon_core.shell:Skip shell extension 'dsv' for command environment
[0.381s] INFO:colcon.colcon_ros.task.ament_cmake.build:Building ROS package in '/home/edson_20_04/TCAS/box_bot_gazebo' with build type 'ament_cmake'
[0.382s] INFO:colcon.colcon_cmake.task.cmake.build:Building CMake package in '/home/edson_20_04/TCAS/box_bot_gazebo'
[0.384s] INFO:colcon.colcon_core.shell:Skip shell extension 'powershell' for command environment: Not usable outside of PowerShell
[0.384s] DEBUG:colcon.colcon_core.shell:Skip shell extension 'dsv' for command environment
[0.389s] INFO:colcon.colcon_ros.task.ament_cmake.build:Building ROS package in '/home/edson_20_04/TCAS/planning' with build type 'ament_cmake'
[0.390s] INFO:colcon.colcon_cmake.task.cmake.build:Building CMake package in '/home/edson_20_04/TCAS/planning'
[0.391s] INFO:colcon.colcon_core.shell:Skip shell extension 'powershell' for command environment: Not usable outside of PowerShell
[0.391s] DEBUG:colcon.colcon_core.shell:Skip shell extension 'dsv' for command environment
[0.406s] DEBUG:colcon.colcon_core.event_handler.log_command:Invoking command in '/home/edson_20_04/TCAS/build/box_bot_description': CMAKE_PREFIX_PATH=${CMAKE_PREFIX_PATH}:/opt/ros/foxy /usr/bin/cmake --build /home/edson_20_04/TCAS/build/box_bot_description -- -j16 -l16
[0.414s] DEBUG:colcon.colcon_core.event_handler.log_command:Invoking command in '/home/edson_20_04/TCAS/build/box_bot_gazebo': CMAKE_PREFIX_PATH=${CMAKE_PREFIX_PATH}:/opt/ros/foxy /usr/bin/cmake --build /home/edson_20_04/TCAS/build/box_bot_gazebo -- -j16 -l16
[0.420s] DEBUG:colcon.colcon_core.event_handler.log_command:Invoking command in '/home/edson_20_04/TCAS/build/planning': CMAKE_PREFIX_PATH=${CMAKE_PREFIX_PATH}:/opt/ros/foxy /usr/bin/cmake --build /home/edson_20_04/TCAS/build/planning -- -j16 -l16
[0.435s] DEBUG:colcon.colcon_core.event_handler.log_command:Invoked command in '/home/edson_20_04/TCAS/build/box_bot_description' returned '0': CMAKE_PREFIX_PATH=${CMAKE_PREFIX_PATH}:/opt/ros/foxy /usr/bin/cmake --build /home/edson_20_04/TCAS/build/box_bot_description -- -j16 -l16
[0.443s] DEBUG:colcon.colcon_core.event_handler.log_command:Invoked command in '/home/edson_20_04/TCAS/build/box_bot_gazebo' returned '0': CMAKE_PREFIX_PATH=${CMAKE_PREFIX_PATH}:/opt/ros/foxy /usr/bin/cmake --build /home/edson_20_04/TCAS/build/box_bot_gazebo -- -j16 -l16
[0.448s] DEBUG:colcon.colcon_core.event_handler.log_command:Invoked command in '/home/edson_20_04/TCAS/build/planning' returned '0': CMAKE_PREFIX_PATH=${CMAKE_PREFIX_PATH}:/opt/ros/foxy /usr/bin/cmake --build /home/edson_20_04/TCAS/build/planning -- -j16 -l16
[0.461s] DEBUG:colcon.colcon_core.event_handler.log_command:Invoking command in '/home/edson_20_04/TCAS/build/box_bot_description': CMAKE_PREFIX_PATH=${CMAKE_PREFIX_PATH}:/opt/ros/foxy /usr/bin/cmake --install /home/edson_20_04/TCAS/build/box_bot_description
[0.466s] DEBUG:colcon.colcon_core.event_handler.log_command:Invoking command in '/home/edson_20_04/TCAS/build/box_bot_gazebo': CMAKE_PREFIX_PATH=${CMAKE_PREFIX_PATH}:/opt/ros/foxy /usr/bin/cmake --install /home/edson_20_04/TCAS/build/box_bot_gazebo
[0.477s] Level 1:colcon.colcon_core.environment:create_environment_scripts_only(box_bot_description)
[0.485s] DEBUG:colcon.colcon_core.event_handler.log_command:Invoking command in '/home/edson_20_04/TCAS/build/planning': CMAKE_PREFIX_PATH=${CMAKE_PREFIX_PATH}:/opt/ros/foxy /usr/bin/cmake --install /home/edson_20_04/TCAS/build/planning
[0.489s] DEBUG:colcon.colcon_core.event_handler.log_command:Invoked command in '/home/edson_20_04/TCAS/build/box_bot_description' returned '0': CMAKE_PREFIX_PATH=${CMAKE_PREFIX_PATH}:/opt/ros/foxy /usr/bin/cmake --install /home/edson_20_04/TCAS/build/box_bot_description
[0.495s] Level 1:colcon.colcon_core.environment:checking '/home/edson_20_04/TCAS/install/box_bot_description' for CMake module files
[0.496s] Level 1:colcon.colcon_core.environment:checking '/home/edson_20_04/TCAS/install/box_bot_description' for CMake config files
[0.496s] Level 1:colcon.colcon_core.shell:create_environment_hook('box_bot_description', 'cmake_prefix_path')
[0.497s] INFO:colcon.colcon_core.shell:Creating environment hook '/home/edson_20_04/TCAS/install/box_bot_description/share/box_bot_description/hook/cmake_prefix_path.ps1'
[0.498s] INFO:colcon.colcon_core.shell:Creating environment descriptor '/home/edson_20_04/TCAS/install/box_bot_description/share/box_bot_description/hook/cmake_prefix_path.dsv'
[0.498s] INFO:colcon.colcon_core.shell:Creating environment hook '/home/edson_20_04/TCAS/install/box_bot_description/share/box_bot_description/hook/cmake_prefix_path.sh'
[0.499s] Level 1:colcon.colcon_core.environment:checking '/home/edson_20_04/TCAS/install/box_bot_description/lib'
[0.500s] Level 1:colcon.colcon_core.environment:checking '/home/edson_20_04/TCAS/install/box_bot_description/bin'
[0.500s] Level 1:colcon.colcon_core.environment:checking '/home/edson_20_04/TCAS/install/box_bot_description/lib/pkgconfig/box_bot_description.pc'
[0.500s] Level 1:colcon.colcon_core.environment:checking '/home/edson_20_04/TCAS/install/box_bot_description/lib/python3.8/site-packages'
[0.500s] Level 1:colcon.colcon_core.environment:checking '/home/edson_20_04/TCAS/install/box_bot_description/bin'
[0.501s] INFO:colcon.colcon_core.shell:Creating package script '/home/edson_20_04/TCAS/install/box_bot_description/share/box_bot_description/package.ps1'
[0.502s] INFO:colcon.colcon_core.shell:Creating package descriptor '/home/edson_20_04/TCAS/install/box_bot_description/share/box_bot_description/package.dsv'
[0.503s] INFO:colcon.colcon_core.shell:Creating package script '/home/edson_20_04/TCAS/install/box_bot_description/share/box_bot_description/package.sh'
[0.503s] INFO:colcon.colcon_core.shell:Creating package script '/home/edson_20_04/TCAS/install/box_bot_description/share/box_bot_description/package.bash'
[0.504s] INFO:colcon.colcon_core.shell:Creating package script '/home/edson_20_04/TCAS/install/box_bot_description/share/box_bot_description/package.zsh'
[0.504s] Level 1:colcon.colcon_core.environment:create_file_with_runtime_dependencies(/home/edson_20_04/TCAS/install/box_bot_description/share/colcon-core/packages/box_bot_description)
[0.508s] Level 1:colcon.colcon_core.environment:create_environment_scripts_only(box_bot_gazebo)
[0.510s] Level 1:colcon.colcon_core.environment:checking '/home/edson_20_04/TCAS/install/box_bot_gazebo' for CMake module files
[0.511s] DEBUG:colcon.colcon_core.event_handler.log_command:Invoked command in '/home/edson_20_04/TCAS/build/box_bot_gazebo' returned '0': CMAKE_PREFIX_PATH=${CMAKE_PREFIX_PATH}:/opt/ros/foxy /usr/bin/cmake --install /home/edson_20_04/TCAS/build/box_bot_gazebo
[0.511s] Level 1:colcon.colcon_core.environment:checking '/home/edson_20_04/TCAS/install/box_bot_gazebo' for CMake config files
[0.511s] Level 1:colcon.colcon_core.shell:create_environment_hook('box_bot_gazebo', 'cmake_prefix_path')
[0.512s] INFO:colcon.colcon_core.shell:Creating environment hook '/home/edson_20_04/TCAS/install/box_bot_gazebo/share/box_bot_gazebo/hook/cmake_prefix_path.ps1'
[0.513s] INFO:colcon.colcon_core.shell:Creating environment descriptor '/home/edson_20_04/TCAS/install/box_bot_gazebo/share/box_bot_gazebo/hook/cmake_prefix_path.dsv'
[0.513s] INFO:colcon.colcon_core.shell:Creating environment hook '/home/edson_20_04/TCAS/install/box_bot_gazebo/share/box_bot_gazebo/hook/cmake_prefix_path.sh'
[0.514s] Level 1:colcon.colcon_core.environment:checking '/home/edson_20_04/TCAS/install/box_bot_gazebo/bin'
[0.514s] Level 1:colcon.colcon_core.environment:checking '/home/edson_20_04/TCAS/install/box_bot_gazebo/lib/pkgconfig/box_bot_gazebo.pc'
[0.515s] Level 1:colcon.colcon_core.environment:checking '/home/edson_20_04/TCAS/install/box_bot_gazebo/lib/python3.8/site-packages'
[0.515s] Level 1:colcon.colcon_core.environment:checking '/home/edson_20_04/TCAS/install/box_bot_gazebo/bin'
[0.516s] INFO:colcon.colcon_core.shell:Creating package script '/home/edson_20_04/TCAS/install/box_bot_gazebo/share/box_bot_gazebo/package.ps1'
[0.516s] INFO:colcon.colcon_core.shell:Creating package descriptor '/home/edson_20_04/TCAS/install/box_bot_gazebo/share/box_bot_gazebo/package.dsv'
[0.517s] INFO:colcon.colcon_core.shell:Creating package script '/home/edson_20_04/TCAS/install/box_bot_gazebo/share/box_bot_gazebo/package.sh'
[0.517s] INFO:colcon.colcon_core.shell:Creating package script '/home/edson_20_04/TCAS/install/box_bot_gazebo/share/box_bot_gazebo/package.bash'
[0.517s] INFO:colcon.colcon_core.shell:Creating package script '/home/edson_20_04/TCAS/install/box_bot_gazebo/share/box_bot_gazebo/package.zsh'
[0.518s] Level 1:colcon.colcon_core.environment:create_file_with_runtime_dependencies(/home/edson_20_04/TCAS/install/box_bot_gazebo/share/colcon-core/packages/box_bot_gazebo)
[0.521s] Level 1:colcon.colcon_core.environment:create_environment_scripts_only(planning)
[0.522s] Level 1:colcon.colcon_core.environment:checking '/home/edson_20_04/TCAS/install/planning' for CMake module files
[0.523s] DEBUG:colcon.colcon_core.event_handler.log_command:Invoked command in '/home/edson_20_04/TCAS/build/planning' returned '0': CMAKE_PREFIX_PATH=${CMAKE_PREFIX_PATH}:/opt/ros/foxy /usr/bin/cmake --install /home/edson_20_04/TCAS/build/planning
[0.524s] Level 1:colcon.colcon_core.environment:checking '/home/edson_20_04/TCAS/install/planning' for CMake config files
[0.524s] Level 1:colcon.colcon_core.shell:create_environment_hook('planning', 'cmake_prefix_path')
[0.525s] INFO:colcon.colcon_core.shell:Creating environment hook '/home/edson_20_04/TCAS/install/planning/share/planning/hook/cmake_prefix_path.ps1'
[0.526s] INFO:colcon.colcon_core.shell:Creating environment descriptor '/home/edson_20_04/TCAS/install/planning/share/planning/hook/cmake_prefix_path.dsv'
[0.526s] INFO:colcon.colcon_core.shell:Creating environment hook '/home/edson_20_04/TCAS/install/planning/share/planning/hook/cmake_prefix_path.sh'
[0.526s] Level 1:colcon.colcon_core.environment:checking '/home/edson_20_04/TCAS/install/planning/lib'
[0.526s] Level 1:colcon.colcon_core.environment:checking '/home/edson_20_04/TCAS/install/planning/bin'
[0.526s] Level 1:colcon.colcon_core.environment:checking '/home/edson_20_04/TCAS/install/planning/lib/pkgconfig/planning.pc'
[0.527s] Level 1:colcon.colcon_core.environment:checking '/home/edson_20_04/TCAS/install/planning/lib/python3.8/site-packages'
[0.527s] Level 1:colcon.colcon_core.environment:checking '/home/edson_20_04/TCAS/install/planning/bin'
[0.528s] INFO:colcon.colcon_core.shell:Creating package script '/home/edson_20_04/TCAS/install/planning/share/planning/package.ps1'
[0.528s] INFO:colcon.colcon_core.shell:Creating package descriptor '/home/edson_20_04/TCAS/install/planning/share/planning/package.dsv'
[0.529s] INFO:colcon.colcon_core.shell:Creating package script '/home/edson_20_04/TCAS/install/planning/share/planning/package.sh'
[0.529s] INFO:colcon.colcon_core.shell:Creating package script '/home/edson_20_04/TCAS/install/planning/share/planning/package.bash'
[0.529s] INFO:colcon.colcon_core.shell:Creating package script '/home/edson_20_04/TCAS/install/planning/share/planning/package.zsh'
[0.530s] Level 1:colcon.colcon_core.environment:create_file_with_runtime_dependencies(/home/edson_20_04/TCAS/install/planning/share/colcon-core/packages/planning)
[0.534s] Level 1:colcon.colcon_core.environment:create_environment_scripts_only(box_bot_description)
[0.536s] Level 1:colcon.colcon_core.environment:checking '/home/edson_20_04/TCAS/install/box_bot_description' for CMake module files
[0.536s] Level 1:colcon.colcon_core.environment:checking '/home/edson_20_04/TCAS/install/box_bot_description' for CMake config files
[0.536s] Level 1:colcon.colcon_core.shell:create_environment_hook('box_bot_description', 'cmake_prefix_path')
[0.537s] INFO:colcon.colcon_core.shell:Creating environment hook '/home/edson_20_04/TCAS/install/box_bot_description/share/box_bot_description/hook/cmake_prefix_path.ps1'
[0.538s] INFO:colcon.colcon_core.shell:Creating environment descriptor '/home/edson_20_04/TCAS/install/box_bot_description/share/box_bot_description/hook/cmake_prefix_path.dsv'
[0.538s] INFO:colcon.colcon_core.shell:Creating environment hook '/home/edson_20_04/TCAS/install/box_bot_description/share/box_bot_description/hook/cmake_prefix_path.sh'
[0.539s] Level 1:colcon.colcon_core.environment:checking '/home/edson_20_04/TCAS/install/box_bot_description/lib'
[0.539s] Level 1:colcon.colcon_core.environment:checking '/home/edson_20_04/TCAS/install/box_bot_description/bin'
[0.539s] Level 1:colcon.colcon_core.environment:checking '/home/edson_20_04/TCAS/install/box_bot_description/lib/pkgconfig/box_bot_description.pc'
[0.539s] Level 1:colcon.colcon_core.environment:checking '/home/edson_20_04/TCAS/install/box_bot_description/lib/python3.8/site-packages'
[0.539s] Level 1:colcon.colcon_core.environment:checking '/home/edson_20_04/TCAS/install/box_bot_description/bin'
[0.540s] INFO:colcon.colcon_core.shell:Creating package script '/home/edson_20_04/TCAS/install/box_bot_description/share/box_bot_description/package.ps1'
[0.540s] INFO:colcon.colcon_core.shell:Creating package descriptor '/home/edson_20_04/TCAS/install/box_bot_description/share/box_bot_description/package.dsv'
[0.541s] INFO:colcon.colcon_core.shell:Creating package script '/home/edson_20_04/TCAS/install/box_bot_description/share/box_bot_description/package.sh'
[0.541s] INFO:colcon.colcon_core.shell:Creating package script '/home/edson_20_04/TCAS/install/box_bot_description/share/box_bot_description/package.bash'
[0.541s] INFO:colcon.colcon_core.shell:Creating package script '/home/edson_20_04/TCAS/install/box_bot_description/share/box_bot_description/package.zsh'
[0.541s] Level 1:colcon.colcon_core.environment:create_file_with_runtime_dependencies(/home/edson_20_04/TCAS/install/box_bot_description/share/colcon-core/packages/box_bot_description)
[0.544s] Level 1:colcon.colcon_core.environment:create_environment_scripts_only(box_bot_gazebo)
[0.545s] Level 1:colcon.colcon_core.environment:checking '/home/edson_20_04/TCAS/install/box_bot_gazebo' for CMake module files
[0.547s] Level 1:colcon.colcon_core.environment:checking '/home/edson_20_04/TCAS/install/box_bot_gazebo' for CMake config files
[0.547s] Level 1:colcon.colcon_core.shell:create_environment_hook('box_bot_gazebo', 'cmake_prefix_path')
[0.548s] INFO:colcon.colcon_core.shell:Creating environment hook '/home/edson_20_04/TCAS/install/box_bot_gazebo/share/box_bot_gazebo/hook/cmake_prefix_path.ps1'
[0.549s] INFO:colcon.colcon_core.shell:Creating environment descriptor '/home/edson_20_04/TCAS/install/box_bot_gazebo/share/box_bot_gazebo/hook/cmake_prefix_path.dsv'
[0.549s] INFO:colcon.colcon_core.shell:Creating environment hook '/home/edson_20_04/TCAS/install/box_bot_gazebo/share/box_bot_gazebo/hook/cmake_prefix_path.sh'
[0.549s] Level 1:colcon.colcon_core.environment:checking '/home/edson_20_04/TCAS/install/box_bot_gazebo/bin'
[0.550s] Level 1:colcon.colcon_core.environment:checking '/home/edson_20_04/TCAS/install/box_bot_gazebo/lib/pkgconfig/box_bot_gazebo.pc'
[0.550s] Level 1:colcon.colcon_core.environment:checking '/home/edson_20_04/TCAS/install/box_bot_gazebo/lib/python3.8/site-packages'
[0.550s] Level 1:colcon.colcon_core.environment:checking '/home/edson_20_04/TCAS/install/box_bot_gazebo/bin'
[0.551s] INFO:colcon.colcon_core.shell:Creating package script '/home/edson_20_04/TCAS/install/box_bot_gazebo/share/box_bot_gazebo/package.ps1'
[0.551s] INFO:colcon.colcon_core.shell:Creating package descriptor '/home/edson_20_04/TCAS/install/box_bot_gazebo/share/box_bot_gazebo/package.dsv'
[0.552s] INFO:colcon.colcon_core.shell:Creating package script '/home/edson_20_04/TCAS/install/box_bot_gazebo/share/box_bot_gazebo/package.sh'
[0.552s] INFO:colcon.colcon_core.shell:Creating package script '/home/edson_20_04/TCAS/install/box_bot_gazebo/share/box_bot_gazebo/package.bash'
[0.552s] INFO:colcon.colcon_core.shell:Creating package script '/home/edson_20_04/TCAS/install/box_bot_gazebo/share/box_bot_gazebo/package.zsh'
[0.552s] Level 1:colcon.colcon_core.environment:create_file_with_runtime_dependencies(/home/edson_20_04/TCAS/install/box_bot_gazebo/share/colcon-core/packages/box_bot_gazebo)
[0.554s] Level 1:colcon.colcon_core.environment:create_environment_scripts_only(planning)
[0.556s] Level 1:colcon.colcon_core.environment:checking '/home/edson_20_04/TCAS/install/planning' for CMake module files
[0.557s] Level 1:colcon.colcon_core.environment:checking '/home/edson_20_04/TCAS/install/planning' for CMake config files
[0.557s] Level 1:colcon.colcon_core.shell:create_environment_hook('planning', 'cmake_prefix_path')
[0.558s] INFO:colcon.colcon_core.shell:Creating environment hook '/home/edson_20_04/TCAS/install/planning/share/planning/hook/cmake_prefix_path.ps1'
[0.558s] INFO:colcon.colcon_core.shell:Creating environment descriptor '/home/edson_20_04/TCAS/install/planning/share/planning/hook/cmake_prefix_path.dsv'
[0.559s] INFO:colcon.colcon_core.shell:Creating environment hook '/home/edson_20_04/TCAS/install/planning/share/planning/hook/cmake_prefix_path.sh'
[0.559s] Level 1:colcon.colcon_core.environment:checking '/home/edson_20_04/TCAS/install/planning/lib'
[0.559s] Level 1:colcon.colcon_core.environment:checking '/home/edson_20_04/TCAS/install/planning/bin'
[0.559s] Level 1:colcon.colcon_core.environment:checking '/home/edson_20_04/TCAS/install/planning/lib/pkgconfig/planning.pc'
[0.560s] Level 1:colcon.colcon_core.environment:checking '/home/edson_20_04/TCAS/install/planning/lib/python3.8/site-packages'
[0.560s] Level 1:colcon.colcon_core.environment:checking '/home/edson_20_04/TCAS/install/planning/bin'
[0.562s] INFO:colcon.colcon_core.shell:Creating package script '/home/edson_20_04/TCAS/install/planning/share/planning/package.ps1'
[0.563s] INFO:colcon.colcon_core.shell:Creating package descriptor '/home/edson_20_04/TCAS/install/planning/share/planning/package.dsv'
[0.563s] INFO:colcon.colcon_core.shell:Creating package script '/home/edson_20_04/TCAS/install/planning/share/planning/package.sh'
[0.564s] INFO:colcon.colcon_core.shell:Creating package script '/home/edson_20_04/TCAS/install/planning/share/planning/package.bash'
[0.564s] INFO:colcon.colcon_core.shell:Creating package script '/home/edson_20_04/TCAS/install/planning/share/planning/package.zsh'
[0.565s] Level 1:colcon.colcon_core.environment:create_file_with_runtime_dependencies(/home/edson_20_04/TCAS/install/planning/share/colcon-core/packages/planning)
[0.565s] DEBUG:colcon.colcon_parallel_executor.executor.parallel:closing loop
[0.566s] DEBUG:colcon.colcon_parallel_executor.executor.parallel:loop closed
[0.566s] DEBUG:colcon.colcon_parallel_executor.executor.parallel:run_until_complete finished with '0'
[0.566s] DEBUG:colcon.colcon_core.event_reactor:joining thread
[0.621s] INFO:colcon.colcon_core.plugin_system:Skipping extension 'colcon_notification.desktop_notification.notify_send': Could not find 'notify-send'
[0.621s] INFO:colcon.colcon_core.plugin_system:Skipping extension 'colcon_notification.desktop_notification.terminal_notifier': Not used on non-Darwin systems
[0.621s] INFO:colcon.colcon_core.plugin_system:Skipping extension 'colcon_notification.desktop_notification.win32': Not used on non-Windows systems
[0.621s] INFO:colcon.colcon_notification.desktop_notification:Sending desktop notification using 'notify2'
[0.626s] DEBUG:colcon.colcon_notification.desktop_notification.notify2:Failed to initialize notify2: org.freedesktop.DBus.Error.ServiceUnknown: The name org.freedesktop.Notifications was not provided by any .service files
[0.626s] DEBUG:colcon.colcon_core.event_reactor:joined thread
[0.627s] INFO:colcon.colcon_core.shell:Creating prefix script '/home/edson_20_04/TCAS/install/local_setup.ps1'
[0.628s] INFO:colcon.colcon_core.shell:Creating prefix util module '/home/edson_20_04/TCAS/install/_local_setup_util_ps1.py'
[0.629s] INFO:colcon.colcon_core.shell:Creating prefix chain script '/home/edson_20_04/TCAS/install/setup.ps1'
[0.631s] INFO:colcon.colcon_core.shell:Creating prefix script '/home/edson_20_04/TCAS/install/local_setup.sh'
[0.631s] INFO:colcon.colcon_core.shell:Creating prefix util module '/home/edson_20_04/TCAS/install/_local_setup_util_sh.py'
[0.631s] INFO:colcon.colcon_core.shell:Creating prefix chain script '/home/edson_20_04/TCAS/install/setup.sh'
[0.633s] INFO:colcon.colcon_core.shell:Creating prefix script '/home/edson_20_04/TCAS/install/local_setup.bash'
[0.633s] INFO:colcon.colcon_core.shell:Creating prefix chain script '/home/edson_20_04/TCAS/install/setup.bash'
[0.634s] INFO:colcon.colcon_core.shell:Creating prefix script '/home/edson_20_04/TCAS/install/local_setup.zsh'
[0.634s] INFO:colcon.colcon_core.shell:Creating prefix chain script '/home/edson_20_04/TCAS/install/setup.zsh'
