[0.024s] Invoking command in '/home/edson_20_04/box_bot/build/planning': CMAKE_PREFIX_PATH=${CMAKE_PREFIX_PATH}:/opt/ros/foxy /usr/bin/cmake --build /home/edson_20_04/box_bot/build/planning -- -j16 -l16
[0.049s] Invoked command in '/home/edson_20_04/box_bot/build/planning' returned '0': CMAKE_PREFIX_PATH=${CMAKE_PREFIX_PATH}:/opt/ros/foxy /usr/bin/cmake --build /home/edson_20_04/box_bot/build/planning -- -j16 -l16
[0.068s] Invoking command in '/home/edson_20_04/box_bot/build/planning': CMAKE_PREFIX_PATH=${CMAKE_PREFIX_PATH}:/opt/ros/foxy /usr/bin/cmake --install /home/edson_20_04/box_bot/build/planning
[0.075s] -- Install configuration: ""
[0.076s] -- Up-to-date: /home/edson_20_04/box_bot/install/planning/share/planning//launch
[0.076s] -- Up-to-date: /home/edson_20_04/box_bot/install/planning/share/planning//launch/params
[0.076s] -- Up-to-date: /home/edson_20_04/box_bot/install/planning/share/planning//launch/params/output.yaml
[0.077s] -- Up-to-date: /home/edson_20_04/box_bot/install/planning/share/planning//launch/params/input.yaml
[0.077s] -- Up-to-date: /home/edson_20_04/box_bot/install/planning/share/planning//launch/planner_launch.py
[0.077s] -- Up-to-date: /home/edson_20_04/box_bot/install/planning/lib/planning/talker.py
[0.077s] -- Up-to-date: /home/edson_20_04/box_bot/install/planning/lib/planning/planner.py
[0.077s] -- Up-to-date: /home/edson_20_04/box_bot/install/planning/share/ament_index/resource_index/package_run_dependencies/planning
[0.077s] -- Up-to-date: /home/edson_20_04/box_bot/install/planning/share/ament_index/resource_index/parent_prefix_path/planning
[0.077s] -- Up-to-date: /home/edson_20_04/box_bot/install/planning/share/planning/environment/ament_prefix_path.sh
[0.077s] -- Up-to-date: /home/edson_20_04/box_bot/install/planning/share/planning/environment/ament_prefix_path.dsv
[0.077s] -- Up-to-date: /home/edson_20_04/box_bot/install/planning/share/planning/environment/path.sh
[0.078s] -- Up-to-date: /home/edson_20_04/box_bot/install/planning/share/planning/environment/path.dsv
[0.078s] -- Up-to-date: /home/edson_20_04/box_bot/install/planning/share/planning/local_setup.bash
[0.078s] -- Up-to-date: /home/edson_20_04/box_bot/install/planning/share/planning/local_setup.sh
[0.078s] -- Up-to-date: /home/edson_20_04/box_bot/install/planning/share/planning/local_setup.zsh
[0.078s] -- Up-to-date: /home/edson_20_04/box_bot/install/planning/share/planning/local_setup.dsv
[0.078s] -- Installing: /home/edson_20_04/box_bot/install/planning/share/planning/package.dsv
[0.078s] -- Up-to-date: /home/edson_20_04/box_bot/install/planning/share/ament_index/resource_index/packages/planning
[0.078s] -- Up-to-date: /home/edson_20_04/box_bot/install/planning/share/planning/cmake/planningConfig.cmake
[0.078s] -- Up-to-date: /home/edson_20_04/box_bot/install/planning/share/planning/cmake/planningConfig-version.cmake
[0.079s] -- Up-to-date: /home/edson_20_04/box_bot/install/planning/share/planning/package.xml
[0.095s] Invoked command in '/home/edson_20_04/box_bot/build/planning' returned '0': CMAKE_PREFIX_PATH=${CMAKE_PREFIX_PATH}:/opt/ros/foxy /usr/bin/cmake --install /home/edson_20_04/box_bot/build/planning
