[0.019s] Invoking command in '/home/edson_20_04/box_bot/build/box_bot_tutorials': CMAKE_PREFIX_PATH=/opt/ros/foxy /usr/bin/cmake /home/edson_20_04/box_bot/box_bot_tutorials -DCMAKE_INSTALL_PREFIX=/home/edson_20_04/box_bot/install/box_bot_tutorials
[0.173s] -- The C compiler identification is GNU 9.4.0
[0.389s] -- The CXX compiler identification is GNU 9.4.0
[0.495s] -- Check for working C compiler: /usr/bin/cc
[0.623s] -- Check for working C compiler: /usr/bin/cc -- works
[0.624s] -- Detecting C compiler ABI info
[0.758s] -- Detecting C compiler ABI info - done
[0.765s] -- Detecting C compile features
[0.765s] -- Detecting C compile features - done
[0.767s] -- Check for working CXX compiler: /usr/bin/c++
[0.895s] -- Check for working CXX compiler: /usr/bin/c++ -- works
[0.895s] -- Detecting CXX compiler ABI info
[1.052s] -- Detecting CXX compiler ABI info - done
[1.060s] -- Detecting CXX compile features
[1.060s] -- Detecting CXX compile features - done
[1.061s] -- Found ament_cmake: 0.9.11 (/opt/ros/foxy/share/ament_cmake/cmake)
[1.078s] -- Found PythonInterp: /usr/bin/python3 (found suitable version "3.8.10", minimum required is "3") 
[1.078s] -- Using PYTHON_EXECUTABLE: /usr/bin/python3
[1.259s] -- Found rclcpp: 2.4.2 (/opt/ros/foxy/share/rclcpp/cmake)
[1.456s] -- Using all available rosidl_typesupport_c: rosidl_typesupport_fastrtps_c;rosidl_typesupport_introspection_c
[1.464s] -- Found rosidl_adapter: 1.3.0 (/opt/ros/foxy/share/rosidl_adapter/cmake)
[2.729s] -- Found OpenSSL: /usr/lib/x86_64-linux-gnu/libcrypto.so (found version "1.1.1f")  
[3.957s] -- Found FastRTPS: /opt/ros/foxy/include  
[6.135s] -- Using all available rosidl_typesupport_cpp: rosidl_typesupport_fastrtps_cpp;rosidl_typesupport_introspection_cpp
[6.194s] -- Found rmw_implementation_cmake: 1.0.3 (/opt/ros/foxy/share/rmw_implementation_cmake/cmake)
[6.196s] -- Using RMW implementation 'rmw_fastrtps_cpp' as default
[6.198s] -- Looking for pthread.h
[6.345s] -- Looking for pthread.h - found
[6.345s] -- Performing Test CMAKE_HAVE_LIBC_PTHREAD
[6.497s] -- Performing Test CMAKE_HAVE_LIBC_PTHREAD - Failed
[6.497s] -- Looking for pthread_create in pthreads
[6.647s] -- Looking for pthread_create in pthreads - not found
[6.647s] -- Looking for pthread_create in pthread
[6.811s] -- Looking for pthread_create in pthread - found
[6.812s] -- Found Threads: TRUE  
[6.946s] -- Found rclpy: 1.0.11 (/opt/ros/foxy/share/rclpy/cmake)
[6.947s] -- Found ament_lint_auto: 0.9.7 (/opt/ros/foxy/share/ament_lint_auto/cmake)
[6.998s] -- Added test 'copyright' to check source files copyright and LICENSE
[6.999s] -- Added test 'flake8' to check Python code syntax and style conventions
[7.000s] -- Added test 'lint_cmake' to check CMake code style
[7.000s] -- Added test 'pep257' to check Python code against some of the style conventions in PEP 257
[7.001s] -- Added test 'xmllint' to check XML markup files
[7.003s] -- Configuring done
[7.005s] -- Generating done
[7.006s] -- Build files have been written to: /home/edson_20_04/box_bot/build/box_bot_tutorials
[7.011s] Invoked command in '/home/edson_20_04/box_bot/build/box_bot_tutorials' returned '0': CMAKE_PREFIX_PATH=/opt/ros/foxy /usr/bin/cmake /home/edson_20_04/box_bot/box_bot_tutorials -DCMAKE_INSTALL_PREFIX=/home/edson_20_04/box_bot/install/box_bot_tutorials
[7.013s] Invoking command in '/home/edson_20_04/box_bot/build/box_bot_tutorials': CMAKE_PREFIX_PATH=/opt/ros/foxy /usr/bin/cmake --build /home/edson_20_04/box_bot/build/box_bot_tutorials -- -j16 -l16
[7.042s] Invoked command in '/home/edson_20_04/box_bot/build/box_bot_tutorials' returned '0': CMAKE_PREFIX_PATH=/opt/ros/foxy /usr/bin/cmake --build /home/edson_20_04/box_bot/build/box_bot_tutorials -- -j16 -l16
[7.057s] Invoking command in '/home/edson_20_04/box_bot/build/box_bot_tutorials': CMAKE_PREFIX_PATH=/opt/ros/foxy /usr/bin/cmake --install /home/edson_20_04/box_bot/build/box_bot_tutorials
[7.062s] -- Install configuration: ""
[7.063s] -- Installing: /home/edson_20_04/box_bot/install/box_bot_tutorials/share/box_bot_tutorials//launch
[7.063s] -- Installing: /home/edson_20_04/box_bot/install/box_bot_tutorials/share/box_bot_tutorials//launch/box_bot_tut_talker_launch.py
[7.063s] -- Installing: /home/edson_20_04/box_bot/install/box_bot_tutorials/lib/box_bot_tutorials/talker.py
[7.063s] -- Installing: /home/edson_20_04/box_bot/install/box_bot_tutorials/share/ament_index/resource_index/package_run_dependencies/box_bot_tutorials
[7.063s] -- Installing: /home/edson_20_04/box_bot/install/box_bot_tutorials/share/ament_index/resource_index/parent_prefix_path/box_bot_tutorials
[7.064s] -- Installing: /home/edson_20_04/box_bot/install/box_bot_tutorials/share/box_bot_tutorials/environment/ament_prefix_path.sh
[7.064s] -- Installing: /home/edson_20_04/box_bot/install/box_bot_tutorials/share/box_bot_tutorials/environment/ament_prefix_path.dsv
[7.064s] -- Installing: /home/edson_20_04/box_bot/install/box_bot_tutorials/share/box_bot_tutorials/environment/path.sh
[7.064s] -- Installing: /home/edson_20_04/box_bot/install/box_bot_tutorials/share/box_bot_tutorials/environment/path.dsv
[7.064s] -- Installing: /home/edson_20_04/box_bot/install/box_bot_tutorials/share/box_bot_tutorials/local_setup.bash
[7.064s] -- Installing: /home/edson_20_04/box_bot/install/box_bot_tutorials/share/box_bot_tutorials/local_setup.sh
[7.064s] -- Installing: /home/edson_20_04/box_bot/install/box_bot_tutorials/share/box_bot_tutorials/local_setup.zsh
[7.064s] -- Installing: /home/edson_20_04/box_bot/install/box_bot_tutorials/share/box_bot_tutorials/local_setup.dsv
[7.064s] -- Installing: /home/edson_20_04/box_bot/install/box_bot_tutorials/share/box_bot_tutorials/package.dsv
[7.065s] -- Installing: /home/edson_20_04/box_bot/install/box_bot_tutorials/share/ament_index/resource_index/packages/box_bot_tutorials
[7.065s] -- Installing: /home/edson_20_04/box_bot/install/box_bot_tutorials/share/box_bot_tutorials/cmake/box_bot_tutorialsConfig.cmake
[7.065s] -- Installing: /home/edson_20_04/box_bot/install/box_bot_tutorials/share/box_bot_tutorials/cmake/box_bot_tutorialsConfig-version.cmake
[7.065s] -- Installing: /home/edson_20_04/box_bot/install/box_bot_tutorials/share/box_bot_tutorials/package.xml
[7.066s] Invoked command in '/home/edson_20_04/box_bot/build/box_bot_tutorials' returned '0': CMAKE_PREFIX_PATH=/opt/ros/foxy /usr/bin/cmake --install /home/edson_20_04/box_bot/build/box_bot_tutorials
