[0.029s] Invoking command in '/home/edson_20_04/TCAS/build/box_bot_gazebo': CMAKE_PREFIX_PATH=/opt/ros/foxy /usr/bin/cmake --build /home/edson_20_04/TCAS/build/box_bot_gazebo -- -j16 -l16
[0.034s] CMake Error: The current CMakeCache.txt directory /home/edson_20_04/TCAS/build/box_bot_gazebo/CMakeCache.txt is different than the directory /home/edson_20_04/box_bot/build/box_bot_gazebo where CMakeCache.txt was created. This may result in binaries being created in the wrong place. If you are not sure, reedit the CMakeCache.txt
[0.044s] -- Found ament_cmake: 0.9.11 (/opt/ros/foxy/share/ament_cmake/cmake)
[0.059s] -- Using PYTHON_EXECUTABLE: /usr/bin/python3
[0.185s] -- Found rclcpp: 2.4.2 (/opt/ros/foxy/share/rclcpp/cmake)
[0.343s] -- Using all available rosidl_typesupport_c: rosidl_typesupport_fastrtps_c;rosidl_typesupport_introspection_c
[0.345s] -- Found rosidl_adapter: 1.3.0 (/opt/ros/foxy/share/rosidl_adapter/cmake)
[2.412s] -- Using all available rosidl_typesupport_cpp: rosidl_typesupport_fastrtps_cpp;rosidl_typesupport_introspection_cpp
[2.454s] -- Found rmw_implementation_cmake: 1.0.3 (/opt/ros/foxy/share/rmw_implementation_cmake/cmake)
[2.455s] -- Using RMW implementation 'rmw_fastrtps_cpp' as default
[2.579s] -- Found rclpy: 1.0.11 (/opt/ros/foxy/share/rclpy/cmake)
[3.705s] -- Found DART: /usr/include (Required is at least version "6.6") found components: dart 
[3.725s] -- Found Protobuf: /usr/lib/x86_64-linux-gnu/libprotobuf.so;-lpthread (found version "3.6.1") 
[3.726s] -- Looking for ignition-math6 -- found version 6.13.0
[3.729s] -- Searching for dependencies of ignition-math6
[3.730s] -- Looking for OGRE...
[3.734s] -- Found Ogre Ghadamon (1.9.0)
[3.734s] -- Found OGRE: optimized;/usr/lib/x86_64-linux-gnu/libOgreMain.so;debug;/usr/lib/x86_64-linux-gnu/libOgreMain.so
[3.740s] -- Looking for OGRE_Paging...
[3.741s] -- Found OGRE_Paging: optimized;/usr/lib/x86_64-linux-gnu/libOgrePaging.so;debug;/usr/lib/x86_64-linux-gnu/libOgrePaging.so
[3.741s] -- Looking for OGRE_Terrain...
[3.741s] -- Found OGRE_Terrain: optimized;/usr/lib/x86_64-linux-gnu/libOgreTerrain.so;debug;/usr/lib/x86_64-linux-gnu/libOgreTerrain.so
[3.741s] -- Looking for OGRE_Property...
[3.741s] -- Found OGRE_Property: optimized;/usr/lib/x86_64-linux-gnu/libOgreProperty.so;debug;/usr/lib/x86_64-linux-gnu/libOgreProperty.so
[3.741s] -- Looking for OGRE_RTShaderSystem...
[3.741s] -- Found OGRE_RTShaderSystem: optimized;/usr/lib/x86_64-linux-gnu/libOgreRTShaderSystem.so;debug;/usr/lib/x86_64-linux-gnu/libOgreRTShaderSystem.so
[3.741s] -- Looking for OGRE_Volume...
[3.741s] -- Found OGRE_Volume: optimized;/usr/lib/x86_64-linux-gnu/libOgreVolume.so;debug;/usr/lib/x86_64-linux-gnu/libOgreVolume.so
[3.741s] -- Looking for OGRE_Overlay...
[3.741s] -- Found OGRE_Overlay: optimized;/usr/lib/x86_64-linux-gnu/libOgreOverlay.so;debug;/usr/lib/x86_64-linux-gnu/libOgreOverlay.so
[28.983s] -- Looking for ignition-math6 -- found version 6.13.0
[28.984s] -- Looking for ignition-transport8 -- found version 8.3.0
[28.984s] -- Searching for dependencies of ignition-transport8
[29.955s] -- Found Protobuf: /usr/lib/x86_64-linux-gnu/libprotobuf.so;-lpthread (found suitable version "3.6.1", minimum required is "3") 
[31.025s] -- Config-file not installed for ZeroMQ -- checking for pkg-config
[31.029s] -- Checking for module 'libzmq >= 4'
[31.039s] --   Found libzmq , version 4.3.2
[31.065s] -- Checking for module 'uuid'
[31.073s] --   Found uuid, version 2.34.0
[31.094s] -- Looking for ignition-msgs5 -- found version 5.10.0
[31.094s] -- Searching for dependencies of ignition-msgs5
[32.148s] -- Looking for ignition-math6 -- found version 6.13.0
[32.151s] -- Checking for module 'tinyxml2'
[32.161s] --   Found tinyxml2, version 6.2.0
[32.183s] -- Looking for ignition-msgs5 -- found version 5.10.0
[32.183s] -- Looking for ignition-common3 -- found version 3.14.2
[32.184s] -- Searching for dependencies of ignition-common3
[32.184s] -- Looking for dlfcn.h - found
[32.184s] -- Looking for libdl - found
[32.298s] -- Searching for <ignition-common3> component [graphics]
[32.298s] -- Looking for ignition-common3-graphics -- found version 3.14.2
[32.298s] -- Searching for dependencies of ignition-common3-graphics
[32.298s] -- Looking for ignition-math6 -- found version 6.13.0
[32.299s] -- Looking for ignition-fuel_tools4 -- found version 4.6.0
[32.300s] -- Searching for dependencies of ignition-fuel_tools4
[32.550s] -- Checking for module 'jsoncpp'
[32.560s] --   Found jsoncpp, version 1.7.4
[32.587s] -- Checking for module 'libzip'
[32.595s] --   Found libzip, version 1.5.1
[32.617s] -- Looking for ignition-common3 -- found version 3.14.2
[32.617s] -- Looking for ignition-math6 -- found version 6.13.0
[32.618s] -- Looking for ignition-msgs5 -- found version 5.10.0
[32.619s] -- Found ament_lint_auto: 0.9.7 (/opt/ros/foxy/share/ament_lint_auto/cmake)
[32.662s] -- Added test 'copyright' to check source files copyright and LICENSE
[32.663s] -- Added test 'flake8' to check Python code syntax and style conventions
[32.664s] -- Added test 'lint_cmake' to check CMake code style
[32.664s] -- Added test 'pep257' to check Python code against some of the style conventions in PEP 257
[32.664s] -- Added test 'xmllint' to check XML markup files
[32.666s] -- Configuring done
[32.669s] -- Generating done
[32.670s] -- Build files have been written to: /home/edson_20_04/box_bot/build/box_bot_gazebo
[32.693s] Invoked command in '/home/edson_20_04/TCAS/build/box_bot_gazebo' returned '0': CMAKE_PREFIX_PATH=/opt/ros/foxy /usr/bin/cmake --build /home/edson_20_04/TCAS/build/box_bot_gazebo -- -j16 -l16
[32.710s] Invoking command in '/home/edson_20_04/TCAS/build/box_bot_gazebo': CMAKE_PREFIX_PATH=/opt/ros/foxy /usr/bin/cmake --install /home/edson_20_04/TCAS/build/box_bot_gazebo
[32.715s] -- Install configuration: ""
[32.715s] -- Up-to-date: /home/edson_20_04/box_bot/install/box_bot_gazebo/share/box_bot_gazebo//launch
[32.715s] -- Up-to-date: /home/edson_20_04/box_bot/install/box_bot_gazebo/share/box_bot_gazebo//launch/start_world_launch.py
[32.715s] -- Up-to-date: /home/edson_20_04/box_bot/install/box_bot_gazebo/share/box_bot_gazebo//launch/box_bot_launch.py
[32.715s] -- Up-to-date: /home/edson_20_04/box_bot/install/box_bot_gazebo/share/box_bot_gazebo//launch/multi_box_bot_launch.py
[32.715s] -- Up-to-date: /home/edson_20_04/box_bot/install/box_bot_gazebo/share/box_bot_gazebo//worlds
[32.716s] -- Up-to-date: /home/edson_20_04/box_bot/install/box_bot_gazebo/share/box_bot_gazebo//worlds/box_bot_empty.world
[32.716s] -- Up-to-date: /home/edson_20_04/box_bot/install/box_bot_gazebo/share/ament_index/resource_index/package_run_dependencies/box_bot_gazebo
[32.716s] -- Up-to-date: /home/edson_20_04/box_bot/install/box_bot_gazebo/share/ament_index/resource_index/parent_prefix_path/box_bot_gazebo
[32.716s] -- Up-to-date: /home/edson_20_04/box_bot/install/box_bot_gazebo/share/box_bot_gazebo/environment/ament_prefix_path.sh
[32.716s] -- Installing: /home/edson_20_04/box_bot/install/box_bot_gazebo/share/box_bot_gazebo/environment/ament_prefix_path.dsv
[32.716s] -- Up-to-date: /home/edson_20_04/box_bot/install/box_bot_gazebo/share/box_bot_gazebo/environment/path.sh
[32.716s] -- Installing: /home/edson_20_04/box_bot/install/box_bot_gazebo/share/box_bot_gazebo/environment/path.dsv
[32.716s] -- Up-to-date: /home/edson_20_04/box_bot/install/box_bot_gazebo/share/box_bot_gazebo/local_setup.bash
[32.716s] -- Up-to-date: /home/edson_20_04/box_bot/install/box_bot_gazebo/share/box_bot_gazebo/local_setup.sh
[32.716s] -- Up-to-date: /home/edson_20_04/box_bot/install/box_bot_gazebo/share/box_bot_gazebo/local_setup.zsh
[32.716s] -- Installing: /home/edson_20_04/box_bot/install/box_bot_gazebo/share/box_bot_gazebo/local_setup.dsv
[32.716s] -- Installing: /home/edson_20_04/box_bot/install/box_bot_gazebo/share/box_bot_gazebo/package.dsv
[32.716s] -- Up-to-date: /home/edson_20_04/box_bot/install/box_bot_gazebo/share/ament_index/resource_index/packages/box_bot_gazebo
[32.716s] -- Up-to-date: /home/edson_20_04/box_bot/install/box_bot_gazebo/share/box_bot_gazebo/cmake/box_bot_gazeboConfig.cmake
[32.717s] -- Up-to-date: /home/edson_20_04/box_bot/install/box_bot_gazebo/share/box_bot_gazebo/cmake/box_bot_gazeboConfig-version.cmake
[32.717s] -- Up-to-date: /home/edson_20_04/box_bot/install/box_bot_gazebo/share/box_bot_gazebo/package.xml
[32.720s] Invoked command in '/home/edson_20_04/TCAS/build/box_bot_gazebo' returned '0': CMAKE_PREFIX_PATH=/opt/ros/foxy /usr/bin/cmake --install /home/edson_20_04/TCAS/build/box_bot_gazebo
