[0.231s] DEBUG:colcon:Command line arguments: ['/usr/bin/colcon', 'build']
[0.231s] DEBUG:colcon:Parsed command line arguments: Namespace(allow_overriding=[], ament_cmake_args=None, base_paths=['.'], build_base='build', catkin_cmake_args=None, catkin_skip_building_tests=False, cmake_args=None, cmake_clean_cache=False, cmake_clean_first=False, cmake_force_configure=False, cmake_target=None, cmake_target_skip_unavailable=False, continue_on_error=False, event_handlers=None, executor='parallel', ignore_user_meta=False, install_base='install', log_base=None, log_level=None, main=<bound method BuildVerb.main of <colcon_core.verb.build.BuildVerb object at 0x7fe7816d5e80>>, merge_install=False, metas=['./colcon.meta'], packages_above=None, packages_above_and_dependencies=None, packages_above_depth=None, packages_end=None, packages_ignore=None, packages_ignore_regex=None, packages_select=None, packages_select_build_failed=False, packages_select_by_dep=None, packages_select_regex=None, packages_select_test_failures=False, packages_skip=None, packages_skip_build_finished=False, packages_skip_by_dep=None, packages_skip_regex=None, packages_skip_test_passed=False, packages_skip_up_to=None, packages_start=None, packages_up_to=None, packages_up_to_regex=None, parallel_workers=16, paths=None, symlink_install=False, test_result_base=None, verb_extension=<colcon_core.verb.build.BuildVerb object at 0x7fe7816d5e80>, verb_name='build', verb_parser=<colcon_defaults.argument_parser.defaults.DefaultArgumentsDecorator object at 0x7fe7816e0430>)
[0.249s] Level 1:colcon.colcon_core.package_discovery:discover_packages(colcon_meta) check parameters
[0.249s] Level 1:colcon.colcon_core.package_discovery:discover_packages(recursive) check parameters
[0.249s] Level 1:colcon.colcon_core.package_discovery:discover_packages(ignore) check parameters
[0.249s] Level 1:colcon.colcon_core.package_discovery:discover_packages(path) check parameters
[0.249s] Level 1:colcon.colcon_core.package_discovery:discover_packages(colcon_meta) discover
[0.249s] Level 1:colcon.colcon_core.package_discovery:discover_packages(recursive) discover
[0.249s] INFO:colcon.colcon_core.package_discovery:Crawling recursively for packages in '/home/edson_20_04/TCAS'
[0.249s] Level 1:colcon.colcon_core.package_identification:_identify(.) by extensions ['ignore', 'ignore_ament_install']
[0.249s] Level 1:colcon.colcon_core.package_identification:_identify(.) by extension 'ignore'
[0.249s] Level 1:colcon.colcon_core.package_identification:_identify(.) by extension 'ignore_ament_install'
[0.249s] Level 1:colcon.colcon_core.package_identification:_identify(.) by extensions ['colcon_pkg']
[0.249s] Level 1:colcon.colcon_core.package_identification:_identify(.) by extension 'colcon_pkg'
[0.249s] Level 1:colcon.colcon_core.package_identification:_identify(.) by extensions ['colcon_meta']
[0.249s] Level 1:colcon.colcon_core.package_identification:_identify(.) by extension 'colcon_meta'
[0.249s] Level 1:colcon.colcon_core.package_identification:_identify(.) by extensions ['ros']
[0.249s] Level 1:colcon.colcon_core.package_identification:_identify(.) by extension 'ros'
[0.266s] Level 1:colcon.colcon_core.package_identification:_identify(.) by extensions ['cmake', 'python']
[0.266s] Level 1:colcon.colcon_core.package_identification:_identify(.) by extension 'cmake'
[0.266s] Level 1:colcon.colcon_core.package_identification:_identify(.) by extension 'python'
[0.266s] Level 1:colcon.colcon_core.package_identification:_identify(.) by extensions ['python_setup_py']
[0.266s] Level 1:colcon.colcon_core.package_identification:_identify(.) by extension 'python_setup_py'
[0.266s] Level 1:colcon.colcon_core.package_identification:_identify(Docs) by extensions ['ignore', 'ignore_ament_install']
[0.266s] Level 1:colcon.colcon_core.package_identification:_identify(Docs) by extension 'ignore'
[0.266s] Level 1:colcon.colcon_core.package_identification:_identify(Docs) by extension 'ignore_ament_install'
[0.266s] Level 1:colcon.colcon_core.package_identification:_identify(Docs) by extensions ['colcon_pkg']
[0.266s] Level 1:colcon.colcon_core.package_identification:_identify(Docs) by extension 'colcon_pkg'
[0.266s] Level 1:colcon.colcon_core.package_identification:_identify(Docs) by extensions ['colcon_meta']
[0.266s] Level 1:colcon.colcon_core.package_identification:_identify(Docs) by extension 'colcon_meta'
[0.266s] Level 1:colcon.colcon_core.package_identification:_identify(Docs) by extensions ['ros']
[0.266s] Level 1:colcon.colcon_core.package_identification:_identify(Docs) by extension 'ros'
[0.266s] Level 1:colcon.colcon_core.package_identification:_identify(Docs) by extensions ['cmake', 'python']
[0.266s] Level 1:colcon.colcon_core.package_identification:_identify(Docs) by extension 'cmake'
[0.266s] Level 1:colcon.colcon_core.package_identification:_identify(Docs) by extension 'python'
[0.266s] Level 1:colcon.colcon_core.package_identification:_identify(Docs) by extensions ['python_setup_py']
[0.266s] Level 1:colcon.colcon_core.package_identification:_identify(Docs) by extension 'python_setup_py'
[0.266s] Level 1:colcon.colcon_core.package_identification:_identify(box_bot_description) by extensions ['ignore', 'ignore_ament_install']
[0.267s] Level 1:colcon.colcon_core.package_identification:_identify(box_bot_description) by extension 'ignore'
[0.267s] Level 1:colcon.colcon_core.package_identification:_identify(box_bot_description) by extension 'ignore_ament_install'
[0.267s] Level 1:colcon.colcon_core.package_identification:_identify(box_bot_description) by extensions ['colcon_pkg']
[0.267s] Level 1:colcon.colcon_core.package_identification:_identify(box_bot_description) by extension 'colcon_pkg'
[0.267s] Level 1:colcon.colcon_core.package_identification:_identify(box_bot_description) by extensions ['colcon_meta']
[0.267s] Level 1:colcon.colcon_core.package_identification:_identify(box_bot_description) by extension 'colcon_meta'
[0.267s] Level 1:colcon.colcon_core.package_identification:_identify(box_bot_description) by extensions ['ros']
[0.267s] Level 1:colcon.colcon_core.package_identification:_identify(box_bot_description) by extension 'ros'
[0.269s] DEBUG:colcon.colcon_core.package_identification:Package 'box_bot_description' with type 'ros.ament_cmake' and name 'box_bot_description'
[0.269s] Level 1:colcon.colcon_core.package_identification:_identify(box_bot_gazebo) by extensions ['ignore', 'ignore_ament_install']
[0.269s] Level 1:colcon.colcon_core.package_identification:_identify(box_bot_gazebo) by extension 'ignore'
[0.269s] Level 1:colcon.colcon_core.package_identification:_identify(box_bot_gazebo) by extension 'ignore_ament_install'
[0.269s] Level 1:colcon.colcon_core.package_identification:_identify(box_bot_gazebo) by extensions ['colcon_pkg']
[0.269s] Level 1:colcon.colcon_core.package_identification:_identify(box_bot_gazebo) by extension 'colcon_pkg'
[0.269s] Level 1:colcon.colcon_core.package_identification:_identify(box_bot_gazebo) by extensions ['colcon_meta']
[0.269s] Level 1:colcon.colcon_core.package_identification:_identify(box_bot_gazebo) by extension 'colcon_meta'
[0.269s] Level 1:colcon.colcon_core.package_identification:_identify(box_bot_gazebo) by extensions ['ros']
[0.269s] Level 1:colcon.colcon_core.package_identification:_identify(box_bot_gazebo) by extension 'ros'
[0.270s] DEBUG:colcon.colcon_core.package_identification:Package 'box_bot_gazebo' with type 'ros.ament_cmake' and name 'box_bot_gazebo'
[0.270s] Level 1:colcon.colcon_core.package_identification:_identify(build) by extensions ['ignore', 'ignore_ament_install']
[0.270s] Level 1:colcon.colcon_core.package_identification:_identify(build) by extension 'ignore'
[0.270s] Level 1:colcon.colcon_core.package_identification:_identify(build) ignored
[0.270s] Level 1:colcon.colcon_core.package_identification:_identify(install) by extensions ['ignore', 'ignore_ament_install']
[0.270s] Level 1:colcon.colcon_core.package_identification:_identify(install) by extension 'ignore'
[0.271s] Level 1:colcon.colcon_core.package_identification:_identify(install) ignored
[0.271s] Level 1:colcon.colcon_core.package_identification:_identify(log) by extensions ['ignore', 'ignore_ament_install']
[0.271s] Level 1:colcon.colcon_core.package_identification:_identify(log) by extension 'ignore'
[0.271s] Level 1:colcon.colcon_core.package_identification:_identify(log) ignored
[0.271s] Level 1:colcon.colcon_core.package_identification:_identify(planning) by extensions ['ignore', 'ignore_ament_install']
[0.272s] Level 1:colcon.colcon_core.package_identification:_identify(planning) by extension 'ignore'
[0.272s] Level 1:colcon.colcon_core.package_identification:_identify(planning) by extension 'ignore_ament_install'
[0.272s] Level 1:colcon.colcon_core.package_identification:_identify(planning) by extensions ['colcon_pkg']
[0.272s] Level 1:colcon.colcon_core.package_identification:_identify(planning) by extension 'colcon_pkg'
[0.272s] Level 1:colcon.colcon_core.package_identification:_identify(planning) by extensions ['colcon_meta']
[0.272s] Level 1:colcon.colcon_core.package_identification:_identify(planning) by extension 'colcon_meta'
[0.272s] Level 1:colcon.colcon_core.package_identification:_identify(planning) by extensions ['ros']
[0.272s] Level 1:colcon.colcon_core.package_identification:_identify(planning) by extension 'ros'
[0.273s] DEBUG:colcon.colcon_core.package_identification:Package 'planning' with type 'ros.ament_cmake' and name 'planning'
[0.273s] Level 1:colcon.colcon_core.package_discovery:discover_packages(recursive) using defaults
[0.273s] Level 1:colcon.colcon_core.package_discovery:discover_packages(ignore) discover
[0.273s] Level 1:colcon.colcon_core.package_discovery:discover_packages(ignore) using defaults
[0.273s] Level 1:colcon.colcon_core.package_discovery:discover_packages(path) discover
[0.273s] Level 1:colcon.colcon_core.package_discovery:discover_packages(path) using defaults
[0.293s] Level 1:colcon.colcon_core.package_discovery:discover_packages(prefix_path) check parameters
[0.293s] Level 1:colcon.colcon_core.package_discovery:discover_packages(prefix_path) discover
[0.295s] DEBUG:colcon.colcon_installed_package_information.package_discovery:Found 5 installed packages in /home/edson_20_04/TCAS/install
[0.297s] DEBUG:colcon.colcon_installed_package_information.package_discovery:Found 398 installed packages in /opt/ros/foxy
[0.299s] Level 1:colcon.colcon_core.package_discovery:discover_packages(prefix_path) using defaults
[0.365s] Level 5:colcon.colcon_core.verb:set package 'box_bot_description' build argument 'cmake_args' from command line to 'None'
[0.365s] Level 5:colcon.colcon_core.verb:set package 'box_bot_description' build argument 'cmake_target' from command line to 'None'
[0.365s] Level 5:colcon.colcon_core.verb:set package 'box_bot_description' build argument 'cmake_target_skip_unavailable' from command line to 'False'
[0.365s] Level 5:colcon.colcon_core.verb:set package 'box_bot_description' build argument 'cmake_clean_cache' from command line to 'False'
[0.365s] Level 5:colcon.colcon_core.verb:set package 'box_bot_description' build argument 'cmake_clean_first' from command line to 'False'
[0.365s] Level 5:colcon.colcon_core.verb:set package 'box_bot_description' build argument 'cmake_force_configure' from command line to 'False'
[0.365s] Level 5:colcon.colcon_core.verb:set package 'box_bot_description' build argument 'ament_cmake_args' from command line to 'None'
[0.365s] Level 5:colcon.colcon_core.verb:set package 'box_bot_description' build argument 'catkin_cmake_args' from command line to 'None'
[0.365s] Level 5:colcon.colcon_core.verb:set package 'box_bot_description' build argument 'catkin_skip_building_tests' from command line to 'False'
[0.365s] DEBUG:colcon.colcon_core.verb:Building package 'box_bot_description' with the following arguments: {'ament_cmake_args': None, 'build_base': '/home/edson_20_04/TCAS/build/box_bot_description', 'catkin_cmake_args': None, 'catkin_skip_building_tests': False, 'cmake_args': None, 'cmake_clean_cache': False, 'cmake_clean_first': False, 'cmake_force_configure': False, 'cmake_target': None, 'cmake_target_skip_unavailable': False, 'install_base': '/home/edson_20_04/TCAS/install/box_bot_description', 'merge_install': False, 'path': '/home/edson_20_04/TCAS/box_bot_description', 'symlink_install': False, 'test_result_base': None}
[0.366s] Level 5:colcon.colcon_core.verb:set package 'box_bot_gazebo' build argument 'cmake_args' from command line to 'None'
[0.366s] Level 5:colcon.colcon_core.verb:set package 'box_bot_gazebo' build argument 'cmake_target' from command line to 'None'
[0.366s] Level 5:colcon.colcon_core.verb:set package 'box_bot_gazebo' build argument 'cmake_target_skip_unavailable' from command line to 'False'
[0.366s] Level 5:colcon.colcon_core.verb:set package 'box_bot_gazebo' build argument 'cmake_clean_cache' from command line to 'False'
[0.366s] Level 5:colcon.colcon_core.verb:set package 'box_bot_gazebo' build argument 'cmake_clean_first' from command line to 'False'
[0.366s] Level 5:colcon.colcon_core.verb:set package 'box_bot_gazebo' build argument 'cmake_force_configure' from command line to 'False'
[0.366s] Level 5:colcon.colcon_core.verb:set package 'box_bot_gazebo' build argument 'ament_cmake_args' from command line to 'None'
[0.366s] Level 5:colcon.colcon_core.verb:set package 'box_bot_gazebo' build argument 'catkin_cmake_args' from command line to 'None'
[0.366s] Level 5:colcon.colcon_core.verb:set package 'box_bot_gazebo' build argument 'catkin_skip_building_tests' from command line to 'False'
[0.366s] DEBUG:colcon.colcon_core.verb:Building package 'box_bot_gazebo' with the following arguments: {'ament_cmake_args': None, 'build_base': '/home/edson_20_04/TCAS/build/box_bot_gazebo', 'catkin_cmake_args': None, 'catkin_skip_building_tests': False, 'cmake_args': None, 'cmake_clean_cache': False, 'cmake_clean_first': False, 'cmake_force_configure': False, 'cmake_target': None, 'cmake_target_skip_unavailable': False, 'install_base': '/home/edson_20_04/TCAS/install/box_bot_gazebo', 'merge_install': False, 'path': '/home/edson_20_04/TCAS/box_bot_gazebo', 'symlink_install': False, 'test_result_base': None}
[0.367s] Level 5:colcon.colcon_core.verb:set package 'planning' build argument 'cmake_args' from command line to 'None'
[0.367s] Level 5:colcon.colcon_core.verb:set package 'planning' build argument 'cmake_target' from command line to 'None'
[0.367s] Level 5:colcon.colcon_core.verb:set package 'planning' build argument 'cmake_target_skip_unavailable' from command line to 'False'
[0.367s] Level 5:colcon.colcon_core.verb:set package 'planning' build argument 'cmake_clean_cache' from command line to 'False'
[0.367s] Level 5:colcon.colcon_core.verb:set package 'planning' build argument 'cmake_clean_first' from command line to 'False'
[0.367s] Level 5:colcon.colcon_core.verb:set package 'planning' build argument 'cmake_force_configure' from command line to 'False'
[0.367s] Level 5:colcon.colcon_core.verb:set package 'planning' build argument 'ament_cmake_args' from command line to 'None'
[0.367s] Level 5:colcon.colcon_core.verb:set package 'planning' build argument 'catkin_cmake_args' from command line to 'None'
[0.367s] Level 5:colcon.colcon_core.verb:set package 'planning' build argument 'catkin_skip_building_tests' from command line to 'False'
[0.367s] DEBUG:colcon.colcon_core.verb:Building package 'planning' with the following arguments: {'ament_cmake_args': None, 'build_base': '/home/edson_20_04/TCAS/build/planning', 'catkin_cmake_args': None, 'catkin_skip_building_tests': False, 'cmake_args': None, 'cmake_clean_cache': False, 'cmake_clean_first': False, 'cmake_force_configure': False, 'cmake_target': None, 'cmake_target_skip_unavailable': False, 'install_base': '/home/edson_20_04/TCAS/install/planning', 'merge_install': False, 'path': '/home/edson_20_04/TCAS/planning', 'symlink_install': False, 'test_result_base': None}
[0.368s] INFO:colcon.colcon_core.executor:Executing jobs using 'parallel' executor
[0.371s] DEBUG:colcon.colcon_parallel_executor.executor.parallel:run_until_complete
[0.372s] INFO:colcon.colcon_ros.task.ament_cmake.build:Building ROS package in '/home/edson_20_04/TCAS/box_bot_description' with build type 'ament_cmake'
[0.372s] INFO:colcon.colcon_cmake.task.cmake.build:Building CMake package in '/home/edson_20_04/TCAS/box_bot_description'
[0.377s] INFO:colcon.colcon_core.plugin_system:Skipping extension 'colcon_core.shell.bat': Not used on non-Windows systems
[0.377s] INFO:colcon.colcon_core.shell:Skip shell extension 'powershell' for command environment: Not usable outside of PowerShell
[0.377s] DEBUG:colcon.colcon_core.shell:Skip shell extension 'dsv' for command environment
[0.384s] INFO:colcon.colcon_ros.task.ament_cmake.build:Building ROS package in '/home/edson_20_04/TCAS/box_bot_gazebo' with build type 'ament_cmake'
[0.385s] INFO:colcon.colcon_cmake.task.cmake.build:Building CMake package in '/home/edson_20_04/TCAS/box_bot_gazebo'
[0.387s] INFO:colcon.colcon_core.shell:Skip shell extension 'powershell' for command environment: Not usable outside of PowerShell
[0.387s] DEBUG:colcon.colcon_core.shell:Skip shell extension 'dsv' for command environment
[0.396s] INFO:colcon.colcon_ros.task.ament_cmake.build:Building ROS package in '/home/edson_20_04/TCAS/planning' with build type 'ament_cmake'
[0.396s] INFO:colcon.colcon_cmake.task.cmake.build:Building CMake package in '/home/edson_20_04/TCAS/planning'
[0.399s] INFO:colcon.colcon_core.shell:Skip shell extension 'powershell' for command environment: Not usable outside of PowerShell
[0.399s] DEBUG:colcon.colcon_core.shell:Skip shell extension 'dsv' for command environment
[0.418s] DEBUG:colcon.colcon_core.event_handler.log_command:Invoking command in '/home/edson_20_04/TCAS/build/box_bot_description': CMAKE_PREFIX_PATH=${CMAKE_PREFIX_PATH}:/opt/ros/foxy /usr/bin/cmake --build /home/edson_20_04/TCAS/build/box_bot_description -- -j16 -l16
[0.424s] DEBUG:colcon.colcon_core.event_handler.log_command:Invoking command in '/home/edson_20_04/TCAS/build/box_bot_gazebo': CMAKE_PREFIX_PATH=${CMAKE_PREFIX_PATH}:/opt/ros/foxy /usr/bin/cmake --build /home/edson_20_04/TCAS/build/box_bot_gazebo -- -j16 -l16
[0.430s] DEBUG:colcon.colcon_core.event_handler.log_command:Invoking command in '/home/edson_20_04/TCAS/build/planning': CMAKE_PREFIX_PATH=${CMAKE_PREFIX_PATH}:/opt/ros/foxy /usr/bin/cmake --build /home/edson_20_04/TCAS/build/planning -- -j16 -l16
[0.449s] DEBUG:colcon.colcon_core.event_handler.log_command:Invoked command in '/home/edson_20_04/TCAS/build/box_bot_description' returned '0': CMAKE_PREFIX_PATH=${CMAKE_PREFIX_PATH}:/opt/ros/foxy /usr/bin/cmake --build /home/edson_20_04/TCAS/build/box_bot_description -- -j16 -l16
[0.458s] DEBUG:colcon.colcon_core.event_handler.log_command:Invoked command in '/home/edson_20_04/TCAS/build/box_bot_gazebo' returned '0': CMAKE_PREFIX_PATH=${CMAKE_PREFIX_PATH}:/opt/ros/foxy /usr/bin/cmake --build /home/edson_20_04/TCAS/build/box_bot_gazebo -- -j16 -l16
[0.462s] DEBUG:colcon.colcon_core.event_handler.log_command:Invoked command in '/home/edson_20_04/TCAS/build/planning' returned '0': CMAKE_PREFIX_PATH=${CMAKE_PREFIX_PATH}:/opt/ros/foxy /usr/bin/cmake --build /home/edson_20_04/TCAS/build/planning -- -j16 -l16
[0.475s] DEBUG:colcon.colcon_core.event_handler.log_command:Invoking command in '/home/edson_20_04/TCAS/build/box_bot_description': CMAKE_PREFIX_PATH=${CMAKE_PREFIX_PATH}:/opt/ros/foxy /usr/bin/cmake --install /home/edson_20_04/TCAS/build/box_bot_description
[0.481s] DEBUG:colcon.colcon_core.event_handler.log_command:Invoking command in '/home/edson_20_04/TCAS/build/box_bot_gazebo': CMAKE_PREFIX_PATH=${CMAKE_PREFIX_PATH}:/opt/ros/foxy /usr/bin/cmake --install /home/edson_20_04/TCAS/build/box_bot_gazebo
[0.487s] DEBUG:colcon.colcon_core.event_handler.log_command:Invoking command in '/home/edson_20_04/TCAS/build/planning': CMAKE_PREFIX_PATH=${CMAKE_PREFIX_PATH}:/opt/ros/foxy /usr/bin/cmake --install /home/edson_20_04/TCAS/build/planning
[0.493s] Level 1:colcon.colcon_core.environment:create_environment_scripts_only(box_bot_description)
[0.502s] DEBUG:colcon.colcon_core.event_handler.log_command:Invoked command in '/home/edson_20_04/TCAS/build/box_bot_description' returned '0': CMAKE_PREFIX_PATH=${CMAKE_PREFIX_PATH}:/opt/ros/foxy /usr/bin/cmake --install /home/edson_20_04/TCAS/build/box_bot_description
[0.508s] Level 1:colcon.colcon_core.environment:checking '/home/edson_20_04/TCAS/install/box_bot_description' for CMake module files
[0.509s] Level 1:colcon.colcon_core.environment:checking '/home/edson_20_04/TCAS/install/box_bot_description' for CMake config files
[0.509s] Level 1:colcon.colcon_core.shell:create_environment_hook('box_bot_description', 'cmake_prefix_path')
[0.510s] INFO:colcon.colcon_core.shell:Creating environment hook '/home/edson_20_04/TCAS/install/box_bot_description/share/box_bot_description/hook/cmake_prefix_path.ps1'
[0.511s] INFO:colcon.colcon_core.shell:Creating environment descriptor '/home/edson_20_04/TCAS/install/box_bot_description/share/box_bot_description/hook/cmake_prefix_path.dsv'
[0.511s] INFO:colcon.colcon_core.shell:Creating environment hook '/home/edson_20_04/TCAS/install/box_bot_description/share/box_bot_description/hook/cmake_prefix_path.sh'
[0.512s] Level 1:colcon.colcon_core.environment:checking '/home/edson_20_04/TCAS/install/box_bot_description/lib'
[0.512s] Level 1:colcon.colcon_core.environment:checking '/home/edson_20_04/TCAS/install/box_bot_description/bin'
[0.513s] Level 1:colcon.colcon_core.environment:checking '/home/edson_20_04/TCAS/install/box_bot_description/lib/pkgconfig/box_bot_description.pc'
[0.513s] Level 1:colcon.colcon_core.environment:checking '/home/edson_20_04/TCAS/install/box_bot_description/lib/python3.8/site-packages'
[0.513s] Level 1:colcon.colcon_core.environment:checking '/home/edson_20_04/TCAS/install/box_bot_description/bin'
[0.514s] INFO:colcon.colcon_core.shell:Creating package script '/home/edson_20_04/TCAS/install/box_bot_description/share/box_bot_description/package.ps1'
[0.515s] INFO:colcon.colcon_core.shell:Creating package descriptor '/home/edson_20_04/TCAS/install/box_bot_description/share/box_bot_description/package.dsv'
[0.515s] INFO:colcon.colcon_core.shell:Creating package script '/home/edson_20_04/TCAS/install/box_bot_description/share/box_bot_description/package.sh'
[0.516s] INFO:colcon.colcon_core.shell:Creating package script '/home/edson_20_04/TCAS/install/box_bot_description/share/box_bot_description/package.bash'
[0.517s] INFO:colcon.colcon_core.shell:Creating package script '/home/edson_20_04/TCAS/install/box_bot_description/share/box_bot_description/package.zsh'
[0.517s] Level 1:colcon.colcon_core.environment:create_file_with_runtime_dependencies(/home/edson_20_04/TCAS/install/box_bot_description/share/colcon-core/packages/box_bot_description)
[0.520s] Level 1:colcon.colcon_core.environment:create_environment_scripts_only(box_bot_gazebo)
[0.523s] Level 1:colcon.colcon_core.environment:checking '/home/edson_20_04/TCAS/install/box_bot_gazebo' for CMake module files
[0.524s] DEBUG:colcon.colcon_core.event_handler.log_command:Invoked command in '/home/edson_20_04/TCAS/build/box_bot_gazebo' returned '0': CMAKE_PREFIX_PATH=${CMAKE_PREFIX_PATH}:/opt/ros/foxy /usr/bin/cmake --install /home/edson_20_04/TCAS/build/box_bot_gazebo
[0.524s] Level 1:colcon.colcon_core.environment:checking '/home/edson_20_04/TCAS/install/box_bot_gazebo' for CMake config files
[0.524s] Level 1:colcon.colcon_core.shell:create_environment_hook('box_bot_gazebo', 'cmake_prefix_path')
[0.526s] INFO:colcon.colcon_core.shell:Creating environment hook '/home/edson_20_04/TCAS/install/box_bot_gazebo/share/box_bot_gazebo/hook/cmake_prefix_path.ps1'
[0.526s] INFO:colcon.colcon_core.shell:Creating environment descriptor '/home/edson_20_04/TCAS/install/box_bot_gazebo/share/box_bot_gazebo/hook/cmake_prefix_path.dsv'
[0.526s] INFO:colcon.colcon_core.shell:Creating environment hook '/home/edson_20_04/TCAS/install/box_bot_gazebo/share/box_bot_gazebo/hook/cmake_prefix_path.sh'
[0.527s] Level 1:colcon.colcon_core.environment:checking '/home/edson_20_04/TCAS/install/box_bot_gazebo/bin'
[0.527s] Level 1:colcon.colcon_core.environment:checking '/home/edson_20_04/TCAS/install/box_bot_gazebo/lib/pkgconfig/box_bot_gazebo.pc'
[0.527s] Level 1:colcon.colcon_core.environment:checking '/home/edson_20_04/TCAS/install/box_bot_gazebo/lib/python3.8/site-packages'
[0.527s] Level 1:colcon.colcon_core.environment:checking '/home/edson_20_04/TCAS/install/box_bot_gazebo/bin'
[0.528s] INFO:colcon.colcon_core.shell:Creating package script '/home/edson_20_04/TCAS/install/box_bot_gazebo/share/box_bot_gazebo/package.ps1'
[0.529s] INFO:colcon.colcon_core.shell:Creating package descriptor '/home/edson_20_04/TCAS/install/box_bot_gazebo/share/box_bot_gazebo/package.dsv'
[0.529s] INFO:colcon.colcon_core.shell:Creating package script '/home/edson_20_04/TCAS/install/box_bot_gazebo/share/box_bot_gazebo/package.sh'
[0.530s] INFO:colcon.colcon_core.shell:Creating package script '/home/edson_20_04/TCAS/install/box_bot_gazebo/share/box_bot_gazebo/package.bash'
[0.530s] INFO:colcon.colcon_core.shell:Creating package script '/home/edson_20_04/TCAS/install/box_bot_gazebo/share/box_bot_gazebo/package.zsh'
[0.530s] Level 1:colcon.colcon_core.environment:create_file_with_runtime_dependencies(/home/edson_20_04/TCAS/install/box_bot_gazebo/share/colcon-core/packages/box_bot_gazebo)
[0.533s] Level 1:colcon.colcon_core.environment:create_environment_scripts_only(planning)
[0.536s] Level 1:colcon.colcon_core.environment:checking '/home/edson_20_04/TCAS/install/planning' for CMake module files
[0.536s] DEBUG:colcon.colcon_core.event_handler.log_command:Invoked command in '/home/edson_20_04/TCAS/build/planning' returned '0': CMAKE_PREFIX_PATH=${CMAKE_PREFIX_PATH}:/opt/ros/foxy /usr/bin/cmake --install /home/edson_20_04/TCAS/build/planning
[0.536s] Level 1:colcon.colcon_core.environment:checking '/home/edson_20_04/TCAS/install/planning' for CMake config files
[0.537s] Level 1:colcon.colcon_core.shell:create_environment_hook('planning', 'cmake_prefix_path')
[0.538s] INFO:colcon.colcon_core.shell:Creating environment hook '/home/edson_20_04/TCAS/install/planning/share/planning/hook/cmake_prefix_path.ps1'
[0.538s] INFO:colcon.colcon_core.shell:Creating environment descriptor '/home/edson_20_04/TCAS/install/planning/share/planning/hook/cmake_prefix_path.dsv'
[0.538s] INFO:colcon.colcon_core.shell:Creating environment hook '/home/edson_20_04/TCAS/install/planning/share/planning/hook/cmake_prefix_path.sh'
[0.539s] Level 1:colcon.colcon_core.environment:checking '/home/edson_20_04/TCAS/install/planning/lib'
[0.539s] Level 1:colcon.colcon_core.environment:checking '/home/edson_20_04/TCAS/install/planning/bin'
[0.539s] Level 1:colcon.colcon_core.environment:checking '/home/edson_20_04/TCAS/install/planning/lib/pkgconfig/planning.pc'
[0.539s] Level 1:colcon.colcon_core.environment:checking '/home/edson_20_04/TCAS/install/planning/lib/python3.8/site-packages'
[0.539s] Level 1:colcon.colcon_core.environment:checking '/home/edson_20_04/TCAS/install/planning/bin'
[0.540s] INFO:colcon.colcon_core.shell:Creating package script '/home/edson_20_04/TCAS/install/planning/share/planning/package.ps1'
[0.541s] INFO:colcon.colcon_core.shell:Creating package descriptor '/home/edson_20_04/TCAS/install/planning/share/planning/package.dsv'
[0.541s] INFO:colcon.colcon_core.shell:Creating package script '/home/edson_20_04/TCAS/install/planning/share/planning/package.sh'
[0.542s] INFO:colcon.colcon_core.shell:Creating package script '/home/edson_20_04/TCAS/install/planning/share/planning/package.bash'
[0.542s] INFO:colcon.colcon_core.shell:Creating package script '/home/edson_20_04/TCAS/install/planning/share/planning/package.zsh'
[0.542s] Level 1:colcon.colcon_core.environment:create_file_with_runtime_dependencies(/home/edson_20_04/TCAS/install/planning/share/colcon-core/packages/planning)
[0.546s] Level 1:colcon.colcon_core.environment:create_environment_scripts_only(box_bot_description)
[0.548s] Level 1:colcon.colcon_core.environment:checking '/home/edson_20_04/TCAS/install/box_bot_description' for CMake module files
[0.549s] Level 1:colcon.colcon_core.environment:checking '/home/edson_20_04/TCAS/install/box_bot_description' for CMake config files
[0.549s] Level 1:colcon.colcon_core.shell:create_environment_hook('box_bot_description', 'cmake_prefix_path')
[0.550s] INFO:colcon.colcon_core.shell:Creating environment hook '/home/edson_20_04/TCAS/install/box_bot_description/share/box_bot_description/hook/cmake_prefix_path.ps1'
[0.550s] INFO:colcon.colcon_core.shell:Creating environment descriptor '/home/edson_20_04/TCAS/install/box_bot_description/share/box_bot_description/hook/cmake_prefix_path.dsv'
[0.551s] INFO:colcon.colcon_core.shell:Creating environment hook '/home/edson_20_04/TCAS/install/box_bot_description/share/box_bot_description/hook/cmake_prefix_path.sh'
[0.551s] Level 1:colcon.colcon_core.environment:checking '/home/edson_20_04/TCAS/install/box_bot_description/lib'
[0.551s] Level 1:colcon.colcon_core.environment:checking '/home/edson_20_04/TCAS/install/box_bot_description/bin'
[0.551s] Level 1:colcon.colcon_core.environment:checking '/home/edson_20_04/TCAS/install/box_bot_description/lib/pkgconfig/box_bot_description.pc'
[0.552s] Level 1:colcon.colcon_core.environment:checking '/home/edson_20_04/TCAS/install/box_bot_description/lib/python3.8/site-packages'
[0.552s] Level 1:colcon.colcon_core.environment:checking '/home/edson_20_04/TCAS/install/box_bot_description/bin'
[0.553s] INFO:colcon.colcon_core.shell:Creating package script '/home/edson_20_04/TCAS/install/box_bot_description/share/box_bot_description/package.ps1'
[0.553s] INFO:colcon.colcon_core.shell:Creating package descriptor '/home/edson_20_04/TCAS/install/box_bot_description/share/box_bot_description/package.dsv'
[0.553s] INFO:colcon.colcon_core.shell:Creating package script '/home/edson_20_04/TCAS/install/box_bot_description/share/box_bot_description/package.sh'
[0.554s] INFO:colcon.colcon_core.shell:Creating package script '/home/edson_20_04/TCAS/install/box_bot_description/share/box_bot_description/package.bash'
[0.554s] INFO:colcon.colcon_core.shell:Creating package script '/home/edson_20_04/TCAS/install/box_bot_description/share/box_bot_description/package.zsh'
[0.554s] Level 1:colcon.colcon_core.environment:create_file_with_runtime_dependencies(/home/edson_20_04/TCAS/install/box_bot_description/share/colcon-core/packages/box_bot_description)
[0.557s] Level 1:colcon.colcon_core.environment:create_environment_scripts_only(box_bot_gazebo)
[0.558s] Level 1:colcon.colcon_core.environment:checking '/home/edson_20_04/TCAS/install/box_bot_gazebo' for CMake module files
[0.560s] Level 1:colcon.colcon_core.environment:checking '/home/edson_20_04/TCAS/install/box_bot_gazebo' for CMake config files
[0.560s] Level 1:colcon.colcon_core.shell:create_environment_hook('box_bot_gazebo', 'cmake_prefix_path')
[0.561s] INFO:colcon.colcon_core.shell:Creating environment hook '/home/edson_20_04/TCAS/install/box_bot_gazebo/share/box_bot_gazebo/hook/cmake_prefix_path.ps1'
[0.561s] INFO:colcon.colcon_core.shell:Creating environment descriptor '/home/edson_20_04/TCAS/install/box_bot_gazebo/share/box_bot_gazebo/hook/cmake_prefix_path.dsv'
[0.562s] INFO:colcon.colcon_core.shell:Creating environment hook '/home/edson_20_04/TCAS/install/box_bot_gazebo/share/box_bot_gazebo/hook/cmake_prefix_path.sh'
[0.562s] Level 1:colcon.colcon_core.environment:checking '/home/edson_20_04/TCAS/install/box_bot_gazebo/bin'
[0.562s] Level 1:colcon.colcon_core.environment:checking '/home/edson_20_04/TCAS/install/box_bot_gazebo/lib/pkgconfig/box_bot_gazebo.pc'
[0.562s] Level 1:colcon.colcon_core.environment:checking '/home/edson_20_04/TCAS/install/box_bot_gazebo/lib/python3.8/site-packages'
[0.562s] Level 1:colcon.colcon_core.environment:checking '/home/edson_20_04/TCAS/install/box_bot_gazebo/bin'
[0.564s] INFO:colcon.colcon_core.shell:Creating package script '/home/edson_20_04/TCAS/install/box_bot_gazebo/share/box_bot_gazebo/package.ps1'
[0.564s] INFO:colcon.colcon_core.shell:Creating package descriptor '/home/edson_20_04/TCAS/install/box_bot_gazebo/share/box_bot_gazebo/package.dsv'
[0.565s] INFO:colcon.colcon_core.shell:Creating package script '/home/edson_20_04/TCAS/install/box_bot_gazebo/share/box_bot_gazebo/package.sh'
[0.565s] INFO:colcon.colcon_core.shell:Creating package script '/home/edson_20_04/TCAS/install/box_bot_gazebo/share/box_bot_gazebo/package.bash'
[0.565s] INFO:colcon.colcon_core.shell:Creating package script '/home/edson_20_04/TCAS/install/box_bot_gazebo/share/box_bot_gazebo/package.zsh'
[0.566s] Level 1:colcon.colcon_core.environment:create_file_with_runtime_dependencies(/home/edson_20_04/TCAS/install/box_bot_gazebo/share/colcon-core/packages/box_bot_gazebo)
[0.568s] Level 1:colcon.colcon_core.environment:create_environment_scripts_only(planning)
[0.570s] Level 1:colcon.colcon_core.environment:checking '/home/edson_20_04/TCAS/install/planning' for CMake module files
[0.571s] Level 1:colcon.colcon_core.environment:checking '/home/edson_20_04/TCAS/install/planning' for CMake config files
[0.572s] Level 1:colcon.colcon_core.shell:create_environment_hook('planning', 'cmake_prefix_path')
[0.573s] INFO:colcon.colcon_core.shell:Creating environment hook '/home/edson_20_04/TCAS/install/planning/share/planning/hook/cmake_prefix_path.ps1'
[0.573s] INFO:colcon.colcon_core.shell:Creating environment descriptor '/home/edson_20_04/TCAS/install/planning/share/planning/hook/cmake_prefix_path.dsv'
[0.574s] INFO:colcon.colcon_core.shell:Creating environment hook '/home/edson_20_04/TCAS/install/planning/share/planning/hook/cmake_prefix_path.sh'
[0.575s] Level 1:colcon.colcon_core.environment:checking '/home/edson_20_04/TCAS/install/planning/lib'
[0.575s] Level 1:colcon.colcon_core.environment:checking '/home/edson_20_04/TCAS/install/planning/bin'
[0.575s] Level 1:colcon.colcon_core.environment:checking '/home/edson_20_04/TCAS/install/planning/lib/pkgconfig/planning.pc'
[0.575s] Level 1:colcon.colcon_core.environment:checking '/home/edson_20_04/TCAS/install/planning/lib/python3.8/site-packages'
[0.575s] Level 1:colcon.colcon_core.environment:checking '/home/edson_20_04/TCAS/install/planning/bin'
[0.577s] INFO:colcon.colcon_core.shell:Creating package script '/home/edson_20_04/TCAS/install/planning/share/planning/package.ps1'
[0.577s] INFO:colcon.colcon_core.shell:Creating package descriptor '/home/edson_20_04/TCAS/install/planning/share/planning/package.dsv'
[0.578s] INFO:colcon.colcon_core.shell:Creating package script '/home/edson_20_04/TCAS/install/planning/share/planning/package.sh'
[0.578s] INFO:colcon.colcon_core.shell:Creating package script '/home/edson_20_04/TCAS/install/planning/share/planning/package.bash'
[0.578s] INFO:colcon.colcon_core.shell:Creating package script '/home/edson_20_04/TCAS/install/planning/share/planning/package.zsh'
[0.579s] Level 1:colcon.colcon_core.environment:create_file_with_runtime_dependencies(/home/edson_20_04/TCAS/install/planning/share/colcon-core/packages/planning)
[0.579s] DEBUG:colcon.colcon_parallel_executor.executor.parallel:closing loop
[0.580s] DEBUG:colcon.colcon_parallel_executor.executor.parallel:loop closed
[0.580s] DEBUG:colcon.colcon_parallel_executor.executor.parallel:run_until_complete finished with '0'
[0.580s] DEBUG:colcon.colcon_core.event_reactor:joining thread
[0.649s] INFO:colcon.colcon_core.plugin_system:Skipping extension 'colcon_notification.desktop_notification.notify_send': Could not find 'notify-send'
[0.649s] INFO:colcon.colcon_core.plugin_system:Skipping extension 'colcon_notification.desktop_notification.terminal_notifier': Not used on non-Darwin systems
[0.649s] INFO:colcon.colcon_core.plugin_system:Skipping extension 'colcon_notification.desktop_notification.win32': Not used on non-Windows systems
[0.650s] INFO:colcon.colcon_notification.desktop_notification:Sending desktop notification using 'notify2'
[0.654s] DEBUG:colcon.colcon_notification.desktop_notification.notify2:Failed to initialize notify2: org.freedesktop.DBus.Error.ServiceUnknown: The name org.freedesktop.Notifications was not provided by any .service files
[0.654s] DEBUG:colcon.colcon_core.event_reactor:joined thread
[0.656s] INFO:colcon.colcon_core.shell:Creating prefix script '/home/edson_20_04/TCAS/install/local_setup.ps1'
[0.657s] INFO:colcon.colcon_core.shell:Creating prefix util module '/home/edson_20_04/TCAS/install/_local_setup_util_ps1.py'
[0.658s] INFO:colcon.colcon_core.shell:Creating prefix chain script '/home/edson_20_04/TCAS/install/setup.ps1'
[0.659s] INFO:colcon.colcon_core.shell:Creating prefix script '/home/edson_20_04/TCAS/install/local_setup.sh'
[0.660s] INFO:colcon.colcon_core.shell:Creating prefix util module '/home/edson_20_04/TCAS/install/_local_setup_util_sh.py'
[0.660s] INFO:colcon.colcon_core.shell:Creating prefix chain script '/home/edson_20_04/TCAS/install/setup.sh'
[0.661s] INFO:colcon.colcon_core.shell:Creating prefix script '/home/edson_20_04/TCAS/install/local_setup.bash'
[0.662s] INFO:colcon.colcon_core.shell:Creating prefix chain script '/home/edson_20_04/TCAS/install/setup.bash'
[0.663s] INFO:colcon.colcon_core.shell:Creating prefix script '/home/edson_20_04/TCAS/install/local_setup.zsh'
[0.663s] INFO:colcon.colcon_core.shell:Creating prefix chain script '/home/edson_20_04/TCAS/install/setup.zsh'
