[0.031s] Invoking command in '/home/edson_20_04/box_bot/build/box_bot_description': CMAKE_PREFIX_PATH=${CMAKE_PREFIX_PATH}:/opt/ros/foxy /usr/bin/cmake --build /home/edson_20_04/box_bot/build/box_bot_description -- -j16 -l16
[0.055s] Invoked command in '/home/edson_20_04/box_bot/build/box_bot_description' returned '0': CMAKE_PREFIX_PATH=${CMAKE_PREFIX_PATH}:/opt/ros/foxy /usr/bin/cmake --build /home/edson_20_04/box_bot/build/box_bot_description -- -j16 -l16
[0.075s] Invoking command in '/home/edson_20_04/box_bot/build/box_bot_description': CMAKE_PREFIX_PATH=${CMAKE_PREFIX_PATH}:/opt/ros/foxy /usr/bin/cmake --install /home/edson_20_04/box_bot/build/box_bot_description
[0.081s] -- Install configuration: ""
[0.081s] -- Up-to-date: /home/edson_20_04/box_bot/install/box_bot_description/share/box_bot_description//launch
[0.081s] -- Up-to-date: /home/edson_20_04/box_bot/install/box_bot_description/share/box_bot_description//launch/multi_spawn_robot_launch.py
[0.081s] -- Up-to-date: /home/edson_20_04/box_bot/install/box_bot_description/share/box_bot_description//launch/spawn_box_bot.py
[0.081s] -- Up-to-date: /home/edson_20_04/box_bot/install/box_bot_description/share/box_bot_description//launch/spawn_box_bot_launch.py
[0.081s] -- Up-to-date: /home/edson_20_04/box_bot/install/box_bot_description/share/box_bot_description//launch/spawn_robot_launch.py
[0.081s] -- Up-to-date: /home/edson_20_04/box_bot/install/box_bot_description/share/box_bot_description//robot
[0.082s] -- Up-to-date: /home/edson_20_04/box_bot/install/box_bot_description/share/box_bot_description//robot/macros.xacro
[0.082s] -- Up-to-date: /home/edson_20_04/box_bot/install/box_bot_description/share/box_bot_description//robot/box_bot.xacro
[0.082s] -- Up-to-date: /home/edson_20_04/box_bot/install/box_bot_description/share/box_bot_description//robot/box_bot.urdf
[0.082s] -- Up-to-date: /home/edson_20_04/box_bot/install/box_bot_description/share/box_bot_description//robot/wheels.xacro
[0.082s] -- Up-to-date: /home/edson_20_04/box_bot/install/box_bot_description/share/box_bot_description//robot/box_bot_v2.urdf
[0.082s] -- Up-to-date: /home/edson_20_04/box_bot/install/box_bot_description/share/box_bot_description//robot/box_bot_body.xacro
[0.082s] -- Up-to-date: /home/edson_20_04/box_bot/install/box_bot_description/share/box_bot_description//robot/caster_wheels.xacro
[0.082s] -- Up-to-date: /home/edson_20_04/box_bot/install/box_bot_description/share/box_bot_description//robot/materials.xacro
[0.082s] -- Up-to-date: /home/edson_20_04/box_bot/install/box_bot_description/share/box_bot_description//robot/box_bot_propeller.xacro
[0.083s] -- Up-to-date: /home/edson_20_04/box_bot/install/box_bot_description/share/box_bot_description//robot/properties.xacro
[0.083s] -- Up-to-date: /home/edson_20_04/box_bot/install/box_bot_description/share/box_bot_description//robot/box_bot.gazebo
[0.083s] -- Up-to-date: /home/edson_20_04/box_bot/install/box_bot_description/lib/box_bot_description/spawn_box_bot.py
[0.085s] CMake Error at cmake_install.cmake:48 (file):
[0.085s]   file INSTALL cannot find
[0.085s]   "/home/edson_20_04/box_bot/box_bot_description/launch/spawn_box_bot_v2.py":
[0.085s]   No such file or directory.
[0.085s] 
[0.085s] 
[0.109s] Invoked command in '/home/edson_20_04/box_bot/build/box_bot_description' returned '1': CMAKE_PREFIX_PATH=${CMAKE_PREFIX_PATH}:/opt/ros/foxy /usr/bin/cmake --install /home/edson_20_04/box_bot/build/box_bot_description
