[0.025s] Invoking command in '/home/edson_20_04/TCAS/build/box_bot_gazebo': CMAKE_PREFIX_PATH=/opt/ros/foxy /usr/bin/cmake --build /home/edson_20_04/TCAS/build/box_bot_gazebo -- -j16 -l16
[0.031s] CMake Error: The current CMakeCache.txt directory /home/edson_20_04/TCAS/build/box_bot_gazebo/CMakeCache.txt is different than the directory /home/edson_20_04/box_bot/build/box_bot_gazebo where CMakeCache.txt was created. This may result in binaries being created in the wrong place. If you are not sure, reedit the CMakeCache.txt
[0.042s] -- Found ament_cmake: 0.9.11 (/opt/ros/foxy/share/ament_cmake/cmake)
[0.057s] -- Using PYTHON_EXECUTABLE: /usr/bin/python3
[0.197s] -- Found rclcpp: 2.4.2 (/opt/ros/foxy/share/rclcpp/cmake)
[0.319s] -- Using all available rosidl_typesupport_c: rosidl_typesupport_fastrtps_c;rosidl_typesupport_introspection_c
[0.322s] -- Found rosidl_adapter: 1.3.0 (/opt/ros/foxy/share/rosidl_adapter/cmake)
[2.613s] -- Using all available rosidl_typesupport_cpp: rosidl_typesupport_fastrtps_cpp;rosidl_typesupport_introspection_cpp
[2.646s] -- Found rmw_implementation_cmake: 1.0.3 (/opt/ros/foxy/share/rmw_implementation_cmake/cmake)
[2.646s] -- Using RMW implementation 'rmw_fastrtps_cpp' as default
[2.745s] -- Found rclpy: 1.0.11 (/opt/ros/foxy/share/rclpy/cmake)
[3.921s] -- Found DART: /usr/include (Required is at least version "6.6") found components: dart 
[3.945s] -- Found Protobuf: /usr/lib/x86_64-linux-gnu/libprotobuf.so;-lpthread (found version "3.6.1") 
[3.946s] -- Looking for ignition-math6 -- found version 6.13.0
[3.950s] -- Searching for dependencies of ignition-math6
[3.951s] -- Looking for OGRE...
[3.955s] -- Found Ogre Ghadamon (1.9.0)
[3.955s] -- Found OGRE: optimized;/usr/lib/x86_64-linux-gnu/libOgreMain.so;debug;/usr/lib/x86_64-linux-gnu/libOgreMain.so
[3.963s] -- Looking for OGRE_Paging...
[3.963s] -- Found OGRE_Paging: optimized;/usr/lib/x86_64-linux-gnu/libOgrePaging.so;debug;/usr/lib/x86_64-linux-gnu/libOgrePaging.so
[3.963s] -- Looking for OGRE_Terrain...
[3.964s] -- Found OGRE_Terrain: optimized;/usr/lib/x86_64-linux-gnu/libOgreTerrain.so;debug;/usr/lib/x86_64-linux-gnu/libOgreTerrain.so
[3.964s] -- Looking for OGRE_Property...
[3.964s] -- Found OGRE_Property: optimized;/usr/lib/x86_64-linux-gnu/libOgreProperty.so;debug;/usr/lib/x86_64-linux-gnu/libOgreProperty.so
[3.964s] -- Looking for OGRE_RTShaderSystem...
[3.964s] -- Found OGRE_RTShaderSystem: optimized;/usr/lib/x86_64-linux-gnu/libOgreRTShaderSystem.so;debug;/usr/lib/x86_64-linux-gnu/libOgreRTShaderSystem.so
[3.964s] -- Looking for OGRE_Volume...
[3.964s] -- Found OGRE_Volume: optimized;/usr/lib/x86_64-linux-gnu/libOgreVolume.so;debug;/usr/lib/x86_64-linux-gnu/libOgreVolume.so
[3.964s] -- Looking for OGRE_Overlay...
[3.965s] -- Found OGRE_Overlay: optimized;/usr/lib/x86_64-linux-gnu/libOgreOverlay.so;debug;/usr/lib/x86_64-linux-gnu/libOgreOverlay.so
[27.523s] -- Looking for ignition-math6 -- found version 6.13.0
[27.523s] -- Looking for ignition-transport8 -- found version 8.3.0
[27.523s] -- Searching for dependencies of ignition-transport8
[28.545s] -- Found Protobuf: /usr/lib/x86_64-linux-gnu/libprotobuf.so;-lpthread (found suitable version "3.6.1", minimum required is "3") 
[29.564s] -- Config-file not installed for ZeroMQ -- checking for pkg-config
[29.568s] -- Checking for module 'libzmq >= 4'
[29.577s] --   Found libzmq , version 4.3.2
[29.602s] -- Checking for module 'uuid'
[29.610s] --   Found uuid, version 2.34.0
[29.631s] -- Looking for ignition-msgs5 -- found version 5.10.0
[29.631s] -- Searching for dependencies of ignition-msgs5
[30.652s] -- Looking for ignition-math6 -- found version 6.13.0
[30.655s] -- Checking for module 'tinyxml2'
[30.665s] --   Found tinyxml2, version 6.2.0
[30.687s] -- Looking for ignition-msgs5 -- found version 5.10.0
[30.687s] -- Looking for ignition-common3 -- found version 3.14.2
[30.687s] -- Searching for dependencies of ignition-common3
[30.687s] -- Looking for dlfcn.h - found
[30.687s] -- Looking for libdl - found
[30.782s] -- Searching for <ignition-common3> component [graphics]
[30.783s] -- Looking for ignition-common3-graphics -- found version 3.14.2
[30.783s] -- Searching for dependencies of ignition-common3-graphics
[30.783s] -- Looking for ignition-math6 -- found version 6.13.0
[30.784s] -- Looking for ignition-fuel_tools4 -- found version 4.6.0
[30.784s] -- Searching for dependencies of ignition-fuel_tools4
[30.993s] -- Checking for module 'jsoncpp'
[31.002s] --   Found jsoncpp, version 1.7.4
[31.026s] -- Checking for module 'libzip'
[31.035s] --   Found libzip, version 1.5.1
[31.057s] -- Looking for ignition-common3 -- found version 3.14.2
[31.057s] -- Looking for ignition-math6 -- found version 6.13.0
[31.058s] -- Looking for ignition-msgs5 -- found version 5.10.0
[31.059s] -- Found ament_lint_auto: 0.9.7 (/opt/ros/foxy/share/ament_lint_auto/cmake)
[31.100s] -- Added test 'copyright' to check source files copyright and LICENSE
[31.100s] -- Added test 'flake8' to check Python code syntax and style conventions
[31.100s] -- Added test 'lint_cmake' to check CMake code style
[31.101s] -- Added test 'pep257' to check Python code against some of the style conventions in PEP 257
[31.101s] -- Added test 'xmllint' to check XML markup files
[31.102s] -- Configuring done
[31.105s] -- Generating done
[31.106s] -- Build files have been written to: /home/edson_20_04/box_bot/build/box_bot_gazebo
