[0.028s] Invoking command in '/home/edson_20_04/TCAS/build/box_bot_gazebo': CMAKE_PREFIX_PATH=/opt/ros/foxy /usr/bin/cmake --build /home/edson_20_04/TCAS/build/box_bot_gazebo -- -j16 -l16
[0.033s] CMake Error: The current CMakeCache.txt directory /home/edson_20_04/TCAS/build/box_bot_gazebo/CMakeCache.txt is different than the directory /home/edson_20_04/box_bot/build/box_bot_gazebo where CMakeCache.txt was created. This may result in binaries being created in the wrong place. If you are not sure, reedit the CMakeCache.txt
[0.043s] -- Found ament_cmake: 0.9.11 (/opt/ros/foxy/share/ament_cmake/cmake)
[0.057s] -- Using PYTHON_EXECUTABLE: /usr/bin/python3
[0.185s] -- Found rclcpp: 2.4.2 (/opt/ros/foxy/share/rclcpp/cmake)
[0.372s] -- Using all available rosidl_typesupport_c: rosidl_typesupport_fastrtps_c;rosidl_typesupport_introspection_c
[0.375s] -- Found rosidl_adapter: 1.3.0 (/opt/ros/foxy/share/rosidl_adapter/cmake)
[4.730s] -- Using all available rosidl_typesupport_cpp: rosidl_typesupport_fastrtps_cpp;rosidl_typesupport_introspection_cpp
[4.763s] -- Found rmw_implementation_cmake: 1.0.3 (/opt/ros/foxy/share/rmw_implementation_cmake/cmake)
[4.764s] -- Using RMW implementation 'rmw_fastrtps_cpp' as default
[4.861s] -- Found rclpy: 1.0.11 (/opt/ros/foxy/share/rclpy/cmake)
[6.002s] -- Found DART: /usr/include (Required is at least version "6.6") found components: dart 
[6.021s] -- Found Protobuf: /usr/lib/x86_64-linux-gnu/libprotobuf.so;-lpthread (found version "3.6.1") 
[6.022s] -- Looking for ignition-math6 -- found version 6.13.0
[6.026s] -- Searching for dependencies of ignition-math6
[6.027s] -- Looking for OGRE...
[6.032s] -- Found Ogre Ghadamon (1.9.0)
[6.032s] -- Found OGRE: optimized;/usr/lib/x86_64-linux-gnu/libOgreMain.so;debug;/usr/lib/x86_64-linux-gnu/libOgreMain.so
[6.039s] -- Looking for OGRE_Paging...
[6.040s] -- Found OGRE_Paging: optimized;/usr/lib/x86_64-linux-gnu/libOgrePaging.so;debug;/usr/lib/x86_64-linux-gnu/libOgrePaging.so
[6.040s] -- Looking for OGRE_Terrain...
[6.040s] -- Found OGRE_Terrain: optimized;/usr/lib/x86_64-linux-gnu/libOgreTerrain.so;debug;/usr/lib/x86_64-linux-gnu/libOgreTerrain.so
[6.040s] -- Looking for OGRE_Property...
[6.040s] -- Found OGRE_Property: optimized;/usr/lib/x86_64-linux-gnu/libOgreProperty.so;debug;/usr/lib/x86_64-linux-gnu/libOgreProperty.so
[6.040s] -- Looking for OGRE_RTShaderSystem...
[6.040s] -- Found OGRE_RTShaderSystem: optimized;/usr/lib/x86_64-linux-gnu/libOgreRTShaderSystem.so;debug;/usr/lib/x86_64-linux-gnu/libOgreRTShaderSystem.so
[6.040s] -- Looking for OGRE_Volume...
[6.040s] -- Found OGRE_Volume: optimized;/usr/lib/x86_64-linux-gnu/libOgreVolume.so;debug;/usr/lib/x86_64-linux-gnu/libOgreVolume.so
[6.040s] -- Looking for OGRE_Overlay...
[6.040s] -- Found OGRE_Overlay: optimized;/usr/lib/x86_64-linux-gnu/libOgreOverlay.so;debug;/usr/lib/x86_64-linux-gnu/libOgreOverlay.so
[30.972s] -- Looking for ignition-math6 -- found version 6.13.0
[30.972s] -- Looking for ignition-transport8 -- found version 8.3.0
[30.972s] -- Searching for dependencies of ignition-transport8
[32.057s] -- Found Protobuf: /usr/lib/x86_64-linux-gnu/libprotobuf.so;-lpthread (found suitable version "3.6.1", minimum required is "3") 
[33.153s] -- Config-file not installed for ZeroMQ -- checking for pkg-config
[33.157s] -- Checking for module 'libzmq >= 4'
[33.167s] --   Found libzmq , version 4.3.2
[33.195s] -- Checking for module 'uuid'
[33.205s] --   Found uuid, version 2.34.0
[33.236s] -- Looking for ignition-msgs5 -- found version 5.10.0
[33.236s] -- Searching for dependencies of ignition-msgs5
[34.321s] -- Looking for ignition-math6 -- found version 6.13.0
[34.324s] -- Checking for module 'tinyxml2'
[34.333s] --   Found tinyxml2, version 6.2.0
[34.356s] -- Looking for ignition-msgs5 -- found version 5.10.0
[34.356s] -- Looking for ignition-common3 -- found version 3.14.2
[34.356s] -- Searching for dependencies of ignition-common3
[34.356s] -- Looking for dlfcn.h - found
[34.356s] -- Looking for libdl - found
[34.464s] -- Searching for <ignition-common3> component [graphics]
[34.464s] -- Looking for ignition-common3-graphics -- found version 3.14.2
[34.464s] -- Searching for dependencies of ignition-common3-graphics
[34.465s] -- Looking for ignition-math6 -- found version 6.13.0
[34.466s] -- Looking for ignition-fuel_tools4 -- found version 4.6.0
[34.466s] -- Searching for dependencies of ignition-fuel_tools4
[34.705s] -- Checking for module 'jsoncpp'
[34.715s] --   Found jsoncpp, version 1.7.4
[34.741s] -- Checking for module 'libzip'
[34.750s] --   Found libzip, version 1.5.1
[34.774s] -- Looking for ignition-common3 -- found version 3.14.2
[34.774s] -- Looking for ignition-math6 -- found version 6.13.0
[34.775s] -- Looking for ignition-msgs5 -- found version 5.10.0
[34.776s] -- Found ament_lint_auto: 0.9.7 (/opt/ros/foxy/share/ament_lint_auto/cmake)
[34.819s] -- Added test 'copyright' to check source files copyright and LICENSE
[34.819s] -- Added test 'flake8' to check Python code syntax and style conventions
[34.820s] -- Added test 'lint_cmake' to check CMake code style
[34.820s] -- Added test 'pep257' to check Python code against some of the style conventions in PEP 257
[34.820s] -- Added test 'xmllint' to check XML markup files
[34.822s] -- Configuring done
[34.824s] -- Generating done
[34.825s] -- Build files have been written to: /home/edson_20_04/box_bot/build/box_bot_gazebo
